

Microchip MPLAB XC8 Assembler V2.41 build 20230208172133 
                                                                                               Thu Sep 07 18:52:41 2023

Microchip MPLAB XC8 C Compiler v2.41 (Free license) build 20230208172133 Og1 
     1                           	processor	16F1939
     2                           	pagewidth 120
     3                           	opt	flic
     4                           	psect	cinit,global,class=CODE,merge=1,delta=2
     5                           	psect	cstackCOMMON,global,class=COMMON,space=1,delta=1,noexec
     6                           	psect	maintext,global,class=CODE,merge=1,split=1,delta=2
     7                           	psect	text1,local,class=CODE,merge=1,delta=2
     8                           	psect	config,global,abs,ovrld,class=CONFIG,space=4,delta=2,noexec
     9                           	dabs	1,0x7E,2
    10     0000                     
    11                           ; Generated 06/07/2023 GMT
    12                           ; 
    13                           ; Copyright © 2023, Microchip Technology Inc. and its subsidiaries ("Microchip")
    14                           ; All rights reserved.
    15                           ; 
    16                           ; This software is developed by Microchip Technology Inc. and its subsidiaries ("Microch
      +                          ip").
    17                           ; 
    18                           ; Redistribution and use in source and binary forms, with or without modification, are
    19                           ; permitted provided that the following conditions are met:
    20                           ; 
    21                           ;     1. Redistributions of source code must retain the above copyright notice, this lis
      +                          t of
    22                           ;        conditions and the following disclaimer.
    23                           ; 
    24                           ;     2. Redistributions in binary form must reproduce the above copyright notice, this 
      +                          list
    25                           ;        of conditions and the following disclaimer in the documentation and/or other
    26                           ;        materials provided with the distribution. Publication is not required when
    27                           ;        this file is used in an embedded application.
    28                           ; 
    29                           ;     3. Microchip's name may not be used to endorse or promote products derived from th
      +                          is
    30                           ;        software without specific prior written permission.
    31                           ; 
    32                           ; THIS SOFTWARE IS PROVIDED BY MICROCHIP "AS IS" AND ANY EXPRESS OR IMPLIED WARRANTIES,
    33                           ; INCLUDING, BUT NOT LIMITED TO, THE IMPLIED WARRANTIES OF MERCHANTABILITY AND FITNESS F
      +                          OR
    34                           ; PURPOSE ARE DISCLAIMED.  IN NO EVENT SHALL MICROCHIP BE LIABLE FOR ANY DIRECT, INDIREC
      +                          T,
    35                           ; INCIDENTAL, SPECIAL, EXEMPLARY, OR CONSEQUENTIAL DAMAGES (INCLUDING BUT NOT LIMITED TO
    36                           ; PROCUREMENT OF SUBSTITUTE GOODS OR SERVICES; LOSS OF USE, DATA OR PROFITS; OR BUSINESS
    37                           ; INTERRUPTION) HOWSOEVER CAUSED AND ON ANY THEORY OF LIABILITY, WHETHER IN CONTRACT, ST
      +                          RICT
    38                           ; LIABILITY, OR TORT (INCLUDING NEGLIGENCE OR OTHERWISE) ARISING IN ANY WAY OUT OF THE U
      +                          SE OF
    39                           ; THIS SOFTWARE, EVEN IF ADVISED OF THE POSSIBILITY OF SUCH DAMAGE.
    40                           ; 
    41                           ; 
    42                           ; Code-generator required, PIC16F1939 Definitions
    43                           ; 
    44                           ; SFR Addresses
    45     0000                     	;# 
    46     0001                     	;# 
    47     0002                     	;# 
    48     0003                     	;# 
    49     0004                     	;# 
    50     0005                     	;# 
    51     0006                     	;# 
    52     0007                     	;# 
    53     0008                     	;# 
    54     0009                     	;# 
    55     000A                     	;# 
    56     000B                     	;# 
    57     000C                     	;# 
    58     000D                     	;# 
    59     000E                     	;# 
    60     000F                     	;# 
    61     0010                     	;# 
    62     0011                     	;# 
    63     0012                     	;# 
    64     0013                     	;# 
    65     0015                     	;# 
    66     0016                     	;# 
    67     0016                     	;# 
    68     0017                     	;# 
    69     0018                     	;# 
    70     0019                     	;# 
    71     001A                     	;# 
    72     001B                     	;# 
    73     001C                     	;# 
    74     001E                     	;# 
    75     001F                     	;# 
    76     008C                     	;# 
    77     008D                     	;# 
    78     008E                     	;# 
    79     008F                     	;# 
    80     0090                     	;# 
    81     0091                     	;# 
    82     0092                     	;# 
    83     0093                     	;# 
    84     0095                     	;# 
    85     0096                     	;# 
    86     0097                     	;# 
    87     0098                     	;# 
    88     0099                     	;# 
    89     009A                     	;# 
    90     009B                     	;# 
    91     009B                     	;# 
    92     009C                     	;# 
    93     009D                     	;# 
    94     009E                     	;# 
    95     010C                     	;# 
    96     010D                     	;# 
    97     010E                     	;# 
    98     010F                     	;# 
    99     0110                     	;# 
   100     0111                     	;# 
   101     0112                     	;# 
   102     0113                     	;# 
   103     0114                     	;# 
   104     0115                     	;# 
   105     0116                     	;# 
   106     0117                     	;# 
   107     0118                     	;# 
   108     0119                     	;# 
   109     011A                     	;# 
   110     011B                     	;# 
   111     011D                     	;# 
   112     018C                     	;# 
   113     018D                     	;# 
   114     018F                     	;# 
   115     0190                     	;# 
   116     0191                     	;# 
   117     0191                     	;# 
   118     0192                     	;# 
   119     0193                     	;# 
   120     0193                     	;# 
   121     0193                     	;# 
   122     0194                     	;# 
   123     0195                     	;# 
   124     0196                     	;# 
   125     0199                     	;# 
   126     019A                     	;# 
   127     019B                     	;# 
   128     019B                     	;# 
   129     019B                     	;# 
   130     019B                     	;# 
   131     019C                     	;# 
   132     019C                     	;# 
   133     019D                     	;# 
   134     019E                     	;# 
   135     019F                     	;# 
   136     020D                     	;# 
   137     0210                     	;# 
   138     0211                     	;# 
   139     0212                     	;# 
   140     0213                     	;# 
   141     0214                     	;# 
   142     0215                     	;# 
   143     0215                     	;# 
   144     0216                     	;# 
   145     0217                     	;# 
   146     0291                     	;# 
   147     0291                     	;# 
   148     0292                     	;# 
   149     0293                     	;# 
   150     0294                     	;# 
   151     0295                     	;# 
   152     0295                     	;# 
   153     0296                     	;# 
   154     0298                     	;# 
   155     0298                     	;# 
   156     0299                     	;# 
   157     029A                     	;# 
   158     029B                     	;# 
   159     029C                     	;# 
   160     029C                     	;# 
   161     029D                     	;# 
   162     029E                     	;# 
   163     029F                     	;# 
   164     0311                     	;# 
   165     0311                     	;# 
   166     0312                     	;# 
   167     0313                     	;# 
   168     0314                     	;# 
   169     0315                     	;# 
   170     0315                     	;# 
   171     0316                     	;# 
   172     0318                     	;# 
   173     0318                     	;# 
   174     0319                     	;# 
   175     031A                     	;# 
   176     031C                     	;# 
   177     031C                     	;# 
   178     031D                     	;# 
   179     031E                     	;# 
   180     0394                     	;# 
   181     0395                     	;# 
   182     0396                     	;# 
   183     0415                     	;# 
   184     0416                     	;# 
   185     0417                     	;# 
   186     041C                     	;# 
   187     041D                     	;# 
   188     041E                     	;# 
   189     0791                     	;# 
   190     0792                     	;# 
   191     0793                     	;# 
   192     0794                     	;# 
   193     0795                     	;# 
   194     0798                     	;# 
   195     0799                     	;# 
   196     079A                     	;# 
   197     07A0                     	;# 
   198     07A1                     	;# 
   199     07A2                     	;# 
   200     07A3                     	;# 
   201     07A4                     	;# 
   202     07A5                     	;# 
   203     07A6                     	;# 
   204     07A7                     	;# 
   205     07A8                     	;# 
   206     07A9                     	;# 
   207     07AA                     	;# 
   208     07AB                     	;# 
   209     0FE4                     	;# 
   210     0FE5                     	;# 
   211     0FE6                     	;# 
   212     0FE7                     	;# 
   213     0FE8                     	;# 
   214     0FE9                     	;# 
   215     0FEA                     	;# 
   216     0FEB                     	;# 
   217     0FED                     	;# 
   218     0FEE                     	;# 
   219     0FEF                     	;# 
   220     0000                     	;# 
   221     0001                     	;# 
   222     0002                     	;# 
   223     0003                     	;# 
   224     0004                     	;# 
   225     0005                     	;# 
   226     0006                     	;# 
   227     0007                     	;# 
   228     0008                     	;# 
   229     0009                     	;# 
   230     000A                     	;# 
   231     000B                     	;# 
   232     000C                     	;# 
   233     000D                     	;# 
   234     000E                     	;# 
   235     000F                     	;# 
   236     0010                     	;# 
   237     0011                     	;# 
   238     0012                     	;# 
   239     0013                     	;# 
   240     0015                     	;# 
   241     0016                     	;# 
   242     0016                     	;# 
   243     0017                     	;# 
   244     0018                     	;# 
   245     0019                     	;# 
   246     001A                     	;# 
   247     001B                     	;# 
   248     001C                     	;# 
   249     001E                     	;# 
   250     001F                     	;# 
   251     008C                     	;# 
   252     008D                     	;# 
   253     008E                     	;# 
   254     008F                     	;# 
   255     0090                     	;# 
   256     0091                     	;# 
   257     0092                     	;# 
   258     0093                     	;# 
   259     0095                     	;# 
   260     0096                     	;# 
   261     0097                     	;# 
   262     0098                     	;# 
   263     0099                     	;# 
   264     009A                     	;# 
   265     009B                     	;# 
   266     009B                     	;# 
   267     009C                     	;# 
   268     009D                     	;# 
   269     009E                     	;# 
   270     010C                     	;# 
   271     010D                     	;# 
   272     010E                     	;# 
   273     010F                     	;# 
   274     0110                     	;# 
   275     0111                     	;# 
   276     0112                     	;# 
   277     0113                     	;# 
   278     0114                     	;# 
   279     0115                     	;# 
   280     0116                     	;# 
   281     0117                     	;# 
   282     0118                     	;# 
   283     0119                     	;# 
   284     011A                     	;# 
   285     011B                     	;# 
   286     011D                     	;# 
   287     018C                     	;# 
   288     018D                     	;# 
   289     018F                     	;# 
   290     0190                     	;# 
   291     0191                     	;# 
   292     0191                     	;# 
   293     0192                     	;# 
   294     0193                     	;# 
   295     0193                     	;# 
   296     0193                     	;# 
   297     0194                     	;# 
   298     0195                     	;# 
   299     0196                     	;# 
   300     0199                     	;# 
   301     019A                     	;# 
   302     019B                     	;# 
   303     019B                     	;# 
   304     019B                     	;# 
   305     019B                     	;# 
   306     019C                     	;# 
   307     019C                     	;# 
   308     019D                     	;# 
   309     019E                     	;# 
   310     019F                     	;# 
   311     020D                     	;# 
   312     0210                     	;# 
   313     0211                     	;# 
   314     0212                     	;# 
   315     0213                     	;# 
   316     0214                     	;# 
   317     0215                     	;# 
   318     0215                     	;# 
   319     0216                     	;# 
   320     0217                     	;# 
   321     0291                     	;# 
   322     0291                     	;# 
   323     0292                     	;# 
   324     0293                     	;# 
   325     0294                     	;# 
   326     0295                     	;# 
   327     0295                     	;# 
   328     0296                     	;# 
   329     0298                     	;# 
   330     0298                     	;# 
   331     0299                     	;# 
   332     029A                     	;# 
   333     029B                     	;# 
   334     029C                     	;# 
   335     029C                     	;# 
   336     029D                     	;# 
   337     029E                     	;# 
   338     029F                     	;# 
   339     0311                     	;# 
   340     0311                     	;# 
   341     0312                     	;# 
   342     0313                     	;# 
   343     0314                     	;# 
   344     0315                     	;# 
   345     0315                     	;# 
   346     0316                     	;# 
   347     0318                     	;# 
   348     0318                     	;# 
   349     0319                     	;# 
   350     031A                     	;# 
   351     031C                     	;# 
   352     031C                     	;# 
   353     031D                     	;# 
   354     031E                     	;# 
   355     0394                     	;# 
   356     0395                     	;# 
   357     0396                     	;# 
   358     0415                     	;# 
   359     0416                     	;# 
   360     0417                     	;# 
   361     041C                     	;# 
   362     041D                     	;# 
   363     041E                     	;# 
   364     0791                     	;# 
   365     0792                     	;# 
   366     0793                     	;# 
   367     0794                     	;# 
   368     0795                     	;# 
   369     0798                     	;# 
   370     0799                     	;# 
   371     079A                     	;# 
   372     07A0                     	;# 
   373     07A1                     	;# 
   374     07A2                     	;# 
   375     07A3                     	;# 
   376     07A4                     	;# 
   377     07A5                     	;# 
   378     07A6                     	;# 
   379     07A7                     	;# 
   380     07A8                     	;# 
   381     07A9                     	;# 
   382     07AA                     	;# 
   383     07AB                     	;# 
   384     0FE4                     	;# 
   385     0FE5                     	;# 
   386     0FE6                     	;# 
   387     0FE7                     	;# 
   388     0FE8                     	;# 
   389     0FE9                     	;# 
   390     0FEA                     	;# 
   391     0FEB                     	;# 
   392     0FED                     	;# 
   393     0FEE                     	;# 
   394     0FEF                     	;# 
   395     0000                     	;# 
   396     0001                     	;# 
   397     0002                     	;# 
   398     0003                     	;# 
   399     0004                     	;# 
   400     0005                     	;# 
   401     0006                     	;# 
   402     0007                     	;# 
   403     0008                     	;# 
   404     0009                     	;# 
   405     000A                     	;# 
   406     000B                     	;# 
   407     000C                     	;# 
   408     000D                     	;# 
   409     000E                     	;# 
   410     000F                     	;# 
   411     0010                     	;# 
   412     0011                     	;# 
   413     0012                     	;# 
   414     0013                     	;# 
   415     0015                     	;# 
   416     0016                     	;# 
   417     0016                     	;# 
   418     0017                     	;# 
   419     0018                     	;# 
   420     0019                     	;# 
   421     001A                     	;# 
   422     001B                     	;# 
   423     001C                     	;# 
   424     001E                     	;# 
   425     001F                     	;# 
   426     008C                     	;# 
   427     008D                     	;# 
   428     008E                     	;# 
   429     008F                     	;# 
   430     0090                     	;# 
   431     0091                     	;# 
   432     0092                     	;# 
   433     0093                     	;# 
   434     0095                     	;# 
   435     0096                     	;# 
   436     0097                     	;# 
   437     0098                     	;# 
   438     0099                     	;# 
   439     009A                     	;# 
   440     009B                     	;# 
   441     009B                     	;# 
   442     009C                     	;# 
   443     009D                     	;# 
   444     009E                     	;# 
   445     010C                     	;# 
   446     010D                     	;# 
   447     010E                     	;# 
   448     010F                     	;# 
   449     0110                     	;# 
   450     0111                     	;# 
   451     0112                     	;# 
   452     0113                     	;# 
   453     0114                     	;# 
   454     0115                     	;# 
   455     0116                     	;# 
   456     0117                     	;# 
   457     0118                     	;# 
   458     0119                     	;# 
   459     011A                     	;# 
   460     011B                     	;# 
   461     011D                     	;# 
   462     018C                     	;# 
   463     018D                     	;# 
   464     018F                     	;# 
   465     0190                     	;# 
   466     0191                     	;# 
   467     0191                     	;# 
   468     0192                     	;# 
   469     0193                     	;# 
   470     0193                     	;# 
   471     0193                     	;# 
   472     0194                     	;# 
   473     0195                     	;# 
   474     0196                     	;# 
   475     0199                     	;# 
   476     019A                     	;# 
   477     019B                     	;# 
   478     019B                     	;# 
   479     019B                     	;# 
   480     019B                     	;# 
   481     019C                     	;# 
   482     019C                     	;# 
   483     019D                     	;# 
   484     019E                     	;# 
   485     019F                     	;# 
   486     020D                     	;# 
   487     0210                     	;# 
   488     0211                     	;# 
   489     0212                     	;# 
   490     0213                     	;# 
   491     0214                     	;# 
   492     0215                     	;# 
   493     0215                     	;# 
   494     0216                     	;# 
   495     0217                     	;# 
   496     0291                     	;# 
   497     0291                     	;# 
   498     0292                     	;# 
   499     0293                     	;# 
   500     0294                     	;# 
   501     0295                     	;# 
   502     0295                     	;# 
   503     0296                     	;# 
   504     0298                     	;# 
   505     0298                     	;# 
   506     0299                     	;# 
   507     029A                     	;# 
   508     029B                     	;# 
   509     029C                     	;# 
   510     029C                     	;# 
   511     029D                     	;# 
   512     029E                     	;# 
   513     029F                     	;# 
   514     0311                     	;# 
   515     0311                     	;# 
   516     0312                     	;# 
   517     0313                     	;# 
   518     0314                     	;# 
   519     0315                     	;# 
   520     0315                     	;# 
   521     0316                     	;# 
   522     0318                     	;# 
   523     0318                     	;# 
   524     0319                     	;# 
   525     031A                     	;# 
   526     031C                     	;# 
   527     031C                     	;# 
   528     031D                     	;# 
   529     031E                     	;# 
   530     0394                     	;# 
   531     0395                     	;# 
   532     0396                     	;# 
   533     0415                     	;# 
   534     0416                     	;# 
   535     0417                     	;# 
   536     041C                     	;# 
   537     041D                     	;# 
   538     041E                     	;# 
   539     0791                     	;# 
   540     0792                     	;# 
   541     0793                     	;# 
   542     0794                     	;# 
   543     0795                     	;# 
   544     0798                     	;# 
   545     0799                     	;# 
   546     079A                     	;# 
   547     07A0                     	;# 
   548     07A1                     	;# 
   549     07A2                     	;# 
   550     07A3                     	;# 
   551     07A4                     	;# 
   552     07A5                     	;# 
   553     07A6                     	;# 
   554     07A7                     	;# 
   555     07A8                     	;# 
   556     07A9                     	;# 
   557     07AA                     	;# 
   558     07AB                     	;# 
   559     0FE4                     	;# 
   560     0FE5                     	;# 
   561     0FE6                     	;# 
   562     0FE7                     	;# 
   563     0FE8                     	;# 
   564     0FE9                     	;# 
   565     0FEA                     	;# 
   566     0FEB                     	;# 
   567     0FED                     	;# 
   568     0FEE                     	;# 
   569     0FEF                     	;# 
   570     0098                     _OSCTUNE	set	152
   571     0099                     _OSCCON	set	153
   572     008D                     _TRISBbits	set	141
   573     0116                     _BORCON	set	278
   574     010D                     _LATBbits	set	269
   575     018D                     _ANSELB	set	397
   576                           
   577                           	psect	cinit
   578     07FD                     start_initialization:	
   579                           ; #config settings
   580                           
   581     07FD                     __initialization:
   582     07FD                     end_of_initialization:	
   583                           ;End of C runtime variable initialization code
   584                           
   585     07FD                     __end_of__initialization:
   586     07FD  0020               	movlb	0
   587     07FE  3186  2EB1         	ljmp	_main	;jump to C main() function
   588                           
   589                           	psect	cstackCOMMON
   590     0070                     __pcstackCOMMON:
   591     0070                     ?_init:
   592     0070                     ??_init:	
   593                           ; 1 bytes @ 0x0
   594                           
   595     0070                     ?_main:	
   596                           ; 1 bytes @ 0x0
   597                           
   598     0070                     ??_main:	
   599                           ; 1 bytes @ 0x0
   600                           
   601                           
   602                           ; 1 bytes @ 0x0
   603     0070                     	ds	2
   604                           
   605                           	psect	maintext
   606     06B1                     __pmaintext:	
   607 ;;
   608 ;;Main: autosize = 0, tempsize = 2, incstack = 0, save=0
   609 ;;
   610 ;; *************** function _main *****************
   611 ;; Defined at:
   612 ;;		line 28 in file "main.c"
   613 ;; Parameters:    Size  Location     Type
   614 ;;		None
   615 ;; Auto vars:     Size  Location     Type
   616 ;;		None
   617 ;; Return value:  Size  Location     Type
   618 ;;                  1    wreg      void 
   619 ;; Registers used:
   620 ;;		wreg, status,2, status,0, pclath, cstack
   621 ;; Tracked objects:
   622 ;;		On entry : B1F/0
   623 ;;		On exit  : 0/0
   624 ;;		Unchanged: 0/0
   625 ;; Data sizes:     COMMON   BANK0   BANK1   BANK2   BANK3   BANK4   BANK5   BANK6   BANK7   BANK8   BANK9  BANK10  BANK1
      +1  BANK12
   626 ;;      Params:         0       0       0       0       0       0       0       0       0       0       0       0       
      +0       0
   627 ;;      Locals:         0       0       0       0       0       0       0       0       0       0       0       0       
      +0       0
   628 ;;      Temps:          2       0       0       0       0       0       0       0       0       0       0       0       
      +0       0
   629 ;;      Totals:         2       0       0       0       0       0       0       0       0       0       0       0       
      +0       0
   630 ;;Total ram usage:        2 bytes
   631 ;; Hardware stack levels required when called: 1
   632 ;; This function calls:
   633 ;;		_init
   634 ;; This function is called by:
   635 ;;		Startup code after reset
   636 ;; This function uses a non-reentrant model
   637 ;;
   638                           
   639     06B1                     _main:	
   640                           ;psect for function _main
   641                           
   642     06B1                     l667:	
   643                           ;incstack = 0
   644                           ; Regs used in _main: [wreg+status,2+status,0+pclath+cstack]
   645                           
   646                           
   647                           ;main.c: 29:     init();
   648     06B1  3186  269C  3186   	fcall	_init
   649     06B4                     l669:
   650                           
   651                           ;main.c: 31:     OSCCON = 0x38;
   652     06B4  3038               	movlw	56
   653     06B5  0021               	movlb	1	; select bank1
   654     06B6  0099               	movwf	25	;volatile
   655     06B7                     l671:
   656                           
   657                           ;main.c: 32:     OSCTUNE = 0x00;
   658     06B7  0198               	clrf	24	;volatile
   659     06B8                     l673:
   660                           
   661                           ;main.c: 33:     BORCON = 0x00;
   662     06B8  0022               	movlb	2	; select bank2
   663     06B9  0196               	clrf	22	;volatile
   664     06BA                     l675:
   665                           
   666                           ;main.c: 36:         LATBbits.LATB0 = 1;
   667     06BA  0022               	movlb	2	; select bank2
   668     06BB  140D               	bsf	13,0	;volatile
   669     06BC                     l677:
   670                           
   671                           ;main.c: 37:         LATBbits.LATB1 = 0;
   672     06BC  108D               	bcf	13,1	;volatile
   673     06BD                     l679:
   674                           
   675                           ;main.c: 38:         LATBbits.LATB2 = 0;
   676     06BD  110D               	bcf	13,2	;volatile
   677     06BE                     l681:
   678                           
   679                           ;main.c: 39:         LATBbits.LATB3 = 0;
   680     06BE  118D               	bcf	13,3	;volatile
   681     06BF                     l683:
   682                           
   683                           ;main.c: 40:         LATBbits.LATB4 = 0;
   684     06BF  120D               	bcf	13,4	;volatile
   685     06C0                     l685:
   686                           
   687                           ;main.c: 41:         LATBbits.LATB5 = 0;
   688     06C0  128D               	bcf	13,5	;volatile
   689     06C1                     l687:
   690                           
   691                           ;main.c: 42:         LATBbits.LATB6 = 0;
   692     06C1  130D               	bcf	13,6	;volatile
   693     06C2                     l689:
   694                           
   695                           ;main.c: 43:         LATBbits.LATB7 = 0;
   696     06C2  138D               	bcf	13,7	;volatile
   697     06C3                     l691:
   698                           
   699                           ;main.c: 44:         _delay((unsigned long)((200)*(20000000UL/4000.0)));
   700     06C3  3006               	movlw	6
   701     06C4  00F1               	movwf	??_main+1
   702     06C5  3013               	movlw	19
   703     06C6  00F0               	movwf	??_main
   704     06C7  30AE               	movlw	174
   705     06C8                     u17:
   706     06C8  0B89               	decfsz	9,f
   707     06C9  2EC8               	goto	u17
   708     06CA  0BF0               	decfsz	??_main,f
   709     06CB  2EC8               	goto	u17
   710     06CC  0BF1               	decfsz	??_main+1,f
   711     06CD  2EC8               	goto	u17
   712     06CE                     l693:
   713                           
   714                           ;main.c: 46:         LATBbits.LATB0 = 0;
   715     06CE  0022               	movlb	2	; select bank2
   716     06CF  100D               	bcf	13,0	;volatile
   717     06D0                     l695:
   718                           
   719                           ;main.c: 47:         LATBbits.LATB1 = 1;
   720     06D0  148D               	bsf	13,1	;volatile
   721     06D1                     l697:
   722                           
   723                           ;main.c: 48:         LATBbits.LATB2 = 0;
   724     06D1  110D               	bcf	13,2	;volatile
   725     06D2                     l699:
   726                           
   727                           ;main.c: 49:         LATBbits.LATB3 = 0;
   728     06D2  118D               	bcf	13,3	;volatile
   729     06D3                     l701:
   730                           
   731                           ;main.c: 50:         LATBbits.LATB4 = 0;
   732     06D3  120D               	bcf	13,4	;volatile
   733     06D4                     l703:
   734                           
   735                           ;main.c: 51:         LATBbits.LATB5 = 0;
   736     06D4  128D               	bcf	13,5	;volatile
   737     06D5                     l705:
   738                           
   739                           ;main.c: 52:         LATBbits.LATB6 = 0;
   740     06D5  130D               	bcf	13,6	;volatile
   741     06D6                     l707:
   742                           
   743                           ;main.c: 53:         LATBbits.LATB7 = 0;
   744     06D6  138D               	bcf	13,7	;volatile
   745     06D7                     l709:
   746                           
   747                           ;main.c: 54:         _delay((unsigned long)((200)*(20000000UL/4000.0)));
   748     06D7  3006               	movlw	6
   749     06D8  00F1               	movwf	??_main+1
   750     06D9  3013               	movlw	19
   751     06DA  00F0               	movwf	??_main
   752     06DB  30AE               	movlw	174
   753     06DC                     u27:
   754     06DC  0B89               	decfsz	9,f
   755     06DD  2EDC               	goto	u27
   756     06DE  0BF0               	decfsz	??_main,f
   757     06DF  2EDC               	goto	u27
   758     06E0  0BF1               	decfsz	??_main+1,f
   759     06E1  2EDC               	goto	u27
   760     06E2                     l711:
   761                           
   762                           ;main.c: 56:         LATBbits.LATB0 = 0;
   763     06E2  0022               	movlb	2	; select bank2
   764     06E3  100D               	bcf	13,0	;volatile
   765     06E4                     l713:
   766                           
   767                           ;main.c: 57:         LATBbits.LATB1 = 0;
   768     06E4  108D               	bcf	13,1	;volatile
   769     06E5                     l715:
   770                           
   771                           ;main.c: 58:         LATBbits.LATB2 = 1;
   772     06E5  150D               	bsf	13,2	;volatile
   773     06E6                     l717:
   774                           
   775                           ;main.c: 59:         LATBbits.LATB3 = 0;
   776     06E6  118D               	bcf	13,3	;volatile
   777     06E7                     l719:
   778                           
   779                           ;main.c: 60:         LATBbits.LATB4 = 0;
   780     06E7  120D               	bcf	13,4	;volatile
   781     06E8                     l721:
   782                           
   783                           ;main.c: 61:         LATBbits.LATB5 = 0;
   784     06E8  128D               	bcf	13,5	;volatile
   785     06E9                     l723:
   786                           
   787                           ;main.c: 62:         LATBbits.LATB6 = 0;
   788     06E9  130D               	bcf	13,6	;volatile
   789     06EA                     l725:
   790                           
   791                           ;main.c: 63:         LATBbits.LATB7 = 0;
   792     06EA  138D               	bcf	13,7	;volatile
   793     06EB                     l727:
   794                           
   795                           ;main.c: 64:         _delay((unsigned long)((200)*(20000000UL/4000.0)));
   796     06EB  3006               	movlw	6
   797     06EC  00F1               	movwf	??_main+1
   798     06ED  3013               	movlw	19
   799     06EE  00F0               	movwf	??_main
   800     06EF  30AE               	movlw	174
   801     06F0                     u37:
   802     06F0  0B89               	decfsz	9,f
   803     06F1  2EF0               	goto	u37
   804     06F2  0BF0               	decfsz	??_main,f
   805     06F3  2EF0               	goto	u37
   806     06F4  0BF1               	decfsz	??_main+1,f
   807     06F5  2EF0               	goto	u37
   808     06F6                     l729:
   809                           
   810                           ;main.c: 66:         LATBbits.LATB0 = 0;
   811     06F6  0022               	movlb	2	; select bank2
   812     06F7  100D               	bcf	13,0	;volatile
   813     06F8                     l731:
   814                           
   815                           ;main.c: 67:         LATBbits.LATB1 = 0;
   816     06F8  108D               	bcf	13,1	;volatile
   817     06F9                     l733:
   818                           
   819                           ;main.c: 68:         LATBbits.LATB2 = 0;
   820     06F9  110D               	bcf	13,2	;volatile
   821     06FA                     l735:
   822                           
   823                           ;main.c: 69:         LATBbits.LATB3 = 1;
   824     06FA  158D               	bsf	13,3	;volatile
   825     06FB                     l737:
   826                           
   827                           ;main.c: 70:         LATBbits.LATB4 = 0;
   828     06FB  120D               	bcf	13,4	;volatile
   829     06FC                     l739:
   830                           
   831                           ;main.c: 71:         LATBbits.LATB5 = 0;
   832     06FC  128D               	bcf	13,5	;volatile
   833     06FD                     l741:
   834                           
   835                           ;main.c: 72:         LATBbits.LATB6 = 0;
   836     06FD  130D               	bcf	13,6	;volatile
   837     06FE                     l743:
   838                           
   839                           ;main.c: 73:         LATBbits.LATB7 = 0;
   840     06FE  138D               	bcf	13,7	;volatile
   841     06FF                     l745:
   842                           
   843                           ;main.c: 74:         _delay((unsigned long)((200)*(20000000UL/4000.0)));
   844     06FF  3006               	movlw	6
   845     0700  00F1               	movwf	??_main+1
   846     0701  3013               	movlw	19
   847     0702  00F0               	movwf	??_main
   848     0703  30AE               	movlw	174
   849     0704                     u47:
   850     0704  0B89               	decfsz	9,f
   851     0705  2F04               	goto	u47
   852     0706  0BF0               	decfsz	??_main,f
   853     0707  2F04               	goto	u47
   854     0708  0BF1               	decfsz	??_main+1,f
   855     0709  2F04               	goto	u47
   856     070A                     l747:
   857                           
   858                           ;main.c: 76:         LATBbits.LATB0 = 0;
   859     070A  0022               	movlb	2	; select bank2
   860     070B  100D               	bcf	13,0	;volatile
   861     070C                     l749:
   862                           
   863                           ;main.c: 77:         LATBbits.LATB1 = 0;
   864     070C  108D               	bcf	13,1	;volatile
   865     070D                     l751:
   866                           
   867                           ;main.c: 78:         LATBbits.LATB2 = 0;
   868     070D  110D               	bcf	13,2	;volatile
   869     070E                     l753:
   870                           
   871                           ;main.c: 79:         LATBbits.LATB3 = 0;
   872     070E  118D               	bcf	13,3	;volatile
   873     070F                     l755:
   874                           
   875                           ;main.c: 80:         LATBbits.LATB4 = 1;
   876     070F  160D               	bsf	13,4	;volatile
   877     0710                     l757:
   878                           
   879                           ;main.c: 81:         LATBbits.LATB5 = 0;
   880     0710  128D               	bcf	13,5	;volatile
   881     0711                     l759:
   882                           
   883                           ;main.c: 82:         LATBbits.LATB6 = 0;
   884     0711  130D               	bcf	13,6	;volatile
   885     0712                     l761:
   886                           
   887                           ;main.c: 83:         LATBbits.LATB7 = 0;
   888     0712  138D               	bcf	13,7	;volatile
   889     0713                     l763:
   890                           
   891                           ;main.c: 84:         _delay((unsigned long)((200)*(20000000UL/4000.0)));
   892     0713  3006               	movlw	6
   893     0714  00F1               	movwf	??_main+1
   894     0715  3013               	movlw	19
   895     0716  00F0               	movwf	??_main
   896     0717  30AE               	movlw	174
   897     0718                     u57:
   898     0718  0B89               	decfsz	9,f
   899     0719  2F18               	goto	u57
   900     071A  0BF0               	decfsz	??_main,f
   901     071B  2F18               	goto	u57
   902     071C  0BF1               	decfsz	??_main+1,f
   903     071D  2F18               	goto	u57
   904     071E                     l765:
   905                           
   906                           ;main.c: 86:         LATBbits.LATB0 = 0;
   907     071E  0022               	movlb	2	; select bank2
   908     071F  100D               	bcf	13,0	;volatile
   909     0720                     l767:
   910                           
   911                           ;main.c: 87:         LATBbits.LATB1 = 0;
   912     0720  108D               	bcf	13,1	;volatile
   913     0721                     l769:
   914                           
   915                           ;main.c: 88:         LATBbits.LATB2 = 0;
   916     0721  110D               	bcf	13,2	;volatile
   917     0722                     l771:
   918                           
   919                           ;main.c: 89:         LATBbits.LATB3 = 0;
   920     0722  118D               	bcf	13,3	;volatile
   921     0723                     l773:
   922                           
   923                           ;main.c: 90:         LATBbits.LATB4 = 0;
   924     0723  120D               	bcf	13,4	;volatile
   925     0724                     l775:
   926                           
   927                           ;main.c: 91:         LATBbits.LATB5 = 1;
   928     0724  168D               	bsf	13,5	;volatile
   929     0725                     l777:
   930                           
   931                           ;main.c: 92:         LATBbits.LATB6 = 0;
   932     0725  130D               	bcf	13,6	;volatile
   933     0726                     l779:
   934                           
   935                           ;main.c: 93:         LATBbits.LATB7 = 0;
   936     0726  138D               	bcf	13,7	;volatile
   937     0727                     l781:
   938                           
   939                           ;main.c: 94:         _delay((unsigned long)((200)*(20000000UL/4000.0)));
   940     0727  3006               	movlw	6
   941     0728  00F1               	movwf	??_main+1
   942     0729  3013               	movlw	19
   943     072A  00F0               	movwf	??_main
   944     072B  30AE               	movlw	174
   945     072C                     u67:
   946     072C  0B89               	decfsz	9,f
   947     072D  2F2C               	goto	u67
   948     072E  0BF0               	decfsz	??_main,f
   949     072F  2F2C               	goto	u67
   950     0730  0BF1               	decfsz	??_main+1,f
   951     0731  2F2C               	goto	u67
   952     0732                     l783:
   953                           
   954                           ;main.c: 96:         LATBbits.LATB0 = 0;
   955     0732  0022               	movlb	2	; select bank2
   956     0733  100D               	bcf	13,0	;volatile
   957     0734                     l785:
   958                           
   959                           ;main.c: 97:         LATBbits.LATB1 = 0;
   960     0734  108D               	bcf	13,1	;volatile
   961     0735                     l787:
   962                           
   963                           ;main.c: 98:         LATBbits.LATB2 = 0;
   964     0735  110D               	bcf	13,2	;volatile
   965     0736                     l789:
   966                           
   967                           ;main.c: 99:         LATBbits.LATB3 = 0;
   968     0736  118D               	bcf	13,3	;volatile
   969     0737                     l791:
   970                           
   971                           ;main.c: 100:         LATBbits.LATB4 = 0;
   972     0737  120D               	bcf	13,4	;volatile
   973     0738                     l793:
   974                           
   975                           ;main.c: 101:         LATBbits.LATB5 = 0;
   976     0738  128D               	bcf	13,5	;volatile
   977     0739                     l795:
   978                           
   979                           ;main.c: 102:         LATBbits.LATB6 = 1;
   980     0739  170D               	bsf	13,6	;volatile
   981     073A                     l797:
   982                           
   983                           ;main.c: 103:         LATBbits.LATB7 = 0;
   984     073A  138D               	bcf	13,7	;volatile
   985     073B                     l799:
   986                           
   987                           ;main.c: 104:         _delay((unsigned long)((200)*(20000000UL/4000.0)));
   988     073B  3006               	movlw	6
   989     073C  00F1               	movwf	??_main+1
   990     073D  3013               	movlw	19
   991     073E  00F0               	movwf	??_main
   992     073F  30AE               	movlw	174
   993     0740                     u77:
   994     0740  0B89               	decfsz	9,f
   995     0741  2F40               	goto	u77
   996     0742  0BF0               	decfsz	??_main,f
   997     0743  2F40               	goto	u77
   998     0744  0BF1               	decfsz	??_main+1,f
   999     0745  2F40               	goto	u77
  1000     0746                     l801:
  1001                           
  1002                           ;main.c: 106:         LATBbits.LATB0 = 0;
  1003     0746  0022               	movlb	2	; select bank2
  1004     0747  100D               	bcf	13,0	;volatile
  1005     0748                     l803:
  1006                           
  1007                           ;main.c: 107:         LATBbits.LATB1 = 0;
  1008     0748  108D               	bcf	13,1	;volatile
  1009     0749                     l805:
  1010                           
  1011                           ;main.c: 108:         LATBbits.LATB2 = 0;
  1012     0749  110D               	bcf	13,2	;volatile
  1013     074A                     l807:
  1014                           
  1015                           ;main.c: 109:         LATBbits.LATB3 = 0;
  1016     074A  118D               	bcf	13,3	;volatile
  1017     074B                     l809:
  1018                           
  1019                           ;main.c: 110:         LATBbits.LATB4 = 0;
  1020     074B  120D               	bcf	13,4	;volatile
  1021     074C                     l811:
  1022                           
  1023                           ;main.c: 111:         LATBbits.LATB5 = 0;
  1024     074C  128D               	bcf	13,5	;volatile
  1025     074D                     l813:
  1026                           
  1027                           ;main.c: 112:         LATBbits.LATB6 = 0;
  1028     074D  130D               	bcf	13,6	;volatile
  1029     074E                     l815:
  1030                           
  1031                           ;main.c: 113:         LATBbits.LATB7 = 1;
  1032     074E  178D               	bsf	13,7	;volatile
  1033     074F                     l817:
  1034                           
  1035                           ;main.c: 114:         _delay((unsigned long)((200)*(20000000UL/4000.0)));
  1036     074F  3006               	movlw	6
  1037     0750  00F1               	movwf	??_main+1
  1038     0751  3013               	movlw	19
  1039     0752  00F0               	movwf	??_main
  1040     0753  30AE               	movlw	174
  1041     0754                     u87:
  1042     0754  0B89               	decfsz	9,f
  1043     0755  2F54               	goto	u87
  1044     0756  0BF0               	decfsz	??_main,f
  1045     0757  2F54               	goto	u87
  1046     0758  0BF1               	decfsz	??_main+1,f
  1047     0759  2F54               	goto	u87
  1048     075A                     l819:
  1049                           
  1050                           ;main.c: 116:         LATBbits.LATB0 = 0;
  1051     075A  0022               	movlb	2	; select bank2
  1052     075B  100D               	bcf	13,0	;volatile
  1053     075C                     l821:
  1054                           
  1055                           ;main.c: 117:         LATBbits.LATB1 = 0;
  1056     075C  108D               	bcf	13,1	;volatile
  1057     075D                     l823:
  1058                           
  1059                           ;main.c: 118:         LATBbits.LATB2 = 0;
  1060     075D  110D               	bcf	13,2	;volatile
  1061     075E                     l825:
  1062                           
  1063                           ;main.c: 119:         LATBbits.LATB3 = 0;
  1064     075E  118D               	bcf	13,3	;volatile
  1065     075F                     l827:
  1066                           
  1067                           ;main.c: 120:         LATBbits.LATB4 = 0;
  1068     075F  120D               	bcf	13,4	;volatile
  1069     0760                     l829:
  1070                           
  1071                           ;main.c: 121:         LATBbits.LATB5 = 0;
  1072     0760  128D               	bcf	13,5	;volatile
  1073     0761                     l831:
  1074                           
  1075                           ;main.c: 122:         LATBbits.LATB6 = 0;
  1076     0761  130D               	bcf	13,6	;volatile
  1077     0762                     l833:
  1078                           
  1079                           ;main.c: 123:         LATBbits.LATB7 = 1;
  1080     0762  178D               	bsf	13,7	;volatile
  1081     0763                     l835:
  1082                           
  1083                           ;main.c: 124:         _delay((unsigned long)((200)*(20000000UL/4000.0)));
  1084     0763  3006               	movlw	6
  1085     0764  00F1               	movwf	??_main+1
  1086     0765  3013               	movlw	19
  1087     0766  00F0               	movwf	??_main
  1088     0767  30AE               	movlw	174
  1089     0768                     u97:
  1090     0768  0B89               	decfsz	9,f
  1091     0769  2F68               	goto	u97
  1092     076A  0BF0               	decfsz	??_main,f
  1093     076B  2F68               	goto	u97
  1094     076C  0BF1               	decfsz	??_main+1,f
  1095     076D  2F68               	goto	u97
  1096     076E                     l837:
  1097                           
  1098                           ;main.c: 126:         LATBbits.LATB0 = 0;
  1099     076E  0022               	movlb	2	; select bank2
  1100     076F  100D               	bcf	13,0	;volatile
  1101     0770                     l839:
  1102                           
  1103                           ;main.c: 127:         LATBbits.LATB1 = 0;
  1104     0770  108D               	bcf	13,1	;volatile
  1105     0771                     l841:
  1106                           
  1107                           ;main.c: 128:         LATBbits.LATB2 = 0;
  1108     0771  110D               	bcf	13,2	;volatile
  1109     0772                     l843:
  1110                           
  1111                           ;main.c: 129:         LATBbits.LATB3 = 0;
  1112     0772  118D               	bcf	13,3	;volatile
  1113     0773                     l845:
  1114                           
  1115                           ;main.c: 130:         LATBbits.LATB4 = 0;
  1116     0773  120D               	bcf	13,4	;volatile
  1117     0774                     l847:
  1118                           
  1119                           ;main.c: 131:         LATBbits.LATB5 = 0;
  1120     0774  128D               	bcf	13,5	;volatile
  1121     0775                     l849:
  1122                           
  1123                           ;main.c: 132:         LATBbits.LATB6 = 1;
  1124     0775  170D               	bsf	13,6	;volatile
  1125     0776                     l851:
  1126                           
  1127                           ;main.c: 133:         LATBbits.LATB7 = 0;
  1128     0776  138D               	bcf	13,7	;volatile
  1129     0777                     l853:
  1130                           
  1131                           ;main.c: 134:         _delay((unsigned long)((200)*(20000000UL/4000.0)));
  1132     0777  3006               	movlw	6
  1133     0778  00F1               	movwf	??_main+1
  1134     0779  3013               	movlw	19
  1135     077A  00F0               	movwf	??_main
  1136     077B  30AE               	movlw	174
  1137     077C                     u107:
  1138     077C  0B89               	decfsz	9,f
  1139     077D  2F7C               	goto	u107
  1140     077E  0BF0               	decfsz	??_main,f
  1141     077F  2F7C               	goto	u107
  1142     0780  0BF1               	decfsz	??_main+1,f
  1143     0781  2F7C               	goto	u107
  1144     0782                     l855:
  1145                           
  1146                           ;main.c: 136:         LATBbits.LATB0 = 0;
  1147     0782  0022               	movlb	2	; select bank2
  1148     0783  100D               	bcf	13,0	;volatile
  1149     0784                     l857:
  1150                           
  1151                           ;main.c: 137:         LATBbits.LATB1 = 0;
  1152     0784  108D               	bcf	13,1	;volatile
  1153     0785                     l859:
  1154                           
  1155                           ;main.c: 138:         LATBbits.LATB2 = 0;
  1156     0785  110D               	bcf	13,2	;volatile
  1157     0786                     l861:
  1158                           
  1159                           ;main.c: 139:         LATBbits.LATB3 = 0;
  1160     0786  118D               	bcf	13,3	;volatile
  1161     0787                     l863:
  1162                           
  1163                           ;main.c: 140:         LATBbits.LATB4 = 0;
  1164     0787  120D               	bcf	13,4	;volatile
  1165     0788                     l865:
  1166                           
  1167                           ;main.c: 141:         LATBbits.LATB5 = 1;
  1168     0788  168D               	bsf	13,5	;volatile
  1169     0789                     l867:
  1170                           
  1171                           ;main.c: 142:         LATBbits.LATB6 = 0;
  1172     0789  130D               	bcf	13,6	;volatile
  1173     078A                     l869:
  1174                           
  1175                           ;main.c: 143:         LATBbits.LATB7 = 0;
  1176     078A  138D               	bcf	13,7	;volatile
  1177     078B                     l871:
  1178                           
  1179                           ;main.c: 144:         _delay((unsigned long)((200)*(20000000UL/4000.0)));
  1180     078B  3006               	movlw	6
  1181     078C  00F1               	movwf	??_main+1
  1182     078D  3013               	movlw	19
  1183     078E  00F0               	movwf	??_main
  1184     078F  30AE               	movlw	174
  1185     0790                     u117:
  1186     0790  0B89               	decfsz	9,f
  1187     0791  2F90               	goto	u117
  1188     0792  0BF0               	decfsz	??_main,f
  1189     0793  2F90               	goto	u117
  1190     0794  0BF1               	decfsz	??_main+1,f
  1191     0795  2F90               	goto	u117
  1192     0796                     l873:
  1193                           
  1194                           ;main.c: 146:         LATBbits.LATB0 = 0;
  1195     0796  0022               	movlb	2	; select bank2
  1196     0797  100D               	bcf	13,0	;volatile
  1197     0798                     l875:
  1198                           
  1199                           ;main.c: 147:         LATBbits.LATB1 = 0;
  1200     0798  108D               	bcf	13,1	;volatile
  1201     0799                     l877:
  1202                           
  1203                           ;main.c: 148:         LATBbits.LATB2 = 0;
  1204     0799  110D               	bcf	13,2	;volatile
  1205     079A                     l879:
  1206                           
  1207                           ;main.c: 149:         LATBbits.LATB3 = 0;
  1208     079A  118D               	bcf	13,3	;volatile
  1209     079B                     l881:
  1210                           
  1211                           ;main.c: 150:         LATBbits.LATB4 = 1;
  1212     079B  160D               	bsf	13,4	;volatile
  1213     079C                     l883:
  1214                           
  1215                           ;main.c: 151:         LATBbits.LATB5 = 0;
  1216     079C  128D               	bcf	13,5	;volatile
  1217     079D                     l885:
  1218                           
  1219                           ;main.c: 152:         LATBbits.LATB6 = 0;
  1220     079D  130D               	bcf	13,6	;volatile
  1221     079E                     l887:
  1222                           
  1223                           ;main.c: 153:         LATBbits.LATB7 = 0;
  1224     079E  138D               	bcf	13,7	;volatile
  1225     079F                     l889:
  1226                           
  1227                           ;main.c: 154:         _delay((unsigned long)((200)*(20000000UL/4000.0)));
  1228     079F  3006               	movlw	6
  1229     07A0  00F1               	movwf	??_main+1
  1230     07A1  3013               	movlw	19
  1231     07A2  00F0               	movwf	??_main
  1232     07A3  30AE               	movlw	174
  1233     07A4                     u127:
  1234     07A4  0B89               	decfsz	9,f
  1235     07A5  2FA4               	goto	u127
  1236     07A6  0BF0               	decfsz	??_main,f
  1237     07A7  2FA4               	goto	u127
  1238     07A8  0BF1               	decfsz	??_main+1,f
  1239     07A9  2FA4               	goto	u127
  1240     07AA                     l891:
  1241                           
  1242                           ;main.c: 157:         LATBbits.LATB0 = 0;
  1243     07AA  0022               	movlb	2	; select bank2
  1244     07AB  100D               	bcf	13,0	;volatile
  1245     07AC                     l893:
  1246                           
  1247                           ;main.c: 158:         LATBbits.LATB1 = 0;
  1248     07AC  108D               	bcf	13,1	;volatile
  1249     07AD                     l895:
  1250                           
  1251                           ;main.c: 159:         LATBbits.LATB2 = 0;
  1252     07AD  110D               	bcf	13,2	;volatile
  1253     07AE                     l897:
  1254                           
  1255                           ;main.c: 160:         LATBbits.LATB3 = 1;
  1256     07AE  158D               	bsf	13,3	;volatile
  1257     07AF                     l899:
  1258                           
  1259                           ;main.c: 161:         LATBbits.LATB4 = 0;
  1260     07AF  120D               	bcf	13,4	;volatile
  1261     07B0                     l901:
  1262                           
  1263                           ;main.c: 162:         LATBbits.LATB5 = 0;
  1264     07B0  128D               	bcf	13,5	;volatile
  1265     07B1                     l903:
  1266                           
  1267                           ;main.c: 163:         LATBbits.LATB6 = 0;
  1268     07B1  130D               	bcf	13,6	;volatile
  1269     07B2                     l905:
  1270                           
  1271                           ;main.c: 164:         LATBbits.LATB7 = 0;
  1272     07B2  138D               	bcf	13,7	;volatile
  1273     07B3                     l907:
  1274                           
  1275                           ;main.c: 165:         _delay((unsigned long)((200)*(20000000UL/4000.0)));
  1276     07B3  3006               	movlw	6
  1277     07B4  00F1               	movwf	??_main+1
  1278     07B5  3013               	movlw	19
  1279     07B6  00F0               	movwf	??_main
  1280     07B7  30AE               	movlw	174
  1281     07B8                     u137:
  1282     07B8  0B89               	decfsz	9,f
  1283     07B9  2FB8               	goto	u137
  1284     07BA  0BF0               	decfsz	??_main,f
  1285     07BB  2FB8               	goto	u137
  1286     07BC  0BF1               	decfsz	??_main+1,f
  1287     07BD  2FB8               	goto	u137
  1288     07BE                     l909:
  1289                           
  1290                           ;main.c: 167:          LATBbits.LATB0 = 0;
  1291     07BE  0022               	movlb	2	; select bank2
  1292     07BF  100D               	bcf	13,0	;volatile
  1293     07C0                     l911:
  1294                           
  1295                           ;main.c: 168:         LATBbits.LATB1 = 0;
  1296     07C0  108D               	bcf	13,1	;volatile
  1297     07C1                     l913:
  1298                           
  1299                           ;main.c: 169:         LATBbits.LATB2 = 1;
  1300     07C1  150D               	bsf	13,2	;volatile
  1301     07C2                     l915:
  1302                           
  1303                           ;main.c: 170:         LATBbits.LATB3 = 0;
  1304     07C2  118D               	bcf	13,3	;volatile
  1305     07C3                     l917:
  1306                           
  1307                           ;main.c: 171:         LATBbits.LATB4 = 0;
  1308     07C3  120D               	bcf	13,4	;volatile
  1309     07C4                     l919:
  1310                           
  1311                           ;main.c: 172:         LATBbits.LATB5 = 0;
  1312     07C4  128D               	bcf	13,5	;volatile
  1313     07C5                     l921:
  1314                           
  1315                           ;main.c: 173:         LATBbits.LATB6 = 0;
  1316     07C5  130D               	bcf	13,6	;volatile
  1317     07C6                     l923:
  1318                           
  1319                           ;main.c: 174:         LATBbits.LATB7 = 0;
  1320     07C6  138D               	bcf	13,7	;volatile
  1321     07C7                     l925:
  1322                           
  1323                           ;main.c: 175:         _delay((unsigned long)((200)*(20000000UL/4000.0)));
  1324     07C7  3006               	movlw	6
  1325     07C8  00F1               	movwf	??_main+1
  1326     07C9  3013               	movlw	19
  1327     07CA  00F0               	movwf	??_main
  1328     07CB  30AE               	movlw	174
  1329     07CC                     u147:
  1330     07CC  0B89               	decfsz	9,f
  1331     07CD  2FCC               	goto	u147
  1332     07CE  0BF0               	decfsz	??_main,f
  1333     07CF  2FCC               	goto	u147
  1334     07D0  0BF1               	decfsz	??_main+1,f
  1335     07D1  2FCC               	goto	u147
  1336     07D2                     l927:
  1337                           
  1338                           ;main.c: 177:          LATBbits.LATB0 = 0;
  1339     07D2  0022               	movlb	2	; select bank2
  1340     07D3  100D               	bcf	13,0	;volatile
  1341     07D4                     l929:
  1342                           
  1343                           ;main.c: 178:         LATBbits.LATB1 = 1;
  1344     07D4  148D               	bsf	13,1	;volatile
  1345     07D5                     l931:
  1346                           
  1347                           ;main.c: 179:         LATBbits.LATB2 = 0;
  1348     07D5  110D               	bcf	13,2	;volatile
  1349     07D6                     l933:
  1350                           
  1351                           ;main.c: 180:         LATBbits.LATB3 = 0;
  1352     07D6  118D               	bcf	13,3	;volatile
  1353     07D7                     l935:
  1354                           
  1355                           ;main.c: 181:         LATBbits.LATB4 = 0;
  1356     07D7  120D               	bcf	13,4	;volatile
  1357     07D8                     l937:
  1358                           
  1359                           ;main.c: 182:         LATBbits.LATB5 = 0;
  1360     07D8  128D               	bcf	13,5	;volatile
  1361     07D9                     l939:
  1362                           
  1363                           ;main.c: 183:         LATBbits.LATB6 = 0;
  1364     07D9  130D               	bcf	13,6	;volatile
  1365     07DA                     l941:
  1366                           
  1367                           ;main.c: 184:         LATBbits.LATB7 = 0;
  1368     07DA  138D               	bcf	13,7	;volatile
  1369     07DB                     l943:
  1370                           
  1371                           ;main.c: 185:         _delay((unsigned long)((200)*(20000000UL/4000.0)));
  1372     07DB  3006               	movlw	6
  1373     07DC  00F1               	movwf	??_main+1
  1374     07DD  3013               	movlw	19
  1375     07DE  00F0               	movwf	??_main
  1376     07DF  30AE               	movlw	174
  1377     07E0                     u157:
  1378     07E0  0B89               	decfsz	9,f
  1379     07E1  2FE0               	goto	u157
  1380     07E2  0BF0               	decfsz	??_main,f
  1381     07E3  2FE0               	goto	u157
  1382     07E4  0BF1               	decfsz	??_main+1,f
  1383     07E5  2FE0               	goto	u157
  1384     07E6                     l945:
  1385                           
  1386                           ;main.c: 187:         LATBbits.LATB0 = 1;
  1387     07E6  0022               	movlb	2	; select bank2
  1388     07E7  140D               	bsf	13,0	;volatile
  1389     07E8                     l947:
  1390                           
  1391                           ;main.c: 188:         LATBbits.LATB1 = 0;
  1392     07E8  108D               	bcf	13,1	;volatile
  1393     07E9                     l949:
  1394                           
  1395                           ;main.c: 189:         LATBbits.LATB2 = 0;
  1396     07E9  110D               	bcf	13,2	;volatile
  1397     07EA                     l951:
  1398                           
  1399                           ;main.c: 190:         LATBbits.LATB3 = 0;
  1400     07EA  118D               	bcf	13,3	;volatile
  1401     07EB                     l953:
  1402                           
  1403                           ;main.c: 191:         LATBbits.LATB4 = 0;
  1404     07EB  120D               	bcf	13,4	;volatile
  1405     07EC                     l955:
  1406                           
  1407                           ;main.c: 192:         LATBbits.LATB5 = 0;
  1408     07EC  128D               	bcf	13,5	;volatile
  1409     07ED                     l957:
  1410                           
  1411                           ;main.c: 193:         LATBbits.LATB6 = 0;
  1412     07ED  130D               	bcf	13,6	;volatile
  1413     07EE                     l959:
  1414                           
  1415                           ;main.c: 194:         LATBbits.LATB7 = 0;
  1416     07EE  138D               	bcf	13,7	;volatile
  1417     07EF                     l961:
  1418                           
  1419                           ;main.c: 195:         _delay((unsigned long)((200)*(20000000UL/4000.0)));
  1420     07EF  3006               	movlw	6
  1421     07F0  00F1               	movwf	??_main+1
  1422     07F1  3013               	movlw	19
  1423     07F2  00F0               	movwf	??_main
  1424     07F3  30AE               	movlw	174
  1425     07F4                     u167:
  1426     07F4  0B89               	decfsz	9,f
  1427     07F5  2FF4               	goto	u167
  1428     07F6  0BF0               	decfsz	??_main,f
  1429     07F7  2FF4               	goto	u167
  1430     07F8  0BF1               	decfsz	??_main+1,f
  1431     07F9  2FF4               	goto	u167
  1432     07FA  2EBA               	goto	l675
  1433     07FB  3180  2802         	ljmp	start
  1434     07FD                     __end_of_main:
  1435                           
  1436                           	psect	text1
  1437     069C                     __ptext1:	
  1438 ;; *************** function _init *****************
  1439 ;; Defined at:
  1440 ;;		line 5 in file "main.c"
  1441 ;; Parameters:    Size  Location     Type
  1442 ;;		None
  1443 ;; Auto vars:     Size  Location     Type
  1444 ;;		None
  1445 ;; Return value:  Size  Location     Type
  1446 ;;                  1    wreg      void 
  1447 ;; Registers used:
  1448 ;;		status,2
  1449 ;; Tracked objects:
  1450 ;;		On entry : 0/0
  1451 ;;		On exit  : 0/0
  1452 ;;		Unchanged: 0/0
  1453 ;; Data sizes:     COMMON   BANK0   BANK1   BANK2   BANK3   BANK4   BANK5   BANK6   BANK7   BANK8   BANK9  BANK10  BANK1
      +1  BANK12
  1454 ;;      Params:         0       0       0       0       0       0       0       0       0       0       0       0       
      +0       0
  1455 ;;      Locals:         0       0       0       0       0       0       0       0       0       0       0       0       
      +0       0
  1456 ;;      Temps:          0       0       0       0       0       0       0       0       0       0       0       0       
      +0       0
  1457 ;;      Totals:         0       0       0       0       0       0       0       0       0       0       0       0       
      +0       0
  1458 ;;Total ram usage:        0 bytes
  1459 ;; Hardware stack levels used: 1
  1460 ;; This function calls:
  1461 ;;		Nothing
  1462 ;; This function is called by:
  1463 ;;		_main
  1464 ;; This function uses a non-reentrant model
  1465 ;;
  1466                           
  1467     069C                     _init:	
  1468                           ;psect for function _init
  1469                           
  1470     069C                     l633:	
  1471                           ;incstack = 0
  1472                           ; Regs used in _init: [status,2]
  1473                           
  1474                           
  1475                           ;main.c: 7:     ANSELB = 0X00;
  1476     069C  0023               	movlb	3	; select bank3
  1477     069D  018D               	clrf	13	;volatile
  1478     069E                     l635:
  1479                           
  1480                           ;main.c: 8:     TRISBbits.TRISB0 = 0;
  1481     069E  0021               	movlb	1	; select bank1
  1482     069F  100D               	bcf	13,0	;volatile
  1483     06A0                     l637:
  1484                           
  1485                           ;main.c: 9:     TRISBbits.TRISB1 = 0;
  1486     06A0  108D               	bcf	13,1	;volatile
  1487     06A1                     l639:
  1488                           
  1489                           ;main.c: 10:     TRISBbits.TRISB2 = 0;
  1490     06A1  110D               	bcf	13,2	;volatile
  1491     06A2                     l641:
  1492                           
  1493                           ;main.c: 11:     TRISBbits.TRISB3 = 0;
  1494     06A2  118D               	bcf	13,3	;volatile
  1495     06A3                     l643:
  1496                           
  1497                           ;main.c: 12:     TRISBbits.TRISB4 = 0;
  1498     06A3  120D               	bcf	13,4	;volatile
  1499     06A4                     l645:
  1500                           
  1501                           ;main.c: 13:     TRISBbits.TRISB5 = 0;
  1502     06A4  128D               	bcf	13,5	;volatile
  1503     06A5                     l647:
  1504                           
  1505                           ;main.c: 14:     TRISBbits.TRISB6 = 0;
  1506     06A5  130D               	bcf	13,6	;volatile
  1507     06A6                     l649:
  1508                           
  1509                           ;main.c: 15:     TRISBbits.TRISB7 = 0;
  1510     06A6  138D               	bcf	13,7	;volatile
  1511     06A7                     l651:
  1512                           
  1513                           ;main.c: 17:     LATBbits.LATB0 = 0;
  1514     06A7  0022               	movlb	2	; select bank2
  1515     06A8  100D               	bcf	13,0	;volatile
  1516     06A9                     l653:
  1517                           
  1518                           ;main.c: 18:     LATBbits.LATB1 = 0;
  1519     06A9  108D               	bcf	13,1	;volatile
  1520     06AA                     l655:
  1521                           
  1522                           ;main.c: 19:     LATBbits.LATB2 = 0;
  1523     06AA  110D               	bcf	13,2	;volatile
  1524     06AB                     l657:
  1525                           
  1526                           ;main.c: 20:     LATBbits.LATB3 = 0;
  1527     06AB  118D               	bcf	13,3	;volatile
  1528     06AC                     l659:
  1529                           
  1530                           ;main.c: 21:     LATBbits.LATB4 = 0;
  1531     06AC  120D               	bcf	13,4	;volatile
  1532     06AD                     l661:
  1533                           
  1534                           ;main.c: 22:     LATBbits.LATB5 = 0;
  1535     06AD  128D               	bcf	13,5	;volatile
  1536     06AE                     l663:
  1537                           
  1538                           ;main.c: 23:     LATBbits.LATB6 = 0;
  1539     06AE  130D               	bcf	13,6	;volatile
  1540     06AF                     l665:
  1541                           
  1542                           ;main.c: 24:     LATBbits.LATB7 = 0;
  1543     06AF  138D               	bcf	13,7	;volatile
  1544     06B0                     l17:
  1545     06B0  0008               	return
  1546     06B1                     __end_of_init:
  1547     007E                     btemp	set	126	;btemp
  1548     007E                     wtemp0	set	126
  1549                           
  1550                           	psect	config
  1551                           
  1552                           ;Config register CONFIG1 @ 0x8007
  1553                           ;	Oscillator Selection
  1554                           ;	FOSC = HS, HS Oscillator, High-speed crystal/resonator connected between OSC1 and OSC2
      +                           pins
  1555                           ;	Watchdog Timer Enable
  1556                           ;	WDTE = OFF, WDT disabled
  1557                           ;	Power-up Timer Enable
  1558                           ;	PWRTE = OFF, PWRT disabled
  1559                           ;	MCLR Pin Function Select
  1560                           ;	MCLRE = ON, MCLR/VPP pin function is MCLR
  1561                           ;	Flash Program Memory Code Protection
  1562                           ;	CP = OFF, Program memory code protection is disabled
  1563                           ;	Data Memory Code Protection
  1564                           ;	CPD = OFF, Data memory code protection is disabled
  1565                           ;	Brown-out Reset Enable
  1566                           ;	BOREN = OFF, Brown-out Reset disabled
  1567                           ;	Clock Out Enable
  1568                           ;	CLKOUTEN = OFF, CLKOUT function is disabled. I/O or oscillator function on the CLKOUT 
      +                          pin
  1569                           ;	Internal/External Switchover
  1570                           ;	IESO = ON, Internal/External Switchover mode is enabled
  1571                           ;	Fail-Safe Clock Monitor Enable
  1572                           ;	FCMEN = ON, Fail-Safe Clock Monitor is enabled
  1573     8007                     	org	32775
  1574     8007  39E2               	dw	14818
  1575                           
  1576                           ;Config register CONFIG2 @ 0x8008
  1577                           ;	Flash Memory Self-Write Protection
  1578                           ;	WRT = OFF, Write protection off
  1579                           ;	Voltage Regulator Capacitor Enable
  1580                           ;	VCAPEN = OFF, All VCAP pin functionality is disabled
  1581                           ;	PLL Enable
  1582                           ;	PLLEN = OFF, 4x PLL disabled
  1583                           ;	Stack Overflow/Underflow Reset Enable
  1584                           ;	STVREN = ON, Stack Overflow or Underflow will cause a Reset
  1585                           ;	Brown-out Reset Voltage Selection
  1586                           ;	BORV = LO, Brown-out Reset Voltage (Vbor), low trip point selected.
  1587                           ;	Low-Voltage Programming Enable
  1588                           ;	LVP = OFF, High-voltage on MCLR/VPP must be used for programming
  1589     8008                     	org	32776
  1590     8008  1EFF               	dw	7935

Data Sizes:
    Strings     0
    Constant    0
    Data        0
    BSS         0
    Persistent  32
    Stack       0

Auto Spaces:
    Space          Size  Autos    Used
    COMMON           14      2       2
    BANK0            80      0       0
    BANK1            80      0       0
    BANK2            80      0       0
    BANK3            80      0       0
    BANK4            80      0       0
    BANK5            80      0       0
    BANK6            80      0       0
    BANK7            80      0       0
    BANK8            80      0       0
    BANK9            80      0       0
    BANK10           80      0       0
    BANK11           80      0       0
    BANK12           48      0       0

Pointer List with Targets:

    None.

Critical Paths under _main in COMMON

    None.

Critical Paths under _main in BANK0

    None.

Critical Paths under _main in BANK1

    None.

Critical Paths under _main in BANK2

    None.

Critical Paths under _main in BANK3

    None.

Critical Paths under _main in BANK4

    None.

Critical Paths under _main in BANK5

    None.

Critical Paths under _main in BANK6

    None.

Critical Paths under _main in BANK7

    None.

Critical Paths under _main in BANK8

    None.

Critical Paths under _main in BANK9

    None.

Critical Paths under _main in BANK10

    None.

Critical Paths under _main in BANK11

    None.

Critical Paths under _main in BANK12

    None.

Call Graph Tables:

 ---------------------------------------------------------------------------------
 (Depth) Function   	        Calls       Base Space   Used Autos Params    Refs
 ---------------------------------------------------------------------------------
 (0) _main                                                 2     2      0       0
                                              0 COMMON     2     2      0
                               _init
 ---------------------------------------------------------------------------------
 (1) _init                                                 0     0      0       0
 ---------------------------------------------------------------------------------
 Estimated maximum stack depth 1
 ---------------------------------------------------------------------------------

 Call Graph Graphs:

 _main (ROOT)
   _init

 Address spaces:
Name               Size   Autos  Total    Cost      Usage
BIGRAM             3F0      0       0       0        0.0%
EEDATA             100      0       0       0        0.0%
NULL                 0      0       0       0        0.0%
CODE                 0      0       0       0        0.0%
BITCOMMON            E      0       0       1        0.0%
BITSFR0              0      0       0       1        0.0%
SFR0                 0      0       0       1        0.0%
COMMON               E      2       2       2       14.3%
BITSFR1              0      0       0       2        0.0%
SFR1                 0      0       0       2        0.0%
BITSFR2              0      0       0       3        0.0%
SFR2                 0      0       0       3        0.0%
STACK                0      0       0       3        0.0%
BITBANK0            50      0       0       4        0.0%
BITSFR3              0      0       0       4        0.0%
SFR3                 0      0       0       4        0.0%
BANK0               50      0       0       5        0.0%
BITSFR4              0      0       0       5        0.0%
SFR4                 0      0       0       5        0.0%
BITBANK1            50      0       0       6        0.0%
BITSFR5              0      0       0       6        0.0%
SFR5                 0      0       0       6        0.0%
BANK1               50      0       0       7        0.0%
BITSFR6              0      0       0       7        0.0%
SFR6                 0      0       0       7        0.0%
BITBANK2            50      0       0       8        0.0%
BITSFR7              0      0       0       8        0.0%
SFR7                 0      0       0       8        0.0%
BANK2               50      0       0       9        0.0%
BITSFR8              0      0       0       9        0.0%
SFR8                 0      0       0       9        0.0%
BITBANK3            50      0       0      10        0.0%
BITSFR9              0      0       0      10        0.0%
SFR9                 0      0       0      10        0.0%
BANK3               50      0       0      11        0.0%
BITSFR10             0      0       0      11        0.0%
SFR10                0      0       0      11        0.0%
BITBANK4            50      0       0      12        0.0%
BITSFR11             0      0       0      12        0.0%
SFR11                0      0       0      12        0.0%
BANK4               50      0       0      13        0.0%
BITSFR12             0      0       0      13        0.0%
SFR12                0      0       0      13        0.0%
BITBANK5            50      0       0      14        0.0%
BITSFR13             0      0       0      14        0.0%
SFR13                0      0       0      14        0.0%
BANK5               50      0       0      15        0.0%
BITSFR14             0      0       0      15        0.0%
SFR14                0      0       0      15        0.0%
BITBANK6            50      0       0      16        0.0%
BITSFR15             0      0       0      16        0.0%
SFR15                0      0       0      16        0.0%
BANK6               50      0       0      17        0.0%
BITSFR16             0      0       0      17        0.0%
SFR16                0      0       0      17        0.0%
BITBANK7            50      0       0      18        0.0%
BITSFR17             0      0       0      18        0.0%
SFR17                0      0       0      18        0.0%
BANK7               50      0       0      19        0.0%
BITSFR18             0      0       0      19        0.0%
SFR18                0      0       0      19        0.0%
BITSFR19             0      0       0      20        0.0%
SFR19                0      0       0      20        0.0%
ABS                  0      0       0      20        0.0%
BITBANK8            50      0       0      21        0.0%
BITSFR20             0      0       0      21        0.0%
SFR20                0      0       0      21        0.0%
BANK8               50      0       0      22        0.0%
BITSFR21             0      0       0      22        0.0%
SFR21                0      0       0      22        0.0%
BITBANK9            50      0       0      23        0.0%
BITSFR22             0      0       0      23        0.0%
SFR22                0      0       0      23        0.0%
BANK9               50      0       0      24        0.0%
BITSFR23             0      0       0      24        0.0%
SFR23                0      0       0      24        0.0%
BITBANK10           50      0       0      25        0.0%
BITSFR24             0      0       0      25        0.0%
SFR24                0      0       0      25        0.0%
BANK10              50      0       0      26        0.0%
BITSFR25             0      0       0      26        0.0%
SFR25                0      0       0      26        0.0%
BITBANK11           50      0       0      27        0.0%
BITSFR26             0      0       0      27        0.0%
SFR26                0      0       0      27        0.0%
BANK11              50      0       0      28        0.0%
BITSFR27             0      0       0      28        0.0%
SFR27                0      0       0      28        0.0%
BITBANK12           30      0       0      29        0.0%
BITSFR28             0      0       0      29        0.0%
SFR28                0      0       0      29        0.0%
BANK12              30      0       0      30        0.0%
BITSFR29             0      0       0      30        0.0%
SFR29                0      0       0      30        0.0%
BITSFR30             0      0       0      31        0.0%
SFR30                0      0       0      31        0.0%
DATA                 0      0       0      31        0.0%
BITSFR31             0      0       0      32        0.0%
SFR31                0      0       0      32        0.0%


Microchip Technology PIC Macro Assembler V2.41 build 20230208172133 
Symbol Table                                                                                   Thu Sep 07 18:52:41 2023

                     l17 06B0                       u17 06C8                       u27 06DC  
                     u37 06F0                       u47 0704                       u57 0718  
                     u67 072C                       u77 0740                       u87 0754  
                     u97 0768                      l701 06D3                      l711 06E2  
                    l703 06D4                      l641 06A2                      l633 069C  
                    l801 0746                      l721 06E8                      l713 06E4  
                    l705 06D5                      l651 06A7                      l643 06A3  
                    l635 069E                      l811 074C                      l803 0748  
                    l731 06F8                      l723 06E9                      l715 06E5  
                    l707 06D6                      l661 06AD                      l653 06A9  
                    l645 06A4                      l637 06A0                      l901 07B0  
                    l821 075C                      l813 074D                      l805 0749  
                    l741 06FD                      l733 06F9                      l725 06EA  
                    l717 06E6                      l709 06D7                      l663 06AE  
                    l655 06AA                      l647 06A5                      l639 06A1  
                    l911 07C0                      l903 07B1                      l831 0761  
                    l823 075D                      l815 074E                      l807 074A  
                    l751 070D                      l743 06FE                      l735 06FA  
                    l727 06EB                      l719 06E7                      l671 06B7  
                    l665 06AF                      l657 06AB                      l649 06A6  
                    l921 07C5                      l913 07C1                      l905 07B2  
                    l841 0771                      l833 0762                      l825 075E  
                    l817 074F                      l809 074B                      l761 0712  
                    l753 070E                      l745 06FF                      l737 06FB  
                    l729 06F6                      l681 06BE                      l673 06B8  
                    l659 06AC                      l931 07D5                      l923 07C6  
                    l915 07C2                      l907 07B3                      l851 0776  
                    l843 0772                      l835 0763                      l827 075F  
                    l819 075A                      l771 0722                      l763 0713  
                    l755 070F                      l747 070A                      l739 06FC  
                    l691 06C3                      l683 06BF                      l675 06BA  
                    l667 06B1                      l941 07DA                      l933 07D6  
                    l925 07C7                      l917 07C3                      l909 07BE  
                    l861 0786                      l853 0777                      l845 0773  
                    l837 076E                      l829 0760                      l781 0727  
                    l773 0723                      l765 071E                      l757 0710  
                    l749 070C                      l693 06CE                      l685 06C0  
                    l677 06BC                      l669 06B4                      l951 07EA  
                    l943 07DB                      l935 07D7                      l927 07D2  
                    l919 07C4                      l871 078B                      l863 0787  
                    l855 0782                      l847 0774                      l839 0770  
                    l791 0737                      l783 0732                      l775 0724  
                    l767 0720                      l759 0711                      l695 06D0  
                    l687 06C1                      l679 06BD                      l961 07EF  
                    l953 07EB                      l945 07E6                      l937 07D8  
                    l929 07D4                      l881 079B                      l873 0796  
                    l865 0788                      l857 0784                      l849 0775  
                    l793 0738                      l785 0734                      l777 0725  
                    l769 0721                      l697 06D1                      l689 06C2  
                    l955 07EC                      l947 07E8                      l939 07D9  
                    l891 07AA                      l883 079C                      l875 0798  
                    l867 0789                      l859 0785                      l795 0739  
                    l787 0735                      l779 0726                      l699 06D2  
                    l957 07ED                      l949 07E9                      l893 07AC  
                    l885 079D                      l877 0799                      l869 078A  
                    l797 073A                      l789 0736                      l959 07EE  
                    l895 07AD                      l887 079E                      l879 079A  
                    l799 073B                      l897 07AE                      l889 079F  
                    l899 07AF                      u107 077C                      u117 0790  
                    u127 07A4                      u137 07B8                      u147 07CC  
                    u157 07E0                      u167 07F4                      wreg 0009  
                   _main 06B1                     _init 069C                     btemp 007E  
                   start 0002                    ?_main 0070                    ?_init 0070  
                  wtemp0 007E          __initialization 07FD             __end_of_main 07FD  
           __end_of_init 06B1                   ??_main 0070                   ??_init 0070  
                 _ANSELB 018D                   _BORCON 0116                   _OSCCON 0099  
__end_of__initialization 07FD           __pcstackCOMMON 0070               __pmaintext 06B1  
                _OSCTUNE 0098                  __ptext1 069C     end_of_initialization 07FD  
              _TRISBbits 008D      start_initialization 07FD                ___latbits 0003  
               _LATBbits 010D  
