

Microchip MPLAB XC8 Assembler V2.41 build 20230208172133 
                                                                                               Thu Sep 07 23:51:40 2023

Microchip MPLAB XC8 C Compiler v2.41 (Free license) build 20230208172133 Og1 
     1                           	processor	16F1939
     2                           	pagewidth 120
     3                           	opt	flic
     4                           	psect	idataCOMMON,global,class=CODE,delta=2,noexec
     5                           	psect	nvCOMMON,global,class=COMMON,space=1,delta=1,noexec
     6                           	psect	cinit,global,class=CODE,merge=1,delta=2
     7                           	psect	bssCOMMON,global,class=COMMON,space=1,delta=1,noexec
     8                           	psect	dataCOMMON,global,class=COMMON,space=1,delta=1,noexec
     9                           	psect	cstackCOMMON,global,class=COMMON,space=1,delta=1,noexec
    10                           	psect	maintext,global,class=CODE,merge=1,split=1,delta=2
    11                           	psect	text1,local,class=CODE,merge=1,delta=2
    12                           	psect	config,global,abs,ovrld,class=CONFIG,space=4,delta=2,noexec
    13                           	dabs	1,0x7E,2
    14     0000                     
    15                           ; Generated 06/07/2023 GMT
    16                           ; 
    17                           ; Copyright © 2023, Microchip Technology Inc. and its subsidiaries ("Microchip")
    18                           ; All rights reserved.
    19                           ; 
    20                           ; This software is developed by Microchip Technology Inc. and its subsidiaries ("Microch
      +                          ip").
    21                           ; 
    22                           ; Redistribution and use in source and binary forms, with or without modification, are
    23                           ; permitted provided that the following conditions are met:
    24                           ; 
    25                           ;     1. Redistributions of source code must retain the above copyright notice, this lis
      +                          t of
    26                           ;        conditions and the following disclaimer.
    27                           ; 
    28                           ;     2. Redistributions in binary form must reproduce the above copyright notice, this 
      +                          list
    29                           ;        of conditions and the following disclaimer in the documentation and/or other
    30                           ;        materials provided with the distribution. Publication is not required when
    31                           ;        this file is used in an embedded application.
    32                           ; 
    33                           ;     3. Microchip's name may not be used to endorse or promote products derived from th
      +                          is
    34                           ;        software without specific prior written permission.
    35                           ; 
    36                           ; THIS SOFTWARE IS PROVIDED BY MICROCHIP "AS IS" AND ANY EXPRESS OR IMPLIED WARRANTIES,
    37                           ; INCLUDING, BUT NOT LIMITED TO, THE IMPLIED WARRANTIES OF MERCHANTABILITY AND FITNESS F
      +                          OR
    38                           ; PURPOSE ARE DISCLAIMED.  IN NO EVENT SHALL MICROCHIP BE LIABLE FOR ANY DIRECT, INDIREC
      +                          T,
    39                           ; INCIDENTAL, SPECIAL, EXEMPLARY, OR CONSEQUENTIAL DAMAGES (INCLUDING BUT NOT LIMITED TO
    40                           ; PROCUREMENT OF SUBSTITUTE GOODS OR SERVICES; LOSS OF USE, DATA OR PROFITS; OR BUSINESS
    41                           ; INTERRUPTION) HOWSOEVER CAUSED AND ON ANY THEORY OF LIABILITY, WHETHER IN CONTRACT, ST
      +                          RICT
    42                           ; LIABILITY, OR TORT (INCLUDING NEGLIGENCE OR OTHERWISE) ARISING IN ANY WAY OUT OF THE U
      +                          SE OF
    43                           ; THIS SOFTWARE, EVEN IF ADVISED OF THE POSSIBILITY OF SUCH DAMAGE.
    44                           ; 
    45                           ; 
    46                           ; Code-generator required, PIC16F1939 Definitions
    47                           ; 
    48                           ; SFR Addresses
    49     0000                     	;# 
    50     0001                     	;# 
    51     0002                     	;# 
    52     0003                     	;# 
    53     0004                     	;# 
    54     0005                     	;# 
    55     0006                     	;# 
    56     0007                     	;# 
    57     0008                     	;# 
    58     0009                     	;# 
    59     000A                     	;# 
    60     000B                     	;# 
    61     000C                     	;# 
    62     000D                     	;# 
    63     000E                     	;# 
    64     000F                     	;# 
    65     0010                     	;# 
    66     0011                     	;# 
    67     0012                     	;# 
    68     0013                     	;# 
    69     0015                     	;# 
    70     0016                     	;# 
    71     0016                     	;# 
    72     0017                     	;# 
    73     0018                     	;# 
    74     0019                     	;# 
    75     001A                     	;# 
    76     001B                     	;# 
    77     001C                     	;# 
    78     001E                     	;# 
    79     001F                     	;# 
    80     008C                     	;# 
    81     008D                     	;# 
    82     008E                     	;# 
    83     008F                     	;# 
    84     0090                     	;# 
    85     0091                     	;# 
    86     0092                     	;# 
    87     0093                     	;# 
    88     0095                     	;# 
    89     0096                     	;# 
    90     0097                     	;# 
    91     0098                     	;# 
    92     0099                     	;# 
    93     009A                     	;# 
    94     009B                     	;# 
    95     009B                     	;# 
    96     009C                     	;# 
    97     009D                     	;# 
    98     009E                     	;# 
    99     010C                     	;# 
   100     010D                     	;# 
   101     010E                     	;# 
   102     010F                     	;# 
   103     0110                     	;# 
   104     0111                     	;# 
   105     0112                     	;# 
   106     0113                     	;# 
   107     0114                     	;# 
   108     0115                     	;# 
   109     0116                     	;# 
   110     0117                     	;# 
   111     0118                     	;# 
   112     0119                     	;# 
   113     011A                     	;# 
   114     011B                     	;# 
   115     011D                     	;# 
   116     018C                     	;# 
   117     018D                     	;# 
   118     018F                     	;# 
   119     0190                     	;# 
   120     0191                     	;# 
   121     0191                     	;# 
   122     0192                     	;# 
   123     0193                     	;# 
   124     0193                     	;# 
   125     0193                     	;# 
   126     0194                     	;# 
   127     0195                     	;# 
   128     0196                     	;# 
   129     0199                     	;# 
   130     019A                     	;# 
   131     019B                     	;# 
   132     019B                     	;# 
   133     019B                     	;# 
   134     019B                     	;# 
   135     019C                     	;# 
   136     019C                     	;# 
   137     019D                     	;# 
   138     019E                     	;# 
   139     019F                     	;# 
   140     020D                     	;# 
   141     0210                     	;# 
   142     0211                     	;# 
   143     0212                     	;# 
   144     0213                     	;# 
   145     0214                     	;# 
   146     0215                     	;# 
   147     0215                     	;# 
   148     0216                     	;# 
   149     0217                     	;# 
   150     0291                     	;# 
   151     0291                     	;# 
   152     0292                     	;# 
   153     0293                     	;# 
   154     0294                     	;# 
   155     0295                     	;# 
   156     0295                     	;# 
   157     0296                     	;# 
   158     0298                     	;# 
   159     0298                     	;# 
   160     0299                     	;# 
   161     029A                     	;# 
   162     029B                     	;# 
   163     029C                     	;# 
   164     029C                     	;# 
   165     029D                     	;# 
   166     029E                     	;# 
   167     029F                     	;# 
   168     0311                     	;# 
   169     0311                     	;# 
   170     0312                     	;# 
   171     0313                     	;# 
   172     0314                     	;# 
   173     0315                     	;# 
   174     0315                     	;# 
   175     0316                     	;# 
   176     0318                     	;# 
   177     0318                     	;# 
   178     0319                     	;# 
   179     031A                     	;# 
   180     031C                     	;# 
   181     031C                     	;# 
   182     031D                     	;# 
   183     031E                     	;# 
   184     0394                     	;# 
   185     0395                     	;# 
   186     0396                     	;# 
   187     0415                     	;# 
   188     0416                     	;# 
   189     0417                     	;# 
   190     041C                     	;# 
   191     041D                     	;# 
   192     041E                     	;# 
   193     0791                     	;# 
   194     0792                     	;# 
   195     0793                     	;# 
   196     0794                     	;# 
   197     0795                     	;# 
   198     0798                     	;# 
   199     0799                     	;# 
   200     079A                     	;# 
   201     07A0                     	;# 
   202     07A1                     	;# 
   203     07A2                     	;# 
   204     07A3                     	;# 
   205     07A4                     	;# 
   206     07A5                     	;# 
   207     07A6                     	;# 
   208     07A7                     	;# 
   209     07A8                     	;# 
   210     07A9                     	;# 
   211     07AA                     	;# 
   212     07AB                     	;# 
   213     0FE4                     	;# 
   214     0FE5                     	;# 
   215     0FE6                     	;# 
   216     0FE7                     	;# 
   217     0FE8                     	;# 
   218     0FE9                     	;# 
   219     0FEA                     	;# 
   220     0FEB                     	;# 
   221     0FED                     	;# 
   222     0FEE                     	;# 
   223     0FEF                     	;# 
   224     0000                     	;# 
   225     0001                     	;# 
   226     0002                     	;# 
   227     0003                     	;# 
   228     0004                     	;# 
   229     0005                     	;# 
   230     0006                     	;# 
   231     0007                     	;# 
   232     0008                     	;# 
   233     0009                     	;# 
   234     000A                     	;# 
   235     000B                     	;# 
   236     000C                     	;# 
   237     000D                     	;# 
   238     000E                     	;# 
   239     000F                     	;# 
   240     0010                     	;# 
   241     0011                     	;# 
   242     0012                     	;# 
   243     0013                     	;# 
   244     0015                     	;# 
   245     0016                     	;# 
   246     0016                     	;# 
   247     0017                     	;# 
   248     0018                     	;# 
   249     0019                     	;# 
   250     001A                     	;# 
   251     001B                     	;# 
   252     001C                     	;# 
   253     001E                     	;# 
   254     001F                     	;# 
   255     008C                     	;# 
   256     008D                     	;# 
   257     008E                     	;# 
   258     008F                     	;# 
   259     0090                     	;# 
   260     0091                     	;# 
   261     0092                     	;# 
   262     0093                     	;# 
   263     0095                     	;# 
   264     0096                     	;# 
   265     0097                     	;# 
   266     0098                     	;# 
   267     0099                     	;# 
   268     009A                     	;# 
   269     009B                     	;# 
   270     009B                     	;# 
   271     009C                     	;# 
   272     009D                     	;# 
   273     009E                     	;# 
   274     010C                     	;# 
   275     010D                     	;# 
   276     010E                     	;# 
   277     010F                     	;# 
   278     0110                     	;# 
   279     0111                     	;# 
   280     0112                     	;# 
   281     0113                     	;# 
   282     0114                     	;# 
   283     0115                     	;# 
   284     0116                     	;# 
   285     0117                     	;# 
   286     0118                     	;# 
   287     0119                     	;# 
   288     011A                     	;# 
   289     011B                     	;# 
   290     011D                     	;# 
   291     018C                     	;# 
   292     018D                     	;# 
   293     018F                     	;# 
   294     0190                     	;# 
   295     0191                     	;# 
   296     0191                     	;# 
   297     0192                     	;# 
   298     0193                     	;# 
   299     0193                     	;# 
   300     0193                     	;# 
   301     0194                     	;# 
   302     0195                     	;# 
   303     0196                     	;# 
   304     0199                     	;# 
   305     019A                     	;# 
   306     019B                     	;# 
   307     019B                     	;# 
   308     019B                     	;# 
   309     019B                     	;# 
   310     019C                     	;# 
   311     019C                     	;# 
   312     019D                     	;# 
   313     019E                     	;# 
   314     019F                     	;# 
   315     020D                     	;# 
   316     0210                     	;# 
   317     0211                     	;# 
   318     0212                     	;# 
   319     0213                     	;# 
   320     0214                     	;# 
   321     0215                     	;# 
   322     0215                     	;# 
   323     0216                     	;# 
   324     0217                     	;# 
   325     0291                     	;# 
   326     0291                     	;# 
   327     0292                     	;# 
   328     0293                     	;# 
   329     0294                     	;# 
   330     0295                     	;# 
   331     0295                     	;# 
   332     0296                     	;# 
   333     0298                     	;# 
   334     0298                     	;# 
   335     0299                     	;# 
   336     029A                     	;# 
   337     029B                     	;# 
   338     029C                     	;# 
   339     029C                     	;# 
   340     029D                     	;# 
   341     029E                     	;# 
   342     029F                     	;# 
   343     0311                     	;# 
   344     0311                     	;# 
   345     0312                     	;# 
   346     0313                     	;# 
   347     0314                     	;# 
   348     0315                     	;# 
   349     0315                     	;# 
   350     0316                     	;# 
   351     0318                     	;# 
   352     0318                     	;# 
   353     0319                     	;# 
   354     031A                     	;# 
   355     031C                     	;# 
   356     031C                     	;# 
   357     031D                     	;# 
   358     031E                     	;# 
   359     0394                     	;# 
   360     0395                     	;# 
   361     0396                     	;# 
   362     0415                     	;# 
   363     0416                     	;# 
   364     0417                     	;# 
   365     041C                     	;# 
   366     041D                     	;# 
   367     041E                     	;# 
   368     0791                     	;# 
   369     0792                     	;# 
   370     0793                     	;# 
   371     0794                     	;# 
   372     0795                     	;# 
   373     0798                     	;# 
   374     0799                     	;# 
   375     079A                     	;# 
   376     07A0                     	;# 
   377     07A1                     	;# 
   378     07A2                     	;# 
   379     07A3                     	;# 
   380     07A4                     	;# 
   381     07A5                     	;# 
   382     07A6                     	;# 
   383     07A7                     	;# 
   384     07A8                     	;# 
   385     07A9                     	;# 
   386     07AA                     	;# 
   387     07AB                     	;# 
   388     0FE4                     	;# 
   389     0FE5                     	;# 
   390     0FE6                     	;# 
   391     0FE7                     	;# 
   392     0FE8                     	;# 
   393     0FE9                     	;# 
   394     0FEA                     	;# 
   395     0FEB                     	;# 
   396     0FED                     	;# 
   397     0FEE                     	;# 
   398     0FEF                     	;# 
   399     0000                     	;# 
   400     0001                     	;# 
   401     0002                     	;# 
   402     0003                     	;# 
   403     0004                     	;# 
   404     0005                     	;# 
   405     0006                     	;# 
   406     0007                     	;# 
   407     0008                     	;# 
   408     0009                     	;# 
   409     000A                     	;# 
   410     000B                     	;# 
   411     000C                     	;# 
   412     000D                     	;# 
   413     000E                     	;# 
   414     000F                     	;# 
   415     0010                     	;# 
   416     0011                     	;# 
   417     0012                     	;# 
   418     0013                     	;# 
   419     0015                     	;# 
   420     0016                     	;# 
   421     0016                     	;# 
   422     0017                     	;# 
   423     0018                     	;# 
   424     0019                     	;# 
   425     001A                     	;# 
   426     001B                     	;# 
   427     001C                     	;# 
   428     001E                     	;# 
   429     001F                     	;# 
   430     008C                     	;# 
   431     008D                     	;# 
   432     008E                     	;# 
   433     008F                     	;# 
   434     0090                     	;# 
   435     0091                     	;# 
   436     0092                     	;# 
   437     0093                     	;# 
   438     0095                     	;# 
   439     0096                     	;# 
   440     0097                     	;# 
   441     0098                     	;# 
   442     0099                     	;# 
   443     009A                     	;# 
   444     009B                     	;# 
   445     009B                     	;# 
   446     009C                     	;# 
   447     009D                     	;# 
   448     009E                     	;# 
   449     010C                     	;# 
   450     010D                     	;# 
   451     010E                     	;# 
   452     010F                     	;# 
   453     0110                     	;# 
   454     0111                     	;# 
   455     0112                     	;# 
   456     0113                     	;# 
   457     0114                     	;# 
   458     0115                     	;# 
   459     0116                     	;# 
   460     0117                     	;# 
   461     0118                     	;# 
   462     0119                     	;# 
   463     011A                     	;# 
   464     011B                     	;# 
   465     011D                     	;# 
   466     018C                     	;# 
   467     018D                     	;# 
   468     018F                     	;# 
   469     0190                     	;# 
   470     0191                     	;# 
   471     0191                     	;# 
   472     0192                     	;# 
   473     0193                     	;# 
   474     0193                     	;# 
   475     0193                     	;# 
   476     0194                     	;# 
   477     0195                     	;# 
   478     0196                     	;# 
   479     0199                     	;# 
   480     019A                     	;# 
   481     019B                     	;# 
   482     019B                     	;# 
   483     019B                     	;# 
   484     019B                     	;# 
   485     019C                     	;# 
   486     019C                     	;# 
   487     019D                     	;# 
   488     019E                     	;# 
   489     019F                     	;# 
   490     020D                     	;# 
   491     0210                     	;# 
   492     0211                     	;# 
   493     0212                     	;# 
   494     0213                     	;# 
   495     0214                     	;# 
   496     0215                     	;# 
   497     0215                     	;# 
   498     0216                     	;# 
   499     0217                     	;# 
   500     0291                     	;# 
   501     0291                     	;# 
   502     0292                     	;# 
   503     0293                     	;# 
   504     0294                     	;# 
   505     0295                     	;# 
   506     0295                     	;# 
   507     0296                     	;# 
   508     0298                     	;# 
   509     0298                     	;# 
   510     0299                     	;# 
   511     029A                     	;# 
   512     029B                     	;# 
   513     029C                     	;# 
   514     029C                     	;# 
   515     029D                     	;# 
   516     029E                     	;# 
   517     029F                     	;# 
   518     0311                     	;# 
   519     0311                     	;# 
   520     0312                     	;# 
   521     0313                     	;# 
   522     0314                     	;# 
   523     0315                     	;# 
   524     0315                     	;# 
   525     0316                     	;# 
   526     0318                     	;# 
   527     0318                     	;# 
   528     0319                     	;# 
   529     031A                     	;# 
   530     031C                     	;# 
   531     031C                     	;# 
   532     031D                     	;# 
   533     031E                     	;# 
   534     0394                     	;# 
   535     0395                     	;# 
   536     0396                     	;# 
   537     0415                     	;# 
   538     0416                     	;# 
   539     0417                     	;# 
   540     041C                     	;# 
   541     041D                     	;# 
   542     041E                     	;# 
   543     0791                     	;# 
   544     0792                     	;# 
   545     0793                     	;# 
   546     0794                     	;# 
   547     0795                     	;# 
   548     0798                     	;# 
   549     0799                     	;# 
   550     079A                     	;# 
   551     07A0                     	;# 
   552     07A1                     	;# 
   553     07A2                     	;# 
   554     07A3                     	;# 
   555     07A4                     	;# 
   556     07A5                     	;# 
   557     07A6                     	;# 
   558     07A7                     	;# 
   559     07A8                     	;# 
   560     07A9                     	;# 
   561     07AA                     	;# 
   562     07AB                     	;# 
   563     0FE4                     	;# 
   564     0FE5                     	;# 
   565     0FE6                     	;# 
   566     0FE7                     	;# 
   567     0FE8                     	;# 
   568     0FE9                     	;# 
   569     0FEA                     	;# 
   570     0FEB                     	;# 
   571     0FED                     	;# 
   572     0FEE                     	;# 
   573     0FEF                     	;# 
   574                           
   575                           	psect	idataCOMMON
   576     0618                     __pidataCOMMON:
   577                           
   578                           ;initializer for _time3
   579     0618  34E8               	retlw	232
   580     0619  3403               	retlw	3
   581                           
   582                           ;initializer for _time2
   583     061A  34F4               	retlw	244
   584     061B  3401               	retlw	1
   585                           
   586                           ;initializer for _time1
   587     061C  3464               	retlw	100
   588     061D  3400               	retlw	0
   589                           
   590                           	psect	nvCOMMON
   591     0079                     __pnvCOMMON:
   592     0079                     _velocidad:
   593     0079                     	ds	1
   594     007A                     _numero:
   595     007A                     	ds	1
   596     000D                     _PORTBbits	set	13
   597     000D                     _PORTB	set	13
   598     008D                     _TRISB	set	141
   599     008F                     _TRISD	set	143
   600     008E                     _TRISC	set	142
   601     0098                     _OSCTUNE	set	152
   602     0099                     _OSCCON	set	153
   603     010E                     _LATCbits	set	270
   604     010F                     _LATDbits	set	271
   605     010F                     _LATD	set	271
   606     010E                     _LATC	set	270
   607     0116                     _BORCON	set	278
   608     018F                     _ANSELD	set	399
   609     018D                     _ANSELB	set	397
   610                           
   611                           	psect	cinit
   612     07EA                     start_initialization:	
   613                           ; #config settings
   614                           
   615     07EA                     __initialization:
   616                           
   617                           ; Initialize objects allocated to COMMON
   618     07EA  3018               	movlw	low __pidataCOMMON
   619     07EB  0084               	movwf	4
   620     07EC  3086               	movlw	(high __pidataCOMMON)| (0+128)
   621     07ED  0085               	movwf	5
   622     07EE  0012               	moviw fsr0++
   623     07EF  00F0               	movwf	__pdataCOMMON& (0+127)
   624     07F0  0012               	moviw fsr0++
   625     07F1  00F1               	movwf	(__pdataCOMMON+1)& (0+127)
   626     07F2  0012               	moviw fsr0++
   627     07F3  00F2               	movwf	(__pdataCOMMON+2)& (0+127)
   628     07F4  0012               	moviw fsr0++
   629     07F5  00F3               	movwf	(__pdataCOMMON+3)& (0+127)
   630     07F6  0012               	moviw fsr0++
   631     07F7  00F4               	movwf	(__pdataCOMMON+4)& (0+127)
   632     07F8  0012               	moviw fsr0++
   633     07F9  00F5               	movwf	(__pdataCOMMON+5)& (0+127)
   634                           
   635                           ; Clear objects allocated to COMMON
   636     07FA  01F6               	clrf	__pbssCOMMON& (0+127)
   637     07FB  01F7               	clrf	(__pbssCOMMON+1)& (0+127)
   638     07FC  01F8               	clrf	(__pbssCOMMON+2)& (0+127)
   639     07FD                     end_of_initialization:	
   640                           ;End of C runtime variable initialization code
   641                           
   642     07FD                     __end_of__initialization:
   643     07FD  0020               	movlb	0
   644     07FE  3186  2E30         	ljmp	_main	;jump to C main() function
   645                           
   646                           	psect	bssCOMMON
   647     0076                     __pbssCOMMON:
   648     0076                     _pasador2:
   649     0076                     	ds	1
   650     0077                     _pasador1:
   651     0077                     	ds	1
   652     0078                     _direccion:
   653     0078                     	ds	1
   654                           
   655                           	psect	dataCOMMON
   656     0070                     __pdataCOMMON:
   657     0070                     _time3:
   658     0070                     	ds	2
   659     0072                     _time2:
   660     0072                     	ds	2
   661     0074                     _time1:
   662     0074                     	ds	2
   663                           
   664                           	psect	cstackCOMMON
   665     007B                     __pcstackCOMMON:
   666     007B                     ?_init_punto8:
   667     007B                     ??_init_punto8:	
   668                           ; 1 bytes @ 0x0
   669                           
   670     007B                     ?_main:	
   671                           ; 1 bytes @ 0x0
   672                           
   673     007B                     ??_main:	
   674                           ; 1 bytes @ 0x0
   675                           
   676                           
   677                           ; 1 bytes @ 0x0
   678     007B                     	ds	2
   679                           
   680                           	psect	maintext
   681     0630                     __pmaintext:	
   682 ;;
   683 ;;Main: autosize = 0, tempsize = 2, incstack = 0, save=0
   684 ;;
   685 ;; *************** function _main *****************
   686 ;; Defined at:
   687 ;;		line 7 in file "main.c"
   688 ;; Parameters:    Size  Location     Type
   689 ;;		None
   690 ;; Auto vars:     Size  Location     Type
   691 ;;		None
   692 ;; Return value:  Size  Location     Type
   693 ;;                  1    wreg      void 
   694 ;; Registers used:
   695 ;;		wreg, status,2, status,0, pclath, cstack
   696 ;; Tracked objects:
   697 ;;		On entry : B1F/0
   698 ;;		On exit  : 0/0
   699 ;;		Unchanged: 0/0
   700 ;; Data sizes:     COMMON   BANK0   BANK1   BANK2   BANK3   BANK4   BANK5   BANK6   BANK7   BANK8   BANK9  BANK10  BANK1
      +1  BANK12
   701 ;;      Params:         0       0       0       0       0       0       0       0       0       0       0       0       
      +0       0
   702 ;;      Locals:         0       0       0       0       0       0       0       0       0       0       0       0       
      +0       0
   703 ;;      Temps:          2       0       0       0       0       0       0       0       0       0       0       0       
      +0       0
   704 ;;      Totals:         2       0       0       0       0       0       0       0       0       0       0       0       
      +0       0
   705 ;;Total ram usage:        2 bytes
   706 ;; Hardware stack levels required when called: 1
   707 ;; This function calls:
   708 ;;		_init_punto8
   709 ;; This function is called by:
   710 ;;		Startup code after reset
   711 ;; This function uses a non-reentrant model
   712 ;;
   713                           
   714     0630                     _main:	
   715                           ;psect for function _main
   716                           
   717     0630                     l753:	
   718                           ;incstack = 0
   719                           ; Regs used in _main: [wreg+status,2+status,0+pclath+cstack]
   720                           
   721                           
   722                           ;main.c: 8:     init_punto8();
   723     0630  3186  261E  3186   	fcall	_init_punto8
   724     0633                     l755:
   725                           
   726                           ;main.c: 9:     numero = PORTB & 0x07;
   727     0633  0020               	movlb	0	; select bank0
   728     0634  080D               	movf	13,w	;volatile
   729     0635  3907               	andlw	7
   730     0636  00FA               	movwf	_numero
   731     0637                     l757:
   732                           
   733                           ;main.c: 10:     LATC = numero;
   734     0637  087A               	movf	_numero,w
   735     0638  0022               	movlb	2	; select bank2
   736     0639  008E               	movwf	14	;volatile
   737     063A                     l759:
   738                           
   739                           ;main.c: 11:     direccion = 0;
   740     063A  01F8               	clrf	_direccion
   741     063B                     l761:
   742                           
   743                           ;main.c: 12:     velocidad = 1;
   744     063B  01F9               	clrf	_velocidad
   745     063C  0AF9               	incf	_velocidad,f
   746     063D                     l763:
   747                           
   748                           ;main.c: 14:         if(direccion == 0){
   749     063D  0878               	movf	_direccion,w
   750     063E  1D03               	btfss	3,2
   751     063F  2E41               	goto	u11
   752     0640  2E42               	goto	u10
   753     0641                     u11:
   754     0641  2F25               	goto	l829
   755     0642                     u10:
   756     0642                     l765:
   757                           
   758                           ;main.c: 15:             if(velocidad == 1){
   759     0642  0379               	decf	_velocidad,w
   760     0643  1D03               	btfss	3,2
   761     0644  2E46               	goto	u21
   762     0645  2E47               	goto	u20
   763     0646                     u21:
   764     0646  2E89               	goto	l785
   765     0647                     u20:
   766     0647                     l767:
   767                           
   768                           ;main.c: 16:                 LATC <<= 1;
   769     0647  1003               	clrc
   770     0648  0022               	movlb	2	; select bank2
   771     0649  0D8E               	rlf	14,f	;volatile
   772                           
   773                           ;main.c: 17:                 LATD <<= 1;
   774     064A  1003               	clrc
   775     064B  0D8F               	rlf	15,f	;volatile
   776     064C                     l769:
   777                           
   778                           ;main.c: 18:                 LATDbits.LATD0 = pasador1;
   779     064C  0C77               	rrf	_pasador1,w
   780     064D  1C03               	skipc
   781     064E  100F               	bcf	15,0	;volatile
   782     064F  1803               	skipnc
   783     0650  140F               	bsf	15,0	;volatile
   784     0651                     l771:
   785                           
   786                           ;main.c: 19:                 LATCbits.LATC0 = pasador2;
   787     0651  0C76               	rrf	_pasador2,w
   788     0652  1C03               	skipc
   789     0653  100E               	bcf	14,0	;volatile
   790     0654  1803               	skipnc
   791     0655  140E               	bsf	14,0	;volatile
   792                           
   793                           ;main.c: 20:                 _delay((unsigned long)((time1)*(20000000/4000.0)));
   794     0656  3003               	movlw	3
   795     0657  00FC               	movwf	??_main+1
   796     0658  308A               	movlw	138
   797     0659  00FB               	movwf	??_main
   798     065A  3056               	movlw	86
   799     065B                     u967:
   800     065B  0B89               	decfsz	9,f
   801     065C  2E5B               	goto	u967
   802     065D  0BFB               	decfsz	??_main,f
   803     065E  2E5B               	goto	u967
   804     065F  0BFC               	decfsz	??_main+1,f
   805     0660  2E5B               	goto	u967
   806     0661                     l773:
   807                           
   808                           ;main.c: 21:                 pasador1 = (LATC & 0x80)>>7;
   809     0661  0022               	movlb	2	; select bank2
   810     0662  080E               	movf	14,w	;volatile
   811     0663  00FB               	movwf	??_main
   812     0664  3007               	movlw	7
   813     0665                     u35:
   814     0665  36FB               	lsrf	??_main,f
   815     0666  0B89               	decfsz	9,f
   816     0667  2E65               	goto	u35
   817     0668  087B               	movf	??_main,w
   818     0669  3901               	andlw	1
   819     066A  00F7               	movwf	_pasador1
   820     066B                     l775:
   821                           
   822                           ;main.c: 22:                 pasador2 = (LATD & 0x80)>>7;
   823     066B  080F               	movf	15,w	;volatile
   824     066C  00FB               	movwf	??_main
   825     066D  3007               	movlw	7
   826     066E                     u45:
   827     066E  36FB               	lsrf	??_main,f
   828     066F  0B89               	decfsz	9,f
   829     0670  2E6E               	goto	u45
   830     0671  087B               	movf	??_main,w
   831     0672  3901               	andlw	1
   832     0673  00F6               	movwf	_pasador2
   833     0674                     l777:
   834                           
   835                           ;main.c: 24:                 if(PORTBbits.RB6 == 0){
   836     0674  0020               	movlb	0	; select bank0
   837     0675  1B0D               	btfsc	13,6	;volatile
   838     0676  2E78               	goto	u51
   839     0677  2E79               	goto	u50
   840     0678                     u51:
   841     0678  2E7F               	goto	l63
   842     0679                     u50:
   843     0679                     l64:
   844     0679  1F0D               	btfss	13,6	;volatile
   845     067A  2E7C               	goto	u61
   846     067B  2E7D               	goto	u60
   847     067C                     u61:
   848     067C  2E79               	goto	l64
   849     067D                     u60:
   850     067D                     l66:
   851                           
   852                           ;main.c: 26:                     direccion = 1;
   853     067D  01F8               	clrf	_direccion
   854     067E  0AF8               	incf	_direccion,f
   855     067F                     l63:	
   856                           ;main.c: 27:                 }
   857                           
   858                           
   859                           ;main.c: 28:                 if(PORTBbits.RB4 == 0){
   860     067F  1A0D               	btfsc	13,4	;volatile
   861     0680  2E82               	goto	u71
   862     0681  2E83               	goto	u70
   863     0682                     u71:
   864     0682  2E89               	goto	l785
   865     0683                     u70:
   866     0683                     l68:
   867     0683  1E0D               	btfss	13,4	;volatile
   868     0684  2E86               	goto	u81
   869     0685  2E87               	goto	u80
   870     0686                     u81:
   871     0686  2E83               	goto	l68
   872     0687                     u80:
   873     0687                     l783:
   874                           
   875                           ;main.c: 30:                     velocidad = 2;
   876     0687  3002               	movlw	2
   877     0688  00F9               	movwf	_velocidad
   878     0689                     l785:
   879                           
   880                           ;main.c: 34:             if(velocidad == 2){
   881     0689  3002               	movlw	2
   882     068A  0679               	xorwf	_velocidad,w
   883     068B  1D03               	btfss	3,2
   884     068C  2E8E               	goto	u91
   885     068D  2E8F               	goto	u90
   886     068E                     u91:
   887     068E  2EDC               	goto	l809
   888     068F                     u90:
   889     068F                     l787:
   890                           
   891                           ;main.c: 35:                 LATC <<= 1;
   892     068F  1003               	clrc
   893     0690  0022               	movlb	2	; select bank2
   894     0691  0D8E               	rlf	14,f	;volatile
   895                           
   896                           ;main.c: 36:                 LATD <<= 1;
   897     0692  1003               	clrc
   898     0693  0D8F               	rlf	15,f	;volatile
   899     0694                     l789:
   900                           
   901                           ;main.c: 37:                 LATDbits.LATD0 = pasador1;
   902     0694  0C77               	rrf	_pasador1,w
   903     0695  1C03               	skipc
   904     0696  100F               	bcf	15,0	;volatile
   905     0697  1803               	skipnc
   906     0698  140F               	bsf	15,0	;volatile
   907     0699                     l791:
   908                           
   909                           ;main.c: 38:                 LATCbits.LATC0 = pasador2;
   910     0699  0C76               	rrf	_pasador2,w
   911     069A  1C03               	skipc
   912     069B  100E               	bcf	14,0	;volatile
   913     069C  1803               	skipnc
   914     069D  140E               	bsf	14,0	;volatile
   915                           
   916                           ;main.c: 39:                 _delay((unsigned long)((time2)*(20000000/4000.0)));
   917     069E  300D               	movlw	13
   918     069F  00FC               	movwf	??_main+1
   919     06A0  30AF               	movlw	175
   920     06A1  00FB               	movwf	??_main
   921     06A2  30B6               	movlw	182
   922     06A3                     u977:
   923     06A3  0B89               	decfsz	9,f
   924     06A4  2EA3               	goto	u977
   925     06A5  0BFB               	decfsz	??_main,f
   926     06A6  2EA3               	goto	u977
   927     06A7  0BFC               	decfsz	??_main+1,f
   928     06A8  2EA3               	goto	u977
   929     06A9  3200               	nop2
   930     06AA                     l793:
   931                           
   932                           ;main.c: 40:                 pasador1 = (LATC & 0x80)>>7;
   933     06AA  0022               	movlb	2	; select bank2
   934     06AB  080E               	movf	14,w	;volatile
   935     06AC  00FB               	movwf	??_main
   936     06AD  3007               	movlw	7
   937     06AE                     u105:
   938     06AE  36FB               	lsrf	??_main,f
   939     06AF  0B89               	decfsz	9,f
   940     06B0  2EAE               	goto	u105
   941     06B1  087B               	movf	??_main,w
   942     06B2  3901               	andlw	1
   943     06B3  00F7               	movwf	_pasador1
   944     06B4                     l795:
   945                           
   946                           ;main.c: 41:                 pasador2 = (LATD & 0x80)>>7;
   947     06B4  080F               	movf	15,w	;volatile
   948     06B5  00FB               	movwf	??_main
   949     06B6  3007               	movlw	7
   950     06B7                     u115:
   951     06B7  36FB               	lsrf	??_main,f
   952     06B8  0B89               	decfsz	9,f
   953     06B9  2EB7               	goto	u115
   954     06BA  087B               	movf	??_main,w
   955     06BB  3901               	andlw	1
   956     06BC  00F6               	movwf	_pasador2
   957     06BD                     l797:
   958                           
   959                           ;main.c: 42:                 if(PORTBbits.RB6 == 0){
   960     06BD  0020               	movlb	0	; select bank0
   961     06BE  1B0D               	btfsc	13,6	;volatile
   962     06BF  2EC1               	goto	u121
   963     06C0  2EC2               	goto	u120
   964     06C1                     u121:
   965     06C1  2EC8               	goto	l72
   966     06C2                     u120:
   967     06C2                     l73:
   968     06C2  1F0D               	btfss	13,6	;volatile
   969     06C3  2EC5               	goto	u131
   970     06C4  2EC6               	goto	u130
   971     06C5                     u131:
   972     06C5  2EC2               	goto	l73
   973     06C6                     u130:
   974     06C6                     l75:
   975                           
   976                           ;main.c: 44:                     direccion = 1;
   977     06C6  01F8               	clrf	_direccion
   978     06C7  0AF8               	incf	_direccion,f
   979     06C8                     l72:	
   980                           ;main.c: 45:                 }
   981                           
   982                           
   983                           ;main.c: 46:                 if(PORTBbits.RB4 == 0){
   984     06C8  1A0D               	btfsc	13,4	;volatile
   985     06C9  2ECB               	goto	u141
   986     06CA  2ECC               	goto	u140
   987     06CB                     u141:
   988     06CB  2ED2               	goto	l805
   989     06CC                     u140:
   990     06CC                     l77:
   991     06CC  1E0D               	btfss	13,4	;volatile
   992     06CD  2ECF               	goto	u151
   993     06CE  2ED0               	goto	u150
   994     06CF                     u151:
   995     06CF  2ECC               	goto	l77
   996     06D0                     u150:
   997     06D0                     l803:
   998                           
   999                           ;main.c: 48:                     velocidad = 3;
  1000     06D0  3003               	movlw	3
  1001     06D1  00F9               	movwf	_velocidad
  1002     06D2                     l805:
  1003                           
  1004                           ;main.c: 50:                 if(PORTBbits.RB5 == 0){
  1005     06D2  1A8D               	btfsc	13,5	;volatile
  1006     06D3  2ED5               	goto	u161
  1007     06D4  2ED6               	goto	u160
  1008     06D5                     u161:
  1009     06D5  2EDC               	goto	l809
  1010     06D6                     u160:
  1011     06D6                     l81:
  1012     06D6  1E8D               	btfss	13,5	;volatile
  1013     06D7  2ED9               	goto	u171
  1014     06D8  2EDA               	goto	u170
  1015     06D9                     u171:
  1016     06D9  2ED6               	goto	l81
  1017     06DA                     u170:
  1018     06DA                     l83:
  1019                           
  1020                           ;main.c: 52:                     velocidad = 1;
  1021     06DA  01F9               	clrf	_velocidad
  1022     06DB  0AF9               	incf	_velocidad,f
  1023     06DC                     l809:
  1024                           
  1025                           ;main.c: 56:             if(velocidad == 3){
  1026     06DC  3003               	movlw	3
  1027     06DD  0679               	xorwf	_velocidad,w
  1028     06DE  1D03               	btfss	3,2
  1029     06DF  2EE1               	goto	u181
  1030     06E0  2EE2               	goto	u180
  1031     06E1                     u181:
  1032     06E1  2F25               	goto	l829
  1033     06E2                     u180:
  1034     06E2                     l811:
  1035                           
  1036                           ;main.c: 57:                 LATC <<= 1;
  1037     06E2  1003               	clrc
  1038     06E3  0022               	movlb	2	; select bank2
  1039     06E4  0D8E               	rlf	14,f	;volatile
  1040                           
  1041                           ;main.c: 58:                 LATD <<= 1;
  1042     06E5  1003               	clrc
  1043     06E6  0D8F               	rlf	15,f	;volatile
  1044     06E7                     l813:
  1045                           
  1046                           ;main.c: 59:                 LATDbits.LATD0 = pasador1;
  1047     06E7  0C77               	rrf	_pasador1,w
  1048     06E8  1C03               	skipc
  1049     06E9  100F               	bcf	15,0	;volatile
  1050     06EA  1803               	skipnc
  1051     06EB  140F               	bsf	15,0	;volatile
  1052     06EC                     l815:
  1053                           
  1054                           ;main.c: 60:                 LATCbits.LATC0 = pasador2;
  1055     06EC  0C76               	rrf	_pasador2,w
  1056     06ED  1C03               	skipc
  1057     06EE  100E               	bcf	14,0	;volatile
  1058     06EF  1803               	skipnc
  1059     06F0  140E               	bsf	14,0	;volatile
  1060                           
  1061                           ;main.c: 61:                 _delay((unsigned long)((time3)*(20000000/4000.0)));
  1062     06F1  301A               	movlw	26
  1063     06F2  00FC               	movwf	??_main+1
  1064     06F3  305E               	movlw	94
  1065     06F4  00FB               	movwf	??_main
  1066     06F5  306E               	movlw	110
  1067     06F6                     u987:
  1068     06F6  0B89               	decfsz	9,f
  1069     06F7  2EF6               	goto	u987
  1070     06F8  0BFB               	decfsz	??_main,f
  1071     06F9  2EF6               	goto	u987
  1072     06FA  0BFC               	decfsz	??_main+1,f
  1073     06FB  2EF6               	goto	u987
  1074     06FC  3200               	nop2
  1075     06FD                     l817:
  1076                           
  1077                           ;main.c: 62:                 pasador1 = (LATC & 0x80)>>7;
  1078     06FD  0022               	movlb	2	; select bank2
  1079     06FE  080E               	movf	14,w	;volatile
  1080     06FF  00FB               	movwf	??_main
  1081     0700  3007               	movlw	7
  1082     0701                     u195:
  1083     0701  36FB               	lsrf	??_main,f
  1084     0702  0B89               	decfsz	9,f
  1085     0703  2F01               	goto	u195
  1086     0704  087B               	movf	??_main,w
  1087     0705  3901               	andlw	1
  1088     0706  00F7               	movwf	_pasador1
  1089     0707                     l819:
  1090                           
  1091                           ;main.c: 63:                 pasador2 = (LATD & 0x80)>>7;
  1092     0707  080F               	movf	15,w	;volatile
  1093     0708  00FB               	movwf	??_main
  1094     0709  3007               	movlw	7
  1095     070A                     u205:
  1096     070A  36FB               	lsrf	??_main,f
  1097     070B  0B89               	decfsz	9,f
  1098     070C  2F0A               	goto	u205
  1099     070D  087B               	movf	??_main,w
  1100     070E  3901               	andlw	1
  1101     070F  00F6               	movwf	_pasador2
  1102     0710                     l821:
  1103                           
  1104                           ;main.c: 64:                 if(PORTBbits.RB6 == 0){
  1105     0710  0020               	movlb	0	; select bank0
  1106     0711  1B0D               	btfsc	13,6	;volatile
  1107     0712  2F14               	goto	u211
  1108     0713  2F15               	goto	u210
  1109     0714                     u211:
  1110     0714  2F1B               	goto	l85
  1111     0715                     u210:
  1112     0715                     l86:
  1113     0715  1F0D               	btfss	13,6	;volatile
  1114     0716  2F18               	goto	u221
  1115     0717  2F19               	goto	u220
  1116     0718                     u221:
  1117     0718  2F15               	goto	l86
  1118     0719                     u220:
  1119     0719                     l88:
  1120                           
  1121                           ;main.c: 66:                     direccion = 1;
  1122     0719  01F8               	clrf	_direccion
  1123     071A  0AF8               	incf	_direccion,f
  1124     071B                     l85:	
  1125                           ;main.c: 67:                 }
  1126                           
  1127                           
  1128                           ;main.c: 68:                 if(PORTBbits.RB5 == 0){
  1129     071B  1A8D               	btfsc	13,5	;volatile
  1130     071C  2F1E               	goto	u231
  1131     071D  2F1F               	goto	u230
  1132     071E                     u231:
  1133     071E  2F25               	goto	l829
  1134     071F                     u230:
  1135     071F                     l90:
  1136     071F  1E8D               	btfss	13,5	;volatile
  1137     0720  2F22               	goto	u241
  1138     0721  2F23               	goto	u240
  1139     0722                     u241:
  1140     0722  2F1F               	goto	l90
  1141     0723                     u240:
  1142     0723                     l827:
  1143                           
  1144                           ;main.c: 70:                     velocidad = 2;
  1145     0723  3002               	movlw	2
  1146     0724  00F9               	movwf	_velocidad
  1147     0725                     l829:
  1148                           
  1149                           ;main.c: 75:         if(direccion == 1){
  1150     0725  0378               	decf	_direccion,w
  1151     0726  1D03               	btfss	3,2
  1152     0727  2F29               	goto	u251
  1153     0728  2F2A               	goto	u250
  1154     0729                     u251:
  1155     0729  2E3D               	goto	l763
  1156     072A                     u250:
  1157     072A                     l831:
  1158                           
  1159                           ;main.c: 76:             if(velocidad == 1){
  1160     072A  0379               	decf	_velocidad,w
  1161     072B  1D03               	btfss	3,2
  1162     072C  2F2E               	goto	u261
  1163     072D  2F2F               	goto	u260
  1164     072E                     u261:
  1165     072E  2F64               	goto	l857
  1166     072F                     u260:
  1167     072F                     l833:
  1168                           
  1169                           ;main.c: 77:                 pasador1 = (LATC & 0x01);
  1170     072F  0022               	movlb	2	; select bank2
  1171     0730  080E               	movf	14,w	;volatile
  1172     0731  3901               	andlw	1
  1173     0732  00F7               	movwf	_pasador1
  1174                           
  1175                           ;main.c: 78:                 pasador2 = (LATD & 0x01);
  1176     0733  080F               	movf	15,w	;volatile
  1177     0734  3901               	andlw	1
  1178     0735  00F6               	movwf	_pasador2
  1179     0736                     l835:
  1180                           
  1181                           ;main.c: 79:                 _delay((unsigned long)((time1)*(20000000/4000.0)));
  1182     0736  3003               	movlw	3
  1183     0737  00FC               	movwf	??_main+1
  1184     0738  308A               	movlw	138
  1185     0739  00FB               	movwf	??_main
  1186     073A  3056               	movlw	86
  1187     073B                     u997:
  1188     073B  0B89               	decfsz	9,f
  1189     073C  2F3B               	goto	u997
  1190     073D  0BFB               	decfsz	??_main,f
  1191     073E  2F3B               	goto	u997
  1192     073F  0BFC               	decfsz	??_main+1,f
  1193     0740  2F3B               	goto	u997
  1194     0741                     l837:
  1195                           
  1196                           ;main.c: 80:                 LATC >>= 1;
  1197     0741  1003               	clrc
  1198     0742  0022               	movlb	2	; select bank2
  1199     0743  0C8E               	rrf	14,f	;volatile
  1200     0744                     l839:
  1201                           
  1202                           ;main.c: 81:                 LATD >>= 1;
  1203     0744  1003               	clrc
  1204     0745  0C8F               	rrf	15,f	;volatile
  1205     0746                     l841:
  1206                           
  1207                           ;main.c: 82:                 LATDbits.LATD7 = pasador1;
  1208     0746  0C77               	rrf	_pasador1,w
  1209     0747  1C03               	skipc
  1210     0748  138F               	bcf	15,7	;volatile
  1211     0749  1803               	skipnc
  1212     074A  178F               	bsf	15,7	;volatile
  1213     074B                     l843:
  1214                           
  1215                           ;main.c: 83:                 LATCbits.LATC7 = pasador2;
  1216     074B  0C76               	rrf	_pasador2,w
  1217     074C  1C03               	skipc
  1218     074D  138E               	bcf	14,7	;volatile
  1219     074E  1803               	skipnc
  1220     074F  178E               	bsf	14,7	;volatile
  1221     0750                     l845:
  1222                           
  1223                           ;main.c: 84:                 if(PORTBbits.RB6 == 0){
  1224     0750  0020               	movlb	0	; select bank0
  1225     0751  1B0D               	btfsc	13,6	;volatile
  1226     0752  2F54               	goto	u271
  1227     0753  2F55               	goto	u270
  1228     0754                     u271:
  1229     0754  2F5A               	goto	l851
  1230     0755                     u270:
  1231     0755                     l96:
  1232     0755  1F0D               	btfss	13,6	;volatile
  1233     0756  2F58               	goto	u281
  1234     0757  2F59               	goto	u280
  1235     0758                     u281:
  1236     0758  2F55               	goto	l96
  1237     0759                     u280:
  1238     0759                     l849:
  1239                           
  1240                           ;main.c: 86:                     direccion = 0;
  1241     0759  01F8               	clrf	_direccion
  1242     075A                     l851:
  1243                           
  1244                           ;main.c: 88:                 if(PORTBbits.RB4 == 0){
  1245     075A  1A0D               	btfsc	13,4	;volatile
  1246     075B  2F5D               	goto	u291
  1247     075C  2F5E               	goto	u290
  1248     075D                     u291:
  1249     075D  2F64               	goto	l857
  1250     075E                     u290:
  1251     075E                     l100:
  1252     075E  1E8D               	btfss	13,5	;volatile
  1253     075F  2F61               	goto	u301
  1254     0760  2F62               	goto	u300
  1255     0761                     u301:
  1256     0761  2F5E               	goto	l100
  1257     0762                     u300:
  1258     0762                     l855:
  1259                           
  1260                           ;main.c: 90:                     velocidad = 2;
  1261     0762  3002               	movlw	2
  1262     0763  00F9               	movwf	_velocidad
  1263     0764                     l857:
  1264                           
  1265                           ;main.c: 93:             if(velocidad == 2){
  1266     0764  3002               	movlw	2
  1267     0765  0679               	xorwf	_velocidad,w
  1268     0766  1D03               	btfss	3,2
  1269     0767  2F69               	goto	u311
  1270     0768  2F6A               	goto	u310
  1271     0769                     u311:
  1272     0769  2FAA               	goto	l887
  1273     076A                     u310:
  1274     076A                     l859:
  1275                           
  1276                           ;main.c: 94:                 pasador1 = (LATC & 0x01);
  1277     076A  0022               	movlb	2	; select bank2
  1278     076B  080E               	movf	14,w	;volatile
  1279     076C  3901               	andlw	1
  1280     076D  00F7               	movwf	_pasador1
  1281                           
  1282                           ;main.c: 95:                 pasador2 = (LATD & 0x01);
  1283     076E  080F               	movf	15,w	;volatile
  1284     076F  3901               	andlw	1
  1285     0770  00F6               	movwf	_pasador2
  1286     0771                     l861:
  1287                           
  1288                           ;main.c: 96:                 _delay((unsigned long)((time2)*(20000000/4000.0)));
  1289     0771  300D               	movlw	13
  1290     0772  00FC               	movwf	??_main+1
  1291     0773  30AF               	movlw	175
  1292     0774  00FB               	movwf	??_main
  1293     0775  30B6               	movlw	182
  1294     0776                     u1007:
  1295     0776  0B89               	decfsz	9,f
  1296     0777  2F76               	goto	u1007
  1297     0778  0BFB               	decfsz	??_main,f
  1298     0779  2F76               	goto	u1007
  1299     077A  0BFC               	decfsz	??_main+1,f
  1300     077B  2F76               	goto	u1007
  1301     077C  3200               	nop2
  1302     077D                     l863:
  1303                           
  1304                           ;main.c: 97:                 LATC >>= 1;
  1305     077D  1003               	clrc
  1306     077E  0022               	movlb	2	; select bank2
  1307     077F  0C8E               	rrf	14,f	;volatile
  1308     0780                     l865:
  1309                           
  1310                           ;main.c: 98:                 LATD >>= 1;
  1311     0780  1003               	clrc
  1312     0781  0C8F               	rrf	15,f	;volatile
  1313     0782                     l867:
  1314                           
  1315                           ;main.c: 99:                 LATDbits.LATD7 = pasador1;
  1316     0782  0C77               	rrf	_pasador1,w
  1317     0783  1C03               	skipc
  1318     0784  138F               	bcf	15,7	;volatile
  1319     0785  1803               	skipnc
  1320     0786  178F               	bsf	15,7	;volatile
  1321     0787                     l869:
  1322                           
  1323                           ;main.c: 100:                 LATCbits.LATC7 = pasador2;
  1324     0787  0C76               	rrf	_pasador2,w
  1325     0788  1C03               	skipc
  1326     0789  138E               	bcf	14,7	;volatile
  1327     078A  1803               	skipnc
  1328     078B  178E               	bsf	14,7	;volatile
  1329     078C                     l871:
  1330                           
  1331                           ;main.c: 101:                 if(PORTBbits.RB6 == 0){
  1332     078C  0020               	movlb	0	; select bank0
  1333     078D  1B0D               	btfsc	13,6	;volatile
  1334     078E  2F90               	goto	u321
  1335     078F  2F91               	goto	u320
  1336     0790                     u321:
  1337     0790  2F96               	goto	l877
  1338     0791                     u320:
  1339     0791                     l105:
  1340     0791  1F0D               	btfss	13,6	;volatile
  1341     0792  2F94               	goto	u331
  1342     0793  2F95               	goto	u330
  1343     0794                     u331:
  1344     0794  2F91               	goto	l105
  1345     0795                     u330:
  1346     0795                     l875:
  1347                           
  1348                           ;main.c: 103:                     direccion = 0;
  1349     0795  01F8               	clrf	_direccion
  1350     0796                     l877:
  1351                           
  1352                           ;main.c: 105:                 if(PORTBbits.RB4 == 0){
  1353     0796  1A0D               	btfsc	13,4	;volatile
  1354     0797  2F99               	goto	u341
  1355     0798  2F9A               	goto	u340
  1356     0799                     u341:
  1357     0799  2FA0               	goto	l883
  1358     079A                     u340:
  1359     079A                     l109:
  1360     079A  1E0D               	btfss	13,4	;volatile
  1361     079B  2F9D               	goto	u351
  1362     079C  2F9E               	goto	u350
  1363     079D                     u351:
  1364     079D  2F9A               	goto	l109
  1365     079E                     u350:
  1366     079E                     l881:
  1367                           
  1368                           ;main.c: 107:                     velocidad = 3;
  1369     079E  3003               	movlw	3
  1370     079F  00F9               	movwf	_velocidad
  1371     07A0                     l883:
  1372                           
  1373                           ;main.c: 109:                 if(PORTBbits.RB5 == 0){
  1374     07A0  1A8D               	btfsc	13,5	;volatile
  1375     07A1  2FA3               	goto	u361
  1376     07A2  2FA4               	goto	u360
  1377     07A3                     u361:
  1378     07A3  2FAA               	goto	l887
  1379     07A4                     u360:
  1380     07A4                     l113:
  1381     07A4  1E8D               	btfss	13,5	;volatile
  1382     07A5  2FA7               	goto	u371
  1383     07A6  2FA8               	goto	u370
  1384     07A7                     u371:
  1385     07A7  2FA4               	goto	l113
  1386     07A8                     u370:
  1387     07A8                     l115:
  1388                           
  1389                           ;main.c: 111:                     velocidad = 1;
  1390     07A8  01F9               	clrf	_velocidad
  1391     07A9  0AF9               	incf	_velocidad,f
  1392     07AA                     l887:
  1393                           
  1394                           ;main.c: 114:             if(velocidad == 3){
  1395     07AA  3003               	movlw	3
  1396     07AB  0679               	xorwf	_velocidad,w
  1397     07AC  1D03               	btfss	3,2
  1398     07AD  2FAF               	goto	u381
  1399     07AE  2FB0               	goto	u380
  1400     07AF                     u381:
  1401     07AF  2E3D               	goto	l763
  1402     07B0                     u380:
  1403     07B0                     l889:
  1404                           
  1405                           ;main.c: 115:                 pasador1 = (LATC & 0x01);
  1406     07B0  0022               	movlb	2	; select bank2
  1407     07B1  080E               	movf	14,w	;volatile
  1408     07B2  3901               	andlw	1
  1409     07B3  00F7               	movwf	_pasador1
  1410                           
  1411                           ;main.c: 116:                 pasador2 = (LATD & 0x01);
  1412     07B4  080F               	movf	15,w	;volatile
  1413     07B5  3901               	andlw	1
  1414     07B6  00F6               	movwf	_pasador2
  1415     07B7                     l891:
  1416                           
  1417                           ;main.c: 117:                 _delay((unsigned long)((time3)*(20000000/4000.0)));
  1418     07B7  301A               	movlw	26
  1419     07B8  00FC               	movwf	??_main+1
  1420     07B9  305E               	movlw	94
  1421     07BA  00FB               	movwf	??_main
  1422     07BB  306E               	movlw	110
  1423     07BC                     u1017:
  1424     07BC  0B89               	decfsz	9,f
  1425     07BD  2FBC               	goto	u1017
  1426     07BE  0BFB               	decfsz	??_main,f
  1427     07BF  2FBC               	goto	u1017
  1428     07C0  0BFC               	decfsz	??_main+1,f
  1429     07C1  2FBC               	goto	u1017
  1430     07C2  3200               	nop2
  1431     07C3                     l893:
  1432                           
  1433                           ;main.c: 118:                 LATC >>= 1;
  1434     07C3  1003               	clrc
  1435     07C4  0022               	movlb	2	; select bank2
  1436     07C5  0C8E               	rrf	14,f	;volatile
  1437     07C6                     l895:
  1438                           
  1439                           ;main.c: 119:                 LATD >>= 1;
  1440     07C6  1003               	clrc
  1441     07C7  0C8F               	rrf	15,f	;volatile
  1442     07C8                     l897:
  1443                           
  1444                           ;main.c: 120:                 LATDbits.LATD7 = pasador1;
  1445     07C8  0C77               	rrf	_pasador1,w
  1446     07C9  1C03               	skipc
  1447     07CA  138F               	bcf	15,7	;volatile
  1448     07CB  1803               	skipnc
  1449     07CC  178F               	bsf	15,7	;volatile
  1450     07CD                     l899:
  1451                           
  1452                           ;main.c: 121:                 LATCbits.LATC7 = pasador2;
  1453     07CD  0C76               	rrf	_pasador2,w
  1454     07CE  1C03               	skipc
  1455     07CF  138E               	bcf	14,7	;volatile
  1456     07D0  1803               	skipnc
  1457     07D1  178E               	bsf	14,7	;volatile
  1458     07D2                     l901:
  1459                           
  1460                           ;main.c: 122:                 if(PORTBbits.RB6 == 0){
  1461     07D2  0020               	movlb	0	; select bank0
  1462     07D3  1B0D               	btfsc	13,6	;volatile
  1463     07D4  2FD6               	goto	u391
  1464     07D5  2FD7               	goto	u390
  1465     07D6                     u391:
  1466     07D6  2FDC               	goto	l907
  1467     07D7                     u390:
  1468     07D7                     l118:
  1469     07D7  1F0D               	btfss	13,6	;volatile
  1470     07D8  2FDA               	goto	u401
  1471     07D9  2FDB               	goto	u400
  1472     07DA                     u401:
  1473     07DA  2FD7               	goto	l118
  1474     07DB                     u400:
  1475     07DB                     l905:
  1476                           
  1477                           ;main.c: 124:                     direccion = 0;
  1478     07DB  01F8               	clrf	_direccion
  1479     07DC                     l907:
  1480                           
  1481                           ;main.c: 126:                 if(PORTBbits.RB5 == 0){
  1482     07DC  1A8D               	btfsc	13,5	;volatile
  1483     07DD  2FDF               	goto	u411
  1484     07DE  2FE0               	goto	u410
  1485     07DF                     u411:
  1486     07DF  2FE7               	goto	l93
  1487     07E0                     u410:
  1488     07E0                     l122:
  1489     07E0  1E8D               	btfss	13,5	;volatile
  1490     07E1  2FE3               	goto	u421
  1491     07E2  2FE4               	goto	u420
  1492     07E3                     u421:
  1493     07E3  2FE0               	goto	l122
  1494     07E4                     u420:
  1495     07E4                     l911:
  1496                           
  1497                           ;main.c: 128:                     velocidad = 2;
  1498     07E4  3002               	movlw	2
  1499     07E5  00F9               	movwf	_velocidad
  1500     07E6  2E3D               	goto	l763
  1501     07E7                     l93:	
  1502                           ;main.c: 132:         }
  1503                           
  1504     07E7  2E3D               	goto	l763
  1505     07E8  3180  2802         	ljmp	start
  1506     07EA                     __end_of_main:
  1507                           
  1508                           	psect	text1
  1509     061E                     __ptext1:	
  1510 ;; *************** function _init_punto8 *****************
  1511 ;; Defined at:
  1512 ;;		line 30 in file "config.c"
  1513 ;; Parameters:    Size  Location     Type
  1514 ;;		None
  1515 ;; Auto vars:     Size  Location     Type
  1516 ;;		None
  1517 ;; Return value:  Size  Location     Type
  1518 ;;                  1    wreg      void 
  1519 ;; Registers used:
  1520 ;;		wreg, status,2
  1521 ;; Tracked objects:
  1522 ;;		On entry : 0/0
  1523 ;;		On exit  : 0/0
  1524 ;;		Unchanged: 0/0
  1525 ;; Data sizes:     COMMON   BANK0   BANK1   BANK2   BANK3   BANK4   BANK5   BANK6   BANK7   BANK8   BANK9  BANK10  BANK1
      +1  BANK12
  1526 ;;      Params:         0       0       0       0       0       0       0       0       0       0       0       0       
      +0       0
  1527 ;;      Locals:         0       0       0       0       0       0       0       0       0       0       0       0       
      +0       0
  1528 ;;      Temps:          0       0       0       0       0       0       0       0       0       0       0       0       
      +0       0
  1529 ;;      Totals:         0       0       0       0       0       0       0       0       0       0       0       0       
      +0       0
  1530 ;;Total ram usage:        0 bytes
  1531 ;; Hardware stack levels used: 1
  1532 ;; This function calls:
  1533 ;;		Nothing
  1534 ;; This function is called by:
  1535 ;;		_main
  1536 ;; This function uses a non-reentrant model
  1537 ;;
  1538                           
  1539     061E                     _init_punto8:	
  1540                           ;psect for function _init_punto8
  1541                           
  1542     061E                     l735:	
  1543                           ;incstack = 0
  1544                           ; Regs used in _init_punto8: [wreg+status,2]
  1545                           
  1546                           
  1547                           ;config.c: 31:     OSCCON = 0x38;
  1548     061E  3038               	movlw	56
  1549     061F  0021               	movlb	1	; select bank1
  1550     0620  0099               	movwf	25	;volatile
  1551     0621                     l737:
  1552                           
  1553                           ;config.c: 32:     OSCTUNE = 0x00;
  1554     0621  0198               	clrf	24	;volatile
  1555     0622                     l739:
  1556                           
  1557                           ;config.c: 33:     BORCON = 0x00;
  1558     0622  0022               	movlb	2	; select bank2
  1559     0623  0196               	clrf	22	;volatile
  1560     0624                     l741:
  1561                           
  1562                           ;config.c: 35:     TRISC = 0x00;
  1563     0624  0021               	movlb	1	; select bank1
  1564     0625  018E               	clrf	14	;volatile
  1565     0626                     l743:
  1566                           
  1567                           ;config.c: 36:     TRISD = 0x00;
  1568     0626  018F               	clrf	15	;volatile
  1569                           
  1570                           ;config.c: 37:     TRISB = 0xFF;
  1571     0627  30FF               	movlw	255
  1572     0628  008D               	movwf	13	;volatile
  1573     0629                     l745:
  1574                           
  1575                           ;config.c: 39:     ANSELB = 0x00;
  1576     0629  0023               	movlb	3	; select bank3
  1577     062A  018D               	clrf	13	;volatile
  1578     062B                     l747:
  1579                           
  1580                           ;config.c: 40:     ANSELD = 0x00;
  1581     062B  018F               	clrf	15	;volatile
  1582     062C                     l749:
  1583                           
  1584                           ;config.c: 42:     LATC = 0x00;
  1585     062C  0022               	movlb	2	; select bank2
  1586     062D  018E               	clrf	14	;volatile
  1587     062E                     l751:
  1588                           
  1589                           ;config.c: 43:     LATD = 0x00;
  1590     062E  018F               	clrf	15	;volatile
  1591     062F                     l23:
  1592     062F  0008               	return
  1593     0630                     __end_of_init_punto8:
  1594     007E                     btemp	set	126	;btemp
  1595     007E                     wtemp0	set	126
  1596                           
  1597                           	psect	config
  1598                           
  1599                           ;Config register CONFIG1 @ 0x8007
  1600                           ;	Oscillator Selection
  1601                           ;	FOSC = HS, HS Oscillator, High-speed crystal/resonator connected between OSC1 and OSC2
      +                           pins
  1602                           ;	Watchdog Timer Enable
  1603                           ;	WDTE = OFF, WDT disabled
  1604                           ;	Power-up Timer Enable
  1605                           ;	PWRTE = OFF, PWRT disabled
  1606                           ;	MCLR Pin Function Select
  1607                           ;	MCLRE = ON, MCLR/VPP pin function is MCLR
  1608                           ;	Flash Program Memory Code Protection
  1609                           ;	CP = OFF, Program memory code protection is disabled
  1610                           ;	Data Memory Code Protection
  1611                           ;	CPD = OFF, Data memory code protection is disabled
  1612                           ;	Brown-out Reset Enable
  1613                           ;	BOREN = ON, Brown-out Reset enabled
  1614                           ;	Clock Out Enable
  1615                           ;	CLKOUTEN = OFF, CLKOUT function is disabled. I/O or oscillator function on the CLKOUT 
      +                          pin
  1616                           ;	Internal/External Switchover
  1617                           ;	IESO = ON, Internal/External Switchover mode is enabled
  1618                           ;	Fail-Safe Clock Monitor Enable
  1619                           ;	FCMEN = ON, Fail-Safe Clock Monitor is enabled
  1620     8007                     	org	32775
  1621     8007  3FE2               	dw	16354
  1622                           
  1623                           ;Config register CONFIG2 @ 0x8008
  1624                           ;	Flash Memory Self-Write Protection
  1625                           ;	WRT = OFF, Write protection off
  1626                           ;	Voltage Regulator Capacitor Enable
  1627                           ;	VCAPEN = OFF, All VCAP pin functionality is disabled
  1628                           ;	PLL Enable
  1629                           ;	PLLEN = OFF, 4x PLL disabled
  1630                           ;	Stack Overflow/Underflow Reset Enable
  1631                           ;	STVREN = ON, Stack Overflow or Underflow will cause a Reset
  1632                           ;	Brown-out Reset Voltage Selection
  1633                           ;	BORV = LO, Brown-out Reset Voltage (Vbor), low trip point selected.
  1634                           ;	Low-Voltage Programming Enable
  1635                           ;	LVP = ON, Low-voltage programming enabled
  1636     8008                     	org	32776
  1637     8008  3EFF               	dw	16127

Data Sizes:
    Strings     0
    Constant    0
    Data        6
    BSS         3
    Persistent  34
    Stack       0

Auto Spaces:
    Space          Size  Autos    Used
    COMMON           14      2      13
    BANK0            80      0       0
    BANK1            80      0       0
    BANK2            80      0       0
    BANK3            80      0       0
    BANK4            80      0       0
    BANK5            80      0       0
    BANK6            80      0       0
    BANK7            80      0       0
    BANK8            80      0       0
    BANK9            80      0       0
    BANK10           80      0       0
    BANK11           80      0       0
    BANK12           48      0       0

Pointer List with Targets:

    None.

Critical Paths under _main in COMMON

    None.

Critical Paths under _main in BANK0

    None.

Critical Paths under _main in BANK1

    None.

Critical Paths under _main in BANK2

    None.

Critical Paths under _main in BANK3

    None.

Critical Paths under _main in BANK4

    None.

Critical Paths under _main in BANK5

    None.

Critical Paths under _main in BANK6

    None.

Critical Paths under _main in BANK7

    None.

Critical Paths under _main in BANK8

    None.

Critical Paths under _main in BANK9

    None.

Critical Paths under _main in BANK10

    None.

Critical Paths under _main in BANK11

    None.

Critical Paths under _main in BANK12

    None.

Call Graph Tables:

 ---------------------------------------------------------------------------------
 (Depth) Function   	        Calls       Base Space   Used Autos Params    Refs
 ---------------------------------------------------------------------------------
 (0) _main                                                 2     2      0       0
                                              0 COMMON     2     2      0
                        _init_punto8
 ---------------------------------------------------------------------------------
 (1) _init_punto8                                          0     0      0       0
 ---------------------------------------------------------------------------------
 Estimated maximum stack depth 1
 ---------------------------------------------------------------------------------

 Call Graph Graphs:

 _main (ROOT)
   _init_punto8

 Address spaces:
Name               Size   Autos  Total    Cost      Usage
BIGRAM             3F0      0       0       0        0.0%
EEDATA             100      0       0       0        0.0%
NULL                 0      0       0       0        0.0%
CODE                 0      0       0       0        0.0%
BITCOMMON            E      0       0       1        0.0%
BITSFR0              0      0       0       1        0.0%
SFR0                 0      0       0       1        0.0%
COMMON               E      2       D       2       92.9%
BITSFR1              0      0       0       2        0.0%
SFR1                 0      0       0       2        0.0%
BITSFR2              0      0       0       3        0.0%
SFR2                 0      0       0       3        0.0%
STACK                0      0       0       3        0.0%
BITBANK0            50      0       0       4        0.0%
BITSFR3              0      0       0       4        0.0%
SFR3                 0      0       0       4        0.0%
BANK0               50      0       0       5        0.0%
BITSFR4              0      0       0       5        0.0%
SFR4                 0      0       0       5        0.0%
BITBANK1            50      0       0       6        0.0%
BITSFR5              0      0       0       6        0.0%
SFR5                 0      0       0       6        0.0%
BANK1               50      0       0       7        0.0%
BITSFR6              0      0       0       7        0.0%
SFR6                 0      0       0       7        0.0%
BITBANK2            50      0       0       8        0.0%
BITSFR7              0      0       0       8        0.0%
SFR7                 0      0       0       8        0.0%
BANK2               50      0       0       9        0.0%
BITSFR8              0      0       0       9        0.0%
SFR8                 0      0       0       9        0.0%
BITBANK3            50      0       0      10        0.0%
BITSFR9              0      0       0      10        0.0%
SFR9                 0      0       0      10        0.0%
BANK3               50      0       0      11        0.0%
BITSFR10             0      0       0      11        0.0%
SFR10                0      0       0      11        0.0%
BITBANK4            50      0       0      12        0.0%
BITSFR11             0      0       0      12        0.0%
SFR11                0      0       0      12        0.0%
BANK4               50      0       0      13        0.0%
BITSFR12             0      0       0      13        0.0%
SFR12                0      0       0      13        0.0%
BITBANK5            50      0       0      14        0.0%
BITSFR13             0      0       0      14        0.0%
SFR13                0      0       0      14        0.0%
BANK5               50      0       0      15        0.0%
BITSFR14             0      0       0      15        0.0%
SFR14                0      0       0      15        0.0%
BITBANK6            50      0       0      16        0.0%
BITSFR15             0      0       0      16        0.0%
SFR15                0      0       0      16        0.0%
BANK6               50      0       0      17        0.0%
BITSFR16             0      0       0      17        0.0%
SFR16                0      0       0      17        0.0%
BITBANK7            50      0       0      18        0.0%
BITSFR17             0      0       0      18        0.0%
SFR17                0      0       0      18        0.0%
BANK7               50      0       0      19        0.0%
BITSFR18             0      0       0      19        0.0%
SFR18                0      0       0      19        0.0%
BITSFR19             0      0       0      20        0.0%
SFR19                0      0       0      20        0.0%
ABS                  0      0       D      20        0.0%
BITBANK8            50      0       0      21        0.0%
BITSFR20             0      0       0      21        0.0%
SFR20                0      0       0      21        0.0%
BANK8               50      0       0      22        0.0%
BITSFR21             0      0       0      22        0.0%
SFR21                0      0       0      22        0.0%
BITBANK9            50      0       0      23        0.0%
BITSFR22             0      0       0      23        0.0%
SFR22                0      0       0      23        0.0%
BANK9               50      0       0      24        0.0%
BITSFR23             0      0       0      24        0.0%
SFR23                0      0       0      24        0.0%
BITBANK10           50      0       0      25        0.0%
BITSFR24             0      0       0      25        0.0%
SFR24                0      0       0      25        0.0%
BANK10              50      0       0      26        0.0%
BITSFR25             0      0       0      26        0.0%
SFR25                0      0       0      26        0.0%
BITBANK11           50      0       0      27        0.0%
BITSFR26             0      0       0      27        0.0%
SFR26                0      0       0      27        0.0%
BANK11              50      0       0      28        0.0%
BITSFR27             0      0       0      28        0.0%
SFR27                0      0       0      28        0.0%
BITBANK12           30      0       0      29        0.0%
BITSFR28             0      0       0      29        0.0%
SFR28                0      0       0      29        0.0%
BANK12              30      0       0      30        0.0%
BITSFR29             0      0       0      30        0.0%
SFR29                0      0       0      30        0.0%
BITSFR30             0      0       0      31        0.0%
SFR30                0      0       0      31        0.0%
DATA                 0      0       D      31        0.0%
BITSFR31             0      0       0      32        0.0%
SFR31                0      0       0      32        0.0%


Microchip Technology PIC Macro Assembler V2.41 build 20230208172133 
Symbol Table                                                                                   Thu Sep 07 23:51:40 2023

                     l23 062F                       l63 067F                       l72 06C8  
                     l64 0679                       l81 06D6                       l73 06C2  
                     l90 071F                       l66 067D                       l83 06DA  
                     l75 06C6                       l68 0683                       l93 07E7  
                     l85 071B                       l77 06CC                       l86 0715  
                     l96 0755                       l88 0719                       u10 0642  
                     u11 0641                       u20 0647                       u21 0646  
                     u50 0679                       u51 0678                       u35 0665  
                     u60 067D                       u61 067C                       u45 066E  
                     u70 0683                       u71 0682                       u80 0687  
                     u81 0686                       u90 068F                       u91 068E  
                    l100 075E                      l113 07A4                      l105 0791  
                    l122 07E0                      l115 07A8                      l109 079A  
                    l118 07D7                      l811 06E2                      l803 06D0  
                    l741 0624                      l901 07D2                      l821 0710  
                    l813 06E7                      l805 06D2                      l751 062E  
                    l743 0626                      l735 061E                      l911 07E4  
                    l831 072A                      l815 06EC                      l745 0629  
                    l737 0621                      l905 07DB                      l841 0746  
                    l833 072F                      l817 06FD                      l809 06DC  
                    l761 063B                      l753 0630                      l747 062B  
                    l739 0622                      l907 07DC                      l851 075A  
                    l843 074B                      l835 0736                      l827 0723  
                    l819 0707                      l771 0651                      l763 063D  
                    l755 0633                      l749 062C                      l861 0771  
                    l845 0750                      l837 0741                      l773 0661  
                    l765 0642                      l829 0725                      l757 0637  
                    l871 078C                      l863 077D                      l855 0762  
                    l839 0744                      l791 0699                      l783 0687  
                    l775 066B                      l767 0647                      l759 063A  
                    l881 079E                      l865 0780                      l849 0759  
                    l857 0764                      l793 06AA                      l777 0674  
                    l769 064C                      l785 0689                      l891 07B7  
                    l883 07A0                      l875 0795                      l867 0782  
                    l859 076A                      l795 06B4                      l787 068F  
                    l893 07C3                      l877 0796                      l869 0787  
                    l797 06BD                      l789 0694                      l895 07C6  
                    l887 07AA                      l897 07C8                      l889 07B0  
                    l899 07CD                      u120 06C2                      u121 06C1  
                    u105 06AE                      u210 0715                      u130 06C6  
                    u211 0714                      u131 06C5                      u115 06B7  
                    u300 0762                      u220 0719                      u140 06CC  
                    u301 0761                      u221 0718                      u205 070A  
                    u141 06CB                      u310 076A                      u230 071F  
                    u150 06D0                      u311 0769                      u231 071E  
                    u151 06CF                      u400 07DB                      u320 0791  
                    u240 0723                      u160 06D6                      u401 07DA  
                    u321 0790                      u241 0722                      u161 06D5  
                    u410 07E0                      u330 0795                      u250 072A  
                    u170 06DA                      u411 07DF                      u331 0794  
                    u251 0729                      u171 06D9                      u420 07E4  
                    u340 079A                      u260 072F                      u180 06E2  
                    u421 07E3                      u341 0799                      u261 072E  
                    u181 06E1                      u350 079E                      u270 0755  
                    u351 079D                      u271 0754                      u360 07A4  
                    u280 0759                      u361 07A3                      u281 0758  
                    u370 07A8                      u290 075E                      u371 07A7  
                    u291 075D                      u195 0701                      u380 07B0  
                    u381 07AF                      u390 07D7                      u391 07D6  
                    u967 065B                      u977 06A3                      u987 06F6  
                    u997 073B                      wreg 0009                     u1007 0776  
                   u1017 07BC                     _LATC 010E                     _LATD 010F  
                   _main 0630                     fsr0h 0005                     fsr0l 0004  
                   btemp 007E                     start 0002                    ?_main 007B  
                  _PORTB 000D                    _TRISB 008D                    _TRISC 008E  
                  _TRISD 008F             ?_init_punto8 007B                    _time1 0074  
                  _time2 0072                    _time3 0070                    status 0003  
                  wtemp0 007E          __initialization 07EA             __end_of_main 07EA  
                 ??_main 007B                   _ANSELB 018D                   _ANSELD 018F  
                 _BORCON 0116                   _OSCCON 0099                   _numero 007A  
           __pdataCOMMON 0070  __end_of__initialization 07FD           __pcstackCOMMON 007B  
             __pnvCOMMON 0079               __pmaintext 0630                  _OSCTUNE 0098  
                __ptext1 061E     end_of_initialization 07FD                _PORTBbits 000D  
          __pidataCOMMON 0618      start_initialization 07EA              __pbssCOMMON 0076  
              ___latbits 0003            ??_init_punto8 007B                _direccion 0078  
    __end_of_init_punto8 0630                 _LATCbits 010E                 _LATDbits 010F  
              _velocidad 0079              _init_punto8 061E                 _pasador1 0077  
               _pasador2 0076  
