

Microchip MPLAB XC8 Assembler V2.41 build 20230208172133 
                                                                                               Fri Sep 08 01:51:33 2023

Microchip MPLAB XC8 C Compiler v2.41 (Free license) build 20230208172133 Og1 
     1                           	processor	16F1939
     2                           	pagewidth 120
     3                           	opt	flic
     4                           	psect	cinit,global,class=CODE,merge=1,delta=2
     5                           	psect	cstackCOMMON,global,class=COMMON,space=1,delta=1,noexec
     6                           	psect	maintext,global,class=CODE,merge=1,split=1,delta=2
     7                           	psect	text1,local,class=CODE,merge=1,delta=2
     8                           	psect	text2,local,class=CODE,merge=1,delta=2
     9                           	psect	config,global,abs,ovrld,class=CONFIG,space=4,delta=2,noexec
    10                           	dabs	1,0x7E,2
    11     0000                     
    12                           ; Generated 06/07/2023 GMT
    13                           ; 
    14                           ; Copyright © 2023, Microchip Technology Inc. and its subsidiaries ("Microchip")
    15                           ; All rights reserved.
    16                           ; 
    17                           ; This software is developed by Microchip Technology Inc. and its subsidiaries ("Microch
      +                          ip").
    18                           ; 
    19                           ; Redistribution and use in source and binary forms, with or without modification, are
    20                           ; permitted provided that the following conditions are met:
    21                           ; 
    22                           ;     1. Redistributions of source code must retain the above copyright notice, this lis
      +                          t of
    23                           ;        conditions and the following disclaimer.
    24                           ; 
    25                           ;     2. Redistributions in binary form must reproduce the above copyright notice, this 
      +                          list
    26                           ;        of conditions and the following disclaimer in the documentation and/or other
    27                           ;        materials provided with the distribution. Publication is not required when
    28                           ;        this file is used in an embedded application.
    29                           ; 
    30                           ;     3. Microchip's name may not be used to endorse or promote products derived from th
      +                          is
    31                           ;        software without specific prior written permission.
    32                           ; 
    33                           ; THIS SOFTWARE IS PROVIDED BY MICROCHIP "AS IS" AND ANY EXPRESS OR IMPLIED WARRANTIES,
    34                           ; INCLUDING, BUT NOT LIMITED TO, THE IMPLIED WARRANTIES OF MERCHANTABILITY AND FITNESS F
      +                          OR
    35                           ; PURPOSE ARE DISCLAIMED.  IN NO EVENT SHALL MICROCHIP BE LIABLE FOR ANY DIRECT, INDIREC
      +                          T,
    36                           ; INCIDENTAL, SPECIAL, EXEMPLARY, OR CONSEQUENTIAL DAMAGES (INCLUDING BUT NOT LIMITED TO
    37                           ; PROCUREMENT OF SUBSTITUTE GOODS OR SERVICES; LOSS OF USE, DATA OR PROFITS; OR BUSINESS
    38                           ; INTERRUPTION) HOWSOEVER CAUSED AND ON ANY THEORY OF LIABILITY, WHETHER IN CONTRACT, ST
      +                          RICT
    39                           ; LIABILITY, OR TORT (INCLUDING NEGLIGENCE OR OTHERWISE) ARISING IN ANY WAY OUT OF THE U
      +                          SE OF
    40                           ; THIS SOFTWARE, EVEN IF ADVISED OF THE POSSIBILITY OF SUCH DAMAGE.
    41                           ; 
    42                           ; 
    43                           ; Code-generator required, PIC16F1939 Definitions
    44                           ; 
    45                           ; SFR Addresses
    46     0000                     	;# 
    47     0001                     	;# 
    48     0002                     	;# 
    49     0003                     	;# 
    50     0004                     	;# 
    51     0005                     	;# 
    52     0006                     	;# 
    53     0007                     	;# 
    54     0008                     	;# 
    55     0009                     	;# 
    56     000A                     	;# 
    57     000B                     	;# 
    58     000C                     	;# 
    59     000D                     	;# 
    60     000E                     	;# 
    61     000F                     	;# 
    62     0010                     	;# 
    63     0011                     	;# 
    64     0012                     	;# 
    65     0013                     	;# 
    66     0015                     	;# 
    67     0016                     	;# 
    68     0016                     	;# 
    69     0017                     	;# 
    70     0018                     	;# 
    71     0019                     	;# 
    72     001A                     	;# 
    73     001B                     	;# 
    74     001C                     	;# 
    75     001E                     	;# 
    76     001F                     	;# 
    77     008C                     	;# 
    78     008D                     	;# 
    79     008E                     	;# 
    80     008F                     	;# 
    81     0090                     	;# 
    82     0091                     	;# 
    83     0092                     	;# 
    84     0093                     	;# 
    85     0095                     	;# 
    86     0096                     	;# 
    87     0097                     	;# 
    88     0098                     	;# 
    89     0099                     	;# 
    90     009A                     	;# 
    91     009B                     	;# 
    92     009B                     	;# 
    93     009C                     	;# 
    94     009D                     	;# 
    95     009E                     	;# 
    96     010C                     	;# 
    97     010D                     	;# 
    98     010E                     	;# 
    99     010F                     	;# 
   100     0110                     	;# 
   101     0111                     	;# 
   102     0112                     	;# 
   103     0113                     	;# 
   104     0114                     	;# 
   105     0115                     	;# 
   106     0116                     	;# 
   107     0117                     	;# 
   108     0118                     	;# 
   109     0119                     	;# 
   110     011A                     	;# 
   111     011B                     	;# 
   112     011D                     	;# 
   113     018C                     	;# 
   114     018D                     	;# 
   115     018F                     	;# 
   116     0190                     	;# 
   117     0191                     	;# 
   118     0191                     	;# 
   119     0192                     	;# 
   120     0193                     	;# 
   121     0193                     	;# 
   122     0193                     	;# 
   123     0194                     	;# 
   124     0195                     	;# 
   125     0196                     	;# 
   126     0199                     	;# 
   127     019A                     	;# 
   128     019B                     	;# 
   129     019B                     	;# 
   130     019B                     	;# 
   131     019B                     	;# 
   132     019C                     	;# 
   133     019C                     	;# 
   134     019D                     	;# 
   135     019E                     	;# 
   136     019F                     	;# 
   137     020D                     	;# 
   138     0210                     	;# 
   139     0211                     	;# 
   140     0212                     	;# 
   141     0213                     	;# 
   142     0214                     	;# 
   143     0215                     	;# 
   144     0215                     	;# 
   145     0216                     	;# 
   146     0217                     	;# 
   147     0291                     	;# 
   148     0291                     	;# 
   149     0292                     	;# 
   150     0293                     	;# 
   151     0294                     	;# 
   152     0295                     	;# 
   153     0295                     	;# 
   154     0296                     	;# 
   155     0298                     	;# 
   156     0298                     	;# 
   157     0299                     	;# 
   158     029A                     	;# 
   159     029B                     	;# 
   160     029C                     	;# 
   161     029C                     	;# 
   162     029D                     	;# 
   163     029E                     	;# 
   164     029F                     	;# 
   165     0311                     	;# 
   166     0311                     	;# 
   167     0312                     	;# 
   168     0313                     	;# 
   169     0314                     	;# 
   170     0315                     	;# 
   171     0315                     	;# 
   172     0316                     	;# 
   173     0318                     	;# 
   174     0318                     	;# 
   175     0319                     	;# 
   176     031A                     	;# 
   177     031C                     	;# 
   178     031C                     	;# 
   179     031D                     	;# 
   180     031E                     	;# 
   181     0394                     	;# 
   182     0395                     	;# 
   183     0396                     	;# 
   184     0415                     	;# 
   185     0416                     	;# 
   186     0417                     	;# 
   187     041C                     	;# 
   188     041D                     	;# 
   189     041E                     	;# 
   190     0791                     	;# 
   191     0792                     	;# 
   192     0793                     	;# 
   193     0794                     	;# 
   194     0795                     	;# 
   195     0798                     	;# 
   196     0799                     	;# 
   197     079A                     	;# 
   198     07A0                     	;# 
   199     07A1                     	;# 
   200     07A2                     	;# 
   201     07A3                     	;# 
   202     07A4                     	;# 
   203     07A5                     	;# 
   204     07A6                     	;# 
   205     07A7                     	;# 
   206     07A8                     	;# 
   207     07A9                     	;# 
   208     07AA                     	;# 
   209     07AB                     	;# 
   210     0FE4                     	;# 
   211     0FE5                     	;# 
   212     0FE6                     	;# 
   213     0FE7                     	;# 
   214     0FE8                     	;# 
   215     0FE9                     	;# 
   216     0FEA                     	;# 
   217     0FEB                     	;# 
   218     0FED                     	;# 
   219     0FEE                     	;# 
   220     0FEF                     	;# 
   221     0000                     	;# 
   222     0001                     	;# 
   223     0002                     	;# 
   224     0003                     	;# 
   225     0004                     	;# 
   226     0005                     	;# 
   227     0006                     	;# 
   228     0007                     	;# 
   229     0008                     	;# 
   230     0009                     	;# 
   231     000A                     	;# 
   232     000B                     	;# 
   233     000C                     	;# 
   234     000D                     	;# 
   235     000E                     	;# 
   236     000F                     	;# 
   237     0010                     	;# 
   238     0011                     	;# 
   239     0012                     	;# 
   240     0013                     	;# 
   241     0015                     	;# 
   242     0016                     	;# 
   243     0016                     	;# 
   244     0017                     	;# 
   245     0018                     	;# 
   246     0019                     	;# 
   247     001A                     	;# 
   248     001B                     	;# 
   249     001C                     	;# 
   250     001E                     	;# 
   251     001F                     	;# 
   252     008C                     	;# 
   253     008D                     	;# 
   254     008E                     	;# 
   255     008F                     	;# 
   256     0090                     	;# 
   257     0091                     	;# 
   258     0092                     	;# 
   259     0093                     	;# 
   260     0095                     	;# 
   261     0096                     	;# 
   262     0097                     	;# 
   263     0098                     	;# 
   264     0099                     	;# 
   265     009A                     	;# 
   266     009B                     	;# 
   267     009B                     	;# 
   268     009C                     	;# 
   269     009D                     	;# 
   270     009E                     	;# 
   271     010C                     	;# 
   272     010D                     	;# 
   273     010E                     	;# 
   274     010F                     	;# 
   275     0110                     	;# 
   276     0111                     	;# 
   277     0112                     	;# 
   278     0113                     	;# 
   279     0114                     	;# 
   280     0115                     	;# 
   281     0116                     	;# 
   282     0117                     	;# 
   283     0118                     	;# 
   284     0119                     	;# 
   285     011A                     	;# 
   286     011B                     	;# 
   287     011D                     	;# 
   288     018C                     	;# 
   289     018D                     	;# 
   290     018F                     	;# 
   291     0190                     	;# 
   292     0191                     	;# 
   293     0191                     	;# 
   294     0192                     	;# 
   295     0193                     	;# 
   296     0193                     	;# 
   297     0193                     	;# 
   298     0194                     	;# 
   299     0195                     	;# 
   300     0196                     	;# 
   301     0199                     	;# 
   302     019A                     	;# 
   303     019B                     	;# 
   304     019B                     	;# 
   305     019B                     	;# 
   306     019B                     	;# 
   307     019C                     	;# 
   308     019C                     	;# 
   309     019D                     	;# 
   310     019E                     	;# 
   311     019F                     	;# 
   312     020D                     	;# 
   313     0210                     	;# 
   314     0211                     	;# 
   315     0212                     	;# 
   316     0213                     	;# 
   317     0214                     	;# 
   318     0215                     	;# 
   319     0215                     	;# 
   320     0216                     	;# 
   321     0217                     	;# 
   322     0291                     	;# 
   323     0291                     	;# 
   324     0292                     	;# 
   325     0293                     	;# 
   326     0294                     	;# 
   327     0295                     	;# 
   328     0295                     	;# 
   329     0296                     	;# 
   330     0298                     	;# 
   331     0298                     	;# 
   332     0299                     	;# 
   333     029A                     	;# 
   334     029B                     	;# 
   335     029C                     	;# 
   336     029C                     	;# 
   337     029D                     	;# 
   338     029E                     	;# 
   339     029F                     	;# 
   340     0311                     	;# 
   341     0311                     	;# 
   342     0312                     	;# 
   343     0313                     	;# 
   344     0314                     	;# 
   345     0315                     	;# 
   346     0315                     	;# 
   347     0316                     	;# 
   348     0318                     	;# 
   349     0318                     	;# 
   350     0319                     	;# 
   351     031A                     	;# 
   352     031C                     	;# 
   353     031C                     	;# 
   354     031D                     	;# 
   355     031E                     	;# 
   356     0394                     	;# 
   357     0395                     	;# 
   358     0396                     	;# 
   359     0415                     	;# 
   360     0416                     	;# 
   361     0417                     	;# 
   362     041C                     	;# 
   363     041D                     	;# 
   364     041E                     	;# 
   365     0791                     	;# 
   366     0792                     	;# 
   367     0793                     	;# 
   368     0794                     	;# 
   369     0795                     	;# 
   370     0798                     	;# 
   371     0799                     	;# 
   372     079A                     	;# 
   373     07A0                     	;# 
   374     07A1                     	;# 
   375     07A2                     	;# 
   376     07A3                     	;# 
   377     07A4                     	;# 
   378     07A5                     	;# 
   379     07A6                     	;# 
   380     07A7                     	;# 
   381     07A8                     	;# 
   382     07A9                     	;# 
   383     07AA                     	;# 
   384     07AB                     	;# 
   385     0FE4                     	;# 
   386     0FE5                     	;# 
   387     0FE6                     	;# 
   388     0FE7                     	;# 
   389     0FE8                     	;# 
   390     0FE9                     	;# 
   391     0FEA                     	;# 
   392     0FEB                     	;# 
   393     0FED                     	;# 
   394     0FEE                     	;# 
   395     0FEF                     	;# 
   396     0000                     	;# 
   397     0001                     	;# 
   398     0002                     	;# 
   399     0003                     	;# 
   400     0004                     	;# 
   401     0005                     	;# 
   402     0006                     	;# 
   403     0007                     	;# 
   404     0008                     	;# 
   405     0009                     	;# 
   406     000A                     	;# 
   407     000B                     	;# 
   408     000C                     	;# 
   409     000D                     	;# 
   410     000E                     	;# 
   411     000F                     	;# 
   412     0010                     	;# 
   413     0011                     	;# 
   414     0012                     	;# 
   415     0013                     	;# 
   416     0015                     	;# 
   417     0016                     	;# 
   418     0016                     	;# 
   419     0017                     	;# 
   420     0018                     	;# 
   421     0019                     	;# 
   422     001A                     	;# 
   423     001B                     	;# 
   424     001C                     	;# 
   425     001E                     	;# 
   426     001F                     	;# 
   427     008C                     	;# 
   428     008D                     	;# 
   429     008E                     	;# 
   430     008F                     	;# 
   431     0090                     	;# 
   432     0091                     	;# 
   433     0092                     	;# 
   434     0093                     	;# 
   435     0095                     	;# 
   436     0096                     	;# 
   437     0097                     	;# 
   438     0098                     	;# 
   439     0099                     	;# 
   440     009A                     	;# 
   441     009B                     	;# 
   442     009B                     	;# 
   443     009C                     	;# 
   444     009D                     	;# 
   445     009E                     	;# 
   446     010C                     	;# 
   447     010D                     	;# 
   448     010E                     	;# 
   449     010F                     	;# 
   450     0110                     	;# 
   451     0111                     	;# 
   452     0112                     	;# 
   453     0113                     	;# 
   454     0114                     	;# 
   455     0115                     	;# 
   456     0116                     	;# 
   457     0117                     	;# 
   458     0118                     	;# 
   459     0119                     	;# 
   460     011A                     	;# 
   461     011B                     	;# 
   462     011D                     	;# 
   463     018C                     	;# 
   464     018D                     	;# 
   465     018F                     	;# 
   466     0190                     	;# 
   467     0191                     	;# 
   468     0191                     	;# 
   469     0192                     	;# 
   470     0193                     	;# 
   471     0193                     	;# 
   472     0193                     	;# 
   473     0194                     	;# 
   474     0195                     	;# 
   475     0196                     	;# 
   476     0199                     	;# 
   477     019A                     	;# 
   478     019B                     	;# 
   479     019B                     	;# 
   480     019B                     	;# 
   481     019B                     	;# 
   482     019C                     	;# 
   483     019C                     	;# 
   484     019D                     	;# 
   485     019E                     	;# 
   486     019F                     	;# 
   487     020D                     	;# 
   488     0210                     	;# 
   489     0211                     	;# 
   490     0212                     	;# 
   491     0213                     	;# 
   492     0214                     	;# 
   493     0215                     	;# 
   494     0215                     	;# 
   495     0216                     	;# 
   496     0217                     	;# 
   497     0291                     	;# 
   498     0291                     	;# 
   499     0292                     	;# 
   500     0293                     	;# 
   501     0294                     	;# 
   502     0295                     	;# 
   503     0295                     	;# 
   504     0296                     	;# 
   505     0298                     	;# 
   506     0298                     	;# 
   507     0299                     	;# 
   508     029A                     	;# 
   509     029B                     	;# 
   510     029C                     	;# 
   511     029C                     	;# 
   512     029D                     	;# 
   513     029E                     	;# 
   514     029F                     	;# 
   515     0311                     	;# 
   516     0311                     	;# 
   517     0312                     	;# 
   518     0313                     	;# 
   519     0314                     	;# 
   520     0315                     	;# 
   521     0315                     	;# 
   522     0316                     	;# 
   523     0318                     	;# 
   524     0318                     	;# 
   525     0319                     	;# 
   526     031A                     	;# 
   527     031C                     	;# 
   528     031C                     	;# 
   529     031D                     	;# 
   530     031E                     	;# 
   531     0394                     	;# 
   532     0395                     	;# 
   533     0396                     	;# 
   534     0415                     	;# 
   535     0416                     	;# 
   536     0417                     	;# 
   537     041C                     	;# 
   538     041D                     	;# 
   539     041E                     	;# 
   540     0791                     	;# 
   541     0792                     	;# 
   542     0793                     	;# 
   543     0794                     	;# 
   544     0795                     	;# 
   545     0798                     	;# 
   546     0799                     	;# 
   547     079A                     	;# 
   548     07A0                     	;# 
   549     07A1                     	;# 
   550     07A2                     	;# 
   551     07A3                     	;# 
   552     07A4                     	;# 
   553     07A5                     	;# 
   554     07A6                     	;# 
   555     07A7                     	;# 
   556     07A8                     	;# 
   557     07A9                     	;# 
   558     07AA                     	;# 
   559     07AB                     	;# 
   560     0FE4                     	;# 
   561     0FE5                     	;# 
   562     0FE6                     	;# 
   563     0FE7                     	;# 
   564     0FE8                     	;# 
   565     0FE9                     	;# 
   566     0FEA                     	;# 
   567     0FEB                     	;# 
   568     0FED                     	;# 
   569     0FEE                     	;# 
   570     0FEF                     	;# 
   571     000E                     _PORTCbits	set	14
   572     008F                     _TRISDbits	set	143
   573     008E                     _TRISCbits	set	142
   574     010F                     _LATDbits	set	271
   575                           
   576                           	psect	cinit
   577     07FD                     start_initialization:	
   578                           ; #config settings
   579                           
   580     07FD                     __initialization:
   581     07FD                     end_of_initialization:	
   582                           ;End of C runtime variable initialization code
   583                           
   584     07FD                     __end_of__initialization:
   585     07FD  0020               	movlb	0
   586     07FE  3187  2FA3         	ljmp	_main	;jump to C main() function
   587                           
   588                           	psect	cstackCOMMON
   589     0000                     __pcstackCOMMON:
   590     0000                     ?_init_punto9:
   591     0000                     ??_init_punto9:	
   592                           ; 1 bytes @ 0x0
   593                           
   594     0000                     ?_punto9:	
   595                           ; 1 bytes @ 0x0
   596                           
   597     0000                     ??_punto9:	
   598                           ; 1 bytes @ 0x0
   599                           
   600     0000                     ?_main:	
   601                           ; 1 bytes @ 0x0
   602                           
   603     0000                     ??_main:	
   604                           ; 1 bytes @ 0x0
   605                           
   606                           
   607                           	psect	maintext
   608     07A3                     __pmaintext:	
   609                           ; 1 bytes @ 0x0
   610 ;;
   611 ;;Main: autosize = 0, tempsize = 0, incstack = 0, save=0
   612 ;;
   613 ;; *************** function _main *****************
   614 ;; Defined at:
   615 ;;		line 48 in file "main.c"
   616 ;; Parameters:    Size  Location     Type
   617 ;;		None
   618 ;; Auto vars:     Size  Location     Type
   619 ;;		None
   620 ;; Return value:  Size  Location     Type
   621 ;;                  1    wreg      void 
   622 ;; Registers used:
   623 ;;		status,2, status,0, pclath, cstack
   624 ;; Tracked objects:
   625 ;;		On entry : B1F/0
   626 ;;		On exit  : 0/0
   627 ;;		Unchanged: 0/0
   628 ;; Data sizes:     COMMON   BANK0   BANK1   BANK2   BANK3   BANK4   BANK5   BANK6   BANK7   BANK8   BANK9  BANK10  BANK1
      +1  BANK12
   629 ;;      Params:         0       0       0       0       0       0       0       0       0       0       0       0       
      +0       0
   630 ;;      Locals:         0       0       0       0       0       0       0       0       0       0       0       0       
      +0       0
   631 ;;      Temps:          0       0       0       0       0       0       0       0       0       0       0       0       
      +0       0
   632 ;;      Totals:         0       0       0       0       0       0       0       0       0       0       0       0       
      +0       0
   633 ;;Total ram usage:        0 bytes
   634 ;; Hardware stack levels required when called: 2
   635 ;; This function calls:
   636 ;;		_punto9
   637 ;; This function is called by:
   638 ;;		Startup code after reset
   639 ;; This function uses a non-reentrant model
   640 ;;
   641                           
   642     07A3                     _main:	
   643                           ;psect for function _main
   644                           
   645     07A3                     l672:	
   646                           ;incstack = 0
   647                           ; Regs used in _main: [status,2+status,0+pclath+cstack]
   648                           
   649                           
   650                           ;main.c: 49:      punto9();
   651     07A3  3187  27B6  3187   	fcall	_punto9
   652     07A6                     l29:	
   653                           ;main.c: 50:     while(1){
   654                           
   655     07A6                     l30:	
   656                           ;main.c: 52:     }
   657                           
   658     07A6  2FA6               	goto	l29
   659     07A7  3180  2802         	ljmp	start
   660     07A9                     __end_of_main:
   661                           
   662                           	psect	text1
   663     07B6                     __ptext1:	
   664 ;; *************** function _punto9 *****************
   665 ;; Defined at:
   666 ;;		line 20 in file "main.c"
   667 ;; Parameters:    Size  Location     Type
   668 ;;		None
   669 ;; Auto vars:     Size  Location     Type
   670 ;;		None
   671 ;; Return value:  Size  Location     Type
   672 ;;                  1    wreg      void 
   673 ;; Registers used:
   674 ;;		status,2, status,0, pclath, cstack
   675 ;; Tracked objects:
   676 ;;		On entry : 0/0
   677 ;;		On exit  : 0/0
   678 ;;		Unchanged: 0/0
   679 ;; Data sizes:     COMMON   BANK0   BANK1   BANK2   BANK3   BANK4   BANK5   BANK6   BANK7   BANK8   BANK9  BANK10  BANK1
      +1  BANK12
   680 ;;      Params:         0       0       0       0       0       0       0       0       0       0       0       0       
      +0       0
   681 ;;      Locals:         0       0       0       0       0       0       0       0       0       0       0       0       
      +0       0
   682 ;;      Temps:          0       0       0       0       0       0       0       0       0       0       0       0       
      +0       0
   683 ;;      Totals:         0       0       0       0       0       0       0       0       0       0       0       0       
      +0       0
   684 ;;Total ram usage:        0 bytes
   685 ;; Hardware stack levels used: 1
   686 ;; Hardware stack levels required when called: 1
   687 ;; This function calls:
   688 ;;		_init_punto9
   689 ;; This function is called by:
   690 ;;		_main
   691 ;; This function uses a non-reentrant model
   692 ;;
   693                           
   694     07B6                     _punto9:	
   695                           ;psect for function _punto9
   696                           
   697     07B6                     l642:	
   698                           ;incstack = 0
   699                           ; Regs used in _punto9: [status,2+status,0+pclath+cstack]
   700                           
   701                           
   702                           ;main.c: 21:     init_punto9();
   703     07B6  3187  27A9  3187   	fcall	_init_punto9
   704     07B9                     l644:
   705                           
   706                           ;main.c: 24:         if(PORTCbits.RC3 == 0){
   707     07B9  0020               	movlb	0	; select bank0
   708     07BA  198E               	btfsc	14,3	;volatile
   709     07BB  2FBD               	goto	u11
   710     07BC  2FBE               	goto	u10
   711     07BD                     u11:
   712     07BD  2FCC               	goto	l15
   713     07BE                     u10:
   714     07BE                     l646:
   715                           
   716                           ;main.c: 25:             if(LATDbits.LATD0 == 0 && LATDbits.LATD1 == 0 && LATDbits.LATD2
      +                           == 0){
   717     07BE  0022               	movlb	2	; select bank2
   718     07BF  180F               	btfsc	15,0	;volatile
   719     07C0  2FC2               	goto	u21
   720     07C1  2FC3               	goto	u20
   721     07C2                     u21:
   722     07C2  2FCC               	goto	l15
   723     07C3                     u20:
   724     07C3                     l648:
   725     07C3  188F               	btfsc	15,1	;volatile
   726     07C4  2FC6               	goto	u31
   727     07C5  2FC7               	goto	u30
   728     07C6                     u31:
   729     07C6  2FCC               	goto	l15
   730     07C7                     u30:
   731     07C7                     l650:
   732     07C7  190F               	btfsc	15,2	;volatile
   733     07C8  2FCA               	goto	u41
   734     07C9  2FCB               	goto	u40
   735     07CA                     u41:
   736     07CA  2FCC               	goto	l15
   737     07CB                     u40:
   738     07CB                     l652:
   739                           
   740                           ;main.c: 26:                 LATDbits.LATD0 = 1;
   741     07CB  140F               	bsf	15,0	;volatile
   742     07CC                     l15:	
   743                           ;main.c: 28:         }
   744                           
   745                           
   746                           ;main.c: 29:         if(PORTCbits.RC4 == 0){
   747     07CC  0020               	movlb	0	; select bank0
   748     07CD  1A0E               	btfsc	14,4	;volatile
   749     07CE  2FD0               	goto	u51
   750     07CF  2FD1               	goto	u50
   751     07D0                     u51:
   752     07D0  2FDF               	goto	l17
   753     07D1                     u50:
   754     07D1                     l654:
   755                           
   756                           ;main.c: 30:             if(LATDbits.LATD0 == 0 && LATDbits.LATD1 == 0 && LATDbits.LATD2
      +                           == 0){
   757     07D1  0022               	movlb	2	; select bank2
   758     07D2  180F               	btfsc	15,0	;volatile
   759     07D3  2FD5               	goto	u61
   760     07D4  2FD6               	goto	u60
   761     07D5                     u61:
   762     07D5  2FDF               	goto	l17
   763     07D6                     u60:
   764     07D6                     l656:
   765     07D6  188F               	btfsc	15,1	;volatile
   766     07D7  2FD9               	goto	u71
   767     07D8  2FDA               	goto	u70
   768     07D9                     u71:
   769     07D9  2FDF               	goto	l17
   770     07DA                     u70:
   771     07DA                     l658:
   772     07DA  190F               	btfsc	15,2	;volatile
   773     07DB  2FDD               	goto	u81
   774     07DC  2FDE               	goto	u80
   775     07DD                     u81:
   776     07DD  2FDF               	goto	l17
   777     07DE                     u80:
   778     07DE                     l660:
   779                           
   780                           ;main.c: 31:                 LATDbits.LATD1 = 1;
   781     07DE  148F               	bsf	15,1	;volatile
   782     07DF                     l17:	
   783                           ;main.c: 33:         }
   784                           
   785                           
   786                           ;main.c: 34:         if(PORTCbits.RC5 == 0){
   787     07DF  0020               	movlb	0	; select bank0
   788     07E0  1A8E               	btfsc	14,5	;volatile
   789     07E1  2FE3               	goto	u91
   790     07E2  2FE4               	goto	u90
   791     07E3                     u91:
   792     07E3  2FF2               	goto	l19
   793     07E4                     u90:
   794     07E4                     l662:
   795                           
   796                           ;main.c: 35:             if(LATDbits.LATD0 == 0 && LATDbits.LATD1 == 0 && LATDbits.LATD2
      +                           == 0){
   797     07E4  0022               	movlb	2	; select bank2
   798     07E5  180F               	btfsc	15,0	;volatile
   799     07E6  2FE8               	goto	u101
   800     07E7  2FE9               	goto	u100
   801     07E8                     u101:
   802     07E8  2FF2               	goto	l19
   803     07E9                     u100:
   804     07E9                     l664:
   805     07E9  188F               	btfsc	15,1	;volatile
   806     07EA  2FEC               	goto	u111
   807     07EB  2FED               	goto	u110
   808     07EC                     u111:
   809     07EC  2FF2               	goto	l19
   810     07ED                     u110:
   811     07ED                     l666:
   812     07ED  190F               	btfsc	15,2	;volatile
   813     07EE  2FF0               	goto	u121
   814     07EF  2FF1               	goto	u120
   815     07F0                     u121:
   816     07F0  2FF2               	goto	l19
   817     07F1                     u120:
   818     07F1                     l668:
   819                           
   820                           ;main.c: 36:                 LATDbits.LATD2 = 1;
   821     07F1  150F               	bsf	15,2	;volatile
   822     07F2                     l19:	
   823                           ;main.c: 38:         }
   824                           
   825                           
   826                           ;main.c: 40:         if(PORTCbits.RC6 == 0){
   827     07F2  0020               	movlb	0	; select bank0
   828     07F3  1B0E               	btfsc	14,6	;volatile
   829     07F4  2FF6               	goto	u131
   830     07F5  2FF7               	goto	u130
   831     07F6                     u131:
   832     07F6  2FB9               	goto	l644
   833     07F7                     u130:
   834     07F7                     l670:
   835                           
   836                           ;main.c: 41:             LATDbits.LATD0=0;
   837     07F7  0022               	movlb	2	; select bank2
   838     07F8  100F               	bcf	15,0	;volatile
   839                           
   840                           ;main.c: 42:             LATDbits.LATD1=0;
   841     07F9  108F               	bcf	15,1	;volatile
   842                           
   843                           ;main.c: 43:             LATDbits.LATD2=0;
   844     07FA  110F               	bcf	15,2	;volatile
   845     07FB  2FB9               	goto	l644
   846     07FC  0008               	return
   847     07FD                     __end_of_punto9:
   848                           
   849                           	psect	text2
   850     07A9                     __ptext2:	
   851 ;; *************** function _init_punto9 *****************
   852 ;; Defined at:
   853 ;;		line 5 in file "main.c"
   854 ;; Parameters:    Size  Location     Type
   855 ;;		None
   856 ;; Auto vars:     Size  Location     Type
   857 ;;		None
   858 ;; Return value:  Size  Location     Type
   859 ;;                  1    wreg      void 
   860 ;; Registers used:
   861 ;;		None
   862 ;; Tracked objects:
   863 ;;		On entry : 0/0
   864 ;;		On exit  : 0/0
   865 ;;		Unchanged: 0/0
   866 ;; Data sizes:     COMMON   BANK0   BANK1   BANK2   BANK3   BANK4   BANK5   BANK6   BANK7   BANK8   BANK9  BANK10  BANK1
      +1  BANK12
   867 ;;      Params:         0       0       0       0       0       0       0       0       0       0       0       0       
      +0       0
   868 ;;      Locals:         0       0       0       0       0       0       0       0       0       0       0       0       
      +0       0
   869 ;;      Temps:          0       0       0       0       0       0       0       0       0       0       0       0       
      +0       0
   870 ;;      Totals:         0       0       0       0       0       0       0       0       0       0       0       0       
      +0       0
   871 ;;Total ram usage:        0 bytes
   872 ;; Hardware stack levels used: 1
   873 ;; This function calls:
   874 ;;		Nothing
   875 ;; This function is called by:
   876 ;;		_punto9
   877 ;; This function uses a non-reentrant model
   878 ;;
   879                           
   880     07A9                     _init_punto9:	
   881                           ;psect for function _init_punto9
   882                           
   883     07A9                     l640:	
   884                           ;incstack = 0
   885                           ; Regs used in _init_punto9: []
   886                           
   887                           
   888                           ;main.c: 6:     TRISCbits.TRISC3 = 1;
   889     07A9  0021               	movlb	1	; select bank1
   890     07AA  158E               	bsf	14,3	;volatile
   891                           
   892                           ;main.c: 7:     TRISCbits.TRISC4 = 1;
   893     07AB  160E               	bsf	14,4	;volatile
   894                           
   895                           ;main.c: 8:     TRISCbits.TRISC5 = 1;
   896     07AC  168E               	bsf	14,5	;volatile
   897                           
   898                           ;main.c: 9:     TRISCbits.TRISC6 = 1;
   899     07AD  170E               	bsf	14,6	;volatile
   900                           
   901                           ;main.c: 11:     TRISDbits.TRISD0 = 0;
   902     07AE  100F               	bcf	15,0	;volatile
   903                           
   904                           ;main.c: 12:     TRISDbits.TRISD1 = 0;
   905     07AF  108F               	bcf	15,1	;volatile
   906                           
   907                           ;main.c: 13:     TRISDbits.TRISD2 = 0;
   908     07B0  110F               	bcf	15,2	;volatile
   909                           
   910                           ;main.c: 15:     LATDbits.LATD0 = 0;
   911     07B1  0022               	movlb	2	; select bank2
   912     07B2  100F               	bcf	15,0	;volatile
   913                           
   914                           ;main.c: 16:     LATDbits.LATD1 = 0;
   915     07B3  108F               	bcf	15,1	;volatile
   916                           
   917                           ;main.c: 17:     LATDbits.LATD2 = 0;
   918     07B4  110F               	bcf	15,2	;volatile
   919     07B5                     l11:
   920     07B5  0008               	return
   921     07B6                     __end_of_init_punto9:
   922     007E                     btemp	set	126	;btemp
   923     007E                     wtemp0	set	126
   924                           
   925                           	psect	config
   926                           
   927                           ;Config register CONFIG1 @ 0x8007
   928                           ;	Oscillator Selection
   929                           ;	FOSC = HS, HS Oscillator, High-speed crystal/resonator connected between OSC1 and OSC2
      +                           pins
   930                           ;	Watchdog Timer Enable
   931                           ;	WDTE = OFF, WDT disabled
   932                           ;	Power-up Timer Enable
   933                           ;	PWRTE = OFF, PWRT disabled
   934                           ;	MCLR Pin Function Select
   935                           ;	MCLRE = ON, MCLR/VPP pin function is MCLR
   936                           ;	Flash Program Memory Code Protection
   937                           ;	CP = OFF, Program memory code protection is disabled
   938                           ;	Data Memory Code Protection
   939                           ;	CPD = OFF, Data memory code protection is disabled
   940                           ;	Brown-out Reset Enable
   941                           ;	BOREN = OFF, Brown-out Reset disabled
   942                           ;	Clock Out Enable
   943                           ;	CLKOUTEN = OFF, CLKOUT function is disabled. I/O or oscillator function on the CLKOUT 
      +                          pin
   944                           ;	Internal/External Switchover
   945                           ;	IESO = ON, Internal/External Switchover mode is enabled
   946                           ;	Fail-Safe Clock Monitor Enable
   947                           ;	FCMEN = ON, Fail-Safe Clock Monitor is enabled
   948     8007                     	org	32775
   949     8007  39E2               	dw	14818
   950                           
   951                           ;Config register CONFIG2 @ 0x8008
   952                           ;	Flash Memory Self-Write Protection
   953                           ;	WRT = OFF, Write protection off
   954                           ;	Voltage Regulator Capacitor Enable
   955                           ;	VCAPEN = OFF, All VCAP pin functionality is disabled
   956                           ;	PLL Enable
   957                           ;	PLLEN = OFF, 4x PLL disabled
   958                           ;	Stack Overflow/Underflow Reset Enable
   959                           ;	STVREN = ON, Stack Overflow or Underflow will cause a Reset
   960                           ;	Brown-out Reset Voltage Selection
   961                           ;	BORV = LO, Brown-out Reset Voltage (Vbor), low trip point selected.
   962                           ;	Low-Voltage Programming Enable
   963                           ;	LVP = OFF, High-voltage on MCLR/VPP must be used for programming
   964     8008                     	org	32776
   965     8008  1EFF               	dw	7935

Data Sizes:
    Strings     0
    Constant    0
    Data        0
    BSS         0
    Persistent  32
    Stack       0

Auto Spaces:
    Space          Size  Autos    Used
    COMMON           14      0       0
    BANK0            80      0       0
    BANK1            80      0       0
    BANK2            80      0       0
    BANK3            80      0       0
    BANK4            80      0       0
    BANK5            80      0       0
    BANK6            80      0       0
    BANK7            80      0       0
    BANK8            80      0       0
    BANK9            80      0       0
    BANK10           80      0       0
    BANK11           80      0       0
    BANK12           48      0       0

Pointer List with Targets:

    None.

Critical Paths under _main in COMMON

    None.

Critical Paths under _main in BANK0

    None.

Critical Paths under _main in BANK1

    None.

Critical Paths under _main in BANK2

    None.

Critical Paths under _main in BANK3

    None.

Critical Paths under _main in BANK4

    None.

Critical Paths under _main in BANK5

    None.

Critical Paths under _main in BANK6

    None.

Critical Paths under _main in BANK7

    None.

Critical Paths under _main in BANK8

    None.

Critical Paths under _main in BANK9

    None.

Critical Paths under _main in BANK10

    None.

Critical Paths under _main in BANK11

    None.

Critical Paths under _main in BANK12

    None.

Call Graph Tables:

 ---------------------------------------------------------------------------------
 (Depth) Function   	        Calls       Base Space   Used Autos Params    Refs
 ---------------------------------------------------------------------------------
 (0) _main                                                 0     0      0       0
                             _punto9
 ---------------------------------------------------------------------------------
 (1) _punto9                                               0     0      0       0
                        _init_punto9
 ---------------------------------------------------------------------------------
 (2) _init_punto9                                          0     0      0       0
 ---------------------------------------------------------------------------------
 Estimated maximum stack depth 2
 ---------------------------------------------------------------------------------

 Call Graph Graphs:

 _main (ROOT)
   _punto9
     _init_punto9

 Address spaces:
Name               Size   Autos  Total    Cost      Usage
BIGRAM             3F0      0       0       0        0.0%
EEDATA             100      0       0       0        0.0%
NULL                 0      0       0       0        0.0%
CODE                 0      0       0       0        0.0%
BITCOMMON            E      0       0       1        0.0%
BITSFR0              0      0       0       1        0.0%
SFR0                 0      0       0       1        0.0%
COMMON               E      0       0       2        0.0%
BITSFR1              0      0       0       2        0.0%
SFR1                 0      0       0       2        0.0%
BITSFR2              0      0       0       3        0.0%
SFR2                 0      0       0       3        0.0%
STACK                0      0       0       3        0.0%
BITBANK0            50      0       0       4        0.0%
BITSFR3              0      0       0       4        0.0%
SFR3                 0      0       0       4        0.0%
BANK0               50      0       0       5        0.0%
BITSFR4              0      0       0       5        0.0%
SFR4                 0      0       0       5        0.0%
BITBANK1            50      0       0       6        0.0%
BITSFR5              0      0       0       6        0.0%
SFR5                 0      0       0       6        0.0%
BANK1               50      0       0       7        0.0%
BITSFR6              0      0       0       7        0.0%
SFR6                 0      0       0       7        0.0%
BITBANK2            50      0       0       8        0.0%
BITSFR7              0      0       0       8        0.0%
SFR7                 0      0       0       8        0.0%
BANK2               50      0       0       9        0.0%
BITSFR8              0      0       0       9        0.0%
SFR8                 0      0       0       9        0.0%
BITBANK3            50      0       0      10        0.0%
BITSFR9              0      0       0      10        0.0%
SFR9                 0      0       0      10        0.0%
BANK3               50      0       0      11        0.0%
BITSFR10             0      0       0      11        0.0%
SFR10                0      0       0      11        0.0%
BITBANK4            50      0       0      12        0.0%
BITSFR11             0      0       0      12        0.0%
SFR11                0      0       0      12        0.0%
BANK4               50      0       0      13        0.0%
BITSFR12             0      0       0      13        0.0%
SFR12                0      0       0      13        0.0%
BITBANK5            50      0       0      14        0.0%
BITSFR13             0      0       0      14        0.0%
SFR13                0      0       0      14        0.0%
BANK5               50      0       0      15        0.0%
BITSFR14             0      0       0      15        0.0%
SFR14                0      0       0      15        0.0%
BITBANK6            50      0       0      16        0.0%
BITSFR15             0      0       0      16        0.0%
SFR15                0      0       0      16        0.0%
BANK6               50      0       0      17        0.0%
BITSFR16             0      0       0      17        0.0%
SFR16                0      0       0      17        0.0%
BITBANK7            50      0       0      18        0.0%
BITSFR17             0      0       0      18        0.0%
SFR17                0      0       0      18        0.0%
BANK7               50      0       0      19        0.0%
BITSFR18             0      0       0      19        0.0%
SFR18                0      0       0      19        0.0%
BITSFR19             0      0       0      20        0.0%
SFR19                0      0       0      20        0.0%
ABS                  0      0       0      20        0.0%
BITBANK8            50      0       0      21        0.0%
BITSFR20             0      0       0      21        0.0%
SFR20                0      0       0      21        0.0%
BANK8               50      0       0      22        0.0%
BITSFR21             0      0       0      22        0.0%
SFR21                0      0       0      22        0.0%
BITBANK9            50      0       0      23        0.0%
BITSFR22             0      0       0      23        0.0%
SFR22                0      0       0      23        0.0%
BANK9               50      0       0      24        0.0%
BITSFR23             0      0       0      24        0.0%
SFR23                0      0       0      24        0.0%
BITBANK10           50      0       0      25        0.0%
BITSFR24             0      0       0      25        0.0%
SFR24                0      0       0      25        0.0%
BANK10              50      0       0      26        0.0%
BITSFR25             0      0       0      26        0.0%
SFR25                0      0       0      26        0.0%
BITBANK11           50      0       0      27        0.0%
BITSFR26             0      0       0      27        0.0%
SFR26                0      0       0      27        0.0%
BANK11              50      0       0      28        0.0%
BITSFR27             0      0       0      28        0.0%
SFR27                0      0       0      28        0.0%
BITBANK12           30      0       0      29        0.0%
BITSFR28             0      0       0      29        0.0%
SFR28                0      0       0      29        0.0%
BANK12              30      0       0      30        0.0%
BITSFR29             0      0       0      30        0.0%
SFR29                0      0       0      30        0.0%
BITSFR30             0      0       0      31        0.0%
SFR30                0      0       0      31        0.0%
DATA                 0      0       0      31        0.0%
BITSFR31             0      0       0      32        0.0%
SFR31                0      0       0      32        0.0%


Microchip Technology PIC Macro Assembler V2.41 build 20230208172133 
Symbol Table                                                                                   Fri Sep 08 01:51:33 2023

                     l11 07B5                       l30 07A6                       l15 07CC  
                     l17 07DF                       l19 07F2                       l29 07A6  
                     u10 07BE                       u11 07BD                       u20 07C3  
                     u21 07C2                       u30 07C7                       u31 07C6  
                     u40 07CB                       u41 07CA                       u50 07D1  
                     u51 07D0                       u60 07D6                       u61 07D5  
                     u70 07DA                       u71 07D9                       u80 07DE  
                     u81 07DD                       u90 07E4                       u91 07E3  
                    l640 07A9                      l650 07C7                      l642 07B6  
                    l660 07DE                      l652 07CB                      l644 07B9  
                    l670 07F7                      l662 07E4                      l654 07D1  
                    l646 07BE                      l664 07E9                      l656 07D6  
                    l648 07C3                      l672 07A3                      l666 07ED  
                    l658 07DA                      l668 07F1                      u100 07E9  
                    u101 07E8                      u110 07ED                      u111 07EC  
                    u120 07F1                      u121 07F0                      u130 07F7  
                    u131 07F6                     _main 07A3                     btemp 007E  
                   start 0002                    ?_main 0000             ?_init_punto9 0000  
                  wtemp0 007E          __initialization 07FD             __end_of_main 07A9  
                 ??_main 0000                   _punto9 07B6  __end_of__initialization 07FD  
         __pcstackCOMMON 0000               __pmaintext 07A3                  ?_punto9 0000  
                __ptext1 07B6                  __ptext2 07A9     end_of_initialization 07FD  
              _PORTCbits 000E                _TRISCbits 008E                _TRISDbits 008F  
         __end_of_punto9 07FD      start_initialization 07FD                 ??_punto9 0000  
              ___latbits 0003            ??_init_punto9 0000      __end_of_init_punto9 07B6  
               _LATDbits 010F              _init_punto9 07A9  
