

Microchip MPLAB XC8 Assembler V2.41 build 20230208172133 
                                                                                               Fri Sep 08 02:13:56 2023

Microchip MPLAB XC8 C Compiler v2.41 (Free license) build 20230208172133 Og1 
     1                           	processor	16F1939
     2                           	pagewidth 120
     3                           	opt	flic
     4                           	psect	cinit,global,class=CODE,merge=1,delta=2
     5                           	psect	bssCOMMON,global,class=COMMON,space=1,delta=1,noexec
     6                           	psect	cstackCOMMON,global,class=COMMON,space=1,delta=1,noexec
     7                           	psect	maintext,global,class=CODE,merge=1,split=1,delta=2
     8                           	psect	text1,local,class=CODE,merge=1,delta=2
     9                           	psect	text2,local,class=CODE,merge=1,delta=2
    10                           	psect	text3,local,class=CODE,merge=1,delta=2
    11                           	psect	config,global,abs,ovrld,class=CONFIG,space=4,delta=2,noexec
    12                           	dabs	1,0x7E,2
    13     0000                     
    14                           ; Generated 06/07/2023 GMT
    15                           ; 
    16                           ; Copyright © 2023, Microchip Technology Inc. and its subsidiaries ("Microchip")
    17                           ; All rights reserved.
    18                           ; 
    19                           ; This software is developed by Microchip Technology Inc. and its subsidiaries ("Microch
      +                          ip").
    20                           ; 
    21                           ; Redistribution and use in source and binary forms, with or without modification, are
    22                           ; permitted provided that the following conditions are met:
    23                           ; 
    24                           ;     1. Redistributions of source code must retain the above copyright notice, this lis
      +                          t of
    25                           ;        conditions and the following disclaimer.
    26                           ; 
    27                           ;     2. Redistributions in binary form must reproduce the above copyright notice, this 
      +                          list
    28                           ;        of conditions and the following disclaimer in the documentation and/or other
    29                           ;        materials provided with the distribution. Publication is not required when
    30                           ;        this file is used in an embedded application.
    31                           ; 
    32                           ;     3. Microchip's name may not be used to endorse or promote products derived from th
      +                          is
    33                           ;        software without specific prior written permission.
    34                           ; 
    35                           ; THIS SOFTWARE IS PROVIDED BY MICROCHIP "AS IS" AND ANY EXPRESS OR IMPLIED WARRANTIES,
    36                           ; INCLUDING, BUT NOT LIMITED TO, THE IMPLIED WARRANTIES OF MERCHANTABILITY AND FITNESS F
      +                          OR
    37                           ; PURPOSE ARE DISCLAIMED.  IN NO EVENT SHALL MICROCHIP BE LIABLE FOR ANY DIRECT, INDIREC
      +                          T,
    38                           ; INCIDENTAL, SPECIAL, EXEMPLARY, OR CONSEQUENTIAL DAMAGES (INCLUDING BUT NOT LIMITED TO
    39                           ; PROCUREMENT OF SUBSTITUTE GOODS OR SERVICES; LOSS OF USE, DATA OR PROFITS; OR BUSINESS
    40                           ; INTERRUPTION) HOWSOEVER CAUSED AND ON ANY THEORY OF LIABILITY, WHETHER IN CONTRACT, ST
      +                          RICT
    41                           ; LIABILITY, OR TORT (INCLUDING NEGLIGENCE OR OTHERWISE) ARISING IN ANY WAY OUT OF THE U
      +                          SE OF
    42                           ; THIS SOFTWARE, EVEN IF ADVISED OF THE POSSIBILITY OF SUCH DAMAGE.
    43                           ; 
    44                           ; 
    45                           ; Code-generator required, PIC16F1939 Definitions
    46                           ; 
    47                           ; SFR Addresses
    48     0000                     	;# 
    49     0001                     	;# 
    50     0002                     	;# 
    51     0003                     	;# 
    52     0004                     	;# 
    53     0005                     	;# 
    54     0006                     	;# 
    55     0007                     	;# 
    56     0008                     	;# 
    57     0009                     	;# 
    58     000A                     	;# 
    59     000B                     	;# 
    60     000C                     	;# 
    61     000D                     	;# 
    62     000E                     	;# 
    63     000F                     	;# 
    64     0010                     	;# 
    65     0011                     	;# 
    66     0012                     	;# 
    67     0013                     	;# 
    68     0015                     	;# 
    69     0016                     	;# 
    70     0016                     	;# 
    71     0017                     	;# 
    72     0018                     	;# 
    73     0019                     	;# 
    74     001A                     	;# 
    75     001B                     	;# 
    76     001C                     	;# 
    77     001E                     	;# 
    78     001F                     	;# 
    79     008C                     	;# 
    80     008D                     	;# 
    81     008E                     	;# 
    82     008F                     	;# 
    83     0090                     	;# 
    84     0091                     	;# 
    85     0092                     	;# 
    86     0093                     	;# 
    87     0095                     	;# 
    88     0096                     	;# 
    89     0097                     	;# 
    90     0098                     	;# 
    91     0099                     	;# 
    92     009A                     	;# 
    93     009B                     	;# 
    94     009B                     	;# 
    95     009C                     	;# 
    96     009D                     	;# 
    97     009E                     	;# 
    98     010C                     	;# 
    99     010D                     	;# 
   100     010E                     	;# 
   101     010F                     	;# 
   102     0110                     	;# 
   103     0111                     	;# 
   104     0112                     	;# 
   105     0113                     	;# 
   106     0114                     	;# 
   107     0115                     	;# 
   108     0116                     	;# 
   109     0117                     	;# 
   110     0118                     	;# 
   111     0119                     	;# 
   112     011A                     	;# 
   113     011B                     	;# 
   114     011D                     	;# 
   115     018C                     	;# 
   116     018D                     	;# 
   117     018F                     	;# 
   118     0190                     	;# 
   119     0191                     	;# 
   120     0191                     	;# 
   121     0192                     	;# 
   122     0193                     	;# 
   123     0193                     	;# 
   124     0193                     	;# 
   125     0194                     	;# 
   126     0195                     	;# 
   127     0196                     	;# 
   128     0199                     	;# 
   129     019A                     	;# 
   130     019B                     	;# 
   131     019B                     	;# 
   132     019B                     	;# 
   133     019B                     	;# 
   134     019C                     	;# 
   135     019C                     	;# 
   136     019D                     	;# 
   137     019E                     	;# 
   138     019F                     	;# 
   139     020D                     	;# 
   140     0210                     	;# 
   141     0211                     	;# 
   142     0212                     	;# 
   143     0213                     	;# 
   144     0214                     	;# 
   145     0215                     	;# 
   146     0215                     	;# 
   147     0216                     	;# 
   148     0217                     	;# 
   149     0291                     	;# 
   150     0291                     	;# 
   151     0292                     	;# 
   152     0293                     	;# 
   153     0294                     	;# 
   154     0295                     	;# 
   155     0295                     	;# 
   156     0296                     	;# 
   157     0298                     	;# 
   158     0298                     	;# 
   159     0299                     	;# 
   160     029A                     	;# 
   161     029B                     	;# 
   162     029C                     	;# 
   163     029C                     	;# 
   164     029D                     	;# 
   165     029E                     	;# 
   166     029F                     	;# 
   167     0311                     	;# 
   168     0311                     	;# 
   169     0312                     	;# 
   170     0313                     	;# 
   171     0314                     	;# 
   172     0315                     	;# 
   173     0315                     	;# 
   174     0316                     	;# 
   175     0318                     	;# 
   176     0318                     	;# 
   177     0319                     	;# 
   178     031A                     	;# 
   179     031C                     	;# 
   180     031C                     	;# 
   181     031D                     	;# 
   182     031E                     	;# 
   183     0394                     	;# 
   184     0395                     	;# 
   185     0396                     	;# 
   186     0415                     	;# 
   187     0416                     	;# 
   188     0417                     	;# 
   189     041C                     	;# 
   190     041D                     	;# 
   191     041E                     	;# 
   192     0791                     	;# 
   193     0792                     	;# 
   194     0793                     	;# 
   195     0794                     	;# 
   196     0795                     	;# 
   197     0798                     	;# 
   198     0799                     	;# 
   199     079A                     	;# 
   200     07A0                     	;# 
   201     07A1                     	;# 
   202     07A2                     	;# 
   203     07A3                     	;# 
   204     07A4                     	;# 
   205     07A5                     	;# 
   206     07A6                     	;# 
   207     07A7                     	;# 
   208     07A8                     	;# 
   209     07A9                     	;# 
   210     07AA                     	;# 
   211     07AB                     	;# 
   212     0FE4                     	;# 
   213     0FE5                     	;# 
   214     0FE6                     	;# 
   215     0FE7                     	;# 
   216     0FE8                     	;# 
   217     0FE9                     	;# 
   218     0FEA                     	;# 
   219     0FEB                     	;# 
   220     0FED                     	;# 
   221     0FEE                     	;# 
   222     0FEF                     	;# 
   223     0000                     	;# 
   224     0001                     	;# 
   225     0002                     	;# 
   226     0003                     	;# 
   227     0004                     	;# 
   228     0005                     	;# 
   229     0006                     	;# 
   230     0007                     	;# 
   231     0008                     	;# 
   232     0009                     	;# 
   233     000A                     	;# 
   234     000B                     	;# 
   235     000C                     	;# 
   236     000D                     	;# 
   237     000E                     	;# 
   238     000F                     	;# 
   239     0010                     	;# 
   240     0011                     	;# 
   241     0012                     	;# 
   242     0013                     	;# 
   243     0015                     	;# 
   244     0016                     	;# 
   245     0016                     	;# 
   246     0017                     	;# 
   247     0018                     	;# 
   248     0019                     	;# 
   249     001A                     	;# 
   250     001B                     	;# 
   251     001C                     	;# 
   252     001E                     	;# 
   253     001F                     	;# 
   254     008C                     	;# 
   255     008D                     	;# 
   256     008E                     	;# 
   257     008F                     	;# 
   258     0090                     	;# 
   259     0091                     	;# 
   260     0092                     	;# 
   261     0093                     	;# 
   262     0095                     	;# 
   263     0096                     	;# 
   264     0097                     	;# 
   265     0098                     	;# 
   266     0099                     	;# 
   267     009A                     	;# 
   268     009B                     	;# 
   269     009B                     	;# 
   270     009C                     	;# 
   271     009D                     	;# 
   272     009E                     	;# 
   273     010C                     	;# 
   274     010D                     	;# 
   275     010E                     	;# 
   276     010F                     	;# 
   277     0110                     	;# 
   278     0111                     	;# 
   279     0112                     	;# 
   280     0113                     	;# 
   281     0114                     	;# 
   282     0115                     	;# 
   283     0116                     	;# 
   284     0117                     	;# 
   285     0118                     	;# 
   286     0119                     	;# 
   287     011A                     	;# 
   288     011B                     	;# 
   289     011D                     	;# 
   290     018C                     	;# 
   291     018D                     	;# 
   292     018F                     	;# 
   293     0190                     	;# 
   294     0191                     	;# 
   295     0191                     	;# 
   296     0192                     	;# 
   297     0193                     	;# 
   298     0193                     	;# 
   299     0193                     	;# 
   300     0194                     	;# 
   301     0195                     	;# 
   302     0196                     	;# 
   303     0199                     	;# 
   304     019A                     	;# 
   305     019B                     	;# 
   306     019B                     	;# 
   307     019B                     	;# 
   308     019B                     	;# 
   309     019C                     	;# 
   310     019C                     	;# 
   311     019D                     	;# 
   312     019E                     	;# 
   313     019F                     	;# 
   314     020D                     	;# 
   315     0210                     	;# 
   316     0211                     	;# 
   317     0212                     	;# 
   318     0213                     	;# 
   319     0214                     	;# 
   320     0215                     	;# 
   321     0215                     	;# 
   322     0216                     	;# 
   323     0217                     	;# 
   324     0291                     	;# 
   325     0291                     	;# 
   326     0292                     	;# 
   327     0293                     	;# 
   328     0294                     	;# 
   329     0295                     	;# 
   330     0295                     	;# 
   331     0296                     	;# 
   332     0298                     	;# 
   333     0298                     	;# 
   334     0299                     	;# 
   335     029A                     	;# 
   336     029B                     	;# 
   337     029C                     	;# 
   338     029C                     	;# 
   339     029D                     	;# 
   340     029E                     	;# 
   341     029F                     	;# 
   342     0311                     	;# 
   343     0311                     	;# 
   344     0312                     	;# 
   345     0313                     	;# 
   346     0314                     	;# 
   347     0315                     	;# 
   348     0315                     	;# 
   349     0316                     	;# 
   350     0318                     	;# 
   351     0318                     	;# 
   352     0319                     	;# 
   353     031A                     	;# 
   354     031C                     	;# 
   355     031C                     	;# 
   356     031D                     	;# 
   357     031E                     	;# 
   358     0394                     	;# 
   359     0395                     	;# 
   360     0396                     	;# 
   361     0415                     	;# 
   362     0416                     	;# 
   363     0417                     	;# 
   364     041C                     	;# 
   365     041D                     	;# 
   366     041E                     	;# 
   367     0791                     	;# 
   368     0792                     	;# 
   369     0793                     	;# 
   370     0794                     	;# 
   371     0795                     	;# 
   372     0798                     	;# 
   373     0799                     	;# 
   374     079A                     	;# 
   375     07A0                     	;# 
   376     07A1                     	;# 
   377     07A2                     	;# 
   378     07A3                     	;# 
   379     07A4                     	;# 
   380     07A5                     	;# 
   381     07A6                     	;# 
   382     07A7                     	;# 
   383     07A8                     	;# 
   384     07A9                     	;# 
   385     07AA                     	;# 
   386     07AB                     	;# 
   387     0FE4                     	;# 
   388     0FE5                     	;# 
   389     0FE6                     	;# 
   390     0FE7                     	;# 
   391     0FE8                     	;# 
   392     0FE9                     	;# 
   393     0FEA                     	;# 
   394     0FEB                     	;# 
   395     0FED                     	;# 
   396     0FEE                     	;# 
   397     0FEF                     	;# 
   398     0000                     	;# 
   399     0001                     	;# 
   400     0002                     	;# 
   401     0003                     	;# 
   402     0004                     	;# 
   403     0005                     	;# 
   404     0006                     	;# 
   405     0007                     	;# 
   406     0008                     	;# 
   407     0009                     	;# 
   408     000A                     	;# 
   409     000B                     	;# 
   410     000C                     	;# 
   411     000D                     	;# 
   412     000E                     	;# 
   413     000F                     	;# 
   414     0010                     	;# 
   415     0011                     	;# 
   416     0012                     	;# 
   417     0013                     	;# 
   418     0015                     	;# 
   419     0016                     	;# 
   420     0016                     	;# 
   421     0017                     	;# 
   422     0018                     	;# 
   423     0019                     	;# 
   424     001A                     	;# 
   425     001B                     	;# 
   426     001C                     	;# 
   427     001E                     	;# 
   428     001F                     	;# 
   429     008C                     	;# 
   430     008D                     	;# 
   431     008E                     	;# 
   432     008F                     	;# 
   433     0090                     	;# 
   434     0091                     	;# 
   435     0092                     	;# 
   436     0093                     	;# 
   437     0095                     	;# 
   438     0096                     	;# 
   439     0097                     	;# 
   440     0098                     	;# 
   441     0099                     	;# 
   442     009A                     	;# 
   443     009B                     	;# 
   444     009B                     	;# 
   445     009C                     	;# 
   446     009D                     	;# 
   447     009E                     	;# 
   448     010C                     	;# 
   449     010D                     	;# 
   450     010E                     	;# 
   451     010F                     	;# 
   452     0110                     	;# 
   453     0111                     	;# 
   454     0112                     	;# 
   455     0113                     	;# 
   456     0114                     	;# 
   457     0115                     	;# 
   458     0116                     	;# 
   459     0117                     	;# 
   460     0118                     	;# 
   461     0119                     	;# 
   462     011A                     	;# 
   463     011B                     	;# 
   464     011D                     	;# 
   465     018C                     	;# 
   466     018D                     	;# 
   467     018F                     	;# 
   468     0190                     	;# 
   469     0191                     	;# 
   470     0191                     	;# 
   471     0192                     	;# 
   472     0193                     	;# 
   473     0193                     	;# 
   474     0193                     	;# 
   475     0194                     	;# 
   476     0195                     	;# 
   477     0196                     	;# 
   478     0199                     	;# 
   479     019A                     	;# 
   480     019B                     	;# 
   481     019B                     	;# 
   482     019B                     	;# 
   483     019B                     	;# 
   484     019C                     	;# 
   485     019C                     	;# 
   486     019D                     	;# 
   487     019E                     	;# 
   488     019F                     	;# 
   489     020D                     	;# 
   490     0210                     	;# 
   491     0211                     	;# 
   492     0212                     	;# 
   493     0213                     	;# 
   494     0214                     	;# 
   495     0215                     	;# 
   496     0215                     	;# 
   497     0216                     	;# 
   498     0217                     	;# 
   499     0291                     	;# 
   500     0291                     	;# 
   501     0292                     	;# 
   502     0293                     	;# 
   503     0294                     	;# 
   504     0295                     	;# 
   505     0295                     	;# 
   506     0296                     	;# 
   507     0298                     	;# 
   508     0298                     	;# 
   509     0299                     	;# 
   510     029A                     	;# 
   511     029B                     	;# 
   512     029C                     	;# 
   513     029C                     	;# 
   514     029D                     	;# 
   515     029E                     	;# 
   516     029F                     	;# 
   517     0311                     	;# 
   518     0311                     	;# 
   519     0312                     	;# 
   520     0313                     	;# 
   521     0314                     	;# 
   522     0315                     	;# 
   523     0315                     	;# 
   524     0316                     	;# 
   525     0318                     	;# 
   526     0318                     	;# 
   527     0319                     	;# 
   528     031A                     	;# 
   529     031C                     	;# 
   530     031C                     	;# 
   531     031D                     	;# 
   532     031E                     	;# 
   533     0394                     	;# 
   534     0395                     	;# 
   535     0396                     	;# 
   536     0415                     	;# 
   537     0416                     	;# 
   538     0417                     	;# 
   539     041C                     	;# 
   540     041D                     	;# 
   541     041E                     	;# 
   542     0791                     	;# 
   543     0792                     	;# 
   544     0793                     	;# 
   545     0794                     	;# 
   546     0795                     	;# 
   547     0798                     	;# 
   548     0799                     	;# 
   549     079A                     	;# 
   550     07A0                     	;# 
   551     07A1                     	;# 
   552     07A2                     	;# 
   553     07A3                     	;# 
   554     07A4                     	;# 
   555     07A5                     	;# 
   556     07A6                     	;# 
   557     07A7                     	;# 
   558     07A8                     	;# 
   559     07A9                     	;# 
   560     07AA                     	;# 
   561     07AB                     	;# 
   562     0FE4                     	;# 
   563     0FE5                     	;# 
   564     0FE6                     	;# 
   565     0FE7                     	;# 
   566     0FE8                     	;# 
   567     0FE9                     	;# 
   568     0FEA                     	;# 
   569     0FEB                     	;# 
   570     0FED                     	;# 
   571     0FEE                     	;# 
   572     0FEF                     	;# 
   573     0000                     	;# 
   574     0001                     	;# 
   575     0002                     	;# 
   576     0003                     	;# 
   577     0004                     	;# 
   578     0005                     	;# 
   579     0006                     	;# 
   580     0007                     	;# 
   581     0008                     	;# 
   582     0009                     	;# 
   583     000A                     	;# 
   584     000B                     	;# 
   585     000C                     	;# 
   586     000D                     	;# 
   587     000E                     	;# 
   588     000F                     	;# 
   589     0010                     	;# 
   590     0011                     	;# 
   591     0012                     	;# 
   592     0013                     	;# 
   593     0015                     	;# 
   594     0016                     	;# 
   595     0016                     	;# 
   596     0017                     	;# 
   597     0018                     	;# 
   598     0019                     	;# 
   599     001A                     	;# 
   600     001B                     	;# 
   601     001C                     	;# 
   602     001E                     	;# 
   603     001F                     	;# 
   604     008C                     	;# 
   605     008D                     	;# 
   606     008E                     	;# 
   607     008F                     	;# 
   608     0090                     	;# 
   609     0091                     	;# 
   610     0092                     	;# 
   611     0093                     	;# 
   612     0095                     	;# 
   613     0096                     	;# 
   614     0097                     	;# 
   615     0098                     	;# 
   616     0099                     	;# 
   617     009A                     	;# 
   618     009B                     	;# 
   619     009B                     	;# 
   620     009C                     	;# 
   621     009D                     	;# 
   622     009E                     	;# 
   623     010C                     	;# 
   624     010D                     	;# 
   625     010E                     	;# 
   626     010F                     	;# 
   627     0110                     	;# 
   628     0111                     	;# 
   629     0112                     	;# 
   630     0113                     	;# 
   631     0114                     	;# 
   632     0115                     	;# 
   633     0116                     	;# 
   634     0117                     	;# 
   635     0118                     	;# 
   636     0119                     	;# 
   637     011A                     	;# 
   638     011B                     	;# 
   639     011D                     	;# 
   640     018C                     	;# 
   641     018D                     	;# 
   642     018F                     	;# 
   643     0190                     	;# 
   644     0191                     	;# 
   645     0191                     	;# 
   646     0192                     	;# 
   647     0193                     	;# 
   648     0193                     	;# 
   649     0193                     	;# 
   650     0194                     	;# 
   651     0195                     	;# 
   652     0196                     	;# 
   653     0199                     	;# 
   654     019A                     	;# 
   655     019B                     	;# 
   656     019B                     	;# 
   657     019B                     	;# 
   658     019B                     	;# 
   659     019C                     	;# 
   660     019C                     	;# 
   661     019D                     	;# 
   662     019E                     	;# 
   663     019F                     	;# 
   664     020D                     	;# 
   665     0210                     	;# 
   666     0211                     	;# 
   667     0212                     	;# 
   668     0213                     	;# 
   669     0214                     	;# 
   670     0215                     	;# 
   671     0215                     	;# 
   672     0216                     	;# 
   673     0217                     	;# 
   674     0291                     	;# 
   675     0291                     	;# 
   676     0292                     	;# 
   677     0293                     	;# 
   678     0294                     	;# 
   679     0295                     	;# 
   680     0295                     	;# 
   681     0296                     	;# 
   682     0298                     	;# 
   683     0298                     	;# 
   684     0299                     	;# 
   685     029A                     	;# 
   686     029B                     	;# 
   687     029C                     	;# 
   688     029C                     	;# 
   689     029D                     	;# 
   690     029E                     	;# 
   691     029F                     	;# 
   692     0311                     	;# 
   693     0311                     	;# 
   694     0312                     	;# 
   695     0313                     	;# 
   696     0314                     	;# 
   697     0315                     	;# 
   698     0315                     	;# 
   699     0316                     	;# 
   700     0318                     	;# 
   701     0318                     	;# 
   702     0319                     	;# 
   703     031A                     	;# 
   704     031C                     	;# 
   705     031C                     	;# 
   706     031D                     	;# 
   707     031E                     	;# 
   708     0394                     	;# 
   709     0395                     	;# 
   710     0396                     	;# 
   711     0415                     	;# 
   712     0416                     	;# 
   713     0417                     	;# 
   714     041C                     	;# 
   715     041D                     	;# 
   716     041E                     	;# 
   717     0791                     	;# 
   718     0792                     	;# 
   719     0793                     	;# 
   720     0794                     	;# 
   721     0795                     	;# 
   722     0798                     	;# 
   723     0799                     	;# 
   724     079A                     	;# 
   725     07A0                     	;# 
   726     07A1                     	;# 
   727     07A2                     	;# 
   728     07A3                     	;# 
   729     07A4                     	;# 
   730     07A5                     	;# 
   731     07A6                     	;# 
   732     07A7                     	;# 
   733     07A8                     	;# 
   734     07A9                     	;# 
   735     07AA                     	;# 
   736     07AB                     	;# 
   737     0FE4                     	;# 
   738     0FE5                     	;# 
   739     0FE6                     	;# 
   740     0FE7                     	;# 
   741     0FE8                     	;# 
   742     0FE9                     	;# 
   743     0FEA                     	;# 
   744     0FEB                     	;# 
   745     0FED                     	;# 
   746     0FEE                     	;# 
   747     0FEF                     	;# 
   748     0000                     	;# 
   749     0001                     	;# 
   750     0002                     	;# 
   751     0003                     	;# 
   752     0004                     	;# 
   753     0005                     	;# 
   754     0006                     	;# 
   755     0007                     	;# 
   756     0008                     	;# 
   757     0009                     	;# 
   758     000A                     	;# 
   759     000B                     	;# 
   760     000C                     	;# 
   761     000D                     	;# 
   762     000E                     	;# 
   763     000F                     	;# 
   764     0010                     	;# 
   765     0011                     	;# 
   766     0012                     	;# 
   767     0013                     	;# 
   768     0015                     	;# 
   769     0016                     	;# 
   770     0016                     	;# 
   771     0017                     	;# 
   772     0018                     	;# 
   773     0019                     	;# 
   774     001A                     	;# 
   775     001B                     	;# 
   776     001C                     	;# 
   777     001E                     	;# 
   778     001F                     	;# 
   779     008C                     	;# 
   780     008D                     	;# 
   781     008E                     	;# 
   782     008F                     	;# 
   783     0090                     	;# 
   784     0091                     	;# 
   785     0092                     	;# 
   786     0093                     	;# 
   787     0095                     	;# 
   788     0096                     	;# 
   789     0097                     	;# 
   790     0098                     	;# 
   791     0099                     	;# 
   792     009A                     	;# 
   793     009B                     	;# 
   794     009B                     	;# 
   795     009C                     	;# 
   796     009D                     	;# 
   797     009E                     	;# 
   798     010C                     	;# 
   799     010D                     	;# 
   800     010E                     	;# 
   801     010F                     	;# 
   802     0110                     	;# 
   803     0111                     	;# 
   804     0112                     	;# 
   805     0113                     	;# 
   806     0114                     	;# 
   807     0115                     	;# 
   808     0116                     	;# 
   809     0117                     	;# 
   810     0118                     	;# 
   811     0119                     	;# 
   812     011A                     	;# 
   813     011B                     	;# 
   814     011D                     	;# 
   815     018C                     	;# 
   816     018D                     	;# 
   817     018F                     	;# 
   818     0190                     	;# 
   819     0191                     	;# 
   820     0191                     	;# 
   821     0192                     	;# 
   822     0193                     	;# 
   823     0193                     	;# 
   824     0193                     	;# 
   825     0194                     	;# 
   826     0195                     	;# 
   827     0196                     	;# 
   828     0199                     	;# 
   829     019A                     	;# 
   830     019B                     	;# 
   831     019B                     	;# 
   832     019B                     	;# 
   833     019B                     	;# 
   834     019C                     	;# 
   835     019C                     	;# 
   836     019D                     	;# 
   837     019E                     	;# 
   838     019F                     	;# 
   839     020D                     	;# 
   840     0210                     	;# 
   841     0211                     	;# 
   842     0212                     	;# 
   843     0213                     	;# 
   844     0214                     	;# 
   845     0215                     	;# 
   846     0215                     	;# 
   847     0216                     	;# 
   848     0217                     	;# 
   849     0291                     	;# 
   850     0291                     	;# 
   851     0292                     	;# 
   852     0293                     	;# 
   853     0294                     	;# 
   854     0295                     	;# 
   855     0295                     	;# 
   856     0296                     	;# 
   857     0298                     	;# 
   858     0298                     	;# 
   859     0299                     	;# 
   860     029A                     	;# 
   861     029B                     	;# 
   862     029C                     	;# 
   863     029C                     	;# 
   864     029D                     	;# 
   865     029E                     	;# 
   866     029F                     	;# 
   867     0311                     	;# 
   868     0311                     	;# 
   869     0312                     	;# 
   870     0313                     	;# 
   871     0314                     	;# 
   872     0315                     	;# 
   873     0315                     	;# 
   874     0316                     	;# 
   875     0318                     	;# 
   876     0318                     	;# 
   877     0319                     	;# 
   878     031A                     	;# 
   879     031C                     	;# 
   880     031C                     	;# 
   881     031D                     	;# 
   882     031E                     	;# 
   883     0394                     	;# 
   884     0395                     	;# 
   885     0396                     	;# 
   886     0415                     	;# 
   887     0416                     	;# 
   888     0417                     	;# 
   889     041C                     	;# 
   890     041D                     	;# 
   891     041E                     	;# 
   892     0791                     	;# 
   893     0792                     	;# 
   894     0793                     	;# 
   895     0794                     	;# 
   896     0795                     	;# 
   897     0798                     	;# 
   898     0799                     	;# 
   899     079A                     	;# 
   900     07A0                     	;# 
   901     07A1                     	;# 
   902     07A2                     	;# 
   903     07A3                     	;# 
   904     07A4                     	;# 
   905     07A5                     	;# 
   906     07A6                     	;# 
   907     07A7                     	;# 
   908     07A8                     	;# 
   909     07A9                     	;# 
   910     07AA                     	;# 
   911     07AB                     	;# 
   912     0FE4                     	;# 
   913     0FE5                     	;# 
   914     0FE6                     	;# 
   915     0FE7                     	;# 
   916     0FE8                     	;# 
   917     0FE9                     	;# 
   918     0FEA                     	;# 
   919     0FEB                     	;# 
   920     0FED                     	;# 
   921     0FEE                     	;# 
   922     0FEF                     	;# 
   923     000D                     _PORTBbits	set	13
   924     0095                     _OPTION_REGbits	set	149
   925     008F                     _TRISD	set	143
   926     008D                     _TRISBbits	set	141
   927     008E                     _TRISC	set	142
   928     010E                     _LATCbits	set	270
   929     010F                     _LATD	set	271
   930     018D                     _ANSELBbits	set	397
   931     020D                     _WPUB	set	525
   932                           
   933                           	psect	cinit
   934     07FC                     start_initialization:	
   935                           ; #config settings
   936                           
   937     07FC                     __initialization:
   938                           
   939                           ; Clear objects allocated to COMMON
   940     07FC  01F5               	clrf	__pbssCOMMON& (0+127)
   941     07FD                     end_of_initialization:	
   942                           ;End of C runtime variable initialization code
   943                           
   944     07FD                     __end_of__initialization:
   945     07FD  0020               	movlb	0
   946     07FE  3187  2F1C         	ljmp	_main	;jump to C main() function
   947                           
   948                           	psect	bssCOMMON
   949     0075                     __pbssCOMMON:
   950     0075                     _dig:
   951     0075                     	ds	1
   952                           
   953                           	psect	cstackCOMMON
   954     0070                     __pcstackCOMMON:
   955     0070                     ?_display_init:
   956     0070                     ??_display_init:	
   957                           ; 1 bytes @ 0x0
   958                           
   959     0070                     ?_init_punto11:	
   960                           ; 1 bytes @ 0x0
   961                           
   962     0070                     ??_init_punto11:	
   963                           ; 1 bytes @ 0x0
   964                           
   965     0070                     ?_display_ac:	
   966                           ; 1 bytes @ 0x0
   967                           
   968     0070                     ??_display_ac:	
   969                           ; 1 bytes @ 0x0
   970                           
   971     0070                     ?_main:	
   972                           ; 1 bytes @ 0x0
   973                           
   974                           
   975                           ; 1 bytes @ 0x0
   976     0070                     	ds	2
   977     0072                     display_ac@dig:
   978                           
   979                           ; 1 bytes @ 0x2
   980     0072                     	ds	1
   981     0073                     ??_main:
   982                           
   983                           ; 1 bytes @ 0x3
   984     0073                     	ds	2
   985                           
   986                           	psect	maintext
   987     071C                     __pmaintext:	
   988 ;;
   989 ;;Main: autosize = 0, tempsize = 2, incstack = 0, save=0
   990 ;;
   991 ;; *************** function _main *****************
   992 ;; Defined at:
   993 ;;		line 8 in file "main.c"
   994 ;; Parameters:    Size  Location     Type
   995 ;;		None
   996 ;; Auto vars:     Size  Location     Type
   997 ;;		None
   998 ;; Return value:  Size  Location     Type
   999 ;;                  1    wreg      void 
  1000 ;; Registers used:
  1001 ;;		wreg, fsr0l, fsr0h, status,2, status,0, pclath, cstack
  1002 ;; Tracked objects:
  1003 ;;		On entry : B1F/0
  1004 ;;		On exit  : 0/0
  1005 ;;		Unchanged: 0/0
  1006 ;; Data sizes:     COMMON   BANK0   BANK1   BANK2   BANK3   BANK4   BANK5   BANK6   BANK7   BANK8   BANK9  BANK10  BANK1
      +1  BANK12
  1007 ;;      Params:         0       0       0       0       0       0       0       0       0       0       0       0       
      +0       0
  1008 ;;      Locals:         0       0       0       0       0       0       0       0       0       0       0       0       
      +0       0
  1009 ;;      Temps:          2       0       0       0       0       0       0       0       0       0       0       0       
      +0       0
  1010 ;;      Totals:         2       0       0       0       0       0       0       0       0       0       0       0       
      +0       0
  1011 ;;Total ram usage:        2 bytes
  1012 ;; Hardware stack levels required when called: 1
  1013 ;; This function calls:
  1014 ;;		_display_ac
  1015 ;;		_display_init
  1016 ;;		_init_punto11
  1017 ;; This function is called by:
  1018 ;;		Startup code after reset
  1019 ;; This function uses a non-reentrant model
  1020 ;;
  1021                           
  1022     071C                     _main:	
  1023                           ;psect for function _main
  1024                           
  1025     071C                     l712:	
  1026                           ;incstack = 0
  1027                           ; Regs used in _main: [wreg-fsr0h+status,2+status,0+pclath+cstack]
  1028                           
  1029                           
  1030                           ;main.c: 9:     display_init();
  1031     071C  3187  2707  3187   	fcall	_display_init
  1032     071F                     l714:
  1033                           
  1034                           ;main.c: 10:     init_punto11();
  1035     071F  3187  270A  3187   	fcall	_init_punto11
  1036     0722                     l716:
  1037                           
  1038                           ;main.c: 12:     dig = 0;
  1039     0722  01F5               	clrf	_dig
  1040     0723                     l718:
  1041                           
  1042                           ;main.c: 14:         display_ac(dig);
  1043     0723  0875               	movf	_dig,w
  1044     0724  3187  2777  3187   	fcall	_display_ac
  1045     0727                     l720:
  1046                           
  1047                           ;main.c: 15:         if(PORTBbits.RB5== 0){
  1048     0727  0020               	movlb	0	; select bank0
  1049     0728  1A8D               	btfsc	13,5	;volatile
  1050     0729  2F2B               	goto	u11
  1051     072A  2F2C               	goto	u10
  1052     072B                     u11:
  1053     072B  2F38               	goto	l724
  1054     072C                     u10:
  1055     072C                     l722:
  1056                           
  1057                           ;main.c: 16:             LATD |= (1<<dig);
  1058     072C  3001               	movlw	1
  1059     072D  00F3               	movwf	??_main
  1060     072E  0A75               	incf	_dig,w
  1061     072F  2F31               	goto	u24
  1062     0730                     u25:
  1063     0730  35F3               	lslf	??_main,f
  1064     0731                     u24:
  1065     0731  0B89               	decfsz	9,f
  1066     0732  2F30               	goto	u25
  1067     0733  0873               	movf	??_main,w
  1068     0734  00F4               	movwf	??_main+1
  1069     0735  0874               	movf	??_main+1,w
  1070     0736  0022               	movlb	2	; select bank2
  1071     0737  048F               	iorwf	15,f	;volatile
  1072     0738                     l724:
  1073                           
  1074                           ;main.c: 18:         if(PORTBbits.RB4== 0){
  1075     0738  0020               	movlb	0	; select bank0
  1076     0739  1A0D               	btfsc	13,4	;volatile
  1077     073A  2F3C               	goto	u31
  1078     073B  2F3D               	goto	u30
  1079     073C                     u31:
  1080     073C  2F4A               	goto	l728
  1081     073D                     u30:
  1082     073D                     l726:
  1083                           
  1084                           ;main.c: 19:             LATD &= ~(1<<dig);
  1085     073D  3001               	movlw	1
  1086     073E  00F3               	movwf	??_main
  1087     073F  0A75               	incf	_dig,w
  1088     0740  2F42               	goto	u44
  1089     0741                     u45:
  1090     0741  35F3               	lslf	??_main,f
  1091     0742                     u44:
  1092     0742  0B89               	decfsz	9,f
  1093     0743  2F41               	goto	u45
  1094     0744  0873               	movf	??_main,w
  1095     0745  3AFF               	xorlw	255
  1096     0746  00F4               	movwf	??_main+1
  1097     0747  0874               	movf	??_main+1,w
  1098     0748  0022               	movlb	2	; select bank2
  1099     0749  058F               	andwf	15,f	;volatile
  1100     074A                     l728:
  1101                           
  1102                           ;main.c: 21:         if(PORTBbits.RB7== 0){
  1103     074A  0020               	movlb	0	; select bank0
  1104     074B  1B8D               	btfsc	13,7	;volatile
  1105     074C  2F4E               	goto	u51
  1106     074D  2F4F               	goto	u50
  1107     074E                     u51:
  1108     074E  2F5F               	goto	l738
  1109     074F                     u50:
  1110     074F                     l21:
  1111     074F  1F8D               	btfss	13,7	;volatile
  1112     0750  2F52               	goto	u61
  1113     0751  2F53               	goto	u60
  1114     0752                     u61:
  1115     0752  2F4F               	goto	l21
  1116     0753                     u60:
  1117     0753                     l732:
  1118                           
  1119                           ;main.c: 23:             dig--;
  1120     0753  30FF               	movlw	255
  1121     0754  00F3               	movwf	??_main
  1122     0755  0873               	movf	??_main,w
  1123     0756  07F5               	addwf	_dig,f
  1124     0757                     l734:
  1125                           
  1126                           ;main.c: 24:             if(dig <-1){
  1127     0757  0875               	movf	_dig,w
  1128     0758  3A80               	xorlw	128
  1129     0759  3E81               	addlw	129
  1130     075A  1803               	skipnc
  1131     075B  2F5D               	goto	u71
  1132     075C  2F5E               	goto	u70
  1133     075D                     u71:
  1134     075D  2F5F               	goto	l738
  1135     075E                     u70:
  1136     075E                     l736:
  1137                           
  1138                           ;main.c: 25:                 dig=0;
  1139     075E  01F5               	clrf	_dig
  1140     075F                     l738:
  1141                           
  1142                           ;main.c: 29:         if(PORTBbits.RB6== 0){
  1143     075F  1B0D               	btfsc	13,6	;volatile
  1144     0760  2F62               	goto	u81
  1145     0761  2F63               	goto	u80
  1146     0762                     u81:
  1147     0762  2F23               	goto	l718
  1148     0763                     u80:
  1149     0763                     l26:
  1150     0763  1F0D               	btfss	13,6	;volatile
  1151     0764  2F66               	goto	u91
  1152     0765  2F67               	goto	u90
  1153     0766                     u91:
  1154     0766  2F63               	goto	l26
  1155     0767                     u90:
  1156     0767                     l742:
  1157                           
  1158                           ;main.c: 31:             dig++;
  1159     0767  3001               	movlw	1
  1160     0768  00F3               	movwf	??_main
  1161     0769  0873               	movf	??_main,w
  1162     076A  07F5               	addwf	_dig,f
  1163     076B                     l744:
  1164                           
  1165                           ;main.c: 32:             if(dig >7){
  1166     076B  0875               	movf	_dig,w
  1167     076C  3A80               	xorlw	128
  1168     076D  3E78               	addlw	-136
  1169     076E  1C03               	skipc
  1170     076F  2F71               	goto	u101
  1171     0770  2F72               	goto	u100
  1172     0771                     u101:
  1173     0771  2F23               	goto	l718
  1174     0772                     u100:
  1175     0772                     l746:
  1176                           
  1177                           ;main.c: 33:                 dig=7;
  1178     0772  3007               	movlw	7
  1179     0773  00F5               	movwf	_dig
  1180     0774  2F23               	goto	l718
  1181     0775  3180  2802         	ljmp	start
  1182     0777                     __end_of_main:
  1183                           
  1184                           	psect	text1
  1185     070A                     __ptext1:	
  1186 ;; *************** function _init_punto11 *****************
  1187 ;; Defined at:
  1188 ;;		line 6 in file "punto_11.c"
  1189 ;; Parameters:    Size  Location     Type
  1190 ;;		None
  1191 ;; Auto vars:     Size  Location     Type
  1192 ;;		None
  1193 ;; Return value:  Size  Location     Type
  1194 ;;                  1    wreg      void 
  1195 ;; Registers used:
  1196 ;;		wreg, status,2
  1197 ;; Tracked objects:
  1198 ;;		On entry : 0/0
  1199 ;;		On exit  : 0/0
  1200 ;;		Unchanged: 0/0
  1201 ;; Data sizes:     COMMON   BANK0   BANK1   BANK2   BANK3   BANK4   BANK5   BANK6   BANK7   BANK8   BANK9  BANK10  BANK1
      +1  BANK12
  1202 ;;      Params:         0       0       0       0       0       0       0       0       0       0       0       0       
      +0       0
  1203 ;;      Locals:         0       0       0       0       0       0       0       0       0       0       0       0       
      +0       0
  1204 ;;      Temps:          0       0       0       0       0       0       0       0       0       0       0       0       
      +0       0
  1205 ;;      Totals:         0       0       0       0       0       0       0       0       0       0       0       0       
      +0       0
  1206 ;;Total ram usage:        0 bytes
  1207 ;; Hardware stack levels used: 1
  1208 ;; This function calls:
  1209 ;;		Nothing
  1210 ;; This function is called by:
  1211 ;;		_main
  1212 ;; This function uses a non-reentrant model
  1213 ;;
  1214                           
  1215     070A                     _init_punto11:	
  1216                           ;psect for function _init_punto11
  1217                           
  1218     070A                     l694:	
  1219                           ;incstack = 0
  1220                           ; Regs used in _init_punto11: [wreg+status,2]
  1221                           
  1222                           
  1223                           ;punto_11.c: 7:     TRISBbits.TRISB4 = 1;
  1224     070A  0021               	movlb	1	; select bank1
  1225     070B  160D               	bsf	13,4	;volatile
  1226                           
  1227                           ;punto_11.c: 8:     TRISBbits.TRISB5 = 1;
  1228     070C  168D               	bsf	13,5	;volatile
  1229                           
  1230                           ;punto_11.c: 9:     TRISBbits.TRISB6 = 1;
  1231     070D  170D               	bsf	13,6	;volatile
  1232                           
  1233                           ;punto_11.c: 10:     TRISBbits.TRISB7 = 1;
  1234     070E  178D               	bsf	13,7	;volatile
  1235                           
  1236                           ;punto_11.c: 12:     ANSELBbits.ANSB4 = 0;
  1237     070F  0023               	movlb	3	; select bank3
  1238     0710  120D               	bcf	13,4	;volatile
  1239                           
  1240                           ;punto_11.c: 13:     ANSELBbits.ANSB5 = 0;
  1241     0711  128D               	bcf	13,5	;volatile
  1242     0712                     l696:
  1243                           
  1244                           ;punto_11.c: 15:     TRISD = 0x00;
  1245     0712  0021               	movlb	1	; select bank1
  1246     0713  018F               	clrf	15	;volatile
  1247                           
  1248                           ;punto_11.c: 16:     LATD = 0x00;
  1249     0714  0022               	movlb	2	; select bank2
  1250     0715  018F               	clrf	15	;volatile
  1251     0716                     l698:
  1252                           
  1253                           ;punto_11.c: 18:     OPTION_REGbits.nWPUEN = 0;
  1254     0716  0021               	movlb	1	; select bank1
  1255     0717  1395               	bcf	21,7	;volatile
  1256     0718                     l700:
  1257                           
  1258                           ;punto_11.c: 19:     WPUB = 0xF0;
  1259     0718  30F0               	movlw	240
  1260     0719  0024               	movlb	4	; select bank4
  1261     071A  008D               	movwf	13	;volatile
  1262     071B                     l84:
  1263     071B  0008               	return
  1264     071C                     __end_of_init_punto11:
  1265                           
  1266                           	psect	text2
  1267     0707                     __ptext2:	
  1268 ;; *************** function _display_init *****************
  1269 ;; Defined at:
  1270 ;;		line 6 in file "sevenSeg.c"
  1271 ;; Parameters:    Size  Location     Type
  1272 ;;		None
  1273 ;; Auto vars:     Size  Location     Type
  1274 ;;		None
  1275 ;; Return value:  Size  Location     Type
  1276 ;;                  1    wreg      void 
  1277 ;; Registers used:
  1278 ;;		status,2
  1279 ;; Tracked objects:
  1280 ;;		On entry : 0/0
  1281 ;;		On exit  : 0/0
  1282 ;;		Unchanged: 0/0
  1283 ;; Data sizes:     COMMON   BANK0   BANK1   BANK2   BANK3   BANK4   BANK5   BANK6   BANK7   BANK8   BANK9  BANK10  BANK1
      +1  BANK12
  1284 ;;      Params:         0       0       0       0       0       0       0       0       0       0       0       0       
      +0       0
  1285 ;;      Locals:         0       0       0       0       0       0       0       0       0       0       0       0       
      +0       0
  1286 ;;      Temps:          0       0       0       0       0       0       0       0       0       0       0       0       
      +0       0
  1287 ;;      Totals:         0       0       0       0       0       0       0       0       0       0       0       0       
      +0       0
  1288 ;;Total ram usage:        0 bytes
  1289 ;; Hardware stack levels used: 1
  1290 ;; This function calls:
  1291 ;;		Nothing
  1292 ;; This function is called by:
  1293 ;;		_main
  1294 ;; This function uses a non-reentrant model
  1295 ;;
  1296                           
  1297     0707                     _display_init:	
  1298                           ;psect for function _display_init
  1299                           
  1300     0707                     l692:	
  1301                           ;incstack = 0
  1302                           ; Regs used in _display_init: [status,2]
  1303                           
  1304                           
  1305                           ;sevenSeg.c: 7:     TRISC = 0x00;
  1306     0707  0021               	movlb	1	; select bank1
  1307     0708  018E               	clrf	14	;volatile
  1308     0709                     l39:
  1309     0709  0008               	return
  1310     070A                     __end_of_display_init:
  1311                           
  1312                           	psect	text3
  1313     0777                     __ptext3:	
  1314 ;; *************** function _display_ac *****************
  1315 ;; Defined at:
  1316 ;;		line 9 in file "sevenSeg.c"
  1317 ;; Parameters:    Size  Location     Type
  1318 ;;  dig             1    wreg     unsigned char 
  1319 ;; Auto vars:     Size  Location     Type
  1320 ;;  dig             1    2[COMMON] unsigned char 
  1321 ;; Return value:  Size  Location     Type
  1322 ;;                  1    wreg      void 
  1323 ;; Registers used:
  1324 ;;		wreg, fsr0l, fsr0h, status,2, status,0
  1325 ;; Tracked objects:
  1326 ;;		On entry : 0/0
  1327 ;;		On exit  : 0/0
  1328 ;;		Unchanged: 0/0
  1329 ;; Data sizes:     COMMON   BANK0   BANK1   BANK2   BANK3   BANK4   BANK5   BANK6   BANK7   BANK8   BANK9  BANK10  BANK1
      +1  BANK12
  1330 ;;      Params:         0       0       0       0       0       0       0       0       0       0       0       0       
      +0       0
  1331 ;;      Locals:         1       0       0       0       0       0       0       0       0       0       0       0       
      +0       0
  1332 ;;      Temps:          2       0       0       0       0       0       0       0       0       0       0       0       
      +0       0
  1333 ;;      Totals:         3       0       0       0       0       0       0       0       0       0       0       0       
      +0       0
  1334 ;;Total ram usage:        3 bytes
  1335 ;; Hardware stack levels used: 1
  1336 ;; This function calls:
  1337 ;;		Nothing
  1338 ;; This function is called by:
  1339 ;;		_main
  1340 ;; This function uses a non-reentrant model
  1341 ;;
  1342                           
  1343     0777                     _display_ac:	
  1344                           ;psect for function _display_ac
  1345                           
  1346                           
  1347                           ;incstack = 0
  1348                           ; Regs used in _display_ac: [wreg-fsr0h+status,2+status,0]
  1349                           ;display_ac@dig stored from wreg
  1350     0777  00F2               	movwf	display_ac@dig
  1351     0778                     l702:
  1352                           
  1353                           ;sevenSeg.c: 10:     switch(dig){
  1354     0778  2FD3               	goto	l706
  1355     0779                     l43:	
  1356                           ;sevenSeg.c: 11:         case 0: LATCbits.LATC0 = 0;
  1357                           
  1358     0779  0022               	movlb	2	; select bank2
  1359     077A  100E               	bcf	14,0	;volatile
  1360                           
  1361                           ;sevenSeg.c: 12:                 LATCbits.LATC1 = 0;
  1362     077B  108E               	bcf	14,1	;volatile
  1363                           
  1364                           ;sevenSeg.c: 13:                 LATCbits.LATC2 = 0;
  1365     077C  110E               	bcf	14,2	;volatile
  1366                           
  1367                           ;sevenSeg.c: 14:                 LATCbits.LATC3 = 0;
  1368     077D  118E               	bcf	14,3	;volatile
  1369                           
  1370                           ;sevenSeg.c: 15:                 LATCbits.LATC4 = 0;
  1371     077E  120E               	bcf	14,4	;volatile
  1372                           
  1373                           ;sevenSeg.c: 16:                 LATCbits.LATC5 = 0;
  1374     077F  128E               	bcf	14,5	;volatile
  1375                           
  1376                           ;sevenSeg.c: 17:                 LATCbits.LATC6 = 1;
  1377     0780  170E               	bsf	14,6	;volatile
  1378                           
  1379                           ;sevenSeg.c: 18:                 break;
  1380     0781  2FFB               	goto	l54
  1381     0782                     l45:	
  1382                           ;sevenSeg.c: 20:         case 1: LATCbits.LATC0 = 1;
  1383                           
  1384     0782  0022               	movlb	2	; select bank2
  1385     0783  140E               	bsf	14,0	;volatile
  1386                           
  1387                           ;sevenSeg.c: 21:                 LATCbits.LATC1 = 0;
  1388     0784  108E               	bcf	14,1	;volatile
  1389                           
  1390                           ;sevenSeg.c: 22:                 LATCbits.LATC2 = 0;
  1391     0785  110E               	bcf	14,2	;volatile
  1392                           
  1393                           ;sevenSeg.c: 23:                 LATCbits.LATC3 = 1;
  1394     0786  158E               	bsf	14,3	;volatile
  1395                           
  1396                           ;sevenSeg.c: 24:                 LATCbits.LATC4 = 1;
  1397     0787  160E               	bsf	14,4	;volatile
  1398                           
  1399                           ;sevenSeg.c: 25:                 LATCbits.LATC5 = 1;
  1400     0788  168E               	bsf	14,5	;volatile
  1401                           
  1402                           ;sevenSeg.c: 26:                 LATCbits.LATC6 = 1;
  1403     0789  170E               	bsf	14,6	;volatile
  1404                           
  1405                           ;sevenSeg.c: 27:                 break;
  1406     078A  2FFB               	goto	l54
  1407     078B                     l46:	
  1408                           ;sevenSeg.c: 29:         case 2: LATCbits.LATC0 = 0;
  1409                           
  1410     078B  0022               	movlb	2	; select bank2
  1411     078C  100E               	bcf	14,0	;volatile
  1412                           
  1413                           ;sevenSeg.c: 30:                 LATCbits.LATC1 = 0;
  1414     078D  108E               	bcf	14,1	;volatile
  1415                           
  1416                           ;sevenSeg.c: 31:                 LATCbits.LATC2 = 1;
  1417     078E  150E               	bsf	14,2	;volatile
  1418                           
  1419                           ;sevenSeg.c: 32:                 LATCbits.LATC3 = 0;
  1420     078F  118E               	bcf	14,3	;volatile
  1421                           
  1422                           ;sevenSeg.c: 33:                 LATCbits.LATC4 = 0;
  1423     0790  120E               	bcf	14,4	;volatile
  1424                           
  1425                           ;sevenSeg.c: 34:                 LATCbits.LATC5 = 1;
  1426     0791  168E               	bsf	14,5	;volatile
  1427                           
  1428                           ;sevenSeg.c: 35:                 LATCbits.LATC6 = 0;
  1429     0792  130E               	bcf	14,6	;volatile
  1430                           
  1431                           ;sevenSeg.c: 36:                 break;
  1432     0793  2FFB               	goto	l54
  1433     0794                     l47:	
  1434                           ;sevenSeg.c: 38:         case 3: LATCbits.LATC0 = 0;
  1435                           
  1436     0794  0022               	movlb	2	; select bank2
  1437     0795  100E               	bcf	14,0	;volatile
  1438                           
  1439                           ;sevenSeg.c: 39:                 LATCbits.LATC1 = 0;
  1440     0796  108E               	bcf	14,1	;volatile
  1441                           
  1442                           ;sevenSeg.c: 40:                 LATCbits.LATC2 = 0;
  1443     0797  110E               	bcf	14,2	;volatile
  1444                           
  1445                           ;sevenSeg.c: 41:                 LATCbits.LATC3 = 0;
  1446     0798  118E               	bcf	14,3	;volatile
  1447                           
  1448                           ;sevenSeg.c: 42:                 LATCbits.LATC4 = 1;
  1449     0799  160E               	bsf	14,4	;volatile
  1450                           
  1451                           ;sevenSeg.c: 43:                 LATCbits.LATC5 = 1;
  1452     079A  168E               	bsf	14,5	;volatile
  1453                           
  1454                           ;sevenSeg.c: 44:                 LATCbits.LATC6 = 0;
  1455     079B  130E               	bcf	14,6	;volatile
  1456                           
  1457                           ;sevenSeg.c: 45:                 break;
  1458     079C  2FFB               	goto	l54
  1459     079D                     l48:	
  1460                           ;sevenSeg.c: 47:         case 4: LATCbits.LATC0 = 1;
  1461                           
  1462     079D  0022               	movlb	2	; select bank2
  1463     079E  140E               	bsf	14,0	;volatile
  1464                           
  1465                           ;sevenSeg.c: 48:                 LATCbits.LATC1 = 0;
  1466     079F  108E               	bcf	14,1	;volatile
  1467                           
  1468                           ;sevenSeg.c: 49:                 LATCbits.LATC2 = 0;
  1469     07A0  110E               	bcf	14,2	;volatile
  1470                           
  1471                           ;sevenSeg.c: 50:                 LATCbits.LATC3 = 1;
  1472     07A1  158E               	bsf	14,3	;volatile
  1473                           
  1474                           ;sevenSeg.c: 51:                 LATCbits.LATC4 = 1;
  1475     07A2  160E               	bsf	14,4	;volatile
  1476                           
  1477                           ;sevenSeg.c: 52:                 LATCbits.LATC5 = 0;
  1478     07A3  128E               	bcf	14,5	;volatile
  1479                           
  1480                           ;sevenSeg.c: 53:                 LATCbits.LATC6 = 0;
  1481     07A4  130E               	bcf	14,6	;volatile
  1482                           
  1483                           ;sevenSeg.c: 54:                 break;
  1484     07A5  2FFB               	goto	l54
  1485     07A6                     l49:	
  1486                           ;sevenSeg.c: 56:         case 5: LATCbits.LATC0 = 0;
  1487                           
  1488     07A6  0022               	movlb	2	; select bank2
  1489     07A7  100E               	bcf	14,0	;volatile
  1490                           
  1491                           ;sevenSeg.c: 57:                 LATCbits.LATC1 = 1;
  1492     07A8  148E               	bsf	14,1	;volatile
  1493                           
  1494                           ;sevenSeg.c: 58:                 LATCbits.LATC2 = 0;
  1495     07A9  110E               	bcf	14,2	;volatile
  1496                           
  1497                           ;sevenSeg.c: 59:                 LATCbits.LATC3 = 0;
  1498     07AA  118E               	bcf	14,3	;volatile
  1499                           
  1500                           ;sevenSeg.c: 60:                 LATCbits.LATC4 = 1;
  1501     07AB  160E               	bsf	14,4	;volatile
  1502                           
  1503                           ;sevenSeg.c: 61:                 LATCbits.LATC5 = 0;
  1504     07AC  128E               	bcf	14,5	;volatile
  1505                           
  1506                           ;sevenSeg.c: 62:                 LATCbits.LATC6 = 0;
  1507     07AD  130E               	bcf	14,6	;volatile
  1508                           
  1509                           ;sevenSeg.c: 63:                 break;
  1510     07AE  2FFB               	goto	l54
  1511     07AF                     l50:	
  1512                           ;sevenSeg.c: 65:         case 6: LATCbits.LATC0 = 0;
  1513                           
  1514     07AF  0022               	movlb	2	; select bank2
  1515     07B0  100E               	bcf	14,0	;volatile
  1516                           
  1517                           ;sevenSeg.c: 66:                 LATCbits.LATC1 = 1;
  1518     07B1  148E               	bsf	14,1	;volatile
  1519                           
  1520                           ;sevenSeg.c: 67:                 LATCbits.LATC2 = 0;
  1521     07B2  110E               	bcf	14,2	;volatile
  1522                           
  1523                           ;sevenSeg.c: 68:                 LATCbits.LATC3 = 0;
  1524     07B3  118E               	bcf	14,3	;volatile
  1525                           
  1526                           ;sevenSeg.c: 69:                 LATCbits.LATC4 = 0;
  1527     07B4  120E               	bcf	14,4	;volatile
  1528                           
  1529                           ;sevenSeg.c: 70:                 LATCbits.LATC5 = 0;
  1530     07B5  128E               	bcf	14,5	;volatile
  1531                           
  1532                           ;sevenSeg.c: 71:                 LATCbits.LATC6 = 0;
  1533     07B6  130E               	bcf	14,6	;volatile
  1534                           
  1535                           ;sevenSeg.c: 72:                 break;
  1536     07B7  2FFB               	goto	l54
  1537     07B8                     l51:	
  1538                           ;sevenSeg.c: 74:         case 7: LATCbits.LATC0 = 0;
  1539                           
  1540     07B8  0022               	movlb	2	; select bank2
  1541     07B9  100E               	bcf	14,0	;volatile
  1542                           
  1543                           ;sevenSeg.c: 75:                 LATCbits.LATC1 = 0;
  1544     07BA  108E               	bcf	14,1	;volatile
  1545                           
  1546                           ;sevenSeg.c: 76:                 LATCbits.LATC2 = 0;
  1547     07BB  110E               	bcf	14,2	;volatile
  1548                           
  1549                           ;sevenSeg.c: 77:                 LATCbits.LATC3 = 1;
  1550     07BC  158E               	bsf	14,3	;volatile
  1551                           
  1552                           ;sevenSeg.c: 78:                 LATCbits.LATC4 = 1;
  1553     07BD  160E               	bsf	14,4	;volatile
  1554                           
  1555                           ;sevenSeg.c: 79:                 LATCbits.LATC5 = 0;
  1556     07BE  128E               	bcf	14,5	;volatile
  1557                           
  1558                           ;sevenSeg.c: 80:                 LATCbits.LATC6 = 1;
  1559     07BF  170E               	bsf	14,6	;volatile
  1560                           
  1561                           ;sevenSeg.c: 81:                 break;
  1562     07C0  2FFB               	goto	l54
  1563     07C1                     l52:	
  1564                           ;sevenSeg.c: 83:         case 8: LATCbits.LATC0 = 0;
  1565                           
  1566     07C1  0022               	movlb	2	; select bank2
  1567     07C2  100E               	bcf	14,0	;volatile
  1568                           
  1569                           ;sevenSeg.c: 84:                 LATCbits.LATC1 = 0;
  1570     07C3  108E               	bcf	14,1	;volatile
  1571                           
  1572                           ;sevenSeg.c: 85:                 LATCbits.LATC2 = 0;
  1573     07C4  110E               	bcf	14,2	;volatile
  1574                           
  1575                           ;sevenSeg.c: 86:                 LATCbits.LATC3 = 0;
  1576     07C5  118E               	bcf	14,3	;volatile
  1577                           
  1578                           ;sevenSeg.c: 87:                 LATCbits.LATC4 = 0;
  1579     07C6  120E               	bcf	14,4	;volatile
  1580                           
  1581                           ;sevenSeg.c: 88:                 LATCbits.LATC5 = 0;
  1582     07C7  128E               	bcf	14,5	;volatile
  1583                           
  1584                           ;sevenSeg.c: 89:                 LATCbits.LATC6 = 0;
  1585     07C8  130E               	bcf	14,6	;volatile
  1586                           
  1587                           ;sevenSeg.c: 90:                 break;
  1588     07C9  2FFB               	goto	l54
  1589     07CA                     l53:	
  1590                           ;sevenSeg.c: 92:         case 9: LATCbits.LATC0 = 0;
  1591                           
  1592     07CA  0022               	movlb	2	; select bank2
  1593     07CB  100E               	bcf	14,0	;volatile
  1594                           
  1595                           ;sevenSeg.c: 93:                 LATCbits.LATC1 = 0;
  1596     07CC  108E               	bcf	14,1	;volatile
  1597                           
  1598                           ;sevenSeg.c: 94:                 LATCbits.LATC2 = 0;
  1599     07CD  110E               	bcf	14,2	;volatile
  1600                           
  1601                           ;sevenSeg.c: 95:                 LATCbits.LATC3 = 0;
  1602     07CE  118E               	bcf	14,3	;volatile
  1603                           
  1604                           ;sevenSeg.c: 96:                 LATCbits.LATC4 = 1;
  1605     07CF  160E               	bsf	14,4	;volatile
  1606                           
  1607                           ;sevenSeg.c: 97:                 LATCbits.LATC5 = 0;
  1608     07D0  128E               	bcf	14,5	;volatile
  1609                           
  1610                           ;sevenSeg.c: 98:                 LATCbits.LATC6 = 0;
  1611     07D1  130E               	bcf	14,6	;volatile
  1612                           
  1613                           ;sevenSeg.c: 99:                 break;
  1614     07D2  2FFB               	goto	l54
  1615     07D3                     l706:
  1616     07D3  0872               	movf	display_ac@dig,w
  1617     07D4  00F0               	movwf	??_display_ac
  1618     07D5  01F1               	clrf	??_display_ac+1
  1619                           
  1620                           ; Switch on 2 bytes has been partitioned into a top level switch of size 1, and 1 sub-sw
      +                          itches
  1621                           ; Switch size 1, requested type "simple"
  1622                           ; Number of cases is 1, Range of values is 0 to 0
  1623                           ; switch strategies available:
  1624                           ; Name         Instructions Cycles
  1625                           ; simple_byte            4     3 (average)
  1626                           ; direct_byte            8     6 (fixed)
  1627                           ; jumptable            260     6 (fixed)
  1628                           ;	Chosen strategy is simple_byte
  1629     07D6  0871               	movf	??_display_ac+1,w
  1630     07D7  3A00               	xorlw	0	; case 0
  1631     07D8  1903               	skipnz
  1632     07D9  2FDB               	goto	l778
  1633     07DA  2FFB               	goto	l54
  1634     07DB                     l778:
  1635                           
  1636                           ; Switch size 1, requested type "simple"
  1637                           ; Number of cases is 10, Range of values is 0 to 9
  1638                           ; switch strategies available:
  1639                           ; Name         Instructions Cycles
  1640                           ; direct_byte           26     6 (fixed)
  1641                           ; simple_byte           31    16 (average)
  1642                           ; jumptable            260     6 (fixed)
  1643                           ;	Chosen strategy is simple_byte
  1644     07DB  0870               	movf	??_display_ac,w
  1645     07DC  3A00               	xorlw	0	; case 0
  1646     07DD  1903               	skipnz
  1647     07DE  2F79               	goto	l43
  1648     07DF  3A01               	xorlw	1	; case 1
  1649     07E0  1903               	skipnz
  1650     07E1  2F82               	goto	l45
  1651     07E2  3A03               	xorlw	3	; case 2
  1652     07E3  1903               	skipnz
  1653     07E4  2F8B               	goto	l46
  1654     07E5  3A01               	xorlw	1	; case 3
  1655     07E6  1903               	skipnz
  1656     07E7  2F94               	goto	l47
  1657     07E8  3A07               	xorlw	7	; case 4
  1658     07E9  1903               	skipnz
  1659     07EA  2F9D               	goto	l48
  1660     07EB  3A01               	xorlw	1	; case 5
  1661     07EC  1903               	skipnz
  1662     07ED  2FA6               	goto	l49
  1663     07EE  3A03               	xorlw	3	; case 6
  1664     07EF  1903               	skipnz
  1665     07F0  2FAF               	goto	l50
  1666     07F1  3A01               	xorlw	1	; case 7
  1667     07F2  1903               	skipnz
  1668     07F3  2FB8               	goto	l51
  1669     07F4  3A0F               	xorlw	15	; case 8
  1670     07F5  1903               	skipnz
  1671     07F6  2FC1               	goto	l52
  1672     07F7  3A01               	xorlw	1	; case 9
  1673     07F8  1903               	skipnz
  1674     07F9  2FCA               	goto	l53
  1675     07FA  2FFB               	goto	l54
  1676     07FB                     l54:
  1677     07FB  0008               	return
  1678     07FC                     __end_of_display_ac:
  1679     007E                     btemp	set	126	;btemp
  1680     007E                     wtemp0	set	126
  1681                           
  1682                           	psect	config
  1683                           
  1684                           ;Config register CONFIG1 @ 0x8007
  1685                           ;	Oscillator Selection
  1686                           ;	FOSC = HS, HS Oscillator, High-speed crystal/resonator connected between OSC1 and OSC2
      +                           pins
  1687                           ;	Watchdog Timer Enable
  1688                           ;	WDTE = OFF, WDT disabled
  1689                           ;	Power-up Timer Enable
  1690                           ;	PWRTE = OFF, PWRT disabled
  1691                           ;	MCLR Pin Function Select
  1692                           ;	MCLRE = ON, MCLR/VPP pin function is MCLR
  1693                           ;	Flash Program Memory Code Protection
  1694                           ;	CP = OFF, Program memory code protection is disabled
  1695                           ;	Data Memory Code Protection
  1696                           ;	CPD = OFF, Data memory code protection is disabled
  1697                           ;	Brown-out Reset Enable
  1698                           ;	BOREN = ON, Brown-out Reset enabled
  1699                           ;	Clock Out Enable
  1700                           ;	CLKOUTEN = OFF, CLKOUT function is disabled. I/O or oscillator function on the CLKOUT 
      +                          pin
  1701                           ;	Internal/External Switchover
  1702                           ;	IESO = ON, Internal/External Switchover mode is enabled
  1703                           ;	Fail-Safe Clock Monitor Enable
  1704                           ;	FCMEN = ON, Fail-Safe Clock Monitor is enabled
  1705     8007                     	org	32775
  1706     8007  3FE2               	dw	16354
  1707                           
  1708                           ;Config register CONFIG2 @ 0x8008
  1709                           ;	Flash Memory Self-Write Protection
  1710                           ;	WRT = OFF, Write protection off
  1711                           ;	Voltage Regulator Capacitor Enable
  1712                           ;	VCAPEN = OFF, All VCAP pin functionality is disabled
  1713                           ;	PLL Enable
  1714                           ;	PLLEN = OFF, 4x PLL disabled
  1715                           ;	Stack Overflow/Underflow Reset Enable
  1716                           ;	STVREN = ON, Stack Overflow or Underflow will cause a Reset
  1717                           ;	Brown-out Reset Voltage Selection
  1718                           ;	BORV = LO, Brown-out Reset Voltage (Vbor), low trip point selected.
  1719                           ;	Low-Voltage Programming Enable
  1720                           ;	LVP = ON, Low-voltage programming enabled
  1721     8008                     	org	32776
  1722     8008  3EFF               	dw	16127

Data Sizes:
    Strings     0
    Constant    0
    Data        0
    BSS         1
    Persistent  32
    Stack       0

Auto Spaces:
    Space          Size  Autos    Used
    COMMON           14      5       6
    BANK0            80      0       0
    BANK1            80      0       0
    BANK2            80      0       0
    BANK3            80      0       0
    BANK4            80      0       0
    BANK5            80      0       0
    BANK6            80      0       0
    BANK7            80      0       0
    BANK8            80      0       0
    BANK9            80      0       0
    BANK10           80      0       0
    BANK11           80      0       0
    BANK12           48      0       0

Pointer List with Targets:

    None.

Critical Paths under _main in COMMON

    _main->_display_ac

Critical Paths under _main in BANK0

    None.

Critical Paths under _main in BANK1

    None.

Critical Paths under _main in BANK2

    None.

Critical Paths under _main in BANK3

    None.

Critical Paths under _main in BANK4

    None.

Critical Paths under _main in BANK5

    None.

Critical Paths under _main in BANK6

    None.

Critical Paths under _main in BANK7

    None.

Critical Paths under _main in BANK8

    None.

Critical Paths under _main in BANK9

    None.

Critical Paths under _main in BANK10

    None.

Critical Paths under _main in BANK11

    None.

Critical Paths under _main in BANK12

    None.

Call Graph Tables:

 ---------------------------------------------------------------------------------
 (Depth) Function   	        Calls       Base Space   Used Autos Params    Refs
 ---------------------------------------------------------------------------------
 (0) _main                                                 2     2      0      15
                                              3 COMMON     2     2      0
                         _display_ac
                       _display_init
                       _init_punto11
 ---------------------------------------------------------------------------------
 (1) _init_punto11                                         0     0      0       0
 ---------------------------------------------------------------------------------
 (1) _display_init                                         0     0      0       0
 ---------------------------------------------------------------------------------
 (1) _display_ac                                           3     3      0      15
                                              0 COMMON     3     3      0
 ---------------------------------------------------------------------------------
 Estimated maximum stack depth 1
 ---------------------------------------------------------------------------------

 Call Graph Graphs:

 _main (ROOT)
   _display_ac
   _display_init
   _init_punto11

 Address spaces:
Name               Size   Autos  Total    Cost      Usage
BIGRAM             3F0      0       0       0        0.0%
EEDATA             100      0       0       0        0.0%
NULL                 0      0       0       0        0.0%
CODE                 0      0       0       0        0.0%
BITCOMMON            E      0       0       1        0.0%
BITSFR0              0      0       0       1        0.0%
SFR0                 0      0       0       1        0.0%
COMMON               E      5       6       2       42.9%
BITSFR1              0      0       0       2        0.0%
SFR1                 0      0       0       2        0.0%
BITSFR2              0      0       0       3        0.0%
SFR2                 0      0       0       3        0.0%
STACK                0      0       0       3        0.0%
BITBANK0            50      0       0       4        0.0%
BITSFR3              0      0       0       4        0.0%
SFR3                 0      0       0       4        0.0%
BANK0               50      0       0       5        0.0%
BITSFR4              0      0       0       5        0.0%
SFR4                 0      0       0       5        0.0%
BITBANK1            50      0       0       6        0.0%
BITSFR5              0      0       0       6        0.0%
SFR5                 0      0       0       6        0.0%
BANK1               50      0       0       7        0.0%
BITSFR6              0      0       0       7        0.0%
SFR6                 0      0       0       7        0.0%
BITBANK2            50      0       0       8        0.0%
BITSFR7              0      0       0       8        0.0%
SFR7                 0      0       0       8        0.0%
BANK2               50      0       0       9        0.0%
BITSFR8              0      0       0       9        0.0%
SFR8                 0      0       0       9        0.0%
BITBANK3            50      0       0      10        0.0%
BITSFR9              0      0       0      10        0.0%
SFR9                 0      0       0      10        0.0%
BANK3               50      0       0      11        0.0%
BITSFR10             0      0       0      11        0.0%
SFR10                0      0       0      11        0.0%
BITBANK4            50      0       0      12        0.0%
BITSFR11             0      0       0      12        0.0%
SFR11                0      0       0      12        0.0%
BANK4               50      0       0      13        0.0%
BITSFR12             0      0       0      13        0.0%
SFR12                0      0       0      13        0.0%
BITBANK5            50      0       0      14        0.0%
BITSFR13             0      0       0      14        0.0%
SFR13                0      0       0      14        0.0%
BANK5               50      0       0      15        0.0%
BITSFR14             0      0       0      15        0.0%
SFR14                0      0       0      15        0.0%
BITBANK6            50      0       0      16        0.0%
BITSFR15             0      0       0      16        0.0%
SFR15                0      0       0      16        0.0%
BANK6               50      0       0      17        0.0%
BITSFR16             0      0       0      17        0.0%
SFR16                0      0       0      17        0.0%
BITBANK7            50      0       0      18        0.0%
BITSFR17             0      0       0      18        0.0%
SFR17                0      0       0      18        0.0%
BANK7               50      0       0      19        0.0%
BITSFR18             0      0       0      19        0.0%
SFR18                0      0       0      19        0.0%
BITSFR19             0      0       0      20        0.0%
SFR19                0      0       0      20        0.0%
ABS                  0      0       6      20        0.0%
BITBANK8            50      0       0      21        0.0%
BITSFR20             0      0       0      21        0.0%
SFR20                0      0       0      21        0.0%
BANK8               50      0       0      22        0.0%
BITSFR21             0      0       0      22        0.0%
SFR21                0      0       0      22        0.0%
BITBANK9            50      0       0      23        0.0%
BITSFR22             0      0       0      23        0.0%
SFR22                0      0       0      23        0.0%
BANK9               50      0       0      24        0.0%
BITSFR23             0      0       0      24        0.0%
SFR23                0      0       0      24        0.0%
BITBANK10           50      0       0      25        0.0%
BITSFR24             0      0       0      25        0.0%
SFR24                0      0       0      25        0.0%
BANK10              50      0       0      26        0.0%
BITSFR25             0      0       0      26        0.0%
SFR25                0      0       0      26        0.0%
BITBANK11           50      0       0      27        0.0%
BITSFR26             0      0       0      27        0.0%
SFR26                0      0       0      27        0.0%
BANK11              50      0       0      28        0.0%
BITSFR27             0      0       0      28        0.0%
SFR27                0      0       0      28        0.0%
BITBANK12           30      0       0      29        0.0%
BITSFR28             0      0       0      29        0.0%
SFR28                0      0       0      29        0.0%
BANK12              30      0       0      30        0.0%
BITSFR29             0      0       0      30        0.0%
SFR29                0      0       0      30        0.0%
BITSFR30             0      0       0      31        0.0%
SFR30                0      0       0      31        0.0%
DATA                 0      0       6      31        0.0%
BITSFR31             0      0       0      32        0.0%
SFR31                0      0       0      32        0.0%


Microchip Technology PIC Macro Assembler V2.41 build 20230208172133 
Symbol Table                                                                                   Fri Sep 08 02:13:56 2023

                     l21 074F                       l50 07AF                       l26 0763  
                     l51 07B8                       l43 0779                       l52 07C1  
                     l53 07CA                       l45 0782                       l46 078B  
                     l54 07FB                       l47 0794                       l39 0709  
                     l48 079D                       l49 07A6                       l84 071B  
                     u10 072C                       u11 072B                       u30 073D  
                     u31 073C                       u24 0731                       u25 0730  
                     u50 074F                       u51 074E                       u60 0753  
                     u44 0742                       u61 0752                       u45 0741  
                     u70 075E                       u71 075D                       u80 0763  
                     u81 0762                       u90 0767                       u91 0766  
                    l700 0718                      l702 0778                      l720 0727  
                    l712 071C                      l706 07D3                      l722 072C  
                    l714 071F                      l732 0753                      l724 0738  
                    l716 0722                      l742 0767                      l734 0757  
                    l726 073D                      l718 0723                      l744 076B  
                    l736 075E                      l728 074A                      l746 0772  
                    l738 075F                      l692 0707                      l694 070A  
                    l696 0712                      l778 07DB                      l698 0716  
          ?_display_init 0070                      u100 0772                      u101 0771  
                    _dig 0075                      wreg 0009                     _LATD 010F  
                   _WPUB 020D                     _main 071C                     btemp 007E  
                   start 0002           ??_display_init 0070                    ?_main 0070  
                  _TRISC 008E                    _TRISD 008F                    wtemp0 007E  
        __initialization 07FC             __end_of_main 0777                   ??_main 0073  
          ?_init_punto11 0070            display_ac@dig 0072  __end_of__initialization 07FD  
   __end_of_display_init 070A           ??_init_punto11 0070           __pcstackCOMMON 0070  
         _OPTION_REGbits 0095               __pmaintext 071C               _display_ac 0777  
                __ptext1 070A                  __ptext2 0707                  __ptext3 0777  
   __end_of_init_punto11 071C     end_of_initialization 07FD                _PORTBbits 000D  
           _display_init 0707                _TRISBbits 008D              ?_display_ac 0070  
    start_initialization 07FC              __pbssCOMMON 0075                ___latbits 0003  
           _init_punto11 070A                 _LATCbits 010E             ??_display_ac 0070  
     __end_of_display_ac 07FC               _ANSELBbits 018D  
