

Microchip MPLAB XC8 Assembler V2.41 build 20230208172133 
                                                                                               Thu Aug 31 01:32:08 2023

Microchip MPLAB XC8 C Compiler v2.41 (Free license) build 20230208172133 Og1 
     1                           	processor	16F1939
     2                           	pagewidth 120
     3                           	opt	flic
     4                           	psect	nvCOMMON,global,class=COMMON,space=1,delta=1,noexec
     5                           	psect	cinit,global,class=CODE,merge=1,delta=2
     6                           	psect	bssCOMMON,global,class=COMMON,space=1,delta=1,noexec
     7                           	psect	cstackCOMMON,global,class=COMMON,space=1,delta=1,noexec
     8                           	psect	maintext,global,class=CODE,merge=1,split=1,delta=2
     9                           	psect	text1,local,class=CODE,merge=1,delta=2
    10                           	psect	text2,local,class=CODE,merge=1,delta=2,group=1
    11                           	psect	text3,local,class=CODE,merge=1,delta=2,group=1
    12                           	psect	config,global,abs,ovrld,class=CONFIG,space=4,delta=2,noexec
    13                           	dabs	1,0x7E,2
    14     0000                     
    15                           ; Generated 06/07/2023 GMT
    16                           ; 
    17                           ; Copyright © 2023, Microchip Technology Inc. and its subsidiaries ("Microchip")
    18                           ; All rights reserved.
    19                           ; 
    20                           ; This software is developed by Microchip Technology Inc. and its subsidiaries ("Microch
      +                          ip").
    21                           ; 
    22                           ; Redistribution and use in source and binary forms, with or without modification, are
    23                           ; permitted provided that the following conditions are met:
    24                           ; 
    25                           ;     1. Redistributions of source code must retain the above copyright notice, this lis
      +                          t of
    26                           ;        conditions and the following disclaimer.
    27                           ; 
    28                           ;     2. Redistributions in binary form must reproduce the above copyright notice, this 
      +                          list
    29                           ;        of conditions and the following disclaimer in the documentation and/or other
    30                           ;        materials provided with the distribution. Publication is not required when
    31                           ;        this file is used in an embedded application.
    32                           ; 
    33                           ;     3. Microchip's name may not be used to endorse or promote products derived from th
      +                          is
    34                           ;        software without specific prior written permission.
    35                           ; 
    36                           ; THIS SOFTWARE IS PROVIDED BY MICROCHIP "AS IS" AND ANY EXPRESS OR IMPLIED WARRANTIES,
    37                           ; INCLUDING, BUT NOT LIMITED TO, THE IMPLIED WARRANTIES OF MERCHANTABILITY AND FITNESS F
      +                          OR
    38                           ; PURPOSE ARE DISCLAIMED.  IN NO EVENT SHALL MICROCHIP BE LIABLE FOR ANY DIRECT, INDIREC
      +                          T,
    39                           ; INCIDENTAL, SPECIAL, EXEMPLARY, OR CONSEQUENTIAL DAMAGES (INCLUDING BUT NOT LIMITED TO
    40                           ; PROCUREMENT OF SUBSTITUTE GOODS OR SERVICES; LOSS OF USE, DATA OR PROFITS; OR BUSINESS
    41                           ; INTERRUPTION) HOWSOEVER CAUSED AND ON ANY THEORY OF LIABILITY, WHETHER IN CONTRACT, ST
      +                          RICT
    42                           ; LIABILITY, OR TORT (INCLUDING NEGLIGENCE OR OTHERWISE) ARISING IN ANY WAY OUT OF THE U
      +                          SE OF
    43                           ; THIS SOFTWARE, EVEN IF ADVISED OF THE POSSIBILITY OF SUCH DAMAGE.
    44                           ; 
    45                           ; 
    46                           ; Code-generator required, PIC16F1939 Definitions
    47                           ; 
    48                           ; SFR Addresses
    49     0000                     	;# 
    50     0001                     	;# 
    51     0002                     	;# 
    52     0003                     	;# 
    53     0004                     	;# 
    54     0005                     	;# 
    55     0006                     	;# 
    56     0007                     	;# 
    57     0008                     	;# 
    58     0009                     	;# 
    59     000A                     	;# 
    60     000B                     	;# 
    61     000C                     	;# 
    62     000D                     	;# 
    63     000E                     	;# 
    64     000F                     	;# 
    65     0010                     	;# 
    66     0011                     	;# 
    67     0012                     	;# 
    68     0013                     	;# 
    69     0015                     	;# 
    70     0016                     	;# 
    71     0016                     	;# 
    72     0017                     	;# 
    73     0018                     	;# 
    74     0019                     	;# 
    75     001A                     	;# 
    76     001B                     	;# 
    77     001C                     	;# 
    78     001E                     	;# 
    79     001F                     	;# 
    80     008C                     	;# 
    81     008D                     	;# 
    82     008E                     	;# 
    83     008F                     	;# 
    84     0090                     	;# 
    85     0091                     	;# 
    86     0092                     	;# 
    87     0093                     	;# 
    88     0095                     	;# 
    89     0096                     	;# 
    90     0097                     	;# 
    91     0098                     	;# 
    92     0099                     	;# 
    93     009A                     	;# 
    94     009B                     	;# 
    95     009B                     	;# 
    96     009C                     	;# 
    97     009D                     	;# 
    98     009E                     	;# 
    99     010C                     	;# 
   100     010D                     	;# 
   101     010E                     	;# 
   102     010F                     	;# 
   103     0110                     	;# 
   104     0111                     	;# 
   105     0112                     	;# 
   106     0113                     	;# 
   107     0114                     	;# 
   108     0115                     	;# 
   109     0116                     	;# 
   110     0117                     	;# 
   111     0118                     	;# 
   112     0119                     	;# 
   113     011A                     	;# 
   114     011B                     	;# 
   115     011D                     	;# 
   116     018C                     	;# 
   117     018D                     	;# 
   118     018F                     	;# 
   119     0190                     	;# 
   120     0191                     	;# 
   121     0191                     	;# 
   122     0192                     	;# 
   123     0193                     	;# 
   124     0193                     	;# 
   125     0193                     	;# 
   126     0194                     	;# 
   127     0195                     	;# 
   128     0196                     	;# 
   129     0199                     	;# 
   130     019A                     	;# 
   131     019B                     	;# 
   132     019B                     	;# 
   133     019B                     	;# 
   134     019B                     	;# 
   135     019C                     	;# 
   136     019C                     	;# 
   137     019D                     	;# 
   138     019E                     	;# 
   139     019F                     	;# 
   140     020D                     	;# 
   141     0210                     	;# 
   142     0211                     	;# 
   143     0212                     	;# 
   144     0213                     	;# 
   145     0214                     	;# 
   146     0215                     	;# 
   147     0215                     	;# 
   148     0216                     	;# 
   149     0217                     	;# 
   150     0291                     	;# 
   151     0291                     	;# 
   152     0292                     	;# 
   153     0293                     	;# 
   154     0294                     	;# 
   155     0295                     	;# 
   156     0295                     	;# 
   157     0296                     	;# 
   158     0298                     	;# 
   159     0298                     	;# 
   160     0299                     	;# 
   161     029A                     	;# 
   162     029B                     	;# 
   163     029C                     	;# 
   164     029C                     	;# 
   165     029D                     	;# 
   166     029E                     	;# 
   167     029F                     	;# 
   168     0311                     	;# 
   169     0311                     	;# 
   170     0312                     	;# 
   171     0313                     	;# 
   172     0314                     	;# 
   173     0315                     	;# 
   174     0315                     	;# 
   175     0316                     	;# 
   176     0318                     	;# 
   177     0318                     	;# 
   178     0319                     	;# 
   179     031A                     	;# 
   180     031C                     	;# 
   181     031C                     	;# 
   182     031D                     	;# 
   183     031E                     	;# 
   184     0394                     	;# 
   185     0395                     	;# 
   186     0396                     	;# 
   187     0415                     	;# 
   188     0416                     	;# 
   189     0417                     	;# 
   190     041C                     	;# 
   191     041D                     	;# 
   192     041E                     	;# 
   193     0791                     	;# 
   194     0792                     	;# 
   195     0793                     	;# 
   196     0794                     	;# 
   197     0795                     	;# 
   198     0798                     	;# 
   199     0799                     	;# 
   200     079A                     	;# 
   201     07A0                     	;# 
   202     07A1                     	;# 
   203     07A2                     	;# 
   204     07A3                     	;# 
   205     07A4                     	;# 
   206     07A5                     	;# 
   207     07A6                     	;# 
   208     07A7                     	;# 
   209     07A8                     	;# 
   210     07A9                     	;# 
   211     07AA                     	;# 
   212     07AB                     	;# 
   213     0FE4                     	;# 
   214     0FE5                     	;# 
   215     0FE6                     	;# 
   216     0FE7                     	;# 
   217     0FE8                     	;# 
   218     0FE9                     	;# 
   219     0FEA                     	;# 
   220     0FEB                     	;# 
   221     0FED                     	;# 
   222     0FEE                     	;# 
   223     0FEF                     	;# 
   224     0000                     	;# 
   225     0001                     	;# 
   226     0002                     	;# 
   227     0003                     	;# 
   228     0004                     	;# 
   229     0005                     	;# 
   230     0006                     	;# 
   231     0007                     	;# 
   232     0008                     	;# 
   233     0009                     	;# 
   234     000A                     	;# 
   235     000B                     	;# 
   236     000C                     	;# 
   237     000D                     	;# 
   238     000E                     	;# 
   239     000F                     	;# 
   240     0010                     	;# 
   241     0011                     	;# 
   242     0012                     	;# 
   243     0013                     	;# 
   244     0015                     	;# 
   245     0016                     	;# 
   246     0016                     	;# 
   247     0017                     	;# 
   248     0018                     	;# 
   249     0019                     	;# 
   250     001A                     	;# 
   251     001B                     	;# 
   252     001C                     	;# 
   253     001E                     	;# 
   254     001F                     	;# 
   255     008C                     	;# 
   256     008D                     	;# 
   257     008E                     	;# 
   258     008F                     	;# 
   259     0090                     	;# 
   260     0091                     	;# 
   261     0092                     	;# 
   262     0093                     	;# 
   263     0095                     	;# 
   264     0096                     	;# 
   265     0097                     	;# 
   266     0098                     	;# 
   267     0099                     	;# 
   268     009A                     	;# 
   269     009B                     	;# 
   270     009B                     	;# 
   271     009C                     	;# 
   272     009D                     	;# 
   273     009E                     	;# 
   274     010C                     	;# 
   275     010D                     	;# 
   276     010E                     	;# 
   277     010F                     	;# 
   278     0110                     	;# 
   279     0111                     	;# 
   280     0112                     	;# 
   281     0113                     	;# 
   282     0114                     	;# 
   283     0115                     	;# 
   284     0116                     	;# 
   285     0117                     	;# 
   286     0118                     	;# 
   287     0119                     	;# 
   288     011A                     	;# 
   289     011B                     	;# 
   290     011D                     	;# 
   291     018C                     	;# 
   292     018D                     	;# 
   293     018F                     	;# 
   294     0190                     	;# 
   295     0191                     	;# 
   296     0191                     	;# 
   297     0192                     	;# 
   298     0193                     	;# 
   299     0193                     	;# 
   300     0193                     	;# 
   301     0194                     	;# 
   302     0195                     	;# 
   303     0196                     	;# 
   304     0199                     	;# 
   305     019A                     	;# 
   306     019B                     	;# 
   307     019B                     	;# 
   308     019B                     	;# 
   309     019B                     	;# 
   310     019C                     	;# 
   311     019C                     	;# 
   312     019D                     	;# 
   313     019E                     	;# 
   314     019F                     	;# 
   315     020D                     	;# 
   316     0210                     	;# 
   317     0211                     	;# 
   318     0212                     	;# 
   319     0213                     	;# 
   320     0214                     	;# 
   321     0215                     	;# 
   322     0215                     	;# 
   323     0216                     	;# 
   324     0217                     	;# 
   325     0291                     	;# 
   326     0291                     	;# 
   327     0292                     	;# 
   328     0293                     	;# 
   329     0294                     	;# 
   330     0295                     	;# 
   331     0295                     	;# 
   332     0296                     	;# 
   333     0298                     	;# 
   334     0298                     	;# 
   335     0299                     	;# 
   336     029A                     	;# 
   337     029B                     	;# 
   338     029C                     	;# 
   339     029C                     	;# 
   340     029D                     	;# 
   341     029E                     	;# 
   342     029F                     	;# 
   343     0311                     	;# 
   344     0311                     	;# 
   345     0312                     	;# 
   346     0313                     	;# 
   347     0314                     	;# 
   348     0315                     	;# 
   349     0315                     	;# 
   350     0316                     	;# 
   351     0318                     	;# 
   352     0318                     	;# 
   353     0319                     	;# 
   354     031A                     	;# 
   355     031C                     	;# 
   356     031C                     	;# 
   357     031D                     	;# 
   358     031E                     	;# 
   359     0394                     	;# 
   360     0395                     	;# 
   361     0396                     	;# 
   362     0415                     	;# 
   363     0416                     	;# 
   364     0417                     	;# 
   365     041C                     	;# 
   366     041D                     	;# 
   367     041E                     	;# 
   368     0791                     	;# 
   369     0792                     	;# 
   370     0793                     	;# 
   371     0794                     	;# 
   372     0795                     	;# 
   373     0798                     	;# 
   374     0799                     	;# 
   375     079A                     	;# 
   376     07A0                     	;# 
   377     07A1                     	;# 
   378     07A2                     	;# 
   379     07A3                     	;# 
   380     07A4                     	;# 
   381     07A5                     	;# 
   382     07A6                     	;# 
   383     07A7                     	;# 
   384     07A8                     	;# 
   385     07A9                     	;# 
   386     07AA                     	;# 
   387     07AB                     	;# 
   388     0FE4                     	;# 
   389     0FE5                     	;# 
   390     0FE6                     	;# 
   391     0FE7                     	;# 
   392     0FE8                     	;# 
   393     0FE9                     	;# 
   394     0FEA                     	;# 
   395     0FEB                     	;# 
   396     0FED                     	;# 
   397     0FEE                     	;# 
   398     0FEF                     	;# 
   399     0000                     	;# 
   400     0001                     	;# 
   401     0002                     	;# 
   402     0003                     	;# 
   403     0004                     	;# 
   404     0005                     	;# 
   405     0006                     	;# 
   406     0007                     	;# 
   407     0008                     	;# 
   408     0009                     	;# 
   409     000A                     	;# 
   410     000B                     	;# 
   411     000C                     	;# 
   412     000D                     	;# 
   413     000E                     	;# 
   414     000F                     	;# 
   415     0010                     	;# 
   416     0011                     	;# 
   417     0012                     	;# 
   418     0013                     	;# 
   419     0015                     	;# 
   420     0016                     	;# 
   421     0016                     	;# 
   422     0017                     	;# 
   423     0018                     	;# 
   424     0019                     	;# 
   425     001A                     	;# 
   426     001B                     	;# 
   427     001C                     	;# 
   428     001E                     	;# 
   429     001F                     	;# 
   430     008C                     	;# 
   431     008D                     	;# 
   432     008E                     	;# 
   433     008F                     	;# 
   434     0090                     	;# 
   435     0091                     	;# 
   436     0092                     	;# 
   437     0093                     	;# 
   438     0095                     	;# 
   439     0096                     	;# 
   440     0097                     	;# 
   441     0098                     	;# 
   442     0099                     	;# 
   443     009A                     	;# 
   444     009B                     	;# 
   445     009B                     	;# 
   446     009C                     	;# 
   447     009D                     	;# 
   448     009E                     	;# 
   449     010C                     	;# 
   450     010D                     	;# 
   451     010E                     	;# 
   452     010F                     	;# 
   453     0110                     	;# 
   454     0111                     	;# 
   455     0112                     	;# 
   456     0113                     	;# 
   457     0114                     	;# 
   458     0115                     	;# 
   459     0116                     	;# 
   460     0117                     	;# 
   461     0118                     	;# 
   462     0119                     	;# 
   463     011A                     	;# 
   464     011B                     	;# 
   465     011D                     	;# 
   466     018C                     	;# 
   467     018D                     	;# 
   468     018F                     	;# 
   469     0190                     	;# 
   470     0191                     	;# 
   471     0191                     	;# 
   472     0192                     	;# 
   473     0193                     	;# 
   474     0193                     	;# 
   475     0193                     	;# 
   476     0194                     	;# 
   477     0195                     	;# 
   478     0196                     	;# 
   479     0199                     	;# 
   480     019A                     	;# 
   481     019B                     	;# 
   482     019B                     	;# 
   483     019B                     	;# 
   484     019B                     	;# 
   485     019C                     	;# 
   486     019C                     	;# 
   487     019D                     	;# 
   488     019E                     	;# 
   489     019F                     	;# 
   490     020D                     	;# 
   491     0210                     	;# 
   492     0211                     	;# 
   493     0212                     	;# 
   494     0213                     	;# 
   495     0214                     	;# 
   496     0215                     	;# 
   497     0215                     	;# 
   498     0216                     	;# 
   499     0217                     	;# 
   500     0291                     	;# 
   501     0291                     	;# 
   502     0292                     	;# 
   503     0293                     	;# 
   504     0294                     	;# 
   505     0295                     	;# 
   506     0295                     	;# 
   507     0296                     	;# 
   508     0298                     	;# 
   509     0298                     	;# 
   510     0299                     	;# 
   511     029A                     	;# 
   512     029B                     	;# 
   513     029C                     	;# 
   514     029C                     	;# 
   515     029D                     	;# 
   516     029E                     	;# 
   517     029F                     	;# 
   518     0311                     	;# 
   519     0311                     	;# 
   520     0312                     	;# 
   521     0313                     	;# 
   522     0314                     	;# 
   523     0315                     	;# 
   524     0315                     	;# 
   525     0316                     	;# 
   526     0318                     	;# 
   527     0318                     	;# 
   528     0319                     	;# 
   529     031A                     	;# 
   530     031C                     	;# 
   531     031C                     	;# 
   532     031D                     	;# 
   533     031E                     	;# 
   534     0394                     	;# 
   535     0395                     	;# 
   536     0396                     	;# 
   537     0415                     	;# 
   538     0416                     	;# 
   539     0417                     	;# 
   540     041C                     	;# 
   541     041D                     	;# 
   542     041E                     	;# 
   543     0791                     	;# 
   544     0792                     	;# 
   545     0793                     	;# 
   546     0794                     	;# 
   547     0795                     	;# 
   548     0798                     	;# 
   549     0799                     	;# 
   550     079A                     	;# 
   551     07A0                     	;# 
   552     07A1                     	;# 
   553     07A2                     	;# 
   554     07A3                     	;# 
   555     07A4                     	;# 
   556     07A5                     	;# 
   557     07A6                     	;# 
   558     07A7                     	;# 
   559     07A8                     	;# 
   560     07A9                     	;# 
   561     07AA                     	;# 
   562     07AB                     	;# 
   563     0FE4                     	;# 
   564     0FE5                     	;# 
   565     0FE6                     	;# 
   566     0FE7                     	;# 
   567     0FE8                     	;# 
   568     0FE9                     	;# 
   569     0FEA                     	;# 
   570     0FEB                     	;# 
   571     0FED                     	;# 
   572     0FEE                     	;# 
   573     0FEF                     	;# 
   574     0000                     	;# 
   575     0001                     	;# 
   576     0002                     	;# 
   577     0003                     	;# 
   578     0004                     	;# 
   579     0005                     	;# 
   580     0006                     	;# 
   581     0007                     	;# 
   582     0008                     	;# 
   583     0009                     	;# 
   584     000A                     	;# 
   585     000B                     	;# 
   586     000C                     	;# 
   587     000D                     	;# 
   588     000E                     	;# 
   589     000F                     	;# 
   590     0010                     	;# 
   591     0011                     	;# 
   592     0012                     	;# 
   593     0013                     	;# 
   594     0015                     	;# 
   595     0016                     	;# 
   596     0016                     	;# 
   597     0017                     	;# 
   598     0018                     	;# 
   599     0019                     	;# 
   600     001A                     	;# 
   601     001B                     	;# 
   602     001C                     	;# 
   603     001E                     	;# 
   604     001F                     	;# 
   605     008C                     	;# 
   606     008D                     	;# 
   607     008E                     	;# 
   608     008F                     	;# 
   609     0090                     	;# 
   610     0091                     	;# 
   611     0092                     	;# 
   612     0093                     	;# 
   613     0095                     	;# 
   614     0096                     	;# 
   615     0097                     	;# 
   616     0098                     	;# 
   617     0099                     	;# 
   618     009A                     	;# 
   619     009B                     	;# 
   620     009B                     	;# 
   621     009C                     	;# 
   622     009D                     	;# 
   623     009E                     	;# 
   624     010C                     	;# 
   625     010D                     	;# 
   626     010E                     	;# 
   627     010F                     	;# 
   628     0110                     	;# 
   629     0111                     	;# 
   630     0112                     	;# 
   631     0113                     	;# 
   632     0114                     	;# 
   633     0115                     	;# 
   634     0116                     	;# 
   635     0117                     	;# 
   636     0118                     	;# 
   637     0119                     	;# 
   638     011A                     	;# 
   639     011B                     	;# 
   640     011D                     	;# 
   641     018C                     	;# 
   642     018D                     	;# 
   643     018F                     	;# 
   644     0190                     	;# 
   645     0191                     	;# 
   646     0191                     	;# 
   647     0192                     	;# 
   648     0193                     	;# 
   649     0193                     	;# 
   650     0193                     	;# 
   651     0194                     	;# 
   652     0195                     	;# 
   653     0196                     	;# 
   654     0199                     	;# 
   655     019A                     	;# 
   656     019B                     	;# 
   657     019B                     	;# 
   658     019B                     	;# 
   659     019B                     	;# 
   660     019C                     	;# 
   661     019C                     	;# 
   662     019D                     	;# 
   663     019E                     	;# 
   664     019F                     	;# 
   665     020D                     	;# 
   666     0210                     	;# 
   667     0211                     	;# 
   668     0212                     	;# 
   669     0213                     	;# 
   670     0214                     	;# 
   671     0215                     	;# 
   672     0215                     	;# 
   673     0216                     	;# 
   674     0217                     	;# 
   675     0291                     	;# 
   676     0291                     	;# 
   677     0292                     	;# 
   678     0293                     	;# 
   679     0294                     	;# 
   680     0295                     	;# 
   681     0295                     	;# 
   682     0296                     	;# 
   683     0298                     	;# 
   684     0298                     	;# 
   685     0299                     	;# 
   686     029A                     	;# 
   687     029B                     	;# 
   688     029C                     	;# 
   689     029C                     	;# 
   690     029D                     	;# 
   691     029E                     	;# 
   692     029F                     	;# 
   693     0311                     	;# 
   694     0311                     	;# 
   695     0312                     	;# 
   696     0313                     	;# 
   697     0314                     	;# 
   698     0315                     	;# 
   699     0315                     	;# 
   700     0316                     	;# 
   701     0318                     	;# 
   702     0318                     	;# 
   703     0319                     	;# 
   704     031A                     	;# 
   705     031C                     	;# 
   706     031C                     	;# 
   707     031D                     	;# 
   708     031E                     	;# 
   709     0394                     	;# 
   710     0395                     	;# 
   711     0396                     	;# 
   712     0415                     	;# 
   713     0416                     	;# 
   714     0417                     	;# 
   715     041C                     	;# 
   716     041D                     	;# 
   717     041E                     	;# 
   718     0791                     	;# 
   719     0792                     	;# 
   720     0793                     	;# 
   721     0794                     	;# 
   722     0795                     	;# 
   723     0798                     	;# 
   724     0799                     	;# 
   725     079A                     	;# 
   726     07A0                     	;# 
   727     07A1                     	;# 
   728     07A2                     	;# 
   729     07A3                     	;# 
   730     07A4                     	;# 
   731     07A5                     	;# 
   732     07A6                     	;# 
   733     07A7                     	;# 
   734     07A8                     	;# 
   735     07A9                     	;# 
   736     07AA                     	;# 
   737     07AB                     	;# 
   738     0FE4                     	;# 
   739     0FE5                     	;# 
   740     0FE6                     	;# 
   741     0FE7                     	;# 
   742     0FE8                     	;# 
   743     0FE9                     	;# 
   744     0FEA                     	;# 
   745     0FEB                     	;# 
   746     0FED                     	;# 
   747     0FEE                     	;# 
   748     0FEF                     	;# 
   749                           
   750                           	psect	nvCOMMON
   751     0076                     __pnvCOMMON:
   752     0076                     _nibble2:
   753     0076                     	ds	1
   754     0077                     _nibble1:
   755     0077                     	ds	1
   756     000D                     _PORTBbits	set	13
   757     000E                     _PORTC	set	14
   758     008F                     _TRISD	set	143
   759     008E                     _TRISC	set	142
   760     008D                     _TRISBbits	set	141
   761     010F                     _LATD	set	271
   762     018D                     _ANSELBbits	set	397
   763                           
   764                           	psect	cinit
   765     07FC                     start_initialization:	
   766                           ; #config settings
   767                           
   768     07FC                     __initialization:
   769                           
   770                           ; Clear objects allocated to COMMON
   771     07FC  01F8               	clrf	__pbssCOMMON& (0+127)
   772     07FD                     end_of_initialization:	
   773                           ;End of C runtime variable initialization code
   774                           
   775     07FD                     __end_of__initialization:
   776     07FD  0020               	movlb	0
   777     07FE  3187  2F6E         	ljmp	_main	;jump to C main() function
   778                           
   779                           	psect	bssCOMMON
   780     0078                     __pbssCOMMON:
   781     0078                     _resultado:
   782     0078                     	ds	1
   783                           
   784                           	psect	cstackCOMMON
   785     0070                     __pcstackCOMMON:
   786     0070                     ?_init_punto12:
   787     0070                     ??_init_punto12:	
   788                           ; 1 bytes @ 0x0
   789                           
   790     0070                     ?_main:	
   791                           ; 1 bytes @ 0x0
   792                           
   793     0070                     ?___bmul:	
   794                           ; 1 bytes @ 0x0
   795                           
   796     0070                     ?___lbdiv:	
   797                           ; 1 bytes @ 0x0
   798                           
   799     0070                     ___bmul@multiplicand:	
   800                           ; 1 bytes @ 0x0
   801                           
   802     0070                     ___lbdiv@divisor:	
   803                           ; 1 bytes @ 0x0
   804                           
   805                           
   806                           ; 1 bytes @ 0x0
   807     0070                     	ds	1
   808     0071                     ??___bmul:
   809     0071                     ??___lbdiv:	
   810                           ; 1 bytes @ 0x1
   811                           
   812                           
   813                           ; 1 bytes @ 0x1
   814     0071                     	ds	1
   815     0072                     ___bmul@product:
   816     0072                     ___lbdiv@dividend:	
   817                           ; 1 bytes @ 0x2
   818                           
   819                           
   820                           ; 1 bytes @ 0x2
   821     0072                     	ds	1
   822     0073                     ___bmul@multiplier:
   823     0073                     ___lbdiv@counter:	
   824                           ; 1 bytes @ 0x3
   825                           
   826                           
   827                           ; 1 bytes @ 0x3
   828     0073                     	ds	1
   829     0074                     ___lbdiv@quotient:
   830                           
   831                           ; 1 bytes @ 0x4
   832     0074                     	ds	1
   833     0075                     ??_main:
   834                           
   835                           ; 1 bytes @ 0x5
   836     0075                     	ds	1
   837                           
   838                           	psect	maintext
   839     076E                     __pmaintext:	
   840 ;;
   841 ;;Main: autosize = 0, tempsize = 1, incstack = 0, save=0
   842 ;;
   843 ;; *************** function _main *****************
   844 ;; Defined at:
   845 ;;		line 9 in file "main.c"
   846 ;; Parameters:    Size  Location     Type
   847 ;;		None
   848 ;; Auto vars:     Size  Location     Type
   849 ;;		None
   850 ;; Return value:  Size  Location     Type
   851 ;;                  1    wreg      void 
   852 ;; Registers used:
   853 ;;		wreg, status,2, status,0, pclath, cstack
   854 ;; Tracked objects:
   855 ;;		On entry : B1F/0
   856 ;;		On exit  : 0/0
   857 ;;		Unchanged: 0/0
   858 ;; Data sizes:     COMMON   BANK0   BANK1   BANK2   BANK3   BANK4   BANK5   BANK6   BANK7   BANK8   BANK9  BANK10  BANK1
      +1  BANK12
   859 ;;      Params:         0       0       0       0       0       0       0       0       0       0       0       0       
      +0       0
   860 ;;      Locals:         0       0       0       0       0       0       0       0       0       0       0       0       
      +0       0
   861 ;;      Temps:          1       0       0       0       0       0       0       0       0       0       0       0       
      +0       0
   862 ;;      Totals:         1       0       0       0       0       0       0       0       0       0       0       0       
      +0       0
   863 ;;Total ram usage:        1 bytes
   864 ;; Hardware stack levels required when called: 1
   865 ;; This function calls:
   866 ;;		___bmul
   867 ;;		___lbdiv
   868 ;;		_init_punto12
   869 ;; This function is called by:
   870 ;;		Startup code after reset
   871 ;; This function uses a non-reentrant model
   872 ;;
   873                           
   874     076E                     _main:	
   875                           ;psect for function _main
   876                           
   877     076E                     l805:	
   878                           ;incstack = 0
   879                           ; Regs used in _main: [wreg+status,2+status,0+pclath+cstack]
   880                           
   881                           
   882                           ;main.c: 10:     init_punto12();
   883     076E  3187  271F  3187   	fcall	_init_punto12
   884     0771                     l807:
   885                           
   886                           ;main.c: 13:          nibble1 = PORTC & 0x0F;
   887     0771  0020               	movlb	0	; select bank0
   888     0772  080E               	movf	14,w	;volatile
   889     0773  390F               	andlw	15
   890     0774  00F7               	movwf	_nibble1
   891     0775                     l809:
   892                           
   893                           ;main.c: 14:          nibble2 = (PORTC & 0xF0)>>4;
   894     0775  080E               	movf	14,w	;volatile
   895     0776  00F5               	movwf	??_main
   896     0777  3004               	movlw	4
   897     0778                     u305:
   898     0778  36F5               	lsrf	??_main,f
   899     0779  0B89               	decfsz	9,f
   900     077A  2F78               	goto	u305
   901     077B  0875               	movf	??_main,w
   902     077C  390F               	andlw	15
   903     077D  00F6               	movwf	_nibble2
   904     077E                     l811:
   905                           
   906                           ;main.c: 16:          if(PORTBbits.RB0 == 0 && PORTBbits.RB1== 0 && PORTBbits.RB2== 0){
   907     077E  180D               	btfsc	13,0	;volatile
   908     077F  2F81               	goto	u311
   909     0780  2F82               	goto	u310
   910     0781                     u311:
   911     0781  2F90               	goto	l821
   912     0782                     u310:
   913     0782                     l813:
   914     0782  188D               	btfsc	13,1	;volatile
   915     0783  2F85               	goto	u321
   916     0784  2F86               	goto	u320
   917     0785                     u321:
   918     0785  2F90               	goto	l821
   919     0786                     u320:
   920     0786                     l815:
   921     0786  190D               	btfsc	13,2	;volatile
   922     0787  2F89               	goto	u331
   923     0788  2F8A               	goto	u330
   924     0789                     u331:
   925     0789  2F90               	goto	l821
   926     078A                     u330:
   927     078A                     l817:
   928                           
   929                           ;main.c: 17:              resultado= nibble1 + nibble2;
   930     078A  0877               	movf	_nibble1,w
   931     078B  0776               	addwf	_nibble2,w
   932     078C  00F8               	movwf	_resultado
   933     078D                     l819:
   934                           
   935                           ;main.c: 18:              LATD= resultado;
   936     078D  0878               	movf	_resultado,w
   937     078E  0022               	movlb	2	; select bank2
   938     078F  008F               	movwf	15	;volatile
   939     0790                     l821:
   940                           
   941                           ;main.c: 20:          if(PORTBbits.RB0 == 1 && PORTBbits.RB1== 0 && PORTBbits.RB2== 0){
   942     0790  0020               	movlb	0	; select bank0
   943     0791  1C0D               	btfss	13,0	;volatile
   944     0792  2F94               	goto	u341
   945     0793  2F95               	goto	u340
   946     0794                     u341:
   947     0794  2FB5               	goto	l839
   948     0795                     u340:
   949     0795                     l823:
   950     0795  188D               	btfsc	13,1	;volatile
   951     0796  2F98               	goto	u351
   952     0797  2F99               	goto	u350
   953     0798                     u351:
   954     0798  2FB5               	goto	l839
   955     0799                     u350:
   956     0799                     l825:
   957     0799  190D               	btfsc	13,2	;volatile
   958     079A  2F9C               	goto	u361
   959     079B  2F9D               	goto	u360
   960     079C                     u361:
   961     079C  2FB5               	goto	l839
   962     079D                     u360:
   963     079D                     l827:
   964                           
   965                           ;main.c: 21:              if(nibble1>nibble2){
   966     079D  0877               	movf	_nibble1,w
   967     079E  0276               	subwf	_nibble2,w
   968     079F  1803               	skipnc
   969     07A0  2FA2               	goto	u371
   970     07A1  2FA3               	goto	u370
   971     07A2                     u371:
   972     07A2  2FA9               	goto	l833
   973     07A3                     u370:
   974     07A3                     l829:
   975                           
   976                           ;main.c: 22:              resultado= nibble1 - nibble2;
   977     07A3  0876               	movf	_nibble2,w
   978     07A4  0277               	subwf	_nibble1,w
   979     07A5  00F8               	movwf	_resultado
   980     07A6                     l831:
   981                           
   982                           ;main.c: 23:              LATD= resultado;
   983     07A6  0878               	movf	_resultado,w
   984     07A7  0022               	movlb	2	; select bank2
   985     07A8  008F               	movwf	15	;volatile
   986     07A9                     l833:
   987                           
   988                           ;main.c: 25:              if(nibble2>nibble1){
   989     07A9  0876               	movf	_nibble2,w
   990     07AA  0277               	subwf	_nibble1,w
   991     07AB  1803               	skipnc
   992     07AC  2FAE               	goto	u381
   993     07AD  2FAF               	goto	u380
   994     07AE                     u381:
   995     07AE  2FB5               	goto	l839
   996     07AF                     u380:
   997     07AF                     l835:
   998                           
   999                           ;main.c: 26:              resultado= nibble2 - nibble1;
  1000     07AF  0877               	movf	_nibble1,w
  1001     07B0  0276               	subwf	_nibble2,w
  1002     07B1  00F8               	movwf	_resultado
  1003     07B2                     l837:
  1004                           
  1005                           ;main.c: 27:              LATD= resultado;
  1006     07B2  0878               	movf	_resultado,w
  1007     07B3  0022               	movlb	2	; select bank2
  1008     07B4  008F               	movwf	15	;volatile
  1009     07B5                     l839:
  1010                           
  1011                           ;main.c: 30:           if(PORTBbits.RB0 == 0 && PORTBbits.RB1== 1 && PORTBbits.RB2== 0){
  1012     07B5  0020               	movlb	0	; select bank0
  1013     07B6  180D               	btfsc	13,0	;volatile
  1014     07B7  2FB9               	goto	u391
  1015     07B8  2FBA               	goto	u390
  1016     07B9                     u391:
  1017     07B9  2FCC               	goto	l849
  1018     07BA                     u390:
  1019     07BA                     l841:
  1020     07BA  1C8D               	btfss	13,1	;volatile
  1021     07BB  2FBD               	goto	u401
  1022     07BC  2FBE               	goto	u400
  1023     07BD                     u401:
  1024     07BD  2FCC               	goto	l849
  1025     07BE                     u400:
  1026     07BE                     l843:
  1027     07BE  190D               	btfsc	13,2	;volatile
  1028     07BF  2FC1               	goto	u411
  1029     07C0  2FC2               	goto	u410
  1030     07C1                     u411:
  1031     07C1  2FCC               	goto	l849
  1032     07C2                     u410:
  1033     07C2                     l845:
  1034                           
  1035                           ;main.c: 31:              resultado= nibble1 * nibble2;
  1036     07C2  0876               	movf	_nibble2,w
  1037     07C3  00F0               	movwf	___bmul@multiplicand
  1038     07C4  0877               	movf	_nibble1,w
  1039     07C5  3187  2730  3187   	fcall	___bmul
  1040     07C8  00F8               	movwf	_resultado
  1041     07C9                     l847:
  1042                           
  1043                           ;main.c: 32:              LATD= resultado;
  1044     07C9  0878               	movf	_resultado,w
  1045     07CA  0022               	movlb	2	; select bank2
  1046     07CB  008F               	movwf	15	;volatile
  1047     07CC                     l849:
  1048                           
  1049                           ;main.c: 34:           if(PORTBbits.RB0 == 1 && PORTBbits.RB1== 0 && PORTBbits.RB2== 0){
  1050     07CC  0020               	movlb	0	; select bank0
  1051     07CD  1C0D               	btfss	13,0	;volatile
  1052     07CE  2FD0               	goto	u421
  1053     07CF  2FD1               	goto	u420
  1054     07D0                     u421:
  1055     07D0  2F71               	goto	l807
  1056     07D1                     u420:
  1057     07D1                     l851:
  1058     07D1  188D               	btfsc	13,1	;volatile
  1059     07D2  2FD4               	goto	u431
  1060     07D3  2FD5               	goto	u430
  1061     07D4                     u431:
  1062     07D4  2F71               	goto	l807
  1063     07D5                     u430:
  1064     07D5                     l853:
  1065     07D5  190D               	btfsc	13,2	;volatile
  1066     07D6  2FD8               	goto	u441
  1067     07D7  2FD9               	goto	u440
  1068     07D8                     u441:
  1069     07D8  2F71               	goto	l807
  1070     07D9                     u440:
  1071     07D9                     l855:
  1072                           
  1073                           ;main.c: 35:               if(nibble1>nibble2){
  1074     07D9  0877               	movf	_nibble1,w
  1075     07DA  0276               	subwf	_nibble2,w
  1076     07DB  1803               	skipnc
  1077     07DC  2FDE               	goto	u451
  1078     07DD  2FDF               	goto	u450
  1079     07DE                     u451:
  1080     07DE  2FE9               	goto	l861
  1081     07DF                     u450:
  1082     07DF                     l857:
  1083                           
  1084                           ;main.c: 36:              resultado= nibble1 / nibble2;
  1085     07DF  0876               	movf	_nibble2,w
  1086     07E0  00F0               	movwf	___lbdiv@divisor
  1087     07E1  0877               	movf	_nibble1,w
  1088     07E2  3187  2745  3187   	fcall	___lbdiv
  1089     07E5  00F8               	movwf	_resultado
  1090     07E6                     l859:
  1091                           
  1092                           ;main.c: 37:              LATD= resultado;
  1093     07E6  0878               	movf	_resultado,w
  1094     07E7  0022               	movlb	2	; select bank2
  1095     07E8  008F               	movwf	15	;volatile
  1096     07E9                     l861:
  1097                           
  1098                           ;main.c: 39:               if(nibble2>nibble1){
  1099     07E9  0876               	movf	_nibble2,w
  1100     07EA  0277               	subwf	_nibble1,w
  1101     07EB  1803               	skipnc
  1102     07EC  2FEE               	goto	u461
  1103     07ED  2FEF               	goto	u460
  1104     07EE                     u461:
  1105     07EE  2F71               	goto	l807
  1106     07EF                     u460:
  1107     07EF                     l863:
  1108                           
  1109                           ;main.c: 40:              resultado= nibble2 / nibble1;
  1110     07EF  0877               	movf	_nibble1,w
  1111     07F0  00F0               	movwf	___lbdiv@divisor
  1112     07F1  0876               	movf	_nibble2,w
  1113     07F2  3187  2745  3187   	fcall	___lbdiv
  1114     07F5  00F8               	movwf	_resultado
  1115     07F6                     l865:
  1116                           
  1117                           ;main.c: 41:              LATD= resultado;
  1118     07F6  0878               	movf	_resultado,w
  1119     07F7  0022               	movlb	2	; select bank2
  1120     07F8  008F               	movwf	15	;volatile
  1121     07F9  2F71               	goto	l807
  1122     07FA  3180  2802         	ljmp	start
  1123     07FC                     __end_of_main:
  1124                           
  1125                           	psect	text1
  1126     071F                     __ptext1:	
  1127 ;; *************** function _init_punto12 *****************
  1128 ;; Defined at:
  1129 ;;		line 6 in file "punto_12.c"
  1130 ;; Parameters:    Size  Location     Type
  1131 ;;		None
  1132 ;; Auto vars:     Size  Location     Type
  1133 ;;		None
  1134 ;; Return value:  Size  Location     Type
  1135 ;;                  1    wreg      void 
  1136 ;; Registers used:
  1137 ;;		wreg, status,2
  1138 ;; Tracked objects:
  1139 ;;		On entry : 0/0
  1140 ;;		On exit  : 0/0
  1141 ;;		Unchanged: 0/0
  1142 ;; Data sizes:     COMMON   BANK0   BANK1   BANK2   BANK3   BANK4   BANK5   BANK6   BANK7   BANK8   BANK9  BANK10  BANK1
      +1  BANK12
  1143 ;;      Params:         0       0       0       0       0       0       0       0       0       0       0       0       
      +0       0
  1144 ;;      Locals:         0       0       0       0       0       0       0       0       0       0       0       0       
      +0       0
  1145 ;;      Temps:          0       0       0       0       0       0       0       0       0       0       0       0       
      +0       0
  1146 ;;      Totals:         0       0       0       0       0       0       0       0       0       0       0       0       
      +0       0
  1147 ;;Total ram usage:        0 bytes
  1148 ;; Hardware stack levels used: 1
  1149 ;; This function calls:
  1150 ;;		Nothing
  1151 ;; This function is called by:
  1152 ;;		_main
  1153 ;; This function uses a non-reentrant model
  1154 ;;
  1155                           
  1156     071F                     _init_punto12:	
  1157                           ;psect for function _init_punto12
  1158                           
  1159     071F                     l653:	
  1160                           ;incstack = 0
  1161                           ; Regs used in _init_punto12: [wreg+status,2]
  1162                           
  1163                           
  1164                           ;punto_12.c: 7:     TRISBbits.TRISB0 = 1;
  1165     071F  0021               	movlb	1	; select bank1
  1166     0720  140D               	bsf	13,0	;volatile
  1167                           
  1168                           ;punto_12.c: 8:     TRISBbits.TRISB1 = 1;
  1169     0721  148D               	bsf	13,1	;volatile
  1170                           
  1171                           ;punto_12.c: 9:     TRISBbits.TRISB2 = 1;
  1172     0722  150D               	bsf	13,2	;volatile
  1173                           
  1174                           ;punto_12.c: 11:     ANSELBbits.ANSB0 = 0;
  1175     0723  0023               	movlb	3	; select bank3
  1176     0724  100D               	bcf	13,0	;volatile
  1177                           
  1178                           ;punto_12.c: 12:     ANSELBbits.ANSB1 = 0;
  1179     0725  108D               	bcf	13,1	;volatile
  1180                           
  1181                           ;punto_12.c: 13:     ANSELBbits.ANSB2 = 0;
  1182     0726  110D               	bcf	13,2	;volatile
  1183     0727                     l655:
  1184                           
  1185                           ;punto_12.c: 16:     TRISC = 0xFF;
  1186     0727  30FF               	movlw	255
  1187     0728  0021               	movlb	1	; select bank1
  1188     0729  008E               	movwf	14	;volatile
  1189     072A                     l657:
  1190                           
  1191                           ;punto_12.c: 17:     TRISD = 0x00;
  1192     072A  018F               	clrf	15	;volatile
  1193     072B                     l659:
  1194                           
  1195                           ;punto_12.c: 19:     PORTC = 0X00;
  1196     072B  0020               	movlb	0	; select bank0
  1197     072C  018E               	clrf	14	;volatile
  1198     072D                     l661:
  1199                           
  1200                           ;punto_12.c: 20:     LATD = 0X00;
  1201     072D  0022               	movlb	2	; select bank2
  1202     072E  018F               	clrf	15	;volatile
  1203     072F                     l45:
  1204     072F  0008               	return
  1205     0730                     __end_of_init_punto12:
  1206                           
  1207                           	psect	text2
  1208     0745                     __ptext2:	
  1209 ;; *************** function ___lbdiv *****************
  1210 ;; Defined at:
  1211 ;;		line 4 in file "C:\Program Files\Microchip\xc8\v2.41\pic\sources\c99\common\lbdiv.c"
  1212 ;; Parameters:    Size  Location     Type
  1213 ;;  dividend        1    wreg     unsigned char 
  1214 ;;  divisor         1    0[COMMON] unsigned char 
  1215 ;; Auto vars:     Size  Location     Type
  1216 ;;  dividend        1    2[COMMON] unsigned char 
  1217 ;;  quotient        1    4[COMMON] unsigned char 
  1218 ;;  counter         1    3[COMMON] unsigned char 
  1219 ;; Return value:  Size  Location     Type
  1220 ;;                  1    wreg      unsigned char 
  1221 ;; Registers used:
  1222 ;;		wreg, status,2, status,0
  1223 ;; Tracked objects:
  1224 ;;		On entry : 0/0
  1225 ;;		On exit  : 0/0
  1226 ;;		Unchanged: 0/0
  1227 ;; Data sizes:     COMMON   BANK0   BANK1   BANK2   BANK3   BANK4   BANK5   BANK6   BANK7   BANK8   BANK9  BANK10  BANK1
      +1  BANK12
  1228 ;;      Params:         1       0       0       0       0       0       0       0       0       0       0       0       
      +0       0
  1229 ;;      Locals:         3       0       0       0       0       0       0       0       0       0       0       0       
      +0       0
  1230 ;;      Temps:          1       0       0       0       0       0       0       0       0       0       0       0       
      +0       0
  1231 ;;      Totals:         5       0       0       0       0       0       0       0       0       0       0       0       
      +0       0
  1232 ;;Total ram usage:        5 bytes
  1233 ;; Hardware stack levels used: 1
  1234 ;; This function calls:
  1235 ;;		Nothing
  1236 ;; This function is called by:
  1237 ;;		_main
  1238 ;; This function uses a non-reentrant model
  1239 ;;
  1240                           
  1241     0745                     ___lbdiv:	
  1242                           ;psect for function ___lbdiv
  1243                           
  1244                           
  1245                           ;incstack = 0
  1246                           ; Regs used in ___lbdiv: [wreg+status,2+status,0]
  1247                           ;___lbdiv@dividend stored from wreg
  1248     0745  00F2               	movwf	___lbdiv@dividend
  1249     0746                     l779:
  1250     0746  01F4               	clrf	___lbdiv@quotient
  1251     0747                     l781:
  1252     0747  0870               	movf	___lbdiv@divisor,w
  1253     0748  1903               	btfsc	3,2
  1254     0749  2F4B               	goto	u261
  1255     074A  2F4C               	goto	u260
  1256     074B                     u261:
  1257     074B  2F6C               	goto	l801
  1258     074C                     u260:
  1259     074C                     l783:
  1260     074C  01F3               	clrf	___lbdiv@counter
  1261     074D  0AF3               	incf	___lbdiv@counter,f
  1262     074E  2F55               	goto	l789
  1263     074F                     l785:
  1264     074F  1003               	clrc
  1265     0750  0DF0               	rlf	___lbdiv@divisor,f
  1266     0751                     l787:
  1267     0751  3001               	movlw	1
  1268     0752  00F1               	movwf	??___lbdiv
  1269     0753  0871               	movf	??___lbdiv,w
  1270     0754  07F3               	addwf	___lbdiv@counter,f
  1271     0755                     l789:
  1272     0755  1FF0               	btfss	___lbdiv@divisor,7
  1273     0756  2F58               	goto	u271
  1274     0757  2F59               	goto	u270
  1275     0758                     u271:
  1276     0758  2F4F               	goto	l785
  1277     0759                     u270:
  1278     0759                     l791:
  1279     0759  1003               	clrc
  1280     075A  0DF4               	rlf	___lbdiv@quotient,f
  1281     075B  0870               	movf	___lbdiv@divisor,w
  1282     075C  0272               	subwf	___lbdiv@dividend,w
  1283     075D  1C03               	skipc
  1284     075E  2F60               	goto	u281
  1285     075F  2F61               	goto	u280
  1286     0760                     u281:
  1287     0760  2F64               	goto	l797
  1288     0761                     u280:
  1289     0761                     l793:
  1290     0761  0870               	movf	___lbdiv@divisor,w
  1291     0762  02F2               	subwf	___lbdiv@dividend,f
  1292     0763                     l795:
  1293     0763  1474               	bsf	___lbdiv@quotient,0
  1294     0764                     l797:
  1295     0764  1003               	clrc
  1296     0765  0CF0               	rrf	___lbdiv@divisor,f
  1297     0766                     l799:
  1298     0766  3001               	movlw	1
  1299     0767  02F3               	subwf	___lbdiv@counter,f
  1300     0768  1D03               	btfss	3,2
  1301     0769  2F6B               	goto	u291
  1302     076A  2F6C               	goto	u290
  1303     076B                     u291:
  1304     076B  2F59               	goto	l791
  1305     076C                     u290:
  1306     076C                     l801:
  1307     076C  0874               	movf	___lbdiv@quotient,w
  1308     076D                     l409:
  1309     076D  0008               	return
  1310     076E                     __end_of___lbdiv:
  1311                           
  1312                           	psect	text3
  1313     0730                     __ptext3:	
  1314 ;; *************** function ___bmul *****************
  1315 ;; Defined at:
  1316 ;;		line 4 in file "C:\Program Files\Microchip\xc8\v2.41\pic\sources\c99\common\Umul8.c"
  1317 ;; Parameters:    Size  Location     Type
  1318 ;;  multiplier      1    wreg     unsigned char 
  1319 ;;  multiplicand    1    0[COMMON] unsigned char 
  1320 ;; Auto vars:     Size  Location     Type
  1321 ;;  multiplier      1    3[COMMON] unsigned char 
  1322 ;;  product         1    2[COMMON] unsigned char 
  1323 ;; Return value:  Size  Location     Type
  1324 ;;                  1    wreg      unsigned char 
  1325 ;; Registers used:
  1326 ;;		wreg, status,2, status,0
  1327 ;; Tracked objects:
  1328 ;;		On entry : 0/0
  1329 ;;		On exit  : 0/0
  1330 ;;		Unchanged: 0/0
  1331 ;; Data sizes:     COMMON   BANK0   BANK1   BANK2   BANK3   BANK4   BANK5   BANK6   BANK7   BANK8   BANK9  BANK10  BANK1
      +1  BANK12
  1332 ;;      Params:         1       0       0       0       0       0       0       0       0       0       0       0       
      +0       0
  1333 ;;      Locals:         2       0       0       0       0       0       0       0       0       0       0       0       
      +0       0
  1334 ;;      Temps:          1       0       0       0       0       0       0       0       0       0       0       0       
      +0       0
  1335 ;;      Totals:         4       0       0       0       0       0       0       0       0       0       0       0       
      +0       0
  1336 ;;Total ram usage:        4 bytes
  1337 ;; Hardware stack levels used: 1
  1338 ;; This function calls:
  1339 ;;		Nothing
  1340 ;; This function is called by:
  1341 ;;		_main
  1342 ;; This function uses a non-reentrant model
  1343 ;;
  1344                           
  1345     0730                     ___bmul:	
  1346                           ;psect for function ___bmul
  1347                           
  1348                           
  1349                           ;incstack = 0
  1350                           ; Regs used in ___bmul: [wreg+status,2+status,0]
  1351                           ;___bmul@multiplier stored from wreg
  1352     0730  00F3               	movwf	___bmul@multiplier
  1353     0731                     l765:
  1354     0731  01F2               	clrf	___bmul@product
  1355     0732                     l767:
  1356     0732  1C73               	btfss	___bmul@multiplier,0
  1357     0733  2F35               	goto	u241
  1358     0734  2F36               	goto	u240
  1359     0735                     u241:
  1360     0735  2F3A               	goto	l771
  1361     0736                     u240:
  1362     0736                     l769:
  1363     0736  0870               	movf	___bmul@multiplicand,w
  1364     0737  00F1               	movwf	??___bmul
  1365     0738  0871               	movf	??___bmul,w
  1366     0739  07F2               	addwf	___bmul@product,f
  1367     073A                     l771:
  1368     073A  1003               	clrc
  1369     073B  0DF0               	rlf	___bmul@multiplicand,f
  1370     073C                     l773:
  1371     073C  1003               	clrc
  1372     073D  0CF3               	rrf	___bmul@multiplier,f
  1373     073E  0873               	movf	___bmul@multiplier,w
  1374     073F  1D03               	btfss	3,2
  1375     0740  2F42               	goto	u251
  1376     0741  2F43               	goto	u250
  1377     0742                     u251:
  1378     0742  2F32               	goto	l767
  1379     0743                     u250:
  1380     0743                     l775:
  1381     0743  0872               	movf	___bmul@product,w
  1382     0744                     l221:
  1383     0744  0008               	return
  1384     0745                     __end_of___bmul:
  1385     007E                     btemp	set	126	;btemp
  1386     007E                     wtemp0	set	126
  1387                           
  1388                           	psect	config
  1389                           
  1390                           ;Config register CONFIG1 @ 0x8007
  1391                           ;	Oscillator Selection
  1392                           ;	FOSC = HS, HS Oscillator, High-speed crystal/resonator connected between OSC1 and OSC2
      +                           pins
  1393                           ;	Watchdog Timer Enable
  1394                           ;	WDTE = OFF, WDT disabled
  1395                           ;	Power-up Timer Enable
  1396                           ;	PWRTE = OFF, PWRT disabled
  1397                           ;	MCLR Pin Function Select
  1398                           ;	MCLRE = ON, MCLR/VPP pin function is MCLR
  1399                           ;	Flash Program Memory Code Protection
  1400                           ;	CP = OFF, Program memory code protection is disabled
  1401                           ;	Data Memory Code Protection
  1402                           ;	CPD = OFF, Data memory code protection is disabled
  1403                           ;	Brown-out Reset Enable
  1404                           ;	BOREN = ON, Brown-out Reset enabled
  1405                           ;	Clock Out Enable
  1406                           ;	CLKOUTEN = OFF, CLKOUT function is disabled. I/O or oscillator function on the CLKOUT 
      +                          pin
  1407                           ;	Internal/External Switchover
  1408                           ;	IESO = ON, Internal/External Switchover mode is enabled
  1409                           ;	Fail-Safe Clock Monitor Enable
  1410                           ;	FCMEN = ON, Fail-Safe Clock Monitor is enabled
  1411     8007                     	org	32775
  1412     8007  3FE2               	dw	16354
  1413                           
  1414                           ;Config register CONFIG2 @ 0x8008
  1415                           ;	Flash Memory Self-Write Protection
  1416                           ;	WRT = OFF, Write protection off
  1417                           ;	Voltage Regulator Capacitor Enable
  1418                           ;	VCAPEN = OFF, All VCAP pin functionality is disabled
  1419                           ;	PLL Enable
  1420                           ;	PLLEN = OFF, 4x PLL disabled
  1421                           ;	Stack Overflow/Underflow Reset Enable
  1422                           ;	STVREN = ON, Stack Overflow or Underflow will cause a Reset
  1423                           ;	Brown-out Reset Voltage Selection
  1424                           ;	BORV = LO, Brown-out Reset Voltage (Vbor), low trip point selected.
  1425                           ;	Low-Voltage Programming Enable
  1426                           ;	LVP = ON, Low-voltage programming enabled
  1427     8008                     	org	32776
  1428     8008  3EFF               	dw	16127

Data Sizes:
    Strings     0
    Constant    0
    Data        0
    BSS         1
    Persistent  34
    Stack       0

Auto Spaces:
    Space          Size  Autos    Used
    COMMON           14      6       9
    BANK0            80      0       0
    BANK1            80      0       0
    BANK2            80      0       0
    BANK3            80      0       0
    BANK4            80      0       0
    BANK5            80      0       0
    BANK6            80      0       0
    BANK7            80      0       0
    BANK8            80      0       0
    BANK9            80      0       0
    BANK10           80      0       0
    BANK11           80      0       0
    BANK12           48      0       0

Pointer List with Targets:

    None.

Critical Paths under _main in COMMON

    _main->___lbdiv

Critical Paths under _main in BANK0

    None.

Critical Paths under _main in BANK1

    None.

Critical Paths under _main in BANK2

    None.

Critical Paths under _main in BANK3

    None.

Critical Paths under _main in BANK4

    None.

Critical Paths under _main in BANK5

    None.

Critical Paths under _main in BANK6

    None.

Critical Paths under _main in BANK7

    None.

Critical Paths under _main in BANK8

    None.

Critical Paths under _main in BANK9

    None.

Critical Paths under _main in BANK10

    None.

Critical Paths under _main in BANK11

    None.

Critical Paths under _main in BANK12

    None.

Call Graph Tables:

 ---------------------------------------------------------------------------------
 (Depth) Function   	        Calls       Base Space   Used Autos Params    Refs
 ---------------------------------------------------------------------------------
 (0) _main                                                 1     1      0     482
                                              5 COMMON     1     1      0
                             ___bmul
                            ___lbdiv
                       _init_punto12
 ---------------------------------------------------------------------------------
 (1) _init_punto12                                         0     0      0       0
 ---------------------------------------------------------------------------------
 (1) ___lbdiv                                              5     4      1     314
                                              0 COMMON     5     4      1
 ---------------------------------------------------------------------------------
 (1) ___bmul                                               4     3      1     168
                                              0 COMMON     4     3      1
 ---------------------------------------------------------------------------------
 Estimated maximum stack depth 1
 ---------------------------------------------------------------------------------

 Call Graph Graphs:

 _main (ROOT)
   ___bmul
   ___lbdiv
   _init_punto12

 Address spaces:
Name               Size   Autos  Total    Cost      Usage
BIGRAM             3F0      0       0       0        0.0%
EEDATA             100      0       0       0        0.0%
NULL                 0      0       0       0        0.0%
CODE                 0      0       0       0        0.0%
BITCOMMON            E      0       0       1        0.0%
BITSFR0              0      0       0       1        0.0%
SFR0                 0      0       0       1        0.0%
COMMON               E      6       9       2       64.3%
BITSFR1              0      0       0       2        0.0%
SFR1                 0      0       0       2        0.0%
BITSFR2              0      0       0       3        0.0%
SFR2                 0      0       0       3        0.0%
STACK                0      0       0       3        0.0%
BITBANK0            50      0       0       4        0.0%
BITSFR3              0      0       0       4        0.0%
SFR3                 0      0       0       4        0.0%
BANK0               50      0       0       5        0.0%
BITSFR4              0      0       0       5        0.0%
SFR4                 0      0       0       5        0.0%
BITBANK1            50      0       0       6        0.0%
BITSFR5              0      0       0       6        0.0%
SFR5                 0      0       0       6        0.0%
BANK1               50      0       0       7        0.0%
BITSFR6              0      0       0       7        0.0%
SFR6                 0      0       0       7        0.0%
BITBANK2            50      0       0       8        0.0%
BITSFR7              0      0       0       8        0.0%
SFR7                 0      0       0       8        0.0%
BANK2               50      0       0       9        0.0%
BITSFR8              0      0       0       9        0.0%
SFR8                 0      0       0       9        0.0%
BITBANK3            50      0       0      10        0.0%
BITSFR9              0      0       0      10        0.0%
SFR9                 0      0       0      10        0.0%
BANK3               50      0       0      11        0.0%
BITSFR10             0      0       0      11        0.0%
SFR10                0      0       0      11        0.0%
BITBANK4            50      0       0      12        0.0%
BITSFR11             0      0       0      12        0.0%
SFR11                0      0       0      12        0.0%
BANK4               50      0       0      13        0.0%
BITSFR12             0      0       0      13        0.0%
SFR12                0      0       0      13        0.0%
BITBANK5            50      0       0      14        0.0%
BITSFR13             0      0       0      14        0.0%
SFR13                0      0       0      14        0.0%
BANK5               50      0       0      15        0.0%
BITSFR14             0      0       0      15        0.0%
SFR14                0      0       0      15        0.0%
BITBANK6            50      0       0      16        0.0%
BITSFR15             0      0       0      16        0.0%
SFR15                0      0       0      16        0.0%
BANK6               50      0       0      17        0.0%
BITSFR16             0      0       0      17        0.0%
SFR16                0      0       0      17        0.0%
BITBANK7            50      0       0      18        0.0%
BITSFR17             0      0       0      18        0.0%
SFR17                0      0       0      18        0.0%
BANK7               50      0       0      19        0.0%
BITSFR18             0      0       0      19        0.0%
SFR18                0      0       0      19        0.0%
BITSFR19             0      0       0      20        0.0%
SFR19                0      0       0      20        0.0%
ABS                  0      0       9      20        0.0%
BITBANK8            50      0       0      21        0.0%
BITSFR20             0      0       0      21        0.0%
SFR20                0      0       0      21        0.0%
BANK8               50      0       0      22        0.0%
BITSFR21             0      0       0      22        0.0%
SFR21                0      0       0      22        0.0%
BITBANK9            50      0       0      23        0.0%
BITSFR22             0      0       0      23        0.0%
SFR22                0      0       0      23        0.0%
BANK9               50      0       0      24        0.0%
BITSFR23             0      0       0      24        0.0%
SFR23                0      0       0      24        0.0%
BITBANK10           50      0       0      25        0.0%
BITSFR24             0      0       0      25        0.0%
SFR24                0      0       0      25        0.0%
BANK10              50      0       0      26        0.0%
BITSFR25             0      0       0      26        0.0%
SFR25                0      0       0      26        0.0%
BITBANK11           50      0       0      27        0.0%
BITSFR26             0      0       0      27        0.0%
SFR26                0      0       0      27        0.0%
BANK11              50      0       0      28        0.0%
BITSFR27             0      0       0      28        0.0%
SFR27                0      0       0      28        0.0%
BITBANK12           30      0       0      29        0.0%
BITSFR28             0      0       0      29        0.0%
SFR28                0      0       0      29        0.0%
BANK12              30      0       0      30        0.0%
BITSFR29             0      0       0      30        0.0%
SFR29                0      0       0      30        0.0%
BITSFR30             0      0       0      31        0.0%
SFR30                0      0       0      31        0.0%
DATA                 0      0       9      31        0.0%
BITSFR31             0      0       0      32        0.0%
SFR31                0      0       0      32        0.0%


Microchip Technology PIC Macro Assembler V2.41 build 20230208172133 
Symbol Table                                                                                   Thu Aug 31 01:32:08 2023

         ___bmul@product 0072                       l45 072F                      l221 0744  
                    l409 076D                      l801 076C                      l811 077E  
                    l661 072D                      l653 071F                      l813 0782  
                    l821 0790                      l805 076E                      l655 0727  
                    l831 07A6                      l823 0795                      l815 0786  
                    l807 0771                      l657 072A                      l841 07BA  
                    l833 07A9                      l825 0799                      l817 078A  
                    l809 0775                      l771 073A                      l659 072B  
                    l851 07D1                      l843 07BE                      l835 07AF  
                    l827 079D                      l819 078D                      l773 073C  
                    l765 0731                      l781 0747                      l861 07E9  
                    l853 07D5                      l845 07C2                      l837 07B2  
                    l829 07A3                      l775 0743                      l767 0732  
                    l791 0759                      l783 074C                      l863 07EF  
                    l855 07D9                      l847 07C9                      l839 07B5  
                    l769 0736                      l793 0761                      l785 074F  
                    l865 07F6                      l857 07DF                      l849 07CC  
                    l795 0763                      l787 0751                      l779 0746  
                    l859 07E6                      l797 0764                      l789 0755  
                    l799 0766                      u310 0782                      u311 0781  
                    u240 0736                      u400 07BE                      u320 0786  
                    u241 0735                      u401 07BD                      u321 0785  
                    u305 0778                      u250 0743                      u410 07C2  
                    u330 078A                      u251 0742                      u411 07C1  
                    u331 0789                      u260 074C                      u420 07D1  
                    u340 0795                      u261 074B                      u421 07D0  
                    u341 0794                      u270 0759                      u430 07D5  
                    u350 0799                      u271 0758                      u431 07D4  
                    u351 0798                      u280 0761                      u440 07D9  
                    u360 079D                      u281 0760                      u441 07D8  
                    u361 079C                      u290 076C                      u450 07DF  
                    u370 07A3                      u291 076B                      u451 07DE  
                    u371 07A2                      u460 07EF                      u380 07AF  
                    u461 07EE                      u381 07AE                      u390 07BA  
                    u391 07B9                      wreg 0009                     _LATD 010F  
                   _main 076E                     btemp 007E                     start 0002  
      ___bmul@multiplier 0073                    ?_main 0070          __end_of___lbdiv 076E  
                  _PORTC 000E                    _TRISC 008E                    _TRISD 008F  
                  status 0003                    wtemp0 007E          ___lbdiv@divisor 0070  
        ___lbdiv@counter 0073          __initialization 07FC             __end_of_main 07FC  
                 ??_main 0075            ?_init_punto12 0070                   ___bmul 0730  
              ??___lbdiv 0071         ___lbdiv@dividend 0072  __end_of__initialization 07FD  
         ??_init_punto12 0070      ___bmul@multiplicand 0070           __pcstackCOMMON 0070  
       ___lbdiv@quotient 0074               __pnvCOMMON 0076               __pmaintext 076E  
                ?___bmul 0070                  ___lbdiv 0745                  __ptext1 071F  
                __ptext2 0745                  __ptext3 0730                  _nibble1 0077  
                _nibble2 0076     __end_of_init_punto12 0730     end_of_initialization 07FD  
              _PORTBbits 000D                _TRISBbits 008D           __end_of___bmul 0745  
    start_initialization 07FC                 ??___bmul 0071              __pbssCOMMON 0078  
              ___latbits 0003             _init_punto12 071F                 ?___lbdiv 0070  
              _resultado 0078               _ANSELBbits 018D  
