

Microchip MPLAB XC8 Assembler V2.41 build 20230208172133 
                                                                                               Fri Sep 08 00:42:04 2023

Microchip MPLAB XC8 C Compiler v2.41 (Free license) build 20230208172133 Og1 
     1                           	processor	16F1939
     2                           	pagewidth 120
     3                           	opt	flic
     4                           	psect	cinit,global,class=CODE,merge=1,delta=2
     5                           	psect	bssCOMMON,global,class=COMMON,space=1,delta=1,noexec
     6                           	psect	cstackCOMMON,global,class=COMMON,space=1,delta=1,noexec
     7                           	psect	maintext,global,class=CODE,merge=1,split=1,delta=2
     8                           	psect	text1,local,class=CODE,merge=1,delta=2
     9                           	psect	text2,local,class=CODE,merge=1,delta=2
    10                           	psect	config,global,abs,ovrld,class=CONFIG,space=4,delta=2,noexec
    11                           	dabs	1,0x7E,2
    12     0000                     
    13                           ; Generated 06/07/2023 GMT
    14                           ; 
    15                           ; Copyright © 2023, Microchip Technology Inc. and its subsidiaries ("Microchip")
    16                           ; All rights reserved.
    17                           ; 
    18                           ; This software is developed by Microchip Technology Inc. and its subsidiaries ("Microch
      +                          ip").
    19                           ; 
    20                           ; Redistribution and use in source and binary forms, with or without modification, are
    21                           ; permitted provided that the following conditions are met:
    22                           ; 
    23                           ;     1. Redistributions of source code must retain the above copyright notice, this lis
      +                          t of
    24                           ;        conditions and the following disclaimer.
    25                           ; 
    26                           ;     2. Redistributions in binary form must reproduce the above copyright notice, this 
      +                          list
    27                           ;        of conditions and the following disclaimer in the documentation and/or other
    28                           ;        materials provided with the distribution. Publication is not required when
    29                           ;        this file is used in an embedded application.
    30                           ; 
    31                           ;     3. Microchip's name may not be used to endorse or promote products derived from th
      +                          is
    32                           ;        software without specific prior written permission.
    33                           ; 
    34                           ; THIS SOFTWARE IS PROVIDED BY MICROCHIP "AS IS" AND ANY EXPRESS OR IMPLIED WARRANTIES,
    35                           ; INCLUDING, BUT NOT LIMITED TO, THE IMPLIED WARRANTIES OF MERCHANTABILITY AND FITNESS F
      +                          OR
    36                           ; PURPOSE ARE DISCLAIMED.  IN NO EVENT SHALL MICROCHIP BE LIABLE FOR ANY DIRECT, INDIREC
      +                          T,
    37                           ; INCIDENTAL, SPECIAL, EXEMPLARY, OR CONSEQUENTIAL DAMAGES (INCLUDING BUT NOT LIMITED TO
    38                           ; PROCUREMENT OF SUBSTITUTE GOODS OR SERVICES; LOSS OF USE, DATA OR PROFITS; OR BUSINESS
    39                           ; INTERRUPTION) HOWSOEVER CAUSED AND ON ANY THEORY OF LIABILITY, WHETHER IN CONTRACT, ST
      +                          RICT
    40                           ; LIABILITY, OR TORT (INCLUDING NEGLIGENCE OR OTHERWISE) ARISING IN ANY WAY OUT OF THE U
      +                          SE OF
    41                           ; THIS SOFTWARE, EVEN IF ADVISED OF THE POSSIBILITY OF SUCH DAMAGE.
    42                           ; 
    43                           ; 
    44                           ; Code-generator required, PIC16F1939 Definitions
    45                           ; 
    46                           ; SFR Addresses
    47     0000                     	;# 
    48     0001                     	;# 
    49     0002                     	;# 
    50     0003                     	;# 
    51     0004                     	;# 
    52     0005                     	;# 
    53     0006                     	;# 
    54     0007                     	;# 
    55     0008                     	;# 
    56     0009                     	;# 
    57     000A                     	;# 
    58     000B                     	;# 
    59     000C                     	;# 
    60     000D                     	;# 
    61     000E                     	;# 
    62     000F                     	;# 
    63     0010                     	;# 
    64     0011                     	;# 
    65     0012                     	;# 
    66     0013                     	;# 
    67     0015                     	;# 
    68     0016                     	;# 
    69     0016                     	;# 
    70     0017                     	;# 
    71     0018                     	;# 
    72     0019                     	;# 
    73     001A                     	;# 
    74     001B                     	;# 
    75     001C                     	;# 
    76     001E                     	;# 
    77     001F                     	;# 
    78     008C                     	;# 
    79     008D                     	;# 
    80     008E                     	;# 
    81     008F                     	;# 
    82     0090                     	;# 
    83     0091                     	;# 
    84     0092                     	;# 
    85     0093                     	;# 
    86     0095                     	;# 
    87     0096                     	;# 
    88     0097                     	;# 
    89     0098                     	;# 
    90     0099                     	;# 
    91     009A                     	;# 
    92     009B                     	;# 
    93     009B                     	;# 
    94     009C                     	;# 
    95     009D                     	;# 
    96     009E                     	;# 
    97     010C                     	;# 
    98     010D                     	;# 
    99     010E                     	;# 
   100     010F                     	;# 
   101     0110                     	;# 
   102     0111                     	;# 
   103     0112                     	;# 
   104     0113                     	;# 
   105     0114                     	;# 
   106     0115                     	;# 
   107     0116                     	;# 
   108     0117                     	;# 
   109     0118                     	;# 
   110     0119                     	;# 
   111     011A                     	;# 
   112     011B                     	;# 
   113     011D                     	;# 
   114     018C                     	;# 
   115     018D                     	;# 
   116     018F                     	;# 
   117     0190                     	;# 
   118     0191                     	;# 
   119     0191                     	;# 
   120     0192                     	;# 
   121     0193                     	;# 
   122     0193                     	;# 
   123     0193                     	;# 
   124     0194                     	;# 
   125     0195                     	;# 
   126     0196                     	;# 
   127     0199                     	;# 
   128     019A                     	;# 
   129     019B                     	;# 
   130     019B                     	;# 
   131     019B                     	;# 
   132     019B                     	;# 
   133     019C                     	;# 
   134     019C                     	;# 
   135     019D                     	;# 
   136     019E                     	;# 
   137     019F                     	;# 
   138     020D                     	;# 
   139     0210                     	;# 
   140     0211                     	;# 
   141     0212                     	;# 
   142     0213                     	;# 
   143     0214                     	;# 
   144     0215                     	;# 
   145     0215                     	;# 
   146     0216                     	;# 
   147     0217                     	;# 
   148     0291                     	;# 
   149     0291                     	;# 
   150     0292                     	;# 
   151     0293                     	;# 
   152     0294                     	;# 
   153     0295                     	;# 
   154     0295                     	;# 
   155     0296                     	;# 
   156     0298                     	;# 
   157     0298                     	;# 
   158     0299                     	;# 
   159     029A                     	;# 
   160     029B                     	;# 
   161     029C                     	;# 
   162     029C                     	;# 
   163     029D                     	;# 
   164     029E                     	;# 
   165     029F                     	;# 
   166     0311                     	;# 
   167     0311                     	;# 
   168     0312                     	;# 
   169     0313                     	;# 
   170     0314                     	;# 
   171     0315                     	;# 
   172     0315                     	;# 
   173     0316                     	;# 
   174     0318                     	;# 
   175     0318                     	;# 
   176     0319                     	;# 
   177     031A                     	;# 
   178     031C                     	;# 
   179     031C                     	;# 
   180     031D                     	;# 
   181     031E                     	;# 
   182     0394                     	;# 
   183     0395                     	;# 
   184     0396                     	;# 
   185     0415                     	;# 
   186     0416                     	;# 
   187     0417                     	;# 
   188     041C                     	;# 
   189     041D                     	;# 
   190     041E                     	;# 
   191     0791                     	;# 
   192     0792                     	;# 
   193     0793                     	;# 
   194     0794                     	;# 
   195     0795                     	;# 
   196     0798                     	;# 
   197     0799                     	;# 
   198     079A                     	;# 
   199     07A0                     	;# 
   200     07A1                     	;# 
   201     07A2                     	;# 
   202     07A3                     	;# 
   203     07A4                     	;# 
   204     07A5                     	;# 
   205     07A6                     	;# 
   206     07A7                     	;# 
   207     07A8                     	;# 
   208     07A9                     	;# 
   209     07AA                     	;# 
   210     07AB                     	;# 
   211     0FE4                     	;# 
   212     0FE5                     	;# 
   213     0FE6                     	;# 
   214     0FE7                     	;# 
   215     0FE8                     	;# 
   216     0FE9                     	;# 
   217     0FEA                     	;# 
   218     0FEB                     	;# 
   219     0FED                     	;# 
   220     0FEE                     	;# 
   221     0FEF                     	;# 
   222     0000                     	;# 
   223     0001                     	;# 
   224     0002                     	;# 
   225     0003                     	;# 
   226     0004                     	;# 
   227     0005                     	;# 
   228     0006                     	;# 
   229     0007                     	;# 
   230     0008                     	;# 
   231     0009                     	;# 
   232     000A                     	;# 
   233     000B                     	;# 
   234     000C                     	;# 
   235     000D                     	;# 
   236     000E                     	;# 
   237     000F                     	;# 
   238     0010                     	;# 
   239     0011                     	;# 
   240     0012                     	;# 
   241     0013                     	;# 
   242     0015                     	;# 
   243     0016                     	;# 
   244     0016                     	;# 
   245     0017                     	;# 
   246     0018                     	;# 
   247     0019                     	;# 
   248     001A                     	;# 
   249     001B                     	;# 
   250     001C                     	;# 
   251     001E                     	;# 
   252     001F                     	;# 
   253     008C                     	;# 
   254     008D                     	;# 
   255     008E                     	;# 
   256     008F                     	;# 
   257     0090                     	;# 
   258     0091                     	;# 
   259     0092                     	;# 
   260     0093                     	;# 
   261     0095                     	;# 
   262     0096                     	;# 
   263     0097                     	;# 
   264     0098                     	;# 
   265     0099                     	;# 
   266     009A                     	;# 
   267     009B                     	;# 
   268     009B                     	;# 
   269     009C                     	;# 
   270     009D                     	;# 
   271     009E                     	;# 
   272     010C                     	;# 
   273     010D                     	;# 
   274     010E                     	;# 
   275     010F                     	;# 
   276     0110                     	;# 
   277     0111                     	;# 
   278     0112                     	;# 
   279     0113                     	;# 
   280     0114                     	;# 
   281     0115                     	;# 
   282     0116                     	;# 
   283     0117                     	;# 
   284     0118                     	;# 
   285     0119                     	;# 
   286     011A                     	;# 
   287     011B                     	;# 
   288     011D                     	;# 
   289     018C                     	;# 
   290     018D                     	;# 
   291     018F                     	;# 
   292     0190                     	;# 
   293     0191                     	;# 
   294     0191                     	;# 
   295     0192                     	;# 
   296     0193                     	;# 
   297     0193                     	;# 
   298     0193                     	;# 
   299     0194                     	;# 
   300     0195                     	;# 
   301     0196                     	;# 
   302     0199                     	;# 
   303     019A                     	;# 
   304     019B                     	;# 
   305     019B                     	;# 
   306     019B                     	;# 
   307     019B                     	;# 
   308     019C                     	;# 
   309     019C                     	;# 
   310     019D                     	;# 
   311     019E                     	;# 
   312     019F                     	;# 
   313     020D                     	;# 
   314     0210                     	;# 
   315     0211                     	;# 
   316     0212                     	;# 
   317     0213                     	;# 
   318     0214                     	;# 
   319     0215                     	;# 
   320     0215                     	;# 
   321     0216                     	;# 
   322     0217                     	;# 
   323     0291                     	;# 
   324     0291                     	;# 
   325     0292                     	;# 
   326     0293                     	;# 
   327     0294                     	;# 
   328     0295                     	;# 
   329     0295                     	;# 
   330     0296                     	;# 
   331     0298                     	;# 
   332     0298                     	;# 
   333     0299                     	;# 
   334     029A                     	;# 
   335     029B                     	;# 
   336     029C                     	;# 
   337     029C                     	;# 
   338     029D                     	;# 
   339     029E                     	;# 
   340     029F                     	;# 
   341     0311                     	;# 
   342     0311                     	;# 
   343     0312                     	;# 
   344     0313                     	;# 
   345     0314                     	;# 
   346     0315                     	;# 
   347     0315                     	;# 
   348     0316                     	;# 
   349     0318                     	;# 
   350     0318                     	;# 
   351     0319                     	;# 
   352     031A                     	;# 
   353     031C                     	;# 
   354     031C                     	;# 
   355     031D                     	;# 
   356     031E                     	;# 
   357     0394                     	;# 
   358     0395                     	;# 
   359     0396                     	;# 
   360     0415                     	;# 
   361     0416                     	;# 
   362     0417                     	;# 
   363     041C                     	;# 
   364     041D                     	;# 
   365     041E                     	;# 
   366     0791                     	;# 
   367     0792                     	;# 
   368     0793                     	;# 
   369     0794                     	;# 
   370     0795                     	;# 
   371     0798                     	;# 
   372     0799                     	;# 
   373     079A                     	;# 
   374     07A0                     	;# 
   375     07A1                     	;# 
   376     07A2                     	;# 
   377     07A3                     	;# 
   378     07A4                     	;# 
   379     07A5                     	;# 
   380     07A6                     	;# 
   381     07A7                     	;# 
   382     07A8                     	;# 
   383     07A9                     	;# 
   384     07AA                     	;# 
   385     07AB                     	;# 
   386     0FE4                     	;# 
   387     0FE5                     	;# 
   388     0FE6                     	;# 
   389     0FE7                     	;# 
   390     0FE8                     	;# 
   391     0FE9                     	;# 
   392     0FEA                     	;# 
   393     0FEB                     	;# 
   394     0FED                     	;# 
   395     0FEE                     	;# 
   396     0FEF                     	;# 
   397     0000                     	;# 
   398     0001                     	;# 
   399     0002                     	;# 
   400     0003                     	;# 
   401     0004                     	;# 
   402     0005                     	;# 
   403     0006                     	;# 
   404     0007                     	;# 
   405     0008                     	;# 
   406     0009                     	;# 
   407     000A                     	;# 
   408     000B                     	;# 
   409     000C                     	;# 
   410     000D                     	;# 
   411     000E                     	;# 
   412     000F                     	;# 
   413     0010                     	;# 
   414     0011                     	;# 
   415     0012                     	;# 
   416     0013                     	;# 
   417     0015                     	;# 
   418     0016                     	;# 
   419     0016                     	;# 
   420     0017                     	;# 
   421     0018                     	;# 
   422     0019                     	;# 
   423     001A                     	;# 
   424     001B                     	;# 
   425     001C                     	;# 
   426     001E                     	;# 
   427     001F                     	;# 
   428     008C                     	;# 
   429     008D                     	;# 
   430     008E                     	;# 
   431     008F                     	;# 
   432     0090                     	;# 
   433     0091                     	;# 
   434     0092                     	;# 
   435     0093                     	;# 
   436     0095                     	;# 
   437     0096                     	;# 
   438     0097                     	;# 
   439     0098                     	;# 
   440     0099                     	;# 
   441     009A                     	;# 
   442     009B                     	;# 
   443     009B                     	;# 
   444     009C                     	;# 
   445     009D                     	;# 
   446     009E                     	;# 
   447     010C                     	;# 
   448     010D                     	;# 
   449     010E                     	;# 
   450     010F                     	;# 
   451     0110                     	;# 
   452     0111                     	;# 
   453     0112                     	;# 
   454     0113                     	;# 
   455     0114                     	;# 
   456     0115                     	;# 
   457     0116                     	;# 
   458     0117                     	;# 
   459     0118                     	;# 
   460     0119                     	;# 
   461     011A                     	;# 
   462     011B                     	;# 
   463     011D                     	;# 
   464     018C                     	;# 
   465     018D                     	;# 
   466     018F                     	;# 
   467     0190                     	;# 
   468     0191                     	;# 
   469     0191                     	;# 
   470     0192                     	;# 
   471     0193                     	;# 
   472     0193                     	;# 
   473     0193                     	;# 
   474     0194                     	;# 
   475     0195                     	;# 
   476     0196                     	;# 
   477     0199                     	;# 
   478     019A                     	;# 
   479     019B                     	;# 
   480     019B                     	;# 
   481     019B                     	;# 
   482     019B                     	;# 
   483     019C                     	;# 
   484     019C                     	;# 
   485     019D                     	;# 
   486     019E                     	;# 
   487     019F                     	;# 
   488     020D                     	;# 
   489     0210                     	;# 
   490     0211                     	;# 
   491     0212                     	;# 
   492     0213                     	;# 
   493     0214                     	;# 
   494     0215                     	;# 
   495     0215                     	;# 
   496     0216                     	;# 
   497     0217                     	;# 
   498     0291                     	;# 
   499     0291                     	;# 
   500     0292                     	;# 
   501     0293                     	;# 
   502     0294                     	;# 
   503     0295                     	;# 
   504     0295                     	;# 
   505     0296                     	;# 
   506     0298                     	;# 
   507     0298                     	;# 
   508     0299                     	;# 
   509     029A                     	;# 
   510     029B                     	;# 
   511     029C                     	;# 
   512     029C                     	;# 
   513     029D                     	;# 
   514     029E                     	;# 
   515     029F                     	;# 
   516     0311                     	;# 
   517     0311                     	;# 
   518     0312                     	;# 
   519     0313                     	;# 
   520     0314                     	;# 
   521     0315                     	;# 
   522     0315                     	;# 
   523     0316                     	;# 
   524     0318                     	;# 
   525     0318                     	;# 
   526     0319                     	;# 
   527     031A                     	;# 
   528     031C                     	;# 
   529     031C                     	;# 
   530     031D                     	;# 
   531     031E                     	;# 
   532     0394                     	;# 
   533     0395                     	;# 
   534     0396                     	;# 
   535     0415                     	;# 
   536     0416                     	;# 
   537     0417                     	;# 
   538     041C                     	;# 
   539     041D                     	;# 
   540     041E                     	;# 
   541     0791                     	;# 
   542     0792                     	;# 
   543     0793                     	;# 
   544     0794                     	;# 
   545     0795                     	;# 
   546     0798                     	;# 
   547     0799                     	;# 
   548     079A                     	;# 
   549     07A0                     	;# 
   550     07A1                     	;# 
   551     07A2                     	;# 
   552     07A3                     	;# 
   553     07A4                     	;# 
   554     07A5                     	;# 
   555     07A6                     	;# 
   556     07A7                     	;# 
   557     07A8                     	;# 
   558     07A9                     	;# 
   559     07AA                     	;# 
   560     07AB                     	;# 
   561     0FE4                     	;# 
   562     0FE5                     	;# 
   563     0FE6                     	;# 
   564     0FE7                     	;# 
   565     0FE8                     	;# 
   566     0FE9                     	;# 
   567     0FEA                     	;# 
   568     0FEB                     	;# 
   569     0FED                     	;# 
   570     0FEE                     	;# 
   571     0FEF                     	;# 
   572     0000                     	;# 
   573     0001                     	;# 
   574     0002                     	;# 
   575     0003                     	;# 
   576     0004                     	;# 
   577     0005                     	;# 
   578     0006                     	;# 
   579     0007                     	;# 
   580     0008                     	;# 
   581     0009                     	;# 
   582     000A                     	;# 
   583     000B                     	;# 
   584     000C                     	;# 
   585     000D                     	;# 
   586     000E                     	;# 
   587     000F                     	;# 
   588     0010                     	;# 
   589     0011                     	;# 
   590     0012                     	;# 
   591     0013                     	;# 
   592     0015                     	;# 
   593     0016                     	;# 
   594     0016                     	;# 
   595     0017                     	;# 
   596     0018                     	;# 
   597     0019                     	;# 
   598     001A                     	;# 
   599     001B                     	;# 
   600     001C                     	;# 
   601     001E                     	;# 
   602     001F                     	;# 
   603     008C                     	;# 
   604     008D                     	;# 
   605     008E                     	;# 
   606     008F                     	;# 
   607     0090                     	;# 
   608     0091                     	;# 
   609     0092                     	;# 
   610     0093                     	;# 
   611     0095                     	;# 
   612     0096                     	;# 
   613     0097                     	;# 
   614     0098                     	;# 
   615     0099                     	;# 
   616     009A                     	;# 
   617     009B                     	;# 
   618     009B                     	;# 
   619     009C                     	;# 
   620     009D                     	;# 
   621     009E                     	;# 
   622     010C                     	;# 
   623     010D                     	;# 
   624     010E                     	;# 
   625     010F                     	;# 
   626     0110                     	;# 
   627     0111                     	;# 
   628     0112                     	;# 
   629     0113                     	;# 
   630     0114                     	;# 
   631     0115                     	;# 
   632     0116                     	;# 
   633     0117                     	;# 
   634     0118                     	;# 
   635     0119                     	;# 
   636     011A                     	;# 
   637     011B                     	;# 
   638     011D                     	;# 
   639     018C                     	;# 
   640     018D                     	;# 
   641     018F                     	;# 
   642     0190                     	;# 
   643     0191                     	;# 
   644     0191                     	;# 
   645     0192                     	;# 
   646     0193                     	;# 
   647     0193                     	;# 
   648     0193                     	;# 
   649     0194                     	;# 
   650     0195                     	;# 
   651     0196                     	;# 
   652     0199                     	;# 
   653     019A                     	;# 
   654     019B                     	;# 
   655     019B                     	;# 
   656     019B                     	;# 
   657     019B                     	;# 
   658     019C                     	;# 
   659     019C                     	;# 
   660     019D                     	;# 
   661     019E                     	;# 
   662     019F                     	;# 
   663     020D                     	;# 
   664     0210                     	;# 
   665     0211                     	;# 
   666     0212                     	;# 
   667     0213                     	;# 
   668     0214                     	;# 
   669     0215                     	;# 
   670     0215                     	;# 
   671     0216                     	;# 
   672     0217                     	;# 
   673     0291                     	;# 
   674     0291                     	;# 
   675     0292                     	;# 
   676     0293                     	;# 
   677     0294                     	;# 
   678     0295                     	;# 
   679     0295                     	;# 
   680     0296                     	;# 
   681     0298                     	;# 
   682     0298                     	;# 
   683     0299                     	;# 
   684     029A                     	;# 
   685     029B                     	;# 
   686     029C                     	;# 
   687     029C                     	;# 
   688     029D                     	;# 
   689     029E                     	;# 
   690     029F                     	;# 
   691     0311                     	;# 
   692     0311                     	;# 
   693     0312                     	;# 
   694     0313                     	;# 
   695     0314                     	;# 
   696     0315                     	;# 
   697     0315                     	;# 
   698     0316                     	;# 
   699     0318                     	;# 
   700     0318                     	;# 
   701     0319                     	;# 
   702     031A                     	;# 
   703     031C                     	;# 
   704     031C                     	;# 
   705     031D                     	;# 
   706     031E                     	;# 
   707     0394                     	;# 
   708     0395                     	;# 
   709     0396                     	;# 
   710     0415                     	;# 
   711     0416                     	;# 
   712     0417                     	;# 
   713     041C                     	;# 
   714     041D                     	;# 
   715     041E                     	;# 
   716     0791                     	;# 
   717     0792                     	;# 
   718     0793                     	;# 
   719     0794                     	;# 
   720     0795                     	;# 
   721     0798                     	;# 
   722     0799                     	;# 
   723     079A                     	;# 
   724     07A0                     	;# 
   725     07A1                     	;# 
   726     07A2                     	;# 
   727     07A3                     	;# 
   728     07A4                     	;# 
   729     07A5                     	;# 
   730     07A6                     	;# 
   731     07A7                     	;# 
   732     07A8                     	;# 
   733     07A9                     	;# 
   734     07AA                     	;# 
   735     07AB                     	;# 
   736     0FE4                     	;# 
   737     0FE5                     	;# 
   738     0FE6                     	;# 
   739     0FE7                     	;# 
   740     0FE8                     	;# 
   741     0FE9                     	;# 
   742     0FEA                     	;# 
   743     0FEB                     	;# 
   744     0FED                     	;# 
   745     0FEE                     	;# 
   746     0FEF                     	;# 
   747     000D                     _PORTBbits	set	13
   748     008E                     _TRISC	set	142
   749     008D                     _TRISBbits	set	141
   750     010E                     _LATC	set	270
   751     018D                     _ANSELBbits	set	397
   752                           
   753                           	psect	cinit
   754     07FC                     start_initialization:	
   755                           ; #config settings
   756                           
   757     07FC                     __initialization:
   758                           
   759                           ; Clear objects allocated to COMMON
   760     07FC  01FA               	clrf	__pbssCOMMON& (0+127)
   761     07FD                     end_of_initialization:	
   762                           ;End of C runtime variable initialization code
   763                           
   764     07FD                     __end_of__initialization:
   765     07FD  0020               	movlb	0
   766     07FE  3186  2E89         	ljmp	_main	;jump to C main() function
   767                           
   768                           	psect	bssCOMMON
   769     007A                     __pbssCOMMON:
   770     007A                     _dig:
   771     007A                     	ds	1
   772                           
   773                           	psect	cstackCOMMON
   774     0070                     __pcstackCOMMON:
   775     0070                     ?_logica_punto5:
   776     0070                     ??_logica_punto5:	
   777                           ; 1 bytes @ 0x0
   778                           
   779     0070                     ?_main:	
   780                           ; 1 bytes @ 0x0
   781                           
   782     0070                     ?_init_1:	
   783                           ; 1 bytes @ 0x0
   784                           
   785     0070                     ??_init_1:	
   786                           ; 1 bytes @ 0x0
   787                           
   788                           
   789                           ; 1 bytes @ 0x0
   790     0070                     	ds	2
   791     0072                     logica_punto5@i:
   792                           
   793                           ; 1 bytes @ 0x2
   794     0072                     	ds	1
   795     0073                     logica_punto5@i_130:
   796                           
   797                           ; 1 bytes @ 0x3
   798     0073                     	ds	1
   799     0074                     logica_punto5@i_131:
   800                           
   801                           ; 1 bytes @ 0x4
   802     0074                     	ds	1
   803     0075                     logica_punto5@i_132:
   804                           
   805                           ; 1 bytes @ 0x5
   806     0075                     	ds	1
   807     0076                     logica_punto5@i_133:
   808                           
   809                           ; 1 bytes @ 0x6
   810     0076                     	ds	1
   811     0077                     logica_punto5@i_134:
   812                           
   813                           ; 1 bytes @ 0x7
   814     0077                     	ds	1
   815     0078                     logica_punto5@i_135:
   816                           
   817                           ; 1 bytes @ 0x8
   818     0078                     	ds	1
   819     0079                     logica_punto5@i_136:
   820                           
   821                           ; 1 bytes @ 0x9
   822     0079                     	ds	1
   823     007A                     ??_main:
   824                           
   825                           	psect	maintext
   826     0689                     __pmaintext:	
   827                           ; 1 bytes @ 0xA
   828 ;;
   829 ;;Main: autosize = 0, tempsize = 0, incstack = 0, save=0
   830 ;;
   831 ;; *************** function _main *****************
   832 ;; Defined at:
   833 ;;		line 8 in file "main.c"
   834 ;; Parameters:    Size  Location     Type
   835 ;;		None
   836 ;; Auto vars:     Size  Location     Type
   837 ;;		None
   838 ;; Return value:  Size  Location     Type
   839 ;;                  1    wreg      void 
   840 ;; Registers used:
   841 ;;		wreg, status,2, status,0, pclath, cstack
   842 ;; Tracked objects:
   843 ;;		On entry : B1F/0
   844 ;;		On exit  : 0/0
   845 ;;		Unchanged: 0/0
   846 ;; Data sizes:     COMMON   BANK0   BANK1   BANK2   BANK3   BANK4   BANK5   BANK6   BANK7   BANK8   BANK9  BANK10  BANK1
      +1  BANK12
   847 ;;      Params:         0       0       0       0       0       0       0       0       0       0       0       0       
      +0       0
   848 ;;      Locals:         0       0       0       0       0       0       0       0       0       0       0       0       
      +0       0
   849 ;;      Temps:          0       0       0       0       0       0       0       0       0       0       0       0       
      +0       0
   850 ;;      Totals:         0       0       0       0       0       0       0       0       0       0       0       0       
      +0       0
   851 ;;Total ram usage:        0 bytes
   852 ;; Hardware stack levels required when called: 2
   853 ;; This function calls:
   854 ;;		_logica_punto5
   855 ;; This function is called by:
   856 ;;		Startup code after reset
   857 ;; This function uses a non-reentrant model
   858 ;;
   859                           
   860     0689                     _main:	
   861                           ;psect for function _main
   862                           
   863     0689                     l826:	
   864                           ;incstack = 0
   865                           ; Regs used in _main: [wreg+status,2+status,0+pclath+cstack]
   866                           
   867                           
   868                           ;main.c: 10:    logica_punto5();
   869     0689  3186  26A4  3186   	fcall	_logica_punto5
   870     068C                     l7:	
   871                           ;main.c: 11:           while(1){
   872                           
   873     068C                     l8:	
   874                           ;main.c: 13:     }
   875                           
   876     068C  2E8C               	goto	l7
   877     068D  3180  2802         	ljmp	start
   878     068F                     __end_of_main:
   879                           
   880                           	psect	text1
   881     06A4                     __ptext1:	
   882 ;; *************** function _logica_punto5 *****************
   883 ;; Defined at:
   884 ;;		line 26 in file "punt5.c"
   885 ;; Parameters:    Size  Location     Type
   886 ;;		None
   887 ;; Auto vars:     Size  Location     Type
   888 ;;  i               1    0        unsigned char 
   889 ;;  i               1    9[COMMON] unsigned char 
   890 ;;  i               1    8[COMMON] unsigned char 
   891 ;;  i               1    7[COMMON] unsigned char 
   892 ;;  i               1    6[COMMON] unsigned char 
   893 ;;  i               1    5[COMMON] unsigned char 
   894 ;;  i               1    4[COMMON] unsigned char 
   895 ;;  i               1    3[COMMON] unsigned char 
   896 ;;  i               1    2[COMMON] unsigned char 
   897 ;; Return value:  Size  Location     Type
   898 ;;                  1    wreg      void 
   899 ;; Registers used:
   900 ;;		wreg, status,2, status,0, pclath, cstack
   901 ;; Tracked objects:
   902 ;;		On entry : 0/0
   903 ;;		On exit  : 0/0
   904 ;;		Unchanged: 0/0
   905 ;; Data sizes:     COMMON   BANK0   BANK1   BANK2   BANK3   BANK4   BANK5   BANK6   BANK7   BANK8   BANK9  BANK10  BANK1
      +1  BANK12
   906 ;;      Params:         0       0       0       0       0       0       0       0       0       0       0       0       
      +0       0
   907 ;;      Locals:         8       0       0       0       0       0       0       0       0       0       0       0       
      +0       0
   908 ;;      Temps:          2       0       0       0       0       0       0       0       0       0       0       0       
      +0       0
   909 ;;      Totals:        10       0       0       0       0       0       0       0       0       0       0       0       
      +0       0
   910 ;;Total ram usage:       10 bytes
   911 ;; Hardware stack levels used: 1
   912 ;; Hardware stack levels required when called: 1
   913 ;; This function calls:
   914 ;;		_init_1
   915 ;; This function is called by:
   916 ;;		_main
   917 ;; This function uses a non-reentrant model
   918 ;;
   919                           
   920     06A4                     _logica_punto5:	
   921                           ;psect for function _logica_punto5
   922                           
   923     06A4                     l680:	
   924                           ;incstack = 0
   925                           ; Regs used in _logica_punto5: [wreg+status,2+status,0+pclath+cstack]
   926                           
   927                           
   928                           ;punt5.c: 27:     init_1();
   929     06A4  3186  268F  3186   	fcall	_init_1
   930     06A7                     l682:
   931                           
   932                           ;punt5.c: 31:     if(PORTBbits.RB0==1 ){
   933     06A7  0020               	movlb	0	; select bank0
   934     06A8  1C0D               	btfss	13,0	;volatile
   935     06A9  2EAB               	goto	u11
   936     06AA  2EAC               	goto	u10
   937     06AB                     u11:
   938     06AB  2ECF               	goto	l31
   939     06AC                     u10:
   940     06AC                     l684:
   941                           
   942                           ;punt5.c: 32:          for(char i=8; i>0; i--){
   943     06AC  3008               	movlw	8
   944     06AD  00F2               	movwf	logica_punto5@i
   945     06AE                     l690:
   946                           
   947                           ;punt5.c: 33:                 LATC |= (1<<i);
   948     06AE  3001               	movlw	1
   949     06AF  00F0               	movwf	??_logica_punto5
   950     06B0  0A72               	incf	logica_punto5@i,w
   951     06B1  2EB3               	goto	u24
   952     06B2                     u25:
   953     06B2  35F0               	lslf	??_logica_punto5,f
   954     06B3                     u24:
   955     06B3  0B89               	decfsz	9,f
   956     06B4  2EB2               	goto	u25
   957     06B5  0870               	movf	??_logica_punto5,w
   958     06B6  00F1               	movwf	??_logica_punto5+1
   959     06B7  0871               	movf	??_logica_punto5+1,w
   960     06B8  0022               	movlb	2	; select bank2
   961     06B9  048E               	iorwf	14,f	;volatile
   962     06BA                     l692:
   963                           
   964                           ;punt5.c: 34:                 _delay((unsigned long)((200)*(20000000UL/4000.0)));
   965     06BA  3006               	movlw	6
   966     06BB  00F1               	movwf	??_logica_punto5+1
   967     06BC  3013               	movlw	19
   968     06BD  00F0               	movwf	??_logica_punto5
   969     06BE  30AE               	movlw	174
   970     06BF                     u327:
   971     06BF  0B89               	decfsz	9,f
   972     06C0  2EBF               	goto	u327
   973     06C1  0BF0               	decfsz	??_logica_punto5,f
   974     06C2  2EBF               	goto	u327
   975     06C3  0BF1               	decfsz	??_logica_punto5+1,f
   976     06C4  2EBF               	goto	u327
   977     06C5                     l694:
   978                           
   979                           ;punt5.c: 35:             }
   980     06C5  3001               	movlw	1
   981     06C6  02F2               	subwf	logica_punto5@i,f
   982     06C7                     l696:
   983     06C7  0872               	movf	logica_punto5@i,w
   984     06C8  1D03               	btfss	3,2
   985     06C9  2ECB               	goto	u31
   986     06CA  2ECC               	goto	u30
   987     06CB                     u31:
   988     06CB  2EAE               	goto	l690
   989     06CC                     u30:
   990     06CC                     l698:
   991                           
   992                           ;punt5.c: 36:            LATC=0x00;
   993     06CC  0022               	movlb	2	; select bank2
   994     06CD  018E               	clrf	14	;volatile
   995                           
   996                           ;punt5.c: 38:     }
   997     06CE  2EA7               	goto	l682
   998     06CF                     l31:	
   999                           ;punt5.c: 39:     else if(PORTBbits.RB1==1){
  1000                           
  1001     06CF  1C8D               	btfss	13,1	;volatile
  1002     06D0  2ED2               	goto	u41
  1003     06D1  2ED3               	goto	u40
  1004     06D2                     u41:
  1005     06D2  2EF6               	goto	l35
  1006     06D3                     u40:
  1007     06D3                     l700:
  1008                           
  1009                           ;punt5.c: 40:          for(char i=0; i<8; i++){
  1010     06D3  01F3               	clrf	logica_punto5@i_130
  1011     06D4                     l706:
  1012                           
  1013                           ;punt5.c: 41:                 LATC |= (1<<i);
  1014     06D4  3001               	movlw	1
  1015     06D5  00F0               	movwf	??_logica_punto5
  1016     06D6  0A73               	incf	logica_punto5@i_130,w
  1017     06D7  2ED9               	goto	u54
  1018     06D8                     u55:
  1019     06D8  35F0               	lslf	??_logica_punto5,f
  1020     06D9                     u54:
  1021     06D9  0B89               	decfsz	9,f
  1022     06DA  2ED8               	goto	u55
  1023     06DB  0870               	movf	??_logica_punto5,w
  1024     06DC  00F1               	movwf	??_logica_punto5+1
  1025     06DD  0871               	movf	??_logica_punto5+1,w
  1026     06DE  0022               	movlb	2	; select bank2
  1027     06DF  048E               	iorwf	14,f	;volatile
  1028     06E0                     l708:
  1029                           
  1030                           ;punt5.c: 42:                 _delay((unsigned long)((200)*(20000000UL/4000.0)));
  1031     06E0  3006               	movlw	6
  1032     06E1  00F1               	movwf	??_logica_punto5+1
  1033     06E2  3013               	movlw	19
  1034     06E3  00F0               	movwf	??_logica_punto5
  1035     06E4  30AE               	movlw	174
  1036     06E5                     u337:
  1037     06E5  0B89               	decfsz	9,f
  1038     06E6  2EE5               	goto	u337
  1039     06E7  0BF0               	decfsz	??_logica_punto5,f
  1040     06E8  2EE5               	goto	u337
  1041     06E9  0BF1               	decfsz	??_logica_punto5+1,f
  1042     06EA  2EE5               	goto	u337
  1043     06EB                     l710:
  1044                           
  1045                           ;punt5.c: 43:             }
  1046     06EB  3001               	movlw	1
  1047     06EC  00F0               	movwf	??_logica_punto5
  1048     06ED  0870               	movf	??_logica_punto5,w
  1049     06EE  07F3               	addwf	logica_punto5@i_130,f
  1050     06EF  3008               	movlw	8
  1051     06F0  0273               	subwf	logica_punto5@i_130,w
  1052     06F1  1C03               	skipc
  1053     06F2  2EF4               	goto	u61
  1054     06F3  2EF5               	goto	u60
  1055     06F4                     u61:
  1056     06F4  2ED4               	goto	l706
  1057     06F5                     u60:
  1058     06F5  2ECC               	goto	l698
  1059     06F6                     l35:	
  1060                           ;punt5.c: 47:     else if(PORTBbits.RB2==1){
  1061                           
  1062     06F6  1D0D               	btfss	13,2	;volatile
  1063     06F7  2EF9               	goto	u71
  1064     06F8  2EFA               	goto	u70
  1065     06F9                     u71:
  1066     06F9  2F1C               	goto	l39
  1067     06FA                     u70:
  1068     06FA                     l714:
  1069                           
  1070                           ;punt5.c: 48:          for(char i=6; i>0; i=i-2){
  1071     06FA  3006               	movlw	6
  1072     06FB  00F4               	movwf	logica_punto5@i_131
  1073     06FC                     l720:
  1074                           
  1075                           ;punt5.c: 49:                 LATC |= (1<<i);
  1076     06FC  3001               	movlw	1
  1077     06FD  00F0               	movwf	??_logica_punto5
  1078     06FE  0A74               	incf	logica_punto5@i_131,w
  1079     06FF  2F01               	goto	u84
  1080     0700                     u85:
  1081     0700  35F0               	lslf	??_logica_punto5,f
  1082     0701                     u84:
  1083     0701  0B89               	decfsz	9,f
  1084     0702  2F00               	goto	u85
  1085     0703  0870               	movf	??_logica_punto5,w
  1086     0704  00F1               	movwf	??_logica_punto5+1
  1087     0705  0871               	movf	??_logica_punto5+1,w
  1088     0706  0022               	movlb	2	; select bank2
  1089     0707  048E               	iorwf	14,f	;volatile
  1090     0708                     l722:
  1091                           
  1092                           ;punt5.c: 50:                 _delay((unsigned long)((200)*(20000000UL/4000.0)));
  1093     0708  3006               	movlw	6
  1094     0709  00F1               	movwf	??_logica_punto5+1
  1095     070A  3013               	movlw	19
  1096     070B  00F0               	movwf	??_logica_punto5
  1097     070C  30AE               	movlw	174
  1098     070D                     u347:
  1099     070D  0B89               	decfsz	9,f
  1100     070E  2F0D               	goto	u347
  1101     070F  0BF0               	decfsz	??_logica_punto5,f
  1102     0710  2F0D               	goto	u347
  1103     0711  0BF1               	decfsz	??_logica_punto5+1,f
  1104     0712  2F0D               	goto	u347
  1105     0713                     l724:
  1106                           
  1107                           ;punt5.c: 51:             }
  1108     0713  0874               	movf	logica_punto5@i_131,w
  1109     0714  3EFE               	addlw	254
  1110     0715  00F4               	movwf	logica_punto5@i_131
  1111     0716                     l726:
  1112     0716  0874               	movf	logica_punto5@i_131,w
  1113     0717  1D03               	btfss	3,2
  1114     0718  2F1A               	goto	u91
  1115     0719  2F1B               	goto	u90
  1116     071A                     u91:
  1117     071A  2EFC               	goto	l720
  1118     071B                     u90:
  1119     071B  2ECC               	goto	l698
  1120     071C                     l39:	
  1121                           ;punt5.c: 55:     else if(PORTBbits.RB3==1){
  1122                           
  1123     071C  1D8D               	btfss	13,3	;volatile
  1124     071D  2F1F               	goto	u101
  1125     071E  2F20               	goto	u100
  1126     071F                     u101:
  1127     071F  2F43               	goto	l43
  1128     0720                     u100:
  1129     0720                     l730:
  1130                           
  1131                           ;punt5.c: 56:          for(char i=2; i<8; i=i+2){
  1132     0720  3002               	movlw	2
  1133     0721  00F5               	movwf	logica_punto5@i_132
  1134     0722                     l734:
  1135                           
  1136                           ;punt5.c: 57:                 LATC |= (1<<i);
  1137     0722  3001               	movlw	1
  1138     0723  00F0               	movwf	??_logica_punto5
  1139     0724  0A75               	incf	logica_punto5@i_132,w
  1140     0725  2F27               	goto	u114
  1141     0726                     u115:
  1142     0726  35F0               	lslf	??_logica_punto5,f
  1143     0727                     u114:
  1144     0727  0B89               	decfsz	9,f
  1145     0728  2F26               	goto	u115
  1146     0729  0870               	movf	??_logica_punto5,w
  1147     072A  00F1               	movwf	??_logica_punto5+1
  1148     072B  0871               	movf	??_logica_punto5+1,w
  1149     072C  0022               	movlb	2	; select bank2
  1150     072D  048E               	iorwf	14,f	;volatile
  1151     072E                     l736:
  1152                           
  1153                           ;punt5.c: 58:                 _delay((unsigned long)((200)*(20000000UL/4000.0)));
  1154     072E  3006               	movlw	6
  1155     072F  00F1               	movwf	??_logica_punto5+1
  1156     0730  3013               	movlw	19
  1157     0731  00F0               	movwf	??_logica_punto5
  1158     0732  30AE               	movlw	174
  1159     0733                     u357:
  1160     0733  0B89               	decfsz	9,f
  1161     0734  2F33               	goto	u357
  1162     0735  0BF0               	decfsz	??_logica_punto5,f
  1163     0736  2F33               	goto	u357
  1164     0737  0BF1               	decfsz	??_logica_punto5+1,f
  1165     0738  2F33               	goto	u357
  1166     0739                     l738:
  1167                           
  1168                           ;punt5.c: 59:             }
  1169     0739  0875               	movf	logica_punto5@i_132,w
  1170     073A  3E02               	addlw	2
  1171     073B  00F5               	movwf	logica_punto5@i_132
  1172     073C  3008               	movlw	8
  1173     073D  0275               	subwf	logica_punto5@i_132,w
  1174     073E  1C03               	skipc
  1175     073F  2F41               	goto	u121
  1176     0740  2F42               	goto	u120
  1177     0741                     u121:
  1178     0741  2F22               	goto	l734
  1179     0742                     u120:
  1180     0742  2ECC               	goto	l698
  1181     0743                     l43:	
  1182                           ;punt5.c: 63:     else if(PORTBbits.RB0==1 && PORTBbits.RB1==1){
  1183                           
  1184     0743  1C0D               	btfss	13,0	;volatile
  1185     0744  2F46               	goto	u131
  1186     0745  2F47               	goto	u130
  1187     0746                     u131:
  1188     0746  2F6D               	goto	l47
  1189     0747                     u130:
  1190     0747                     l742:
  1191     0747  1C8D               	btfss	13,1	;volatile
  1192     0748  2F4A               	goto	u141
  1193     0749  2F4B               	goto	u140
  1194     074A                     u141:
  1195     074A  2F6D               	goto	l47
  1196     074B                     u140:
  1197     074B                     l744:
  1198                           
  1199                           ;punt5.c: 64:          for(char i=7; i>0; i=i-2){
  1200     074B  3007               	movlw	7
  1201     074C  00F6               	movwf	logica_punto5@i_133
  1202     074D                     l750:
  1203                           
  1204                           ;punt5.c: 65:                 LATC |= (1<<i);
  1205     074D  3001               	movlw	1
  1206     074E  00F0               	movwf	??_logica_punto5
  1207     074F  0A76               	incf	logica_punto5@i_133,w
  1208     0750  2F52               	goto	u154
  1209     0751                     u155:
  1210     0751  35F0               	lslf	??_logica_punto5,f
  1211     0752                     u154:
  1212     0752  0B89               	decfsz	9,f
  1213     0753  2F51               	goto	u155
  1214     0754  0870               	movf	??_logica_punto5,w
  1215     0755  00F1               	movwf	??_logica_punto5+1
  1216     0756  0871               	movf	??_logica_punto5+1,w
  1217     0757  0022               	movlb	2	; select bank2
  1218     0758  048E               	iorwf	14,f	;volatile
  1219     0759                     l752:
  1220                           
  1221                           ;punt5.c: 66:                 _delay((unsigned long)((200)*(20000000UL/4000.0)));
  1222     0759  3006               	movlw	6
  1223     075A  00F1               	movwf	??_logica_punto5+1
  1224     075B  3013               	movlw	19
  1225     075C  00F0               	movwf	??_logica_punto5
  1226     075D  30AE               	movlw	174
  1227     075E                     u367:
  1228     075E  0B89               	decfsz	9,f
  1229     075F  2F5E               	goto	u367
  1230     0760  0BF0               	decfsz	??_logica_punto5,f
  1231     0761  2F5E               	goto	u367
  1232     0762  0BF1               	decfsz	??_logica_punto5+1,f
  1233     0763  2F5E               	goto	u367
  1234     0764                     l754:
  1235                           
  1236                           ;punt5.c: 67:             }
  1237     0764  0876               	movf	logica_punto5@i_133,w
  1238     0765  3EFE               	addlw	254
  1239     0766  00F6               	movwf	logica_punto5@i_133
  1240     0767                     l756:
  1241     0767  0876               	movf	logica_punto5@i_133,w
  1242     0768  1D03               	btfss	3,2
  1243     0769  2F6B               	goto	u161
  1244     076A  2F6C               	goto	u160
  1245     076B                     u161:
  1246     076B  2F4D               	goto	l750
  1247     076C                     u160:
  1248     076C  2ECC               	goto	l698
  1249     076D                     l47:	
  1250                           ;punt5.c: 70:     else if(PORTBbits.RB0==1 && PORTBbits.RB2==1){
  1251                           
  1252     076D  1C0D               	btfss	13,0	;volatile
  1253     076E  2F70               	goto	u171
  1254     076F  2F71               	goto	u170
  1255     0770                     u171:
  1256     0770  2F98               	goto	l51
  1257     0771                     u170:
  1258     0771                     l760:
  1259     0771  1D0D               	btfss	13,2	;volatile
  1260     0772  2F74               	goto	u181
  1261     0773  2F75               	goto	u180
  1262     0774                     u181:
  1263     0774  2F98               	goto	l51
  1264     0775                     u180:
  1265     0775                     l762:
  1266                           
  1267                           ;punt5.c: 71:          for(char i=1; i<8; i=i+2){
  1268     0775  01F7               	clrf	logica_punto5@i_134
  1269     0776  0AF7               	incf	logica_punto5@i_134,f
  1270     0777                     l768:
  1271                           
  1272                           ;punt5.c: 72:                 LATC |= (1<<i);
  1273     0777  3001               	movlw	1
  1274     0778  00F0               	movwf	??_logica_punto5
  1275     0779  0A77               	incf	logica_punto5@i_134,w
  1276     077A  2F7C               	goto	u194
  1277     077B                     u195:
  1278     077B  35F0               	lslf	??_logica_punto5,f
  1279     077C                     u194:
  1280     077C  0B89               	decfsz	9,f
  1281     077D  2F7B               	goto	u195
  1282     077E  0870               	movf	??_logica_punto5,w
  1283     077F  00F1               	movwf	??_logica_punto5+1
  1284     0780  0871               	movf	??_logica_punto5+1,w
  1285     0781  0022               	movlb	2	; select bank2
  1286     0782  048E               	iorwf	14,f	;volatile
  1287     0783                     l770:
  1288                           
  1289                           ;punt5.c: 73:                 _delay((unsigned long)((200)*(20000000UL/4000.0)));
  1290     0783  3006               	movlw	6
  1291     0784  00F1               	movwf	??_logica_punto5+1
  1292     0785  3013               	movlw	19
  1293     0786  00F0               	movwf	??_logica_punto5
  1294     0787  30AE               	movlw	174
  1295     0788                     u377:
  1296     0788  0B89               	decfsz	9,f
  1297     0789  2F88               	goto	u377
  1298     078A  0BF0               	decfsz	??_logica_punto5,f
  1299     078B  2F88               	goto	u377
  1300     078C  0BF1               	decfsz	??_logica_punto5+1,f
  1301     078D  2F88               	goto	u377
  1302     078E                     l772:
  1303                           
  1304                           ;punt5.c: 74:             }
  1305     078E  0877               	movf	logica_punto5@i_134,w
  1306     078F  3E02               	addlw	2
  1307     0790  00F7               	movwf	logica_punto5@i_134
  1308     0791  3008               	movlw	8
  1309     0792  0277               	subwf	logica_punto5@i_134,w
  1310     0793  1C03               	skipc
  1311     0794  2F96               	goto	u201
  1312     0795  2F97               	goto	u200
  1313     0796                     u201:
  1314     0796  2F77               	goto	l768
  1315     0797                     u200:
  1316     0797  2ECC               	goto	l698
  1317     0798                     l51:	
  1318                           ;punt5.c: 77:     else if(PORTBbits.RB1==1 && PORTBbits.RB2==1){
  1319                           
  1320     0798  1C8D               	btfss	13,1	;volatile
  1321     0799  2F9B               	goto	u211
  1322     079A  2F9C               	goto	u210
  1323     079B                     u211:
  1324     079B  2FC2               	goto	l55
  1325     079C                     u210:
  1326     079C                     l776:
  1327     079C  1D0D               	btfss	13,2	;volatile
  1328     079D  2F9F               	goto	u221
  1329     079E  2FA0               	goto	u220
  1330     079F                     u221:
  1331     079F  2FC2               	goto	l55
  1332     07A0                     u220:
  1333     07A0                     l778:
  1334                           
  1335                           ;punt5.c: 78:          for(char i=7; i>0; i=i-2){
  1336     07A0  3007               	movlw	7
  1337     07A1  00F8               	movwf	logica_punto5@i_135
  1338     07A2                     l784:
  1339                           
  1340                           ;punt5.c: 79:                 LATC |= (1<<i);
  1341     07A2  3001               	movlw	1
  1342     07A3  00F0               	movwf	??_logica_punto5
  1343     07A4  0A78               	incf	logica_punto5@i_135,w
  1344     07A5  2FA7               	goto	u234
  1345     07A6                     u235:
  1346     07A6  35F0               	lslf	??_logica_punto5,f
  1347     07A7                     u234:
  1348     07A7  0B89               	decfsz	9,f
  1349     07A8  2FA6               	goto	u235
  1350     07A9  0870               	movf	??_logica_punto5,w
  1351     07AA  00F1               	movwf	??_logica_punto5+1
  1352     07AB  0871               	movf	??_logica_punto5+1,w
  1353     07AC  0022               	movlb	2	; select bank2
  1354     07AD  048E               	iorwf	14,f	;volatile
  1355     07AE                     l786:
  1356                           
  1357                           ;punt5.c: 80:                 _delay((unsigned long)((200)*(20000000UL/4000.0)));
  1358     07AE  3006               	movlw	6
  1359     07AF  00F1               	movwf	??_logica_punto5+1
  1360     07B0  3013               	movlw	19
  1361     07B1  00F0               	movwf	??_logica_punto5
  1362     07B2  30AE               	movlw	174
  1363     07B3                     u387:
  1364     07B3  0B89               	decfsz	9,f
  1365     07B4  2FB3               	goto	u387
  1366     07B5  0BF0               	decfsz	??_logica_punto5,f
  1367     07B6  2FB3               	goto	u387
  1368     07B7  0BF1               	decfsz	??_logica_punto5+1,f
  1369     07B8  2FB3               	goto	u387
  1370     07B9                     l788:
  1371                           
  1372                           ;punt5.c: 81:             }
  1373     07B9  0878               	movf	logica_punto5@i_135,w
  1374     07BA  3EFE               	addlw	254
  1375     07BB  00F8               	movwf	logica_punto5@i_135
  1376     07BC                     l790:
  1377     07BC  0878               	movf	logica_punto5@i_135,w
  1378     07BD  1D03               	btfss	3,2
  1379     07BE  2FC0               	goto	u241
  1380     07BF  2FC1               	goto	u240
  1381     07C0                     u241:
  1382     07C0  2FA2               	goto	l784
  1383     07C1                     u240:
  1384     07C1  2ECC               	goto	l698
  1385     07C2                     l55:	
  1386                           ;punt5.c: 84:     else if((PORTBbits.RB1==1 && PORTBbits.RB2==1) && PORTBbits.RB0==1){
  1387                           
  1388     07C2  1C8D               	btfss	13,1	;volatile
  1389     07C3  2FC5               	goto	u251
  1390     07C4  2FC6               	goto	u250
  1391     07C5                     u251:
  1392     07C5  2FF1               	goto	l59
  1393     07C6                     u250:
  1394     07C6                     l794:
  1395     07C6  1D0D               	btfss	13,2	;volatile
  1396     07C7  2FC9               	goto	u261
  1397     07C8  2FCA               	goto	u260
  1398     07C9                     u261:
  1399     07C9  2FF1               	goto	l59
  1400     07CA                     u260:
  1401     07CA                     l796:
  1402     07CA  1C0D               	btfss	13,0	;volatile
  1403     07CB  2FCD               	goto	u271
  1404     07CC  2FCE               	goto	u270
  1405     07CD                     u271:
  1406     07CD  2FF1               	goto	l59
  1407     07CE                     u270:
  1408     07CE                     l798:
  1409                           
  1410                           ;punt5.c: 85:          for(char i=7; i>3; i=i-2){
  1411     07CE  3007               	movlw	7
  1412     07CF  00F9               	movwf	logica_punto5@i_136
  1413     07D0                     l802:
  1414                           
  1415                           ;punt5.c: 86:                 LATC |= (1<<i);
  1416     07D0  3001               	movlw	1
  1417     07D1  00F0               	movwf	??_logica_punto5
  1418     07D2  0A79               	incf	logica_punto5@i_136,w
  1419     07D3  2FD5               	goto	u284
  1420     07D4                     u285:
  1421     07D4  35F0               	lslf	??_logica_punto5,f
  1422     07D5                     u284:
  1423     07D5  0B89               	decfsz	9,f
  1424     07D6  2FD4               	goto	u285
  1425     07D7  0870               	movf	??_logica_punto5,w
  1426     07D8  00F1               	movwf	??_logica_punto5+1
  1427     07D9  0871               	movf	??_logica_punto5+1,w
  1428     07DA  0022               	movlb	2	; select bank2
  1429     07DB  048E               	iorwf	14,f	;volatile
  1430     07DC                     l804:
  1431                           
  1432                           ;punt5.c: 87:                 _delay((unsigned long)((200)*(20000000UL/4000.0)));
  1433     07DC  3006               	movlw	6
  1434     07DD  00F1               	movwf	??_logica_punto5+1
  1435     07DE  3013               	movlw	19
  1436     07DF  00F0               	movwf	??_logica_punto5
  1437     07E0  30AE               	movlw	174
  1438     07E1                     u397:
  1439     07E1  0B89               	decfsz	9,f
  1440     07E2  2FE1               	goto	u397
  1441     07E3  0BF0               	decfsz	??_logica_punto5,f
  1442     07E4  2FE1               	goto	u397
  1443     07E5  0BF1               	decfsz	??_logica_punto5+1,f
  1444     07E6  2FE1               	goto	u397
  1445     07E7                     l806:
  1446                           
  1447                           ;punt5.c: 88:             }
  1448     07E7  0879               	movf	logica_punto5@i_136,w
  1449     07E8  3EFE               	addlw	254
  1450     07E9  00F9               	movwf	logica_punto5@i_136
  1451     07EA  3004               	movlw	4
  1452     07EB  0279               	subwf	logica_punto5@i_136,w
  1453     07EC  1803               	skipnc
  1454     07ED  2FEF               	goto	u291
  1455     07EE  2FF0               	goto	u290
  1456     07EF                     u291:
  1457     07EF  2FD0               	goto	l802
  1458     07F0                     u290:
  1459     07F0  2ECC               	goto	l698
  1460     07F1                     l59:	
  1461                           ;punt5.c: 91:     else if(PORTBbits.RB0==1 && PORTBbits.RB3==1){
  1462                           
  1463     07F1  1C0D               	btfss	13,0	;volatile
  1464     07F2  2FF4               	goto	u301
  1465     07F3  2FF5               	goto	u300
  1466     07F4                     u301:
  1467     07F4  2FFA               	goto	l54
  1468     07F5                     u300:
  1469     07F5                     l810:
  1470     07F5  1D8D               	btfss	13,3	;volatile
  1471     07F6  2FF8               	goto	u311
  1472     07F7  2FF9               	goto	u310
  1473     07F8                     u311:
  1474     07F8  2FFA               	goto	l54
  1475     07F9                     u310:
  1476     07F9                     l812:
  1477     07F9                     l814:
  1478     07F9  2ECC               	goto	l698
  1479     07FA                     l54:
  1480     07FA  2EA7               	goto	l682
  1481     07FB  0008               	return
  1482     07FC                     __end_of_logica_punto5:
  1483                           
  1484                           	psect	text2
  1485     068F                     __ptext2:	
  1486 ;; *************** function _init_1 *****************
  1487 ;; Defined at:
  1488 ;;		line 7 in file "punt5.c"
  1489 ;; Parameters:    Size  Location     Type
  1490 ;;		None
  1491 ;; Auto vars:     Size  Location     Type
  1492 ;;		None
  1493 ;; Return value:  Size  Location     Type
  1494 ;;                  1    wreg      void 
  1495 ;; Registers used:
  1496 ;;		status,2
  1497 ;; Tracked objects:
  1498 ;;		On entry : 0/0
  1499 ;;		On exit  : 0/0
  1500 ;;		Unchanged: 0/0
  1501 ;; Data sizes:     COMMON   BANK0   BANK1   BANK2   BANK3   BANK4   BANK5   BANK6   BANK7   BANK8   BANK9  BANK10  BANK1
      +1  BANK12
  1502 ;;      Params:         0       0       0       0       0       0       0       0       0       0       0       0       
      +0       0
  1503 ;;      Locals:         0       0       0       0       0       0       0       0       0       0       0       0       
      +0       0
  1504 ;;      Temps:          0       0       0       0       0       0       0       0       0       0       0       0       
      +0       0
  1505 ;;      Totals:         0       0       0       0       0       0       0       0       0       0       0       0       
      +0       0
  1506 ;;Total ram usage:        0 bytes
  1507 ;; Hardware stack levels used: 1
  1508 ;; This function calls:
  1509 ;;		Nothing
  1510 ;; This function is called by:
  1511 ;;		_logica_punto5
  1512 ;; This function uses a non-reentrant model
  1513 ;;
  1514                           
  1515     068F                     _init_1:	
  1516                           ;psect for function _init_1
  1517                           
  1518     068F                     l676:	
  1519                           ;incstack = 0
  1520                           ; Regs used in _init_1: [status,2]
  1521                           
  1522                           
  1523                           ;punt5.c: 8:     TRISBbits.TRISB0=1;
  1524     068F  0021               	movlb	1	; select bank1
  1525     0690  140D               	bsf	13,0	;volatile
  1526                           
  1527                           ;punt5.c: 9:     ANSELBbits.ANSB0=0;
  1528     0691  0023               	movlb	3	; select bank3
  1529     0692  100D               	bcf	13,0	;volatile
  1530                           
  1531                           ;punt5.c: 11:     TRISBbits.TRISB1=1;
  1532     0693  0021               	movlb	1	; select bank1
  1533     0694  148D               	bsf	13,1	;volatile
  1534                           
  1535                           ;punt5.c: 12:     ANSELBbits.ANSB1=0;
  1536     0695  0023               	movlb	3	; select bank3
  1537     0696  108D               	bcf	13,1	;volatile
  1538                           
  1539                           ;punt5.c: 14:     TRISBbits.TRISB2=1;
  1540     0697  0021               	movlb	1	; select bank1
  1541     0698  150D               	bsf	13,2	;volatile
  1542                           
  1543                           ;punt5.c: 15:     ANSELBbits.ANSB2=0;
  1544     0699  0023               	movlb	3	; select bank3
  1545     069A  110D               	bcf	13,2	;volatile
  1546                           
  1547                           ;punt5.c: 17:     TRISBbits.TRISB3=1;
  1548     069B  0021               	movlb	1	; select bank1
  1549     069C  158D               	bsf	13,3	;volatile
  1550                           
  1551                           ;punt5.c: 18:     ANSELBbits.ANSB3=0;
  1552     069D  0023               	movlb	3	; select bank3
  1553     069E  118D               	bcf	13,3	;volatile
  1554     069F                     l678:
  1555                           
  1556                           ;punt5.c: 20:     TRISC=0x00;
  1557     069F  0021               	movlb	1	; select bank1
  1558     06A0  018E               	clrf	14	;volatile
  1559                           
  1560                           ;punt5.c: 21:     LATC=0x00;
  1561     06A1  0022               	movlb	2	; select bank2
  1562     06A2  018E               	clrf	14	;volatile
  1563     06A3                     l27:
  1564     06A3  0008               	return
  1565     06A4                     __end_of_init_1:
  1566     007E                     btemp	set	126	;btemp
  1567     007E                     wtemp0	set	126
  1568                           
  1569                           	psect	config
  1570                           
  1571                           ;Config register CONFIG1 @ 0x8007
  1572                           ;	Oscillator Selection
  1573                           ;	FOSC = HS, HS Oscillator, High-speed crystal/resonator connected between OSC1 and OSC2
      +                           pins
  1574                           ;	Watchdog Timer Enable
  1575                           ;	WDTE = OFF, WDT disabled
  1576                           ;	Power-up Timer Enable
  1577                           ;	PWRTE = OFF, PWRT disabled
  1578                           ;	MCLR Pin Function Select
  1579                           ;	MCLRE = ON, MCLR/VPP pin function is MCLR
  1580                           ;	Flash Program Memory Code Protection
  1581                           ;	CP = OFF, Program memory code protection is disabled
  1582                           ;	Data Memory Code Protection
  1583                           ;	CPD = OFF, Data memory code protection is disabled
  1584                           ;	Brown-out Reset Enable
  1585                           ;	BOREN = OFF, Brown-out Reset disabled
  1586                           ;	Clock Out Enable
  1587                           ;	CLKOUTEN = OFF, CLKOUT function is disabled. I/O or oscillator function on the CLKOUT 
      +                          pin
  1588                           ;	Internal/External Switchover
  1589                           ;	IESO = ON, Internal/External Switchover mode is enabled
  1590                           ;	Fail-Safe Clock Monitor Enable
  1591                           ;	FCMEN = ON, Fail-Safe Clock Monitor is enabled
  1592     8007                     	org	32775
  1593     8007  39E2               	dw	14818
  1594                           
  1595                           ;Config register CONFIG2 @ 0x8008
  1596                           ;	Flash Memory Self-Write Protection
  1597                           ;	WRT = OFF, Write protection off
  1598                           ;	Voltage Regulator Capacitor Enable
  1599                           ;	VCAPEN = OFF, All VCAP pin functionality is disabled
  1600                           ;	PLL Enable
  1601                           ;	PLLEN = OFF, 4x PLL disabled
  1602                           ;	Stack Overflow/Underflow Reset Enable
  1603                           ;	STVREN = ON, Stack Overflow or Underflow will cause a Reset
  1604                           ;	Brown-out Reset Voltage Selection
  1605                           ;	BORV = LO, Brown-out Reset Voltage (Vbor), low trip point selected.
  1606                           ;	Low-Voltage Programming Enable
  1607                           ;	LVP = OFF, High-voltage on MCLR/VPP must be used for programming
  1608     8008                     	org	32776
  1609     8008  1EFF               	dw	7935

Data Sizes:
    Strings     0
    Constant    0
    Data        0
    BSS         1
    Persistent  32
    Stack       0

Auto Spaces:
    Space          Size  Autos    Used
    COMMON           14     10      11
    BANK0            80      0       0
    BANK1            80      0       0
    BANK2            80      0       0
    BANK3            80      0       0
    BANK4            80      0       0
    BANK5            80      0       0
    BANK6            80      0       0
    BANK7            80      0       0
    BANK8            80      0       0
    BANK9            80      0       0
    BANK10           80      0       0
    BANK11           80      0       0
    BANK12           48      0       0

Pointer List with Targets:

    None.

Critical Paths under _main in COMMON

    _main->_logica_punto5

Critical Paths under _main in BANK0

    None.

Critical Paths under _main in BANK1

    None.

Critical Paths under _main in BANK2

    None.

Critical Paths under _main in BANK3

    None.

Critical Paths under _main in BANK4

    None.

Critical Paths under _main in BANK5

    None.

Critical Paths under _main in BANK6

    None.

Critical Paths under _main in BANK7

    None.

Critical Paths under _main in BANK8

    None.

Critical Paths under _main in BANK9

    None.

Critical Paths under _main in BANK10

    None.

Critical Paths under _main in BANK11

    None.

Critical Paths under _main in BANK12

    None.

Call Graph Tables:

 ---------------------------------------------------------------------------------
 (Depth) Function   	        Calls       Base Space   Used Autos Params    Refs
 ---------------------------------------------------------------------------------
 (0) _main                                                 0     0      0     495
                      _logica_punto5
 ---------------------------------------------------------------------------------
 (1) _logica_punto5                                       11    11      0     495
                                              0 COMMON    10    10      0
                             _init_1
 ---------------------------------------------------------------------------------
 (2) _init_1                                               0     0      0       0
 ---------------------------------------------------------------------------------
 Estimated maximum stack depth 2
 ---------------------------------------------------------------------------------

 Call Graph Graphs:

 _main (ROOT)
   _logica_punto5
     _init_1

 Address spaces:
Name               Size   Autos  Total    Cost      Usage
BIGRAM             3F0      0       0       0        0.0%
EEDATA             100      0       0       0        0.0%
NULL                 0      0       0       0        0.0%
CODE                 0      0       0       0        0.0%
BITCOMMON            E      0       0       1        0.0%
BITSFR0              0      0       0       1        0.0%
SFR0                 0      0       0       1        0.0%
COMMON               E      A       B       2       78.6%
BITSFR1              0      0       0       2        0.0%
SFR1                 0      0       0       2        0.0%
BITSFR2              0      0       0       3        0.0%
SFR2                 0      0       0       3        0.0%
STACK                0      0       0       3        0.0%
BITBANK0            50      0       0       4        0.0%
BITSFR3              0      0       0       4        0.0%
SFR3                 0      0       0       4        0.0%
BANK0               50      0       0       5        0.0%
BITSFR4              0      0       0       5        0.0%
SFR4                 0      0       0       5        0.0%
BITBANK1            50      0       0       6        0.0%
BITSFR5              0      0       0       6        0.0%
SFR5                 0      0       0       6        0.0%
BANK1               50      0       0       7        0.0%
BITSFR6              0      0       0       7        0.0%
SFR6                 0      0       0       7        0.0%
BITBANK2            50      0       0       8        0.0%
BITSFR7              0      0       0       8        0.0%
SFR7                 0      0       0       8        0.0%
BANK2               50      0       0       9        0.0%
BITSFR8              0      0       0       9        0.0%
SFR8                 0      0       0       9        0.0%
BITBANK3            50      0       0      10        0.0%
BITSFR9              0      0       0      10        0.0%
SFR9                 0      0       0      10        0.0%
BANK3               50      0       0      11        0.0%
BITSFR10             0      0       0      11        0.0%
SFR10                0      0       0      11        0.0%
BITBANK4            50      0       0      12        0.0%
BITSFR11             0      0       0      12        0.0%
SFR11                0      0       0      12        0.0%
BANK4               50      0       0      13        0.0%
BITSFR12             0      0       0      13        0.0%
SFR12                0      0       0      13        0.0%
BITBANK5            50      0       0      14        0.0%
BITSFR13             0      0       0      14        0.0%
SFR13                0      0       0      14        0.0%
BANK5               50      0       0      15        0.0%
BITSFR14             0      0       0      15        0.0%
SFR14                0      0       0      15        0.0%
BITBANK6            50      0       0      16        0.0%
BITSFR15             0      0       0      16        0.0%
SFR15                0      0       0      16        0.0%
BANK6               50      0       0      17        0.0%
BITSFR16             0      0       0      17        0.0%
SFR16                0      0       0      17        0.0%
BITBANK7            50      0       0      18        0.0%
BITSFR17             0      0       0      18        0.0%
SFR17                0      0       0      18        0.0%
BANK7               50      0       0      19        0.0%
BITSFR18             0      0       0      19        0.0%
SFR18                0      0       0      19        0.0%
BITSFR19             0      0       0      20        0.0%
SFR19                0      0       0      20        0.0%
ABS                  0      0       B      20        0.0%
BITBANK8            50      0       0      21        0.0%
BITSFR20             0      0       0      21        0.0%
SFR20                0      0       0      21        0.0%
BANK8               50      0       0      22        0.0%
BITSFR21             0      0       0      22        0.0%
SFR21                0      0       0      22        0.0%
BITBANK9            50      0       0      23        0.0%
BITSFR22             0      0       0      23        0.0%
SFR22                0      0       0      23        0.0%
BANK9               50      0       0      24        0.0%
BITSFR23             0      0       0      24        0.0%
SFR23                0      0       0      24        0.0%
BITBANK10           50      0       0      25        0.0%
BITSFR24             0      0       0      25        0.0%
SFR24                0      0       0      25        0.0%
BANK10              50      0       0      26        0.0%
BITSFR25             0      0       0      26        0.0%
SFR25                0      0       0      26        0.0%
BITBANK11           50      0       0      27        0.0%
BITSFR26             0      0       0      27        0.0%
SFR26                0      0       0      27        0.0%
BANK11              50      0       0      28        0.0%
BITSFR27             0      0       0      28        0.0%
SFR27                0      0       0      28        0.0%
BITBANK12           30      0       0      29        0.0%
BITSFR28             0      0       0      29        0.0%
SFR28                0      0       0      29        0.0%
BANK12              30      0       0      30        0.0%
BITSFR29             0      0       0      30        0.0%
SFR29                0      0       0      30        0.0%
BITSFR30             0      0       0      31        0.0%
SFR30                0      0       0      31        0.0%
DATA                 0      0       B      31        0.0%
BITSFR31             0      0       0      32        0.0%
SFR31                0      0       0      32        0.0%


Microchip Technology PIC Macro Assembler V2.41 build 20230208172133 
Symbol Table                                                                                   Fri Sep 08 00:42:04 2023

                      l7 068C                        l8 068C                       l31 06CF  
                     l27 06A3                       l51 0798                       l43 0743  
                     l35 06F6                       l54 07FA                       l55 07C2  
                     l47 076D                       l39 071C                       l59 07F1  
                     u10 06AC                       u11 06AB                       u30 06CC  
                     u31 06CB                       u40 06D3                       u24 06B3  
                     u41 06D2                       u25 06B2                       u60 06F5  
                     u61 06F4                       u70 06FA                       u54 06D9  
                     u71 06F9                       u55 06D8                       u90 071B  
                     u91 071A                       u84 0701                       u85 0700  
                    l700 06D3                      l710 06EB                      l720 06FC  
                    l810 07F5                      l802 07D0                      l730 0720  
                    l722 0708                      l714 06FA                      l706 06D4  
                    l812 07F9                      l804 07DC                      l724 0713  
                    l708 06E0                      l814 07F9                      l806 07E7  
                    l750 074D                      l742 0747                      l734 0722  
                    l726 0716                      l760 0771                      l752 0759  
                    l744 074B                      l736 072E                      l680 06A4  
                    l770 0783                      l762 0775                      l754 0764  
                    l738 0739                      l690 06AE                      l682 06A7  
                    l826 0689                      l676 068F                      l772 078E  
                    l756 0767                      l692 06BA                      l684 06AC  
                    l678 069F                      l790 07BC                      l694 06C5  
                    l784 07A2                      l776 079C                      l768 0777  
                    l696 06C7                      l794 07C6                      l786 07AE  
                    l778 07A0                      l698 06CC                      l796 07CA  
                    l788 07B9                      l798 07CE                      u100 0720  
                    u101 071F                      u200 0797                      u120 0742  
                    u201 0796                      u121 0741                      u210 079C  
                    u130 0747                      u114 0727                      u211 079B  
                    u131 0746                      u115 0726                      u300 07F5  
                    u220 07A0                      u140 074B                      u301 07F4  
                    u221 079F                      u141 074A                      u310 07F9  
                    u311 07F8                      u240 07C1                      u160 076C  
                    u241 07C0                      u161 076B                      u250 07C6  
                    u234 07A7                      u170 0771                      u154 0752  
                    u251 07C5                      u235 07A6                      u171 0770  
                    u155 0751                      u260 07CA                      u180 0775  
                    u261 07C9                      u181 0774                      u270 07CE  
                    u271 07CD                      u327 06BF                      u337 06E5  
                    u290 07F0                      u194 077C                      u291 07EF  
                    u195 077B                      u347 070D                      u284 07D5  
                    u285 07D4                      u357 0733                      u367 075E  
                    u377 0788                      u387 07B3                      u397 07E1  
                    _dig 007A                      wreg 0009                     _LATC 010E  
                   _main 0689                     btemp 007E                     start 0002  
                  ?_main 0070                    _TRISC 008E                    status 0003  
                  wtemp0 007E          __initialization 07FC             __end_of_main 068F  
                 ??_main 007A           logica_punto5@i 0072                   _init_1 068F  
__end_of__initialization 07FD           __pcstackCOMMON 0070               __pmaintext 0689  
                ?_init_1 0070            _logica_punto5 06A4                  __ptext1 06A4  
                __ptext2 068F     end_of_initialization 07FD           ?_logica_punto5 0070  
              _PORTBbits 000D                _TRISBbits 008D           __end_of_init_1 06A4  
    start_initialization 07FC          ??_logica_punto5 0070                 ??_init_1 0070  
            __pbssCOMMON 007A                ___latbits 0003               _ANSELBbits 018D  
     logica_punto5@i_130 0073       logica_punto5@i_131 0074       logica_punto5@i_132 0075  
     logica_punto5@i_133 0076       logica_punto5@i_134 0077       logica_punto5@i_135 0078  
     logica_punto5@i_136 0079    __end_of_logica_punto5 07FC  
