

Microchip MPLAB XC8 Assembler V2.41 build 20230208172133 
                                                                                               Thu Sep 07 18:47:29 2023

Microchip MPLAB XC8 C Compiler v2.41 (Free license) build 20230208172133 Og1 
     1                           	processor	16F1939
     2                           	pagewidth 120
     3                           	opt	flic
     4                           	psect	cinit,global,class=CODE,merge=1,delta=2
     5                           	psect	cstackCOMMON,global,class=COMMON,space=1,delta=1,noexec
     6                           	psect	maintext,global,class=CODE,merge=1,split=1,delta=2
     7                           	psect	config,global,abs,ovrld,class=CONFIG,space=4,delta=2,noexec
     8                           	dabs	1,0x7E,2
     9     0000                     
    10                           ; Generated 06/07/2023 GMT
    11                           ; 
    12                           ; Copyright © 2023, Microchip Technology Inc. and its subsidiaries ("Microchip")
    13                           ; All rights reserved.
    14                           ; 
    15                           ; This software is developed by Microchip Technology Inc. and its subsidiaries ("Microch
      +                          ip").
    16                           ; 
    17                           ; Redistribution and use in source and binary forms, with or without modification, are
    18                           ; permitted provided that the following conditions are met:
    19                           ; 
    20                           ;     1. Redistributions of source code must retain the above copyright notice, this lis
      +                          t of
    21                           ;        conditions and the following disclaimer.
    22                           ; 
    23                           ;     2. Redistributions in binary form must reproduce the above copyright notice, this 
      +                          list
    24                           ;        of conditions and the following disclaimer in the documentation and/or other
    25                           ;        materials provided with the distribution. Publication is not required when
    26                           ;        this file is used in an embedded application.
    27                           ; 
    28                           ;     3. Microchip's name may not be used to endorse or promote products derived from th
      +                          is
    29                           ;        software without specific prior written permission.
    30                           ; 
    31                           ; THIS SOFTWARE IS PROVIDED BY MICROCHIP "AS IS" AND ANY EXPRESS OR IMPLIED WARRANTIES,
    32                           ; INCLUDING, BUT NOT LIMITED TO, THE IMPLIED WARRANTIES OF MERCHANTABILITY AND FITNESS F
      +                          OR
    33                           ; PURPOSE ARE DISCLAIMED.  IN NO EVENT SHALL MICROCHIP BE LIABLE FOR ANY DIRECT, INDIREC
      +                          T,
    34                           ; INCIDENTAL, SPECIAL, EXEMPLARY, OR CONSEQUENTIAL DAMAGES (INCLUDING BUT NOT LIMITED TO
    35                           ; PROCUREMENT OF SUBSTITUTE GOODS OR SERVICES; LOSS OF USE, DATA OR PROFITS; OR BUSINESS
    36                           ; INTERRUPTION) HOWSOEVER CAUSED AND ON ANY THEORY OF LIABILITY, WHETHER IN CONTRACT, ST
      +                          RICT
    37                           ; LIABILITY, OR TORT (INCLUDING NEGLIGENCE OR OTHERWISE) ARISING IN ANY WAY OUT OF THE U
      +                          SE OF
    38                           ; THIS SOFTWARE, EVEN IF ADVISED OF THE POSSIBILITY OF SUCH DAMAGE.
    39                           ; 
    40                           ; 
    41                           ; Code-generator required, PIC16F1939 Definitions
    42                           ; 
    43                           ; SFR Addresses
    44     0000                     	;# 
    45     0001                     	;# 
    46     0002                     	;# 
    47     0003                     	;# 
    48     0004                     	;# 
    49     0005                     	;# 
    50     0006                     	;# 
    51     0007                     	;# 
    52     0008                     	;# 
    53     0009                     	;# 
    54     000A                     	;# 
    55     000B                     	;# 
    56     000C                     	;# 
    57     000D                     	;# 
    58     000E                     	;# 
    59     000F                     	;# 
    60     0010                     	;# 
    61     0011                     	;# 
    62     0012                     	;# 
    63     0013                     	;# 
    64     0015                     	;# 
    65     0016                     	;# 
    66     0016                     	;# 
    67     0017                     	;# 
    68     0018                     	;# 
    69     0019                     	;# 
    70     001A                     	;# 
    71     001B                     	;# 
    72     001C                     	;# 
    73     001E                     	;# 
    74     001F                     	;# 
    75     008C                     	;# 
    76     008D                     	;# 
    77     008E                     	;# 
    78     008F                     	;# 
    79     0090                     	;# 
    80     0091                     	;# 
    81     0092                     	;# 
    82     0093                     	;# 
    83     0095                     	;# 
    84     0096                     	;# 
    85     0097                     	;# 
    86     0098                     	;# 
    87     0099                     	;# 
    88     009A                     	;# 
    89     009B                     	;# 
    90     009B                     	;# 
    91     009C                     	;# 
    92     009D                     	;# 
    93     009E                     	;# 
    94     010C                     	;# 
    95     010D                     	;# 
    96     010E                     	;# 
    97     010F                     	;# 
    98     0110                     	;# 
    99     0111                     	;# 
   100     0112                     	;# 
   101     0113                     	;# 
   102     0114                     	;# 
   103     0115                     	;# 
   104     0116                     	;# 
   105     0117                     	;# 
   106     0118                     	;# 
   107     0119                     	;# 
   108     011A                     	;# 
   109     011B                     	;# 
   110     011D                     	;# 
   111     018C                     	;# 
   112     018D                     	;# 
   113     018F                     	;# 
   114     0190                     	;# 
   115     0191                     	;# 
   116     0191                     	;# 
   117     0192                     	;# 
   118     0193                     	;# 
   119     0193                     	;# 
   120     0193                     	;# 
   121     0194                     	;# 
   122     0195                     	;# 
   123     0196                     	;# 
   124     0199                     	;# 
   125     019A                     	;# 
   126     019B                     	;# 
   127     019B                     	;# 
   128     019B                     	;# 
   129     019B                     	;# 
   130     019C                     	;# 
   131     019C                     	;# 
   132     019D                     	;# 
   133     019E                     	;# 
   134     019F                     	;# 
   135     020D                     	;# 
   136     0210                     	;# 
   137     0211                     	;# 
   138     0212                     	;# 
   139     0213                     	;# 
   140     0214                     	;# 
   141     0215                     	;# 
   142     0215                     	;# 
   143     0216                     	;# 
   144     0217                     	;# 
   145     0291                     	;# 
   146     0291                     	;# 
   147     0292                     	;# 
   148     0293                     	;# 
   149     0294                     	;# 
   150     0295                     	;# 
   151     0295                     	;# 
   152     0296                     	;# 
   153     0298                     	;# 
   154     0298                     	;# 
   155     0299                     	;# 
   156     029A                     	;# 
   157     029B                     	;# 
   158     029C                     	;# 
   159     029C                     	;# 
   160     029D                     	;# 
   161     029E                     	;# 
   162     029F                     	;# 
   163     0311                     	;# 
   164     0311                     	;# 
   165     0312                     	;# 
   166     0313                     	;# 
   167     0314                     	;# 
   168     0315                     	;# 
   169     0315                     	;# 
   170     0316                     	;# 
   171     0318                     	;# 
   172     0318                     	;# 
   173     0319                     	;# 
   174     031A                     	;# 
   175     031C                     	;# 
   176     031C                     	;# 
   177     031D                     	;# 
   178     031E                     	;# 
   179     0394                     	;# 
   180     0395                     	;# 
   181     0396                     	;# 
   182     0415                     	;# 
   183     0416                     	;# 
   184     0417                     	;# 
   185     041C                     	;# 
   186     041D                     	;# 
   187     041E                     	;# 
   188     0791                     	;# 
   189     0792                     	;# 
   190     0793                     	;# 
   191     0794                     	;# 
   192     0795                     	;# 
   193     0798                     	;# 
   194     0799                     	;# 
   195     079A                     	;# 
   196     07A0                     	;# 
   197     07A1                     	;# 
   198     07A2                     	;# 
   199     07A3                     	;# 
   200     07A4                     	;# 
   201     07A5                     	;# 
   202     07A6                     	;# 
   203     07A7                     	;# 
   204     07A8                     	;# 
   205     07A9                     	;# 
   206     07AA                     	;# 
   207     07AB                     	;# 
   208     0FE4                     	;# 
   209     0FE5                     	;# 
   210     0FE6                     	;# 
   211     0FE7                     	;# 
   212     0FE8                     	;# 
   213     0FE9                     	;# 
   214     0FEA                     	;# 
   215     0FEB                     	;# 
   216     0FED                     	;# 
   217     0FEE                     	;# 
   218     0FEF                     	;# 
   219     0000                     	;# 
   220     0001                     	;# 
   221     0002                     	;# 
   222     0003                     	;# 
   223     0004                     	;# 
   224     0005                     	;# 
   225     0006                     	;# 
   226     0007                     	;# 
   227     0008                     	;# 
   228     0009                     	;# 
   229     000A                     	;# 
   230     000B                     	;# 
   231     000C                     	;# 
   232     000D                     	;# 
   233     000E                     	;# 
   234     000F                     	;# 
   235     0010                     	;# 
   236     0011                     	;# 
   237     0012                     	;# 
   238     0013                     	;# 
   239     0015                     	;# 
   240     0016                     	;# 
   241     0016                     	;# 
   242     0017                     	;# 
   243     0018                     	;# 
   244     0019                     	;# 
   245     001A                     	;# 
   246     001B                     	;# 
   247     001C                     	;# 
   248     001E                     	;# 
   249     001F                     	;# 
   250     008C                     	;# 
   251     008D                     	;# 
   252     008E                     	;# 
   253     008F                     	;# 
   254     0090                     	;# 
   255     0091                     	;# 
   256     0092                     	;# 
   257     0093                     	;# 
   258     0095                     	;# 
   259     0096                     	;# 
   260     0097                     	;# 
   261     0098                     	;# 
   262     0099                     	;# 
   263     009A                     	;# 
   264     009B                     	;# 
   265     009B                     	;# 
   266     009C                     	;# 
   267     009D                     	;# 
   268     009E                     	;# 
   269     010C                     	;# 
   270     010D                     	;# 
   271     010E                     	;# 
   272     010F                     	;# 
   273     0110                     	;# 
   274     0111                     	;# 
   275     0112                     	;# 
   276     0113                     	;# 
   277     0114                     	;# 
   278     0115                     	;# 
   279     0116                     	;# 
   280     0117                     	;# 
   281     0118                     	;# 
   282     0119                     	;# 
   283     011A                     	;# 
   284     011B                     	;# 
   285     011D                     	;# 
   286     018C                     	;# 
   287     018D                     	;# 
   288     018F                     	;# 
   289     0190                     	;# 
   290     0191                     	;# 
   291     0191                     	;# 
   292     0192                     	;# 
   293     0193                     	;# 
   294     0193                     	;# 
   295     0193                     	;# 
   296     0194                     	;# 
   297     0195                     	;# 
   298     0196                     	;# 
   299     0199                     	;# 
   300     019A                     	;# 
   301     019B                     	;# 
   302     019B                     	;# 
   303     019B                     	;# 
   304     019B                     	;# 
   305     019C                     	;# 
   306     019C                     	;# 
   307     019D                     	;# 
   308     019E                     	;# 
   309     019F                     	;# 
   310     020D                     	;# 
   311     0210                     	;# 
   312     0211                     	;# 
   313     0212                     	;# 
   314     0213                     	;# 
   315     0214                     	;# 
   316     0215                     	;# 
   317     0215                     	;# 
   318     0216                     	;# 
   319     0217                     	;# 
   320     0291                     	;# 
   321     0291                     	;# 
   322     0292                     	;# 
   323     0293                     	;# 
   324     0294                     	;# 
   325     0295                     	;# 
   326     0295                     	;# 
   327     0296                     	;# 
   328     0298                     	;# 
   329     0298                     	;# 
   330     0299                     	;# 
   331     029A                     	;# 
   332     029B                     	;# 
   333     029C                     	;# 
   334     029C                     	;# 
   335     029D                     	;# 
   336     029E                     	;# 
   337     029F                     	;# 
   338     0311                     	;# 
   339     0311                     	;# 
   340     0312                     	;# 
   341     0313                     	;# 
   342     0314                     	;# 
   343     0315                     	;# 
   344     0315                     	;# 
   345     0316                     	;# 
   346     0318                     	;# 
   347     0318                     	;# 
   348     0319                     	;# 
   349     031A                     	;# 
   350     031C                     	;# 
   351     031C                     	;# 
   352     031D                     	;# 
   353     031E                     	;# 
   354     0394                     	;# 
   355     0395                     	;# 
   356     0396                     	;# 
   357     0415                     	;# 
   358     0416                     	;# 
   359     0417                     	;# 
   360     041C                     	;# 
   361     041D                     	;# 
   362     041E                     	;# 
   363     0791                     	;# 
   364     0792                     	;# 
   365     0793                     	;# 
   366     0794                     	;# 
   367     0795                     	;# 
   368     0798                     	;# 
   369     0799                     	;# 
   370     079A                     	;# 
   371     07A0                     	;# 
   372     07A1                     	;# 
   373     07A2                     	;# 
   374     07A3                     	;# 
   375     07A4                     	;# 
   376     07A5                     	;# 
   377     07A6                     	;# 
   378     07A7                     	;# 
   379     07A8                     	;# 
   380     07A9                     	;# 
   381     07AA                     	;# 
   382     07AB                     	;# 
   383     0FE4                     	;# 
   384     0FE5                     	;# 
   385     0FE6                     	;# 
   386     0FE7                     	;# 
   387     0FE8                     	;# 
   388     0FE9                     	;# 
   389     0FEA                     	;# 
   390     0FEB                     	;# 
   391     0FED                     	;# 
   392     0FEE                     	;# 
   393     0FEF                     	;# 
   394     0000                     	;# 
   395     0001                     	;# 
   396     0002                     	;# 
   397     0003                     	;# 
   398     0004                     	;# 
   399     0005                     	;# 
   400     0006                     	;# 
   401     0007                     	;# 
   402     0008                     	;# 
   403     0009                     	;# 
   404     000A                     	;# 
   405     000B                     	;# 
   406     000C                     	;# 
   407     000D                     	;# 
   408     000E                     	;# 
   409     000F                     	;# 
   410     0010                     	;# 
   411     0011                     	;# 
   412     0012                     	;# 
   413     0013                     	;# 
   414     0015                     	;# 
   415     0016                     	;# 
   416     0016                     	;# 
   417     0017                     	;# 
   418     0018                     	;# 
   419     0019                     	;# 
   420     001A                     	;# 
   421     001B                     	;# 
   422     001C                     	;# 
   423     001E                     	;# 
   424     001F                     	;# 
   425     008C                     	;# 
   426     008D                     	;# 
   427     008E                     	;# 
   428     008F                     	;# 
   429     0090                     	;# 
   430     0091                     	;# 
   431     0092                     	;# 
   432     0093                     	;# 
   433     0095                     	;# 
   434     0096                     	;# 
   435     0097                     	;# 
   436     0098                     	;# 
   437     0099                     	;# 
   438     009A                     	;# 
   439     009B                     	;# 
   440     009B                     	;# 
   441     009C                     	;# 
   442     009D                     	;# 
   443     009E                     	;# 
   444     010C                     	;# 
   445     010D                     	;# 
   446     010E                     	;# 
   447     010F                     	;# 
   448     0110                     	;# 
   449     0111                     	;# 
   450     0112                     	;# 
   451     0113                     	;# 
   452     0114                     	;# 
   453     0115                     	;# 
   454     0116                     	;# 
   455     0117                     	;# 
   456     0118                     	;# 
   457     0119                     	;# 
   458     011A                     	;# 
   459     011B                     	;# 
   460     011D                     	;# 
   461     018C                     	;# 
   462     018D                     	;# 
   463     018F                     	;# 
   464     0190                     	;# 
   465     0191                     	;# 
   466     0191                     	;# 
   467     0192                     	;# 
   468     0193                     	;# 
   469     0193                     	;# 
   470     0193                     	;# 
   471     0194                     	;# 
   472     0195                     	;# 
   473     0196                     	;# 
   474     0199                     	;# 
   475     019A                     	;# 
   476     019B                     	;# 
   477     019B                     	;# 
   478     019B                     	;# 
   479     019B                     	;# 
   480     019C                     	;# 
   481     019C                     	;# 
   482     019D                     	;# 
   483     019E                     	;# 
   484     019F                     	;# 
   485     020D                     	;# 
   486     0210                     	;# 
   487     0211                     	;# 
   488     0212                     	;# 
   489     0213                     	;# 
   490     0214                     	;# 
   491     0215                     	;# 
   492     0215                     	;# 
   493     0216                     	;# 
   494     0217                     	;# 
   495     0291                     	;# 
   496     0291                     	;# 
   497     0292                     	;# 
   498     0293                     	;# 
   499     0294                     	;# 
   500     0295                     	;# 
   501     0295                     	;# 
   502     0296                     	;# 
   503     0298                     	;# 
   504     0298                     	;# 
   505     0299                     	;# 
   506     029A                     	;# 
   507     029B                     	;# 
   508     029C                     	;# 
   509     029C                     	;# 
   510     029D                     	;# 
   511     029E                     	;# 
   512     029F                     	;# 
   513     0311                     	;# 
   514     0311                     	;# 
   515     0312                     	;# 
   516     0313                     	;# 
   517     0314                     	;# 
   518     0315                     	;# 
   519     0315                     	;# 
   520     0316                     	;# 
   521     0318                     	;# 
   522     0318                     	;# 
   523     0319                     	;# 
   524     031A                     	;# 
   525     031C                     	;# 
   526     031C                     	;# 
   527     031D                     	;# 
   528     031E                     	;# 
   529     0394                     	;# 
   530     0395                     	;# 
   531     0396                     	;# 
   532     0415                     	;# 
   533     0416                     	;# 
   534     0417                     	;# 
   535     041C                     	;# 
   536     041D                     	;# 
   537     041E                     	;# 
   538     0791                     	;# 
   539     0792                     	;# 
   540     0793                     	;# 
   541     0794                     	;# 
   542     0795                     	;# 
   543     0798                     	;# 
   544     0799                     	;# 
   545     079A                     	;# 
   546     07A0                     	;# 
   547     07A1                     	;# 
   548     07A2                     	;# 
   549     07A3                     	;# 
   550     07A4                     	;# 
   551     07A5                     	;# 
   552     07A6                     	;# 
   553     07A7                     	;# 
   554     07A8                     	;# 
   555     07A9                     	;# 
   556     07AA                     	;# 
   557     07AB                     	;# 
   558     0FE4                     	;# 
   559     0FE5                     	;# 
   560     0FE6                     	;# 
   561     0FE7                     	;# 
   562     0FE8                     	;# 
   563     0FE9                     	;# 
   564     0FEA                     	;# 
   565     0FEB                     	;# 
   566     0FED                     	;# 
   567     0FEE                     	;# 
   568     0FEF                     	;# 
   569     0098                     _OSCTUNE	set	152
   570     0099                     _OSCCON	set	153
   571     008D                     _TRISBbits	set	141
   572     0116                     _BORCON	set	278
   573     010D                     _LATBbits	set	269
   574     018D                     _ANSELB	set	397
   575                           
   576                           	psect	cinit
   577     07FD                     start_initialization:	
   578                           ; #config settings
   579                           
   580     07FD                     __initialization:
   581     07FD                     end_of_initialization:	
   582                           ;End of C runtime variable initialization code
   583                           
   584     07FD                     __end_of__initialization:
   585     07FD  0020               	movlb	0
   586     07FE  3187  2F54         	ljmp	_main	;jump to C main() function
   587                           
   588                           	psect	cstackCOMMON
   589     0070                     __pcstackCOMMON:
   590     0070                     ?_main:
   591     0070                     ??_main:	
   592                           ; 1 bytes @ 0x0
   593                           
   594                           
   595                           ; 1 bytes @ 0x0
   596     0070                     	ds	2
   597                           
   598                           	psect	maintext
   599     0754                     __pmaintext:	
   600 ;;
   601 ;;Main: autosize = 0, tempsize = 2, incstack = 0, save=0
   602 ;;
   603 ;; *************** function _main *****************
   604 ;; Defined at:
   605 ;;		line 27 in file "main.c"
   606 ;; Parameters:    Size  Location     Type
   607 ;;		None
   608 ;; Auto vars:     Size  Location     Type
   609 ;;		None
   610 ;; Return value:  Size  Location     Type
   611 ;;                  1    wreg      void 
   612 ;; Registers used:
   613 ;;		wreg, status,2
   614 ;; Tracked objects:
   615 ;;		On entry : B1F/0
   616 ;;		On exit  : 0/0
   617 ;;		Unchanged: 0/0
   618 ;; Data sizes:     COMMON   BANK0   BANK1   BANK2   BANK3   BANK4   BANK5   BANK6   BANK7   BANK8   BANK9  BANK10  BANK1
      +1  BANK12
   619 ;;      Params:         0       0       0       0       0       0       0       0       0       0       0       0       
      +0       0
   620 ;;      Locals:         0       0       0       0       0       0       0       0       0       0       0       0       
      +0       0
   621 ;;      Temps:          2       0       0       0       0       0       0       0       0       0       0       0       
      +0       0
   622 ;;      Totals:         2       0       0       0       0       0       0       0       0       0       0       0       
      +0       0
   623 ;;Total ram usage:        2 bytes
   624 ;; This function calls:
   625 ;;		Nothing
   626 ;; This function is called by:
   627 ;;		Startup code after reset
   628 ;; This function uses a non-reentrant model
   629 ;;
   630                           
   631     0754                     _main:	
   632                           ;psect for function _main
   633                           
   634     0754                     l667:	
   635                           ;incstack = 0
   636                           ; Regs used in _main: [wreg+status,2]
   637                           
   638                           
   639                           ;main.c: 28:     OSCCON = 0x38;
   640     0754  3038               	movlw	56
   641     0755  0021               	movlb	1	; select bank1
   642     0756  0099               	movwf	25	;volatile
   643     0757                     l669:
   644                           
   645                           ;main.c: 29:     OSCTUNE = 0x00;
   646     0757  0198               	clrf	24	;volatile
   647     0758                     l671:
   648                           
   649                           ;main.c: 30:     BORCON = 0x00;
   650     0758  0022               	movlb	2	; select bank2
   651     0759  0196               	clrf	22	;volatile
   652     075A                     l673:
   653                           
   654                           ;main.c: 33:         LATBbits.LATB0 = 1;
   655     075A  0022               	movlb	2	; select bank2
   656     075B  140D               	bsf	13,0	;volatile
   657     075C                     l675:
   658                           
   659                           ;main.c: 34:         LATBbits.LATB1 = 0;
   660     075C  108D               	bcf	13,1	;volatile
   661     075D                     l677:
   662                           
   663                           ;main.c: 35:         LATBbits.LATB2 = 0;
   664     075D  110D               	bcf	13,2	;volatile
   665     075E                     l679:
   666                           
   667                           ;main.c: 36:         LATBbits.LATB3 = 0;
   668     075E  118D               	bcf	13,3	;volatile
   669     075F                     l681:
   670                           
   671                           ;main.c: 37:         LATBbits.LATB4 = 0;
   672     075F  120D               	bcf	13,4	;volatile
   673     0760                     l683:
   674                           
   675                           ;main.c: 38:         LATBbits.LATB5 = 0;
   676     0760  128D               	bcf	13,5	;volatile
   677     0761                     l685:
   678                           
   679                           ;main.c: 39:         LATBbits.LATB6 = 0;
   680     0761  130D               	bcf	13,6	;volatile
   681     0762                     l687:
   682                           
   683                           ;main.c: 40:         LATBbits.LATB7 = 0;
   684     0762  138D               	bcf	13,7	;volatile
   685                           
   686                           ;main.c: 41:         _delay((unsigned long)((200)*(20000000UL/4000.0)));
   687     0763  3006               	movlw	6
   688     0764  00F1               	movwf	??_main+1
   689     0765  3013               	movlw	19
   690     0766  00F0               	movwf	??_main
   691     0767  30AE               	movlw	174
   692     0768                     u17:
   693     0768  0B89               	decfsz	9,f
   694     0769  2F68               	goto	u17
   695     076A  0BF0               	decfsz	??_main,f
   696     076B  2F68               	goto	u17
   697     076C  0BF1               	decfsz	??_main+1,f
   698     076D  2F68               	goto	u17
   699     076E                     l689:
   700                           
   701                           ;main.c: 43:         LATBbits.LATB0 = 0;
   702     076E  0022               	movlb	2	; select bank2
   703     076F  100D               	bcf	13,0	;volatile
   704     0770                     l691:
   705                           
   706                           ;main.c: 44:         LATBbits.LATB1 = 1;
   707     0770  148D               	bsf	13,1	;volatile
   708     0771                     l693:
   709                           
   710                           ;main.c: 45:         LATBbits.LATB2 = 0;
   711     0771  110D               	bcf	13,2	;volatile
   712     0772                     l695:
   713                           
   714                           ;main.c: 46:         LATBbits.LATB3 = 0;
   715     0772  118D               	bcf	13,3	;volatile
   716     0773                     l697:
   717                           
   718                           ;main.c: 47:         LATBbits.LATB4 = 0;
   719     0773  120D               	bcf	13,4	;volatile
   720     0774                     l699:
   721                           
   722                           ;main.c: 48:         LATBbits.LATB5 = 0;
   723     0774  128D               	bcf	13,5	;volatile
   724     0775                     l701:
   725                           
   726                           ;main.c: 49:         LATBbits.LATB6 = 0;
   727     0775  130D               	bcf	13,6	;volatile
   728     0776                     l703:
   729                           
   730                           ;main.c: 50:         LATBbits.LATB7 = 0;
   731     0776  138D               	bcf	13,7	;volatile
   732                           
   733                           ;main.c: 51:         _delay((unsigned long)((200)*(20000000UL/4000.0)));
   734     0777  3006               	movlw	6
   735     0778  00F1               	movwf	??_main+1
   736     0779  3013               	movlw	19
   737     077A  00F0               	movwf	??_main
   738     077B  30AE               	movlw	174
   739     077C                     u27:
   740     077C  0B89               	decfsz	9,f
   741     077D  2F7C               	goto	u27
   742     077E  0BF0               	decfsz	??_main,f
   743     077F  2F7C               	goto	u27
   744     0780  0BF1               	decfsz	??_main+1,f
   745     0781  2F7C               	goto	u27
   746     0782                     l705:
   747                           
   748                           ;main.c: 53:         LATBbits.LATB0 = 0;
   749     0782  0022               	movlb	2	; select bank2
   750     0783  100D               	bcf	13,0	;volatile
   751     0784                     l707:
   752                           
   753                           ;main.c: 54:         LATBbits.LATB1 = 0;
   754     0784  108D               	bcf	13,1	;volatile
   755     0785                     l709:
   756                           
   757                           ;main.c: 55:         LATBbits.LATB2 = 1;
   758     0785  150D               	bsf	13,2	;volatile
   759     0786                     l711:
   760                           
   761                           ;main.c: 56:         LATBbits.LATB3 = 0;
   762     0786  118D               	bcf	13,3	;volatile
   763     0787                     l713:
   764                           
   765                           ;main.c: 57:         LATBbits.LATB4 = 0;
   766     0787  120D               	bcf	13,4	;volatile
   767     0788                     l715:
   768                           
   769                           ;main.c: 58:         LATBbits.LATB5 = 0;
   770     0788  128D               	bcf	13,5	;volatile
   771     0789                     l717:
   772                           
   773                           ;main.c: 59:         LATBbits.LATB6 = 0;
   774     0789  130D               	bcf	13,6	;volatile
   775     078A                     l719:
   776                           
   777                           ;main.c: 60:         LATBbits.LATB7 = 0;
   778     078A  138D               	bcf	13,7	;volatile
   779                           
   780                           ;main.c: 61:         _delay((unsigned long)((200)*(20000000UL/4000.0)));
   781     078B  3006               	movlw	6
   782     078C  00F1               	movwf	??_main+1
   783     078D  3013               	movlw	19
   784     078E  00F0               	movwf	??_main
   785     078F  30AE               	movlw	174
   786     0790                     u37:
   787     0790  0B89               	decfsz	9,f
   788     0791  2F90               	goto	u37
   789     0792  0BF0               	decfsz	??_main,f
   790     0793  2F90               	goto	u37
   791     0794  0BF1               	decfsz	??_main+1,f
   792     0795  2F90               	goto	u37
   793     0796                     l721:
   794                           
   795                           ;main.c: 63:         LATBbits.LATB0 = 0;
   796     0796  0022               	movlb	2	; select bank2
   797     0797  100D               	bcf	13,0	;volatile
   798     0798                     l723:
   799                           
   800                           ;main.c: 64:         LATBbits.LATB1 = 0;
   801     0798  108D               	bcf	13,1	;volatile
   802     0799                     l725:
   803                           
   804                           ;main.c: 65:         LATBbits.LATB2 = 0;
   805     0799  110D               	bcf	13,2	;volatile
   806     079A                     l727:
   807                           
   808                           ;main.c: 66:         LATBbits.LATB3 = 1;
   809     079A  158D               	bsf	13,3	;volatile
   810     079B                     l729:
   811                           
   812                           ;main.c: 67:         LATBbits.LATB4 = 0;
   813     079B  120D               	bcf	13,4	;volatile
   814     079C                     l731:
   815                           
   816                           ;main.c: 68:         LATBbits.LATB5 = 0;
   817     079C  128D               	bcf	13,5	;volatile
   818     079D                     l733:
   819                           
   820                           ;main.c: 69:         LATBbits.LATB6 = 0;
   821     079D  130D               	bcf	13,6	;volatile
   822     079E                     l735:
   823                           
   824                           ;main.c: 70:         LATBbits.LATB7 = 0;
   825     079E  138D               	bcf	13,7	;volatile
   826                           
   827                           ;main.c: 71:         _delay((unsigned long)((200)*(20000000UL/4000.0)));
   828     079F  3006               	movlw	6
   829     07A0  00F1               	movwf	??_main+1
   830     07A1  3013               	movlw	19
   831     07A2  00F0               	movwf	??_main
   832     07A3  30AE               	movlw	174
   833     07A4                     u47:
   834     07A4  0B89               	decfsz	9,f
   835     07A5  2FA4               	goto	u47
   836     07A6  0BF0               	decfsz	??_main,f
   837     07A7  2FA4               	goto	u47
   838     07A8  0BF1               	decfsz	??_main+1,f
   839     07A9  2FA4               	goto	u47
   840     07AA                     l737:
   841                           
   842                           ;main.c: 73:         LATBbits.LATB0 = 0;
   843     07AA  0022               	movlb	2	; select bank2
   844     07AB  100D               	bcf	13,0	;volatile
   845     07AC                     l739:
   846                           
   847                           ;main.c: 74:         LATBbits.LATB1 = 0;
   848     07AC  108D               	bcf	13,1	;volatile
   849     07AD                     l741:
   850                           
   851                           ;main.c: 75:         LATBbits.LATB2 = 0;
   852     07AD  110D               	bcf	13,2	;volatile
   853     07AE                     l743:
   854                           
   855                           ;main.c: 76:         LATBbits.LATB3 = 0;
   856     07AE  118D               	bcf	13,3	;volatile
   857     07AF                     l745:
   858                           
   859                           ;main.c: 77:         LATBbits.LATB4 = 1;
   860     07AF  160D               	bsf	13,4	;volatile
   861     07B0                     l747:
   862                           
   863                           ;main.c: 78:         LATBbits.LATB5 = 0;
   864     07B0  128D               	bcf	13,5	;volatile
   865     07B1                     l749:
   866                           
   867                           ;main.c: 79:         LATBbits.LATB6 = 0;
   868     07B1  130D               	bcf	13,6	;volatile
   869     07B2                     l751:
   870                           
   871                           ;main.c: 80:         LATBbits.LATB7 = 0;
   872     07B2  138D               	bcf	13,7	;volatile
   873                           
   874                           ;main.c: 81:         _delay((unsigned long)((200)*(20000000UL/4000.0)));
   875     07B3  3006               	movlw	6
   876     07B4  00F1               	movwf	??_main+1
   877     07B5  3013               	movlw	19
   878     07B6  00F0               	movwf	??_main
   879     07B7  30AE               	movlw	174
   880     07B8                     u57:
   881     07B8  0B89               	decfsz	9,f
   882     07B9  2FB8               	goto	u57
   883     07BA  0BF0               	decfsz	??_main,f
   884     07BB  2FB8               	goto	u57
   885     07BC  0BF1               	decfsz	??_main+1,f
   886     07BD  2FB8               	goto	u57
   887     07BE                     l753:
   888                           
   889                           ;main.c: 83:         LATBbits.LATB0 = 0;
   890     07BE  0022               	movlb	2	; select bank2
   891     07BF  100D               	bcf	13,0	;volatile
   892     07C0                     l755:
   893                           
   894                           ;main.c: 84:         LATBbits.LATB1 = 0;
   895     07C0  108D               	bcf	13,1	;volatile
   896     07C1                     l757:
   897                           
   898                           ;main.c: 85:         LATBbits.LATB2 = 0;
   899     07C1  110D               	bcf	13,2	;volatile
   900     07C2                     l759:
   901                           
   902                           ;main.c: 86:         LATBbits.LATB3 = 0;
   903     07C2  118D               	bcf	13,3	;volatile
   904     07C3                     l761:
   905                           
   906                           ;main.c: 87:         LATBbits.LATB4 = 0;
   907     07C3  120D               	bcf	13,4	;volatile
   908     07C4                     l763:
   909                           
   910                           ;main.c: 88:         LATBbits.LATB5 = 1;
   911     07C4  168D               	bsf	13,5	;volatile
   912     07C5                     l765:
   913                           
   914                           ;main.c: 89:         LATBbits.LATB6 = 0;
   915     07C5  130D               	bcf	13,6	;volatile
   916     07C6                     l767:
   917                           
   918                           ;main.c: 90:         LATBbits.LATB7 = 0;
   919     07C6  138D               	bcf	13,7	;volatile
   920                           
   921                           ;main.c: 91:         _delay((unsigned long)((200)*(20000000UL/4000.0)));
   922     07C7  3006               	movlw	6
   923     07C8  00F1               	movwf	??_main+1
   924     07C9  3013               	movlw	19
   925     07CA  00F0               	movwf	??_main
   926     07CB  30AE               	movlw	174
   927     07CC                     u67:
   928     07CC  0B89               	decfsz	9,f
   929     07CD  2FCC               	goto	u67
   930     07CE  0BF0               	decfsz	??_main,f
   931     07CF  2FCC               	goto	u67
   932     07D0  0BF1               	decfsz	??_main+1,f
   933     07D1  2FCC               	goto	u67
   934     07D2                     l769:
   935                           
   936                           ;main.c: 93:         LATBbits.LATB0 = 0;
   937     07D2  0022               	movlb	2	; select bank2
   938     07D3  100D               	bcf	13,0	;volatile
   939     07D4                     l771:
   940                           
   941                           ;main.c: 94:         LATBbits.LATB1 = 0;
   942     07D4  108D               	bcf	13,1	;volatile
   943     07D5                     l773:
   944                           
   945                           ;main.c: 95:         LATBbits.LATB2 = 0;
   946     07D5  110D               	bcf	13,2	;volatile
   947     07D6                     l775:
   948                           
   949                           ;main.c: 96:         LATBbits.LATB3 = 0;
   950     07D6  118D               	bcf	13,3	;volatile
   951     07D7                     l777:
   952                           
   953                           ;main.c: 97:         LATBbits.LATB4 = 0;
   954     07D7  120D               	bcf	13,4	;volatile
   955     07D8                     l779:
   956                           
   957                           ;main.c: 98:         LATBbits.LATB5 = 0;
   958     07D8  128D               	bcf	13,5	;volatile
   959     07D9                     l781:
   960                           
   961                           ;main.c: 99:         LATBbits.LATB6 = 1;
   962     07D9  170D               	bsf	13,6	;volatile
   963     07DA                     l783:
   964                           
   965                           ;main.c: 100:         LATBbits.LATB7 = 0;
   966     07DA  138D               	bcf	13,7	;volatile
   967                           
   968                           ;main.c: 101:         _delay((unsigned long)((200)*(20000000UL/4000.0)));
   969     07DB  3006               	movlw	6
   970     07DC  00F1               	movwf	??_main+1
   971     07DD  3013               	movlw	19
   972     07DE  00F0               	movwf	??_main
   973     07DF  30AE               	movlw	174
   974     07E0                     u77:
   975     07E0  0B89               	decfsz	9,f
   976     07E1  2FE0               	goto	u77
   977     07E2  0BF0               	decfsz	??_main,f
   978     07E3  2FE0               	goto	u77
   979     07E4  0BF1               	decfsz	??_main+1,f
   980     07E5  2FE0               	goto	u77
   981     07E6                     l785:
   982                           
   983                           ;main.c: 103:         LATBbits.LATB0 = 0;
   984     07E6  0022               	movlb	2	; select bank2
   985     07E7  100D               	bcf	13,0	;volatile
   986     07E8                     l787:
   987                           
   988                           ;main.c: 104:         LATBbits.LATB1 = 0;
   989     07E8  108D               	bcf	13,1	;volatile
   990     07E9                     l789:
   991                           
   992                           ;main.c: 105:         LATBbits.LATB2 = 0;
   993     07E9  110D               	bcf	13,2	;volatile
   994     07EA                     l791:
   995                           
   996                           ;main.c: 106:         LATBbits.LATB3 = 0;
   997     07EA  118D               	bcf	13,3	;volatile
   998     07EB                     l793:
   999                           
  1000                           ;main.c: 107:         LATBbits.LATB4 = 0;
  1001     07EB  120D               	bcf	13,4	;volatile
  1002     07EC                     l795:
  1003                           
  1004                           ;main.c: 108:         LATBbits.LATB5 = 0;
  1005     07EC  128D               	bcf	13,5	;volatile
  1006     07ED                     l797:
  1007                           
  1008                           ;main.c: 109:         LATBbits.LATB6 = 0;
  1009     07ED  130D               	bcf	13,6	;volatile
  1010     07EE                     l799:
  1011                           
  1012                           ;main.c: 110:         LATBbits.LATB7 = 1;
  1013     07EE  178D               	bsf	13,7	;volatile
  1014                           
  1015                           ;main.c: 111:         _delay((unsigned long)((200)*(20000000UL/4000.0)));
  1016     07EF  3006               	movlw	6
  1017     07F0  00F1               	movwf	??_main+1
  1018     07F1  3013               	movlw	19
  1019     07F2  00F0               	movwf	??_main
  1020     07F3  30AE               	movlw	174
  1021     07F4                     u87:
  1022     07F4  0B89               	decfsz	9,f
  1023     07F5  2FF4               	goto	u87
  1024     07F6  0BF0               	decfsz	??_main,f
  1025     07F7  2FF4               	goto	u87
  1026     07F8  0BF1               	decfsz	??_main+1,f
  1027     07F9  2FF4               	goto	u87
  1028     07FA  2F5A               	goto	l673
  1029     07FB  3180  2802         	ljmp	start
  1030     07FD                     __end_of_main:
  1031     007E                     btemp	set	126	;btemp
  1032     007E                     wtemp0	set	126
  1033                           
  1034                           	psect	config
  1035                           
  1036                           ;Config register CONFIG1 @ 0x8007
  1037                           ;	Oscillator Selection
  1038                           ;	FOSC = HS, HS Oscillator, High-speed crystal/resonator connected between OSC1 and OSC2
      +                           pins
  1039                           ;	Watchdog Timer Enable
  1040                           ;	WDTE = OFF, WDT disabled
  1041                           ;	Power-up Timer Enable
  1042                           ;	PWRTE = OFF, PWRT disabled
  1043                           ;	MCLR Pin Function Select
  1044                           ;	MCLRE = ON, MCLR/VPP pin function is MCLR
  1045                           ;	Flash Program Memory Code Protection
  1046                           ;	CP = OFF, Program memory code protection is disabled
  1047                           ;	Data Memory Code Protection
  1048                           ;	CPD = OFF, Data memory code protection is disabled
  1049                           ;	Brown-out Reset Enable
  1050                           ;	BOREN = OFF, Brown-out Reset disabled
  1051                           ;	Clock Out Enable
  1052                           ;	CLKOUTEN = OFF, CLKOUT function is disabled. I/O or oscillator function on the CLKOUT 
      +                          pin
  1053                           ;	Internal/External Switchover
  1054                           ;	IESO = ON, Internal/External Switchover mode is enabled
  1055                           ;	Fail-Safe Clock Monitor Enable
  1056                           ;	FCMEN = ON, Fail-Safe Clock Monitor is enabled
  1057     8007                     	org	32775
  1058     8007  39E2               	dw	14818
  1059                           
  1060                           ;Config register CONFIG2 @ 0x8008
  1061                           ;	Flash Memory Self-Write Protection
  1062                           ;	WRT = OFF, Write protection off
  1063                           ;	Voltage Regulator Capacitor Enable
  1064                           ;	VCAPEN = OFF, All VCAP pin functionality is disabled
  1065                           ;	PLL Enable
  1066                           ;	PLLEN = OFF, 4x PLL disabled
  1067                           ;	Stack Overflow/Underflow Reset Enable
  1068                           ;	STVREN = ON, Stack Overflow or Underflow will cause a Reset
  1069                           ;	Brown-out Reset Voltage Selection
  1070                           ;	BORV = LO, Brown-out Reset Voltage (Vbor), low trip point selected.
  1071                           ;	Low-Voltage Programming Enable
  1072                           ;	LVP = OFF, High-voltage on MCLR/VPP must be used for programming
  1073     8008                     	org	32776
  1074     8008  1EFF               	dw	7935

Data Sizes:
    Strings     0
    Constant    0
    Data        0
    BSS         0
    Persistent  32
    Stack       0

Auto Spaces:
    Space          Size  Autos    Used
    COMMON           14      2       2
    BANK0            80      0       0
    BANK1            80      0       0
    BANK2            80      0       0
    BANK3            80      0       0
    BANK4            80      0       0
    BANK5            80      0       0
    BANK6            80      0       0
    BANK7            80      0       0
    BANK8            80      0       0
    BANK9            80      0       0
    BANK10           80      0       0
    BANK11           80      0       0
    BANK12           48      0       0

Pointer List with Targets:

    None.

Critical Paths under _main in COMMON

    None.

Critical Paths under _main in BANK0

    None.

Critical Paths under _main in BANK1

    None.

Critical Paths under _main in BANK2

    None.

Critical Paths under _main in BANK3

    None.

Critical Paths under _main in BANK4

    None.

Critical Paths under _main in BANK5

    None.

Critical Paths under _main in BANK6

    None.

Critical Paths under _main in BANK7

    None.

Critical Paths under _main in BANK8

    None.

Critical Paths under _main in BANK9

    None.

Critical Paths under _main in BANK10

    None.

Critical Paths under _main in BANK11

    None.

Critical Paths under _main in BANK12

    None.

Call Graph Tables:

 ---------------------------------------------------------------------------------
 (Depth) Function   	        Calls       Base Space   Used Autos Params    Refs
 ---------------------------------------------------------------------------------
 (0) _main                                                 2     2      0       0
                                              0 COMMON     2     2      0
 ---------------------------------------------------------------------------------
 Estimated maximum stack depth 0
 ---------------------------------------------------------------------------------

 Call Graph Graphs:

 _main (ROOT)

 Address spaces:
Name               Size   Autos  Total    Cost      Usage
BIGRAM             3F0      0       0       0        0.0%
EEDATA             100      0       0       0        0.0%
NULL                 0      0       0       0        0.0%
CODE                 0      0       0       0        0.0%
BITCOMMON            E      0       0       1        0.0%
BITSFR0              0      0       0       1        0.0%
SFR0                 0      0       0       1        0.0%
COMMON               E      2       2       2       14.3%
BITSFR1              0      0       0       2        0.0%
SFR1                 0      0       0       2        0.0%
BITSFR2              0      0       0       3        0.0%
SFR2                 0      0       0       3        0.0%
STACK                0      0       0       3        0.0%
BITBANK0            50      0       0       4        0.0%
BITSFR3              0      0       0       4        0.0%
SFR3                 0      0       0       4        0.0%
BANK0               50      0       0       5        0.0%
BITSFR4              0      0       0       5        0.0%
SFR4                 0      0       0       5        0.0%
BITBANK1            50      0       0       6        0.0%
BITSFR5              0      0       0       6        0.0%
SFR5                 0      0       0       6        0.0%
BANK1               50      0       0       7        0.0%
BITSFR6              0      0       0       7        0.0%
SFR6                 0      0       0       7        0.0%
BITBANK2            50      0       0       8        0.0%
BITSFR7              0      0       0       8        0.0%
SFR7                 0      0       0       8        0.0%
BANK2               50      0       0       9        0.0%
BITSFR8              0      0       0       9        0.0%
SFR8                 0      0       0       9        0.0%
BITBANK3            50      0       0      10        0.0%
BITSFR9              0      0       0      10        0.0%
SFR9                 0      0       0      10        0.0%
BANK3               50      0       0      11        0.0%
BITSFR10             0      0       0      11        0.0%
SFR10                0      0       0      11        0.0%
BITBANK4            50      0       0      12        0.0%
BITSFR11             0      0       0      12        0.0%
SFR11                0      0       0      12        0.0%
BANK4               50      0       0      13        0.0%
BITSFR12             0      0       0      13        0.0%
SFR12                0      0       0      13        0.0%
BITBANK5            50      0       0      14        0.0%
BITSFR13             0      0       0      14        0.0%
SFR13                0      0       0      14        0.0%
BANK5               50      0       0      15        0.0%
BITSFR14             0      0       0      15        0.0%
SFR14                0      0       0      15        0.0%
BITBANK6            50      0       0      16        0.0%
BITSFR15             0      0       0      16        0.0%
SFR15                0      0       0      16        0.0%
BANK6               50      0       0      17        0.0%
BITSFR16             0      0       0      17        0.0%
SFR16                0      0       0      17        0.0%
BITBANK7            50      0       0      18        0.0%
BITSFR17             0      0       0      18        0.0%
SFR17                0      0       0      18        0.0%
BANK7               50      0       0      19        0.0%
BITSFR18             0      0       0      19        0.0%
SFR18                0      0       0      19        0.0%
BITSFR19             0      0       0      20        0.0%
SFR19                0      0       0      20        0.0%
ABS                  0      0       0      20        0.0%
BITBANK8            50      0       0      21        0.0%
BITSFR20             0      0       0      21        0.0%
SFR20                0      0       0      21        0.0%
BANK8               50      0       0      22        0.0%
BITSFR21             0      0       0      22        0.0%
SFR21                0      0       0      22        0.0%
BITBANK9            50      0       0      23        0.0%
BITSFR22             0      0       0      23        0.0%
SFR22                0      0       0      23        0.0%
BANK9               50      0       0      24        0.0%
BITSFR23             0      0       0      24        0.0%
SFR23                0      0       0      24        0.0%
BITBANK10           50      0       0      25        0.0%
BITSFR24             0      0       0      25        0.0%
SFR24                0      0       0      25        0.0%
BANK10              50      0       0      26        0.0%
BITSFR25             0      0       0      26        0.0%
SFR25                0      0       0      26        0.0%
BITBANK11           50      0       0      27        0.0%
BITSFR26             0      0       0      27        0.0%
SFR26                0      0       0      27        0.0%
BANK11              50      0       0      28        0.0%
BITSFR27             0      0       0      28        0.0%
SFR27                0      0       0      28        0.0%
BITBANK12           30      0       0      29        0.0%
BITSFR28             0      0       0      29        0.0%
SFR28                0      0       0      29        0.0%
BANK12              30      0       0      30        0.0%
BITSFR29             0      0       0      30        0.0%
SFR29                0      0       0      30        0.0%
BITSFR30             0      0       0      31        0.0%
SFR30                0      0       0      31        0.0%
DATA                 0      0       0      31        0.0%
BITSFR31             0      0       0      32        0.0%
SFR31                0      0       0      32        0.0%


Microchip Technology PIC Macro Assembler V2.41 build 20230208172133 
Symbol Table                                                                                   Thu Sep 07 18:47:29 2023

                     u17 0768                       u27 077C                       u37 0790  
                     u47 07A4                       u57 07B8                       u67 07CC  
                     u77 07E0                       u87 07F4                      l701 0775  
                    l711 0786                      l703 0776                      l721 0796  
                    l713 0787                      l705 0782                      l731 079C  
                    l723 0798                      l715 0788                      l707 0784  
                    l741 07AD                      l733 079D                      l725 0799  
                    l717 0789                      l709 0785                      l751 07B2  
                    l743 07AE                      l735 079E                      l727 079A  
                    l719 078A                      l671 0758                      l761 07C3  
                    l753 07BE                      l745 07AF                      l737 07AA  
                    l729 079B                      l681 075F                      l673 075A  
                    l771 07D4                      l763 07C4                      l755 07C0  
                    l747 07B0                      l739 07AC                      l691 0770  
                    l683 0760                      l675 075C                      l667 0754  
                    l781 07D9                      l773 07D5                      l765 07C5  
                    l757 07C1                      l749 07B1                      l693 0771  
                    l685 0761                      l677 075D                      l669 0757  
                    l791 07EA                      l783 07DA                      l775 07D6  
                    l767 07C6                      l759 07C2                      l695 0772  
                    l687 0762                      l679 075E                      l793 07EB  
                    l785 07E6                      l777 07D7                      l769 07D2  
                    l697 0773                      l689 076E                      l795 07EC  
                    l787 07E8                      l779 07D8                      l699 0774  
                    l797 07ED                      l789 07E9                      l799 07EE  
                    wreg 0009                     _main 0754                     btemp 007E  
                   start 0002                    ?_main 0070                    wtemp0 007E  
        __initialization 07FD             __end_of_main 07FD                   ??_main 0070  
                 _ANSELB 018D                   _BORCON 0116                   _OSCCON 0099  
__end_of__initialization 07FD           __pcstackCOMMON 0070               __pmaintext 0754  
                _OSCTUNE 0098     end_of_initialization 07FD                _TRISBbits 008D  
    start_initialization 07FD                ___latbits 0003                 _LATBbits 010D  
