

Microchip MPLAB XC8 Assembler V2.41 build 20230208172133 
                                                                                               Thu Aug 31 01:17:59 2023

Microchip MPLAB XC8 C Compiler v2.41 (Free license) build 20230208172133 Og1 
     1                           	processor	16F1939
     2                           	pagewidth 120
     3                           	opt	flic
     4                           	psect	nvCOMMON,global,class=COMMON,space=1,delta=1,noexec
     5                           	psect	cinit,global,class=CODE,merge=1,delta=2
     6                           	psect	bssCOMMON,global,class=COMMON,space=1,delta=1,noexec
     7                           	psect	cstackCOMMON,global,class=COMMON,space=1,delta=1,noexec
     8                           	psect	maintext,global,class=CODE,merge=1,split=1,delta=2
     9                           	psect	text1,local,class=CODE,merge=1,delta=2
    10                           	psect	config,global,abs,ovrld,class=CONFIG,space=4,delta=2,noexec
    11                           	dabs	1,0x7E,2
    12     0000                     
    13                           ; Generated 06/07/2023 GMT
    14                           ; 
    15                           ; Copyright © 2023, Microchip Technology Inc. and its subsidiaries ("Microchip")
    16                           ; All rights reserved.
    17                           ; 
    18                           ; This software is developed by Microchip Technology Inc. and its subsidiaries ("Microch
      +                          ip").
    19                           ; 
    20                           ; Redistribution and use in source and binary forms, with or without modification, are
    21                           ; permitted provided that the following conditions are met:
    22                           ; 
    23                           ;     1. Redistributions of source code must retain the above copyright notice, this lis
      +                          t of
    24                           ;        conditions and the following disclaimer.
    25                           ; 
    26                           ;     2. Redistributions in binary form must reproduce the above copyright notice, this 
      +                          list
    27                           ;        of conditions and the following disclaimer in the documentation and/or other
    28                           ;        materials provided with the distribution. Publication is not required when
    29                           ;        this file is used in an embedded application.
    30                           ; 
    31                           ;     3. Microchip's name may not be used to endorse or promote products derived from th
      +                          is
    32                           ;        software without specific prior written permission.
    33                           ; 
    34                           ; THIS SOFTWARE IS PROVIDED BY MICROCHIP "AS IS" AND ANY EXPRESS OR IMPLIED WARRANTIES,
    35                           ; INCLUDING, BUT NOT LIMITED TO, THE IMPLIED WARRANTIES OF MERCHANTABILITY AND FITNESS F
      +                          OR
    36                           ; PURPOSE ARE DISCLAIMED.  IN NO EVENT SHALL MICROCHIP BE LIABLE FOR ANY DIRECT, INDIREC
      +                          T,
    37                           ; INCIDENTAL, SPECIAL, EXEMPLARY, OR CONSEQUENTIAL DAMAGES (INCLUDING BUT NOT LIMITED TO
    38                           ; PROCUREMENT OF SUBSTITUTE GOODS OR SERVICES; LOSS OF USE, DATA OR PROFITS; OR BUSINESS
    39                           ; INTERRUPTION) HOWSOEVER CAUSED AND ON ANY THEORY OF LIABILITY, WHETHER IN CONTRACT, ST
      +                          RICT
    40                           ; LIABILITY, OR TORT (INCLUDING NEGLIGENCE OR OTHERWISE) ARISING IN ANY WAY OUT OF THE U
      +                          SE OF
    41                           ; THIS SOFTWARE, EVEN IF ADVISED OF THE POSSIBILITY OF SUCH DAMAGE.
    42                           ; 
    43                           ; 
    44                           ; Code-generator required, PIC16F1939 Definitions
    45                           ; 
    46                           ; SFR Addresses
    47     0000                     	;# 
    48     0001                     	;# 
    49     0002                     	;# 
    50     0003                     	;# 
    51     0004                     	;# 
    52     0005                     	;# 
    53     0006                     	;# 
    54     0007                     	;# 
    55     0008                     	;# 
    56     0009                     	;# 
    57     000A                     	;# 
    58     000B                     	;# 
    59     000C                     	;# 
    60     000D                     	;# 
    61     000E                     	;# 
    62     000F                     	;# 
    63     0010                     	;# 
    64     0011                     	;# 
    65     0012                     	;# 
    66     0013                     	;# 
    67     0015                     	;# 
    68     0016                     	;# 
    69     0016                     	;# 
    70     0017                     	;# 
    71     0018                     	;# 
    72     0019                     	;# 
    73     001A                     	;# 
    74     001B                     	;# 
    75     001C                     	;# 
    76     001E                     	;# 
    77     001F                     	;# 
    78     008C                     	;# 
    79     008D                     	;# 
    80     008E                     	;# 
    81     008F                     	;# 
    82     0090                     	;# 
    83     0091                     	;# 
    84     0092                     	;# 
    85     0093                     	;# 
    86     0095                     	;# 
    87     0096                     	;# 
    88     0097                     	;# 
    89     0098                     	;# 
    90     0099                     	;# 
    91     009A                     	;# 
    92     009B                     	;# 
    93     009B                     	;# 
    94     009C                     	;# 
    95     009D                     	;# 
    96     009E                     	;# 
    97     010C                     	;# 
    98     010D                     	;# 
    99     010E                     	;# 
   100     010F                     	;# 
   101     0110                     	;# 
   102     0111                     	;# 
   103     0112                     	;# 
   104     0113                     	;# 
   105     0114                     	;# 
   106     0115                     	;# 
   107     0116                     	;# 
   108     0117                     	;# 
   109     0118                     	;# 
   110     0119                     	;# 
   111     011A                     	;# 
   112     011B                     	;# 
   113     011D                     	;# 
   114     018C                     	;# 
   115     018D                     	;# 
   116     018F                     	;# 
   117     0190                     	;# 
   118     0191                     	;# 
   119     0191                     	;# 
   120     0192                     	;# 
   121     0193                     	;# 
   122     0193                     	;# 
   123     0193                     	;# 
   124     0194                     	;# 
   125     0195                     	;# 
   126     0196                     	;# 
   127     0199                     	;# 
   128     019A                     	;# 
   129     019B                     	;# 
   130     019B                     	;# 
   131     019B                     	;# 
   132     019B                     	;# 
   133     019C                     	;# 
   134     019C                     	;# 
   135     019D                     	;# 
   136     019E                     	;# 
   137     019F                     	;# 
   138     020D                     	;# 
   139     0210                     	;# 
   140     0211                     	;# 
   141     0212                     	;# 
   142     0213                     	;# 
   143     0214                     	;# 
   144     0215                     	;# 
   145     0215                     	;# 
   146     0216                     	;# 
   147     0217                     	;# 
   148     0291                     	;# 
   149     0291                     	;# 
   150     0292                     	;# 
   151     0293                     	;# 
   152     0294                     	;# 
   153     0295                     	;# 
   154     0295                     	;# 
   155     0296                     	;# 
   156     0298                     	;# 
   157     0298                     	;# 
   158     0299                     	;# 
   159     029A                     	;# 
   160     029B                     	;# 
   161     029C                     	;# 
   162     029C                     	;# 
   163     029D                     	;# 
   164     029E                     	;# 
   165     029F                     	;# 
   166     0311                     	;# 
   167     0311                     	;# 
   168     0312                     	;# 
   169     0313                     	;# 
   170     0314                     	;# 
   171     0315                     	;# 
   172     0315                     	;# 
   173     0316                     	;# 
   174     0318                     	;# 
   175     0318                     	;# 
   176     0319                     	;# 
   177     031A                     	;# 
   178     031C                     	;# 
   179     031C                     	;# 
   180     031D                     	;# 
   181     031E                     	;# 
   182     0394                     	;# 
   183     0395                     	;# 
   184     0396                     	;# 
   185     0415                     	;# 
   186     0416                     	;# 
   187     0417                     	;# 
   188     041C                     	;# 
   189     041D                     	;# 
   190     041E                     	;# 
   191     0791                     	;# 
   192     0792                     	;# 
   193     0793                     	;# 
   194     0794                     	;# 
   195     0795                     	;# 
   196     0798                     	;# 
   197     0799                     	;# 
   198     079A                     	;# 
   199     07A0                     	;# 
   200     07A1                     	;# 
   201     07A2                     	;# 
   202     07A3                     	;# 
   203     07A4                     	;# 
   204     07A5                     	;# 
   205     07A6                     	;# 
   206     07A7                     	;# 
   207     07A8                     	;# 
   208     07A9                     	;# 
   209     07AA                     	;# 
   210     07AB                     	;# 
   211     0FE4                     	;# 
   212     0FE5                     	;# 
   213     0FE6                     	;# 
   214     0FE7                     	;# 
   215     0FE8                     	;# 
   216     0FE9                     	;# 
   217     0FEA                     	;# 
   218     0FEB                     	;# 
   219     0FED                     	;# 
   220     0FEE                     	;# 
   221     0FEF                     	;# 
   222     0000                     	;# 
   223     0001                     	;# 
   224     0002                     	;# 
   225     0003                     	;# 
   226     0004                     	;# 
   227     0005                     	;# 
   228     0006                     	;# 
   229     0007                     	;# 
   230     0008                     	;# 
   231     0009                     	;# 
   232     000A                     	;# 
   233     000B                     	;# 
   234     000C                     	;# 
   235     000D                     	;# 
   236     000E                     	;# 
   237     000F                     	;# 
   238     0010                     	;# 
   239     0011                     	;# 
   240     0012                     	;# 
   241     0013                     	;# 
   242     0015                     	;# 
   243     0016                     	;# 
   244     0016                     	;# 
   245     0017                     	;# 
   246     0018                     	;# 
   247     0019                     	;# 
   248     001A                     	;# 
   249     001B                     	;# 
   250     001C                     	;# 
   251     001E                     	;# 
   252     001F                     	;# 
   253     008C                     	;# 
   254     008D                     	;# 
   255     008E                     	;# 
   256     008F                     	;# 
   257     0090                     	;# 
   258     0091                     	;# 
   259     0092                     	;# 
   260     0093                     	;# 
   261     0095                     	;# 
   262     0096                     	;# 
   263     0097                     	;# 
   264     0098                     	;# 
   265     0099                     	;# 
   266     009A                     	;# 
   267     009B                     	;# 
   268     009B                     	;# 
   269     009C                     	;# 
   270     009D                     	;# 
   271     009E                     	;# 
   272     010C                     	;# 
   273     010D                     	;# 
   274     010E                     	;# 
   275     010F                     	;# 
   276     0110                     	;# 
   277     0111                     	;# 
   278     0112                     	;# 
   279     0113                     	;# 
   280     0114                     	;# 
   281     0115                     	;# 
   282     0116                     	;# 
   283     0117                     	;# 
   284     0118                     	;# 
   285     0119                     	;# 
   286     011A                     	;# 
   287     011B                     	;# 
   288     011D                     	;# 
   289     018C                     	;# 
   290     018D                     	;# 
   291     018F                     	;# 
   292     0190                     	;# 
   293     0191                     	;# 
   294     0191                     	;# 
   295     0192                     	;# 
   296     0193                     	;# 
   297     0193                     	;# 
   298     0193                     	;# 
   299     0194                     	;# 
   300     0195                     	;# 
   301     0196                     	;# 
   302     0199                     	;# 
   303     019A                     	;# 
   304     019B                     	;# 
   305     019B                     	;# 
   306     019B                     	;# 
   307     019B                     	;# 
   308     019C                     	;# 
   309     019C                     	;# 
   310     019D                     	;# 
   311     019E                     	;# 
   312     019F                     	;# 
   313     020D                     	;# 
   314     0210                     	;# 
   315     0211                     	;# 
   316     0212                     	;# 
   317     0213                     	;# 
   318     0214                     	;# 
   319     0215                     	;# 
   320     0215                     	;# 
   321     0216                     	;# 
   322     0217                     	;# 
   323     0291                     	;# 
   324     0291                     	;# 
   325     0292                     	;# 
   326     0293                     	;# 
   327     0294                     	;# 
   328     0295                     	;# 
   329     0295                     	;# 
   330     0296                     	;# 
   331     0298                     	;# 
   332     0298                     	;# 
   333     0299                     	;# 
   334     029A                     	;# 
   335     029B                     	;# 
   336     029C                     	;# 
   337     029C                     	;# 
   338     029D                     	;# 
   339     029E                     	;# 
   340     029F                     	;# 
   341     0311                     	;# 
   342     0311                     	;# 
   343     0312                     	;# 
   344     0313                     	;# 
   345     0314                     	;# 
   346     0315                     	;# 
   347     0315                     	;# 
   348     0316                     	;# 
   349     0318                     	;# 
   350     0318                     	;# 
   351     0319                     	;# 
   352     031A                     	;# 
   353     031C                     	;# 
   354     031C                     	;# 
   355     031D                     	;# 
   356     031E                     	;# 
   357     0394                     	;# 
   358     0395                     	;# 
   359     0396                     	;# 
   360     0415                     	;# 
   361     0416                     	;# 
   362     0417                     	;# 
   363     041C                     	;# 
   364     041D                     	;# 
   365     041E                     	;# 
   366     0791                     	;# 
   367     0792                     	;# 
   368     0793                     	;# 
   369     0794                     	;# 
   370     0795                     	;# 
   371     0798                     	;# 
   372     0799                     	;# 
   373     079A                     	;# 
   374     07A0                     	;# 
   375     07A1                     	;# 
   376     07A2                     	;# 
   377     07A3                     	;# 
   378     07A4                     	;# 
   379     07A5                     	;# 
   380     07A6                     	;# 
   381     07A7                     	;# 
   382     07A8                     	;# 
   383     07A9                     	;# 
   384     07AA                     	;# 
   385     07AB                     	;# 
   386     0FE4                     	;# 
   387     0FE5                     	;# 
   388     0FE6                     	;# 
   389     0FE7                     	;# 
   390     0FE8                     	;# 
   391     0FE9                     	;# 
   392     0FEA                     	;# 
   393     0FEB                     	;# 
   394     0FED                     	;# 
   395     0FEE                     	;# 
   396     0FEF                     	;# 
   397     0000                     	;# 
   398     0001                     	;# 
   399     0002                     	;# 
   400     0003                     	;# 
   401     0004                     	;# 
   402     0005                     	;# 
   403     0006                     	;# 
   404     0007                     	;# 
   405     0008                     	;# 
   406     0009                     	;# 
   407     000A                     	;# 
   408     000B                     	;# 
   409     000C                     	;# 
   410     000D                     	;# 
   411     000E                     	;# 
   412     000F                     	;# 
   413     0010                     	;# 
   414     0011                     	;# 
   415     0012                     	;# 
   416     0013                     	;# 
   417     0015                     	;# 
   418     0016                     	;# 
   419     0016                     	;# 
   420     0017                     	;# 
   421     0018                     	;# 
   422     0019                     	;# 
   423     001A                     	;# 
   424     001B                     	;# 
   425     001C                     	;# 
   426     001E                     	;# 
   427     001F                     	;# 
   428     008C                     	;# 
   429     008D                     	;# 
   430     008E                     	;# 
   431     008F                     	;# 
   432     0090                     	;# 
   433     0091                     	;# 
   434     0092                     	;# 
   435     0093                     	;# 
   436     0095                     	;# 
   437     0096                     	;# 
   438     0097                     	;# 
   439     0098                     	;# 
   440     0099                     	;# 
   441     009A                     	;# 
   442     009B                     	;# 
   443     009B                     	;# 
   444     009C                     	;# 
   445     009D                     	;# 
   446     009E                     	;# 
   447     010C                     	;# 
   448     010D                     	;# 
   449     010E                     	;# 
   450     010F                     	;# 
   451     0110                     	;# 
   452     0111                     	;# 
   453     0112                     	;# 
   454     0113                     	;# 
   455     0114                     	;# 
   456     0115                     	;# 
   457     0116                     	;# 
   458     0117                     	;# 
   459     0118                     	;# 
   460     0119                     	;# 
   461     011A                     	;# 
   462     011B                     	;# 
   463     011D                     	;# 
   464     018C                     	;# 
   465     018D                     	;# 
   466     018F                     	;# 
   467     0190                     	;# 
   468     0191                     	;# 
   469     0191                     	;# 
   470     0192                     	;# 
   471     0193                     	;# 
   472     0193                     	;# 
   473     0193                     	;# 
   474     0194                     	;# 
   475     0195                     	;# 
   476     0196                     	;# 
   477     0199                     	;# 
   478     019A                     	;# 
   479     019B                     	;# 
   480     019B                     	;# 
   481     019B                     	;# 
   482     019B                     	;# 
   483     019C                     	;# 
   484     019C                     	;# 
   485     019D                     	;# 
   486     019E                     	;# 
   487     019F                     	;# 
   488     020D                     	;# 
   489     0210                     	;# 
   490     0211                     	;# 
   491     0212                     	;# 
   492     0213                     	;# 
   493     0214                     	;# 
   494     0215                     	;# 
   495     0215                     	;# 
   496     0216                     	;# 
   497     0217                     	;# 
   498     0291                     	;# 
   499     0291                     	;# 
   500     0292                     	;# 
   501     0293                     	;# 
   502     0294                     	;# 
   503     0295                     	;# 
   504     0295                     	;# 
   505     0296                     	;# 
   506     0298                     	;# 
   507     0298                     	;# 
   508     0299                     	;# 
   509     029A                     	;# 
   510     029B                     	;# 
   511     029C                     	;# 
   512     029C                     	;# 
   513     029D                     	;# 
   514     029E                     	;# 
   515     029F                     	;# 
   516     0311                     	;# 
   517     0311                     	;# 
   518     0312                     	;# 
   519     0313                     	;# 
   520     0314                     	;# 
   521     0315                     	;# 
   522     0315                     	;# 
   523     0316                     	;# 
   524     0318                     	;# 
   525     0318                     	;# 
   526     0319                     	;# 
   527     031A                     	;# 
   528     031C                     	;# 
   529     031C                     	;# 
   530     031D                     	;# 
   531     031E                     	;# 
   532     0394                     	;# 
   533     0395                     	;# 
   534     0396                     	;# 
   535     0415                     	;# 
   536     0416                     	;# 
   537     0417                     	;# 
   538     041C                     	;# 
   539     041D                     	;# 
   540     041E                     	;# 
   541     0791                     	;# 
   542     0792                     	;# 
   543     0793                     	;# 
   544     0794                     	;# 
   545     0795                     	;# 
   546     0798                     	;# 
   547     0799                     	;# 
   548     079A                     	;# 
   549     07A0                     	;# 
   550     07A1                     	;# 
   551     07A2                     	;# 
   552     07A3                     	;# 
   553     07A4                     	;# 
   554     07A5                     	;# 
   555     07A6                     	;# 
   556     07A7                     	;# 
   557     07A8                     	;# 
   558     07A9                     	;# 
   559     07AA                     	;# 
   560     07AB                     	;# 
   561     0FE4                     	;# 
   562     0FE5                     	;# 
   563     0FE6                     	;# 
   564     0FE7                     	;# 
   565     0FE8                     	;# 
   566     0FE9                     	;# 
   567     0FEA                     	;# 
   568     0FEB                     	;# 
   569     0FED                     	;# 
   570     0FEE                     	;# 
   571     0FEF                     	;# 
   572     0000                     	;# 
   573     0001                     	;# 
   574     0002                     	;# 
   575     0003                     	;# 
   576     0004                     	;# 
   577     0005                     	;# 
   578     0006                     	;# 
   579     0007                     	;# 
   580     0008                     	;# 
   581     0009                     	;# 
   582     000A                     	;# 
   583     000B                     	;# 
   584     000C                     	;# 
   585     000D                     	;# 
   586     000E                     	;# 
   587     000F                     	;# 
   588     0010                     	;# 
   589     0011                     	;# 
   590     0012                     	;# 
   591     0013                     	;# 
   592     0015                     	;# 
   593     0016                     	;# 
   594     0016                     	;# 
   595     0017                     	;# 
   596     0018                     	;# 
   597     0019                     	;# 
   598     001A                     	;# 
   599     001B                     	;# 
   600     001C                     	;# 
   601     001E                     	;# 
   602     001F                     	;# 
   603     008C                     	;# 
   604     008D                     	;# 
   605     008E                     	;# 
   606     008F                     	;# 
   607     0090                     	;# 
   608     0091                     	;# 
   609     0092                     	;# 
   610     0093                     	;# 
   611     0095                     	;# 
   612     0096                     	;# 
   613     0097                     	;# 
   614     0098                     	;# 
   615     0099                     	;# 
   616     009A                     	;# 
   617     009B                     	;# 
   618     009B                     	;# 
   619     009C                     	;# 
   620     009D                     	;# 
   621     009E                     	;# 
   622     010C                     	;# 
   623     010D                     	;# 
   624     010E                     	;# 
   625     010F                     	;# 
   626     0110                     	;# 
   627     0111                     	;# 
   628     0112                     	;# 
   629     0113                     	;# 
   630     0114                     	;# 
   631     0115                     	;# 
   632     0116                     	;# 
   633     0117                     	;# 
   634     0118                     	;# 
   635     0119                     	;# 
   636     011A                     	;# 
   637     011B                     	;# 
   638     011D                     	;# 
   639     018C                     	;# 
   640     018D                     	;# 
   641     018F                     	;# 
   642     0190                     	;# 
   643     0191                     	;# 
   644     0191                     	;# 
   645     0192                     	;# 
   646     0193                     	;# 
   647     0193                     	;# 
   648     0193                     	;# 
   649     0194                     	;# 
   650     0195                     	;# 
   651     0196                     	;# 
   652     0199                     	;# 
   653     019A                     	;# 
   654     019B                     	;# 
   655     019B                     	;# 
   656     019B                     	;# 
   657     019B                     	;# 
   658     019C                     	;# 
   659     019C                     	;# 
   660     019D                     	;# 
   661     019E                     	;# 
   662     019F                     	;# 
   663     020D                     	;# 
   664     0210                     	;# 
   665     0211                     	;# 
   666     0212                     	;# 
   667     0213                     	;# 
   668     0214                     	;# 
   669     0215                     	;# 
   670     0215                     	;# 
   671     0216                     	;# 
   672     0217                     	;# 
   673     0291                     	;# 
   674     0291                     	;# 
   675     0292                     	;# 
   676     0293                     	;# 
   677     0294                     	;# 
   678     0295                     	;# 
   679     0295                     	;# 
   680     0296                     	;# 
   681     0298                     	;# 
   682     0298                     	;# 
   683     0299                     	;# 
   684     029A                     	;# 
   685     029B                     	;# 
   686     029C                     	;# 
   687     029C                     	;# 
   688     029D                     	;# 
   689     029E                     	;# 
   690     029F                     	;# 
   691     0311                     	;# 
   692     0311                     	;# 
   693     0312                     	;# 
   694     0313                     	;# 
   695     0314                     	;# 
   696     0315                     	;# 
   697     0315                     	;# 
   698     0316                     	;# 
   699     0318                     	;# 
   700     0318                     	;# 
   701     0319                     	;# 
   702     031A                     	;# 
   703     031C                     	;# 
   704     031C                     	;# 
   705     031D                     	;# 
   706     031E                     	;# 
   707     0394                     	;# 
   708     0395                     	;# 
   709     0396                     	;# 
   710     0415                     	;# 
   711     0416                     	;# 
   712     0417                     	;# 
   713     041C                     	;# 
   714     041D                     	;# 
   715     041E                     	;# 
   716     0791                     	;# 
   717     0792                     	;# 
   718     0793                     	;# 
   719     0794                     	;# 
   720     0795                     	;# 
   721     0798                     	;# 
   722     0799                     	;# 
   723     079A                     	;# 
   724     07A0                     	;# 
   725     07A1                     	;# 
   726     07A2                     	;# 
   727     07A3                     	;# 
   728     07A4                     	;# 
   729     07A5                     	;# 
   730     07A6                     	;# 
   731     07A7                     	;# 
   732     07A8                     	;# 
   733     07A9                     	;# 
   734     07AA                     	;# 
   735     07AB                     	;# 
   736     0FE4                     	;# 
   737     0FE5                     	;# 
   738     0FE6                     	;# 
   739     0FE7                     	;# 
   740     0FE8                     	;# 
   741     0FE9                     	;# 
   742     0FEA                     	;# 
   743     0FEB                     	;# 
   744     0FED                     	;# 
   745     0FEE                     	;# 
   746     0FEF                     	;# 
   747                           
   748                           	psect	nvCOMMON
   749     0070                     __pnvCOMMON:
   750     0070                     _nibble2:
   751     0070                     	ds	1
   752     0071                     _nibble1:
   753     0071                     	ds	1
   754     000D                     _PORTBbits	set	13
   755     000E                     _PORTC	set	14
   756     008F                     _TRISD	set	143
   757     008E                     _TRISC	set	142
   758     008D                     _TRISBbits	set	141
   759     010F                     _LATD	set	271
   760     018D                     _ANSELBbits	set	397
   761                           
   762                           	psect	cinit
   763     07FC                     start_initialization:	
   764                           ; #config settings
   765                           
   766     07FC                     __initialization:
   767                           
   768                           ; Clear objects allocated to COMMON
   769     07FC  01F2               	clrf	__pbssCOMMON& (0+127)
   770     07FD                     end_of_initialization:	
   771                           ;End of C runtime variable initialization code
   772                           
   773     07FD                     __end_of__initialization:
   774     07FD  0020               	movlb	0
   775     07FE  3187  2FD7         	ljmp	_main	;jump to C main() function
   776                           
   777                           	psect	bssCOMMON
   778     0072                     __pbssCOMMON:
   779     0072                     _resultado:
   780     0072                     	ds	1
   781                           
   782                           	psect	cstackCOMMON
   783     0073                     __pcstackCOMMON:
   784     0073                     ?_init_punto12:
   785     0073                     ??_init_punto12:	
   786                           ; 1 bytes @ 0x0
   787                           
   788     0073                     ?_main:	
   789                           ; 1 bytes @ 0x0
   790                           
   791     0073                     ??_main:	
   792                           ; 1 bytes @ 0x0
   793                           
   794                           
   795                           ; 1 bytes @ 0x0
   796     0073                     	ds	1
   797                           
   798                           	psect	maintext
   799     07D7                     __pmaintext:	
   800 ;;
   801 ;;Main: autosize = 0, tempsize = 1, incstack = 0, save=0
   802 ;;
   803 ;; *************** function _main *****************
   804 ;; Defined at:
   805 ;;		line 9 in file "main.c"
   806 ;; Parameters:    Size  Location     Type
   807 ;;		None
   808 ;; Auto vars:     Size  Location     Type
   809 ;;		None
   810 ;; Return value:  Size  Location     Type
   811 ;;                  1    wreg      void 
   812 ;; Registers used:
   813 ;;		wreg, status,2, status,0, pclath, cstack
   814 ;; Tracked objects:
   815 ;;		On entry : B1F/0
   816 ;;		On exit  : 0/0
   817 ;;		Unchanged: 0/0
   818 ;; Data sizes:     COMMON   BANK0   BANK1   BANK2   BANK3   BANK4   BANK5   BANK6   BANK7   BANK8   BANK9  BANK10  BANK1
      +1  BANK12
   819 ;;      Params:         0       0       0       0       0       0       0       0       0       0       0       0       
      +0       0
   820 ;;      Locals:         0       0       0       0       0       0       0       0       0       0       0       0       
      +0       0
   821 ;;      Temps:          1       0       0       0       0       0       0       0       0       0       0       0       
      +0       0
   822 ;;      Totals:         1       0       0       0       0       0       0       0       0       0       0       0       
      +0       0
   823 ;;Total ram usage:        1 bytes
   824 ;; Hardware stack levels required when called: 1
   825 ;; This function calls:
   826 ;;		_init_punto12
   827 ;; This function is called by:
   828 ;;		Startup code after reset
   829 ;; This function uses a non-reentrant model
   830 ;;
   831                           
   832     07D7                     _main:	
   833                           ;psect for function _main
   834                           
   835     07D7                     l656:	
   836                           ;incstack = 0
   837                           ; Regs used in _main: [wreg+status,2+status,0+pclath+cstack]
   838                           
   839                           
   840                           ;main.c: 10:     init_punto12();
   841     07D7  3187  27C6  3187   	fcall	_init_punto12
   842     07DA                     l658:
   843                           
   844                           ;main.c: 13:          nibble1 = PORTC & 0x0F;
   845     07DA  0020               	movlb	0	; select bank0
   846     07DB  080E               	movf	14,w	;volatile
   847     07DC  390F               	andlw	15
   848     07DD  00F1               	movwf	_nibble1
   849     07DE                     l660:
   850                           
   851                           ;main.c: 14:          nibble2 = (PORTC & 0xF0)>>4;
   852     07DE  080E               	movf	14,w	;volatile
   853     07DF  00F3               	movwf	??_main
   854     07E0  3004               	movlw	4
   855     07E1                     u15:
   856     07E1  36F3               	lsrf	??_main,f
   857     07E2  0B89               	decfsz	9,f
   858     07E3  2FE1               	goto	u15
   859     07E4  0873               	movf	??_main,w
   860     07E5  390F               	andlw	15
   861     07E6  00F0               	movwf	_nibble2
   862     07E7                     l662:
   863                           
   864                           ;main.c: 16:          if(PORTBbits.RB0 == 0 && PORTBbits.RB1== 0 && PORTBbits.RB2== 0){
   865     07E7  180D               	btfsc	13,0	;volatile
   866     07E8  2FEA               	goto	u21
   867     07E9  2FEB               	goto	u20
   868     07EA                     u21:
   869     07EA  2FDA               	goto	l658
   870     07EB                     u20:
   871     07EB                     l664:
   872     07EB  188D               	btfsc	13,1	;volatile
   873     07EC  2FEE               	goto	u31
   874     07ED  2FEF               	goto	u30
   875     07EE                     u31:
   876     07EE  2FDA               	goto	l658
   877     07EF                     u30:
   878     07EF                     l666:
   879     07EF  190D               	btfsc	13,2	;volatile
   880     07F0  2FF2               	goto	u41
   881     07F1  2FF3               	goto	u40
   882     07F2                     u41:
   883     07F2  2FDA               	goto	l658
   884     07F3                     u40:
   885     07F3                     l668:
   886                           
   887                           ;main.c: 17:              resultado= nibble1+nibble2;
   888     07F3  0871               	movf	_nibble1,w
   889     07F4  0770               	addwf	_nibble2,w
   890     07F5  00F2               	movwf	_resultado
   891     07F6                     l670:
   892                           
   893                           ;main.c: 18:              LATD= resultado;
   894     07F6  0872               	movf	_resultado,w
   895     07F7  0022               	movlb	2	; select bank2
   896     07F8  008F               	movwf	15	;volatile
   897     07F9  2FDA               	goto	l658
   898     07FA  3180  2802         	ljmp	start
   899     07FC                     __end_of_main:
   900                           
   901                           	psect	text1
   902     07C6                     __ptext1:	
   903 ;; *************** function _init_punto12 *****************
   904 ;; Defined at:
   905 ;;		line 6 in file "punto_12.c"
   906 ;; Parameters:    Size  Location     Type
   907 ;;		None
   908 ;; Auto vars:     Size  Location     Type
   909 ;;		None
   910 ;; Return value:  Size  Location     Type
   911 ;;                  1    wreg      void 
   912 ;; Registers used:
   913 ;;		wreg, status,2
   914 ;; Tracked objects:
   915 ;;		On entry : 0/0
   916 ;;		On exit  : 0/0
   917 ;;		Unchanged: 0/0
   918 ;; Data sizes:     COMMON   BANK0   BANK1   BANK2   BANK3   BANK4   BANK5   BANK6   BANK7   BANK8   BANK9  BANK10  BANK1
      +1  BANK12
   919 ;;      Params:         0       0       0       0       0       0       0       0       0       0       0       0       
      +0       0
   920 ;;      Locals:         0       0       0       0       0       0       0       0       0       0       0       0       
      +0       0
   921 ;;      Temps:          0       0       0       0       0       0       0       0       0       0       0       0       
      +0       0
   922 ;;      Totals:         0       0       0       0       0       0       0       0       0       0       0       0       
      +0       0
   923 ;;Total ram usage:        0 bytes
   924 ;; Hardware stack levels used: 1
   925 ;; This function calls:
   926 ;;		Nothing
   927 ;; This function is called by:
   928 ;;		_main
   929 ;; This function uses a non-reentrant model
   930 ;;
   931                           
   932     07C6                     _init_punto12:	
   933                           ;psect for function _init_punto12
   934                           
   935     07C6                     l646:	
   936                           ;incstack = 0
   937                           ; Regs used in _init_punto12: [wreg+status,2]
   938                           
   939                           
   940                           ;punto_12.c: 7:     TRISBbits.TRISB0 = 1;
   941     07C6  0021               	movlb	1	; select bank1
   942     07C7  140D               	bsf	13,0	;volatile
   943                           
   944                           ;punto_12.c: 8:     TRISBbits.TRISB1 = 1;
   945     07C8  148D               	bsf	13,1	;volatile
   946                           
   947                           ;punto_12.c: 9:     TRISBbits.TRISB2 = 1;
   948     07C9  150D               	bsf	13,2	;volatile
   949                           
   950                           ;punto_12.c: 11:     ANSELBbits.ANSB0 = 0;
   951     07CA  0023               	movlb	3	; select bank3
   952     07CB  100D               	bcf	13,0	;volatile
   953                           
   954                           ;punto_12.c: 12:     ANSELBbits.ANSB1 = 0;
   955     07CC  108D               	bcf	13,1	;volatile
   956                           
   957                           ;punto_12.c: 13:     ANSELBbits.ANSB2 = 0;
   958     07CD  110D               	bcf	13,2	;volatile
   959     07CE                     l648:
   960                           
   961                           ;punto_12.c: 16:     TRISC = 0xFF;
   962     07CE  30FF               	movlw	255
   963     07CF  0021               	movlb	1	; select bank1
   964     07D0  008E               	movwf	14	;volatile
   965     07D1                     l650:
   966                           
   967                           ;punto_12.c: 17:     TRISD = 0x00;
   968     07D1  018F               	clrf	15	;volatile
   969     07D2                     l652:
   970                           
   971                           ;punto_12.c: 19:     PORTC = 0X00;
   972     07D2  0020               	movlb	0	; select bank0
   973     07D3  018E               	clrf	14	;volatile
   974     07D4                     l654:
   975                           
   976                           ;punto_12.c: 20:     LATD = 0X00;
   977     07D4  0022               	movlb	2	; select bank2
   978     07D5  018F               	clrf	15	;volatile
   979     07D6                     l38:
   980     07D6  0008               	return
   981     07D7                     __end_of_init_punto12:
   982     007E                     btemp	set	126	;btemp
   983     007E                     wtemp0	set	126
   984                           
   985                           	psect	config
   986                           
   987                           ;Config register CONFIG1 @ 0x8007
   988                           ;	Oscillator Selection
   989                           ;	FOSC = HS, HS Oscillator, High-speed crystal/resonator connected between OSC1 and OSC2
      +                           pins
   990                           ;	Watchdog Timer Enable
   991                           ;	WDTE = OFF, WDT disabled
   992                           ;	Power-up Timer Enable
   993                           ;	PWRTE = OFF, PWRT disabled
   994                           ;	MCLR Pin Function Select
   995                           ;	MCLRE = ON, MCLR/VPP pin function is MCLR
   996                           ;	Flash Program Memory Code Protection
   997                           ;	CP = OFF, Program memory code protection is disabled
   998                           ;	Data Memory Code Protection
   999                           ;	CPD = OFF, Data memory code protection is disabled
  1000                           ;	Brown-out Reset Enable
  1001                           ;	BOREN = ON, Brown-out Reset enabled
  1002                           ;	Clock Out Enable
  1003                           ;	CLKOUTEN = OFF, CLKOUT function is disabled. I/O or oscillator function on the CLKOUT 
      +                          pin
  1004                           ;	Internal/External Switchover
  1005                           ;	IESO = ON, Internal/External Switchover mode is enabled
  1006                           ;	Fail-Safe Clock Monitor Enable
  1007                           ;	FCMEN = ON, Fail-Safe Clock Monitor is enabled
  1008     8007                     	org	32775
  1009     8007  3FE2               	dw	16354
  1010                           
  1011                           ;Config register CONFIG2 @ 0x8008
  1012                           ;	Flash Memory Self-Write Protection
  1013                           ;	WRT = OFF, Write protection off
  1014                           ;	Voltage Regulator Capacitor Enable
  1015                           ;	VCAPEN = OFF, All VCAP pin functionality is disabled
  1016                           ;	PLL Enable
  1017                           ;	PLLEN = OFF, 4x PLL disabled
  1018                           ;	Stack Overflow/Underflow Reset Enable
  1019                           ;	STVREN = ON, Stack Overflow or Underflow will cause a Reset
  1020                           ;	Brown-out Reset Voltage Selection
  1021                           ;	BORV = LO, Brown-out Reset Voltage (Vbor), low trip point selected.
  1022                           ;	Low-Voltage Programming Enable
  1023                           ;	LVP = ON, Low-voltage programming enabled
  1024     8008                     	org	32776
  1025     8008  3EFF               	dw	16127

Data Sizes:
    Strings     0
    Constant    0
    Data        0
    BSS         1
    Persistent  34
    Stack       0

Auto Spaces:
    Space          Size  Autos    Used
    COMMON           14      1       4
    BANK0            80      0       0
    BANK1            80      0       0
    BANK2            80      0       0
    BANK3            80      0       0
    BANK4            80      0       0
    BANK5            80      0       0
    BANK6            80      0       0
    BANK7            80      0       0
    BANK8            80      0       0
    BANK9            80      0       0
    BANK10           80      0       0
    BANK11           80      0       0
    BANK12           48      0       0

Pointer List with Targets:

    None.

Critical Paths under _main in COMMON

    None.

Critical Paths under _main in BANK0

    None.

Critical Paths under _main in BANK1

    None.

Critical Paths under _main in BANK2

    None.

Critical Paths under _main in BANK3

    None.

Critical Paths under _main in BANK4

    None.

Critical Paths under _main in BANK5

    None.

Critical Paths under _main in BANK6

    None.

Critical Paths under _main in BANK7

    None.

Critical Paths under _main in BANK8

    None.

Critical Paths under _main in BANK9

    None.

Critical Paths under _main in BANK10

    None.

Critical Paths under _main in BANK11

    None.

Critical Paths under _main in BANK12

    None.

Call Graph Tables:

 ---------------------------------------------------------------------------------
 (Depth) Function   	        Calls       Base Space   Used Autos Params    Refs
 ---------------------------------------------------------------------------------
 (0) _main                                                 1     1      0       0
                                              0 COMMON     1     1      0
                       _init_punto12
 ---------------------------------------------------------------------------------
 (1) _init_punto12                                         0     0      0       0
 ---------------------------------------------------------------------------------
 Estimated maximum stack depth 1
 ---------------------------------------------------------------------------------

 Call Graph Graphs:

 _main (ROOT)
   _init_punto12

 Address spaces:
Name               Size   Autos  Total    Cost      Usage
BIGRAM             3F0      0       0       0        0.0%
EEDATA             100      0       0       0        0.0%
NULL                 0      0       0       0        0.0%
CODE                 0      0       0       0        0.0%
BITCOMMON            E      0       0       1        0.0%
BITSFR0              0      0       0       1        0.0%
SFR0                 0      0       0       1        0.0%
COMMON               E      1       4       2       28.6%
BITSFR1              0      0       0       2        0.0%
SFR1                 0      0       0       2        0.0%
BITSFR2              0      0       0       3        0.0%
SFR2                 0      0       0       3        0.0%
STACK                0      0       0       3        0.0%
BITBANK0            50      0       0       4        0.0%
BITSFR3              0      0       0       4        0.0%
SFR3                 0      0       0       4        0.0%
BANK0               50      0       0       5        0.0%
BITSFR4              0      0       0       5        0.0%
SFR4                 0      0       0       5        0.0%
BITBANK1            50      0       0       6        0.0%
BITSFR5              0      0       0       6        0.0%
SFR5                 0      0       0       6        0.0%
BANK1               50      0       0       7        0.0%
BITSFR6              0      0       0       7        0.0%
SFR6                 0      0       0       7        0.0%
BITBANK2            50      0       0       8        0.0%
BITSFR7              0      0       0       8        0.0%
SFR7                 0      0       0       8        0.0%
BANK2               50      0       0       9        0.0%
BITSFR8              0      0       0       9        0.0%
SFR8                 0      0       0       9        0.0%
BITBANK3            50      0       0      10        0.0%
BITSFR9              0      0       0      10        0.0%
SFR9                 0      0       0      10        0.0%
BANK3               50      0       0      11        0.0%
BITSFR10             0      0       0      11        0.0%
SFR10                0      0       0      11        0.0%
BITBANK4            50      0       0      12        0.0%
BITSFR11             0      0       0      12        0.0%
SFR11                0      0       0      12        0.0%
BANK4               50      0       0      13        0.0%
BITSFR12             0      0       0      13        0.0%
SFR12                0      0       0      13        0.0%
BITBANK5            50      0       0      14        0.0%
BITSFR13             0      0       0      14        0.0%
SFR13                0      0       0      14        0.0%
BANK5               50      0       0      15        0.0%
BITSFR14             0      0       0      15        0.0%
SFR14                0      0       0      15        0.0%
BITBANK6            50      0       0      16        0.0%
BITSFR15             0      0       0      16        0.0%
SFR15                0      0       0      16        0.0%
BANK6               50      0       0      17        0.0%
BITSFR16             0      0       0      17        0.0%
SFR16                0      0       0      17        0.0%
BITBANK7            50      0       0      18        0.0%
BITSFR17             0      0       0      18        0.0%
SFR17                0      0       0      18        0.0%
BANK7               50      0       0      19        0.0%
BITSFR18             0      0       0      19        0.0%
SFR18                0      0       0      19        0.0%
BITSFR19             0      0       0      20        0.0%
SFR19                0      0       0      20        0.0%
ABS                  0      0       4      20        0.0%
BITBANK8            50      0       0      21        0.0%
BITSFR20             0      0       0      21        0.0%
SFR20                0      0       0      21        0.0%
BANK8               50      0       0      22        0.0%
BITSFR21             0      0       0      22        0.0%
SFR21                0      0       0      22        0.0%
BITBANK9            50      0       0      23        0.0%
BITSFR22             0      0       0      23        0.0%
SFR22                0      0       0      23        0.0%
BANK9               50      0       0      24        0.0%
BITSFR23             0      0       0      24        0.0%
SFR23                0      0       0      24        0.0%
BITBANK10           50      0       0      25        0.0%
BITSFR24             0      0       0      25        0.0%
SFR24                0      0       0      25        0.0%
BANK10              50      0       0      26        0.0%
BITSFR25             0      0       0      26        0.0%
SFR25                0      0       0      26        0.0%
BITBANK11           50      0       0      27        0.0%
BITSFR26             0      0       0      27        0.0%
SFR26                0      0       0      27        0.0%
BANK11              50      0       0      28        0.0%
BITSFR27             0      0       0      28        0.0%
SFR27                0      0       0      28        0.0%
BITBANK12           30      0       0      29        0.0%
BITSFR28             0      0       0      29        0.0%
SFR28                0      0       0      29        0.0%
BANK12              30      0       0      30        0.0%
BITSFR29             0      0       0      30        0.0%
SFR29                0      0       0      30        0.0%
BITSFR30             0      0       0      31        0.0%
SFR30                0      0       0      31        0.0%
DATA                 0      0       4      31        0.0%
BITSFR31             0      0       0      32        0.0%
SFR31                0      0       0      32        0.0%


Microchip Technology PIC Macro Assembler V2.41 build 20230208172133 
Symbol Table                                                                                   Thu Aug 31 01:17:59 2023

                     l38 07D6                       u20 07EB                       u21 07EA  
                     u30 07EF                       u31 07EE                       u15 07E1  
                     u40 07F3                       u41 07F2                      l650 07D1  
                    l652 07D2                      l660 07DE                      l654 07D4  
                    l646 07C6                      l670 07F6                      l662 07E7  
                    l648 07CE                      l664 07EB                      l656 07D7  
                    l666 07EF                      l658 07DA                      l668 07F3  
                    wreg 0009                     _LATD 010F                     _main 07D7  
                   btemp 007E                     start 0002                    ?_main 0073  
                  _PORTC 000E                    _TRISC 008E                    _TRISD 008F  
                  wtemp0 007E          __initialization 07FC             __end_of_main 07FC  
                 ??_main 0073            ?_init_punto12 0073  __end_of__initialization 07FD  
         ??_init_punto12 0073           __pcstackCOMMON 0073               __pnvCOMMON 0070  
             __pmaintext 07D7                  __ptext1 07C6                  _nibble1 0071  
                _nibble2 0070     __end_of_init_punto12 07D7     end_of_initialization 07FD  
              _PORTBbits 000D                _TRISBbits 008D      start_initialization 07FC  
            __pbssCOMMON 0072                ___latbits 0003             _init_punto12 07C6  
              _resultado 0072               _ANSELBbits 018D  
