

Microchip MPLAB XC8 Assembler V2.41 build 20230208172133 
                                                                                               Thu Sep 07 20:00:52 2023

Microchip MPLAB XC8 C Compiler v2.41 (Free license) build 20230208172133 Og1 
     1                           	processor	16F1939
     2                           	pagewidth 120
     3                           	opt	flic
     4                           	psect	cinit,global,class=CODE,merge=1,delta=2
     5                           	psect	bssCOMMON,global,class=COMMON,space=1,delta=1,noexec
     6                           	psect	cstackCOMMON,global,class=COMMON,space=1,delta=1,noexec
     7                           	psect	maintext,global,class=CODE,merge=1,split=1,delta=2
     8                           	psect	text1,local,class=CODE,merge=1,delta=2
     9                           	psect	config,global,abs,ovrld,class=CONFIG,space=4,delta=2,noexec
    10                           	dabs	1,0x7E,2
    11     0000                     
    12                           ; Generated 06/07/2023 GMT
    13                           ; 
    14                           ; Copyright © 2023, Microchip Technology Inc. and its subsidiaries ("Microchip")
    15                           ; All rights reserved.
    16                           ; 
    17                           ; This software is developed by Microchip Technology Inc. and its subsidiaries ("Microch
      +                          ip").
    18                           ; 
    19                           ; Redistribution and use in source and binary forms, with or without modification, are
    20                           ; permitted provided that the following conditions are met:
    21                           ; 
    22                           ;     1. Redistributions of source code must retain the above copyright notice, this lis
      +                          t of
    23                           ;        conditions and the following disclaimer.
    24                           ; 
    25                           ;     2. Redistributions in binary form must reproduce the above copyright notice, this 
      +                          list
    26                           ;        of conditions and the following disclaimer in the documentation and/or other
    27                           ;        materials provided with the distribution. Publication is not required when
    28                           ;        this file is used in an embedded application.
    29                           ; 
    30                           ;     3. Microchip's name may not be used to endorse or promote products derived from th
      +                          is
    31                           ;        software without specific prior written permission.
    32                           ; 
    33                           ; THIS SOFTWARE IS PROVIDED BY MICROCHIP "AS IS" AND ANY EXPRESS OR IMPLIED WARRANTIES,
    34                           ; INCLUDING, BUT NOT LIMITED TO, THE IMPLIED WARRANTIES OF MERCHANTABILITY AND FITNESS F
      +                          OR
    35                           ; PURPOSE ARE DISCLAIMED.  IN NO EVENT SHALL MICROCHIP BE LIABLE FOR ANY DIRECT, INDIREC
      +                          T,
    36                           ; INCIDENTAL, SPECIAL, EXEMPLARY, OR CONSEQUENTIAL DAMAGES (INCLUDING BUT NOT LIMITED TO
    37                           ; PROCUREMENT OF SUBSTITUTE GOODS OR SERVICES; LOSS OF USE, DATA OR PROFITS; OR BUSINESS
    38                           ; INTERRUPTION) HOWSOEVER CAUSED AND ON ANY THEORY OF LIABILITY, WHETHER IN CONTRACT, ST
      +                          RICT
    39                           ; LIABILITY, OR TORT (INCLUDING NEGLIGENCE OR OTHERWISE) ARISING IN ANY WAY OUT OF THE U
      +                          SE OF
    40                           ; THIS SOFTWARE, EVEN IF ADVISED OF THE POSSIBILITY OF SUCH DAMAGE.
    41                           ; 
    42                           ; 
    43                           ; Code-generator required, PIC16F1939 Definitions
    44                           ; 
    45                           ; SFR Addresses
    46     0000                     	;# 
    47     0001                     	;# 
    48     0002                     	;# 
    49     0003                     	;# 
    50     0004                     	;# 
    51     0005                     	;# 
    52     0006                     	;# 
    53     0007                     	;# 
    54     0008                     	;# 
    55     0009                     	;# 
    56     000A                     	;# 
    57     000B                     	;# 
    58     000C                     	;# 
    59     000D                     	;# 
    60     000E                     	;# 
    61     000F                     	;# 
    62     0010                     	;# 
    63     0011                     	;# 
    64     0012                     	;# 
    65     0013                     	;# 
    66     0015                     	;# 
    67     0016                     	;# 
    68     0016                     	;# 
    69     0017                     	;# 
    70     0018                     	;# 
    71     0019                     	;# 
    72     001A                     	;# 
    73     001B                     	;# 
    74     001C                     	;# 
    75     001E                     	;# 
    76     001F                     	;# 
    77     008C                     	;# 
    78     008D                     	;# 
    79     008E                     	;# 
    80     008F                     	;# 
    81     0090                     	;# 
    82     0091                     	;# 
    83     0092                     	;# 
    84     0093                     	;# 
    85     0095                     	;# 
    86     0096                     	;# 
    87     0097                     	;# 
    88     0098                     	;# 
    89     0099                     	;# 
    90     009A                     	;# 
    91     009B                     	;# 
    92     009B                     	;# 
    93     009C                     	;# 
    94     009D                     	;# 
    95     009E                     	;# 
    96     010C                     	;# 
    97     010D                     	;# 
    98     010E                     	;# 
    99     010F                     	;# 
   100     0110                     	;# 
   101     0111                     	;# 
   102     0112                     	;# 
   103     0113                     	;# 
   104     0114                     	;# 
   105     0115                     	;# 
   106     0116                     	;# 
   107     0117                     	;# 
   108     0118                     	;# 
   109     0119                     	;# 
   110     011A                     	;# 
   111     011B                     	;# 
   112     011D                     	;# 
   113     018C                     	;# 
   114     018D                     	;# 
   115     018F                     	;# 
   116     0190                     	;# 
   117     0191                     	;# 
   118     0191                     	;# 
   119     0192                     	;# 
   120     0193                     	;# 
   121     0193                     	;# 
   122     0193                     	;# 
   123     0194                     	;# 
   124     0195                     	;# 
   125     0196                     	;# 
   126     0199                     	;# 
   127     019A                     	;# 
   128     019B                     	;# 
   129     019B                     	;# 
   130     019B                     	;# 
   131     019B                     	;# 
   132     019C                     	;# 
   133     019C                     	;# 
   134     019D                     	;# 
   135     019E                     	;# 
   136     019F                     	;# 
   137     020D                     	;# 
   138     0210                     	;# 
   139     0211                     	;# 
   140     0212                     	;# 
   141     0213                     	;# 
   142     0214                     	;# 
   143     0215                     	;# 
   144     0215                     	;# 
   145     0216                     	;# 
   146     0217                     	;# 
   147     0291                     	;# 
   148     0291                     	;# 
   149     0292                     	;# 
   150     0293                     	;# 
   151     0294                     	;# 
   152     0295                     	;# 
   153     0295                     	;# 
   154     0296                     	;# 
   155     0298                     	;# 
   156     0298                     	;# 
   157     0299                     	;# 
   158     029A                     	;# 
   159     029B                     	;# 
   160     029C                     	;# 
   161     029C                     	;# 
   162     029D                     	;# 
   163     029E                     	;# 
   164     029F                     	;# 
   165     0311                     	;# 
   166     0311                     	;# 
   167     0312                     	;# 
   168     0313                     	;# 
   169     0314                     	;# 
   170     0315                     	;# 
   171     0315                     	;# 
   172     0316                     	;# 
   173     0318                     	;# 
   174     0318                     	;# 
   175     0319                     	;# 
   176     031A                     	;# 
   177     031C                     	;# 
   178     031C                     	;# 
   179     031D                     	;# 
   180     031E                     	;# 
   181     0394                     	;# 
   182     0395                     	;# 
   183     0396                     	;# 
   184     0415                     	;# 
   185     0416                     	;# 
   186     0417                     	;# 
   187     041C                     	;# 
   188     041D                     	;# 
   189     041E                     	;# 
   190     0791                     	;# 
   191     0792                     	;# 
   192     0793                     	;# 
   193     0794                     	;# 
   194     0795                     	;# 
   195     0798                     	;# 
   196     0799                     	;# 
   197     079A                     	;# 
   198     07A0                     	;# 
   199     07A1                     	;# 
   200     07A2                     	;# 
   201     07A3                     	;# 
   202     07A4                     	;# 
   203     07A5                     	;# 
   204     07A6                     	;# 
   205     07A7                     	;# 
   206     07A8                     	;# 
   207     07A9                     	;# 
   208     07AA                     	;# 
   209     07AB                     	;# 
   210     0FE4                     	;# 
   211     0FE5                     	;# 
   212     0FE6                     	;# 
   213     0FE7                     	;# 
   214     0FE8                     	;# 
   215     0FE9                     	;# 
   216     0FEA                     	;# 
   217     0FEB                     	;# 
   218     0FED                     	;# 
   219     0FEE                     	;# 
   220     0FEF                     	;# 
   221     0000                     	;# 
   222     0001                     	;# 
   223     0002                     	;# 
   224     0003                     	;# 
   225     0004                     	;# 
   226     0005                     	;# 
   227     0006                     	;# 
   228     0007                     	;# 
   229     0008                     	;# 
   230     0009                     	;# 
   231     000A                     	;# 
   232     000B                     	;# 
   233     000C                     	;# 
   234     000D                     	;# 
   235     000E                     	;# 
   236     000F                     	;# 
   237     0010                     	;# 
   238     0011                     	;# 
   239     0012                     	;# 
   240     0013                     	;# 
   241     0015                     	;# 
   242     0016                     	;# 
   243     0016                     	;# 
   244     0017                     	;# 
   245     0018                     	;# 
   246     0019                     	;# 
   247     001A                     	;# 
   248     001B                     	;# 
   249     001C                     	;# 
   250     001E                     	;# 
   251     001F                     	;# 
   252     008C                     	;# 
   253     008D                     	;# 
   254     008E                     	;# 
   255     008F                     	;# 
   256     0090                     	;# 
   257     0091                     	;# 
   258     0092                     	;# 
   259     0093                     	;# 
   260     0095                     	;# 
   261     0096                     	;# 
   262     0097                     	;# 
   263     0098                     	;# 
   264     0099                     	;# 
   265     009A                     	;# 
   266     009B                     	;# 
   267     009B                     	;# 
   268     009C                     	;# 
   269     009D                     	;# 
   270     009E                     	;# 
   271     010C                     	;# 
   272     010D                     	;# 
   273     010E                     	;# 
   274     010F                     	;# 
   275     0110                     	;# 
   276     0111                     	;# 
   277     0112                     	;# 
   278     0113                     	;# 
   279     0114                     	;# 
   280     0115                     	;# 
   281     0116                     	;# 
   282     0117                     	;# 
   283     0118                     	;# 
   284     0119                     	;# 
   285     011A                     	;# 
   286     011B                     	;# 
   287     011D                     	;# 
   288     018C                     	;# 
   289     018D                     	;# 
   290     018F                     	;# 
   291     0190                     	;# 
   292     0191                     	;# 
   293     0191                     	;# 
   294     0192                     	;# 
   295     0193                     	;# 
   296     0193                     	;# 
   297     0193                     	;# 
   298     0194                     	;# 
   299     0195                     	;# 
   300     0196                     	;# 
   301     0199                     	;# 
   302     019A                     	;# 
   303     019B                     	;# 
   304     019B                     	;# 
   305     019B                     	;# 
   306     019B                     	;# 
   307     019C                     	;# 
   308     019C                     	;# 
   309     019D                     	;# 
   310     019E                     	;# 
   311     019F                     	;# 
   312     020D                     	;# 
   313     0210                     	;# 
   314     0211                     	;# 
   315     0212                     	;# 
   316     0213                     	;# 
   317     0214                     	;# 
   318     0215                     	;# 
   319     0215                     	;# 
   320     0216                     	;# 
   321     0217                     	;# 
   322     0291                     	;# 
   323     0291                     	;# 
   324     0292                     	;# 
   325     0293                     	;# 
   326     0294                     	;# 
   327     0295                     	;# 
   328     0295                     	;# 
   329     0296                     	;# 
   330     0298                     	;# 
   331     0298                     	;# 
   332     0299                     	;# 
   333     029A                     	;# 
   334     029B                     	;# 
   335     029C                     	;# 
   336     029C                     	;# 
   337     029D                     	;# 
   338     029E                     	;# 
   339     029F                     	;# 
   340     0311                     	;# 
   341     0311                     	;# 
   342     0312                     	;# 
   343     0313                     	;# 
   344     0314                     	;# 
   345     0315                     	;# 
   346     0315                     	;# 
   347     0316                     	;# 
   348     0318                     	;# 
   349     0318                     	;# 
   350     0319                     	;# 
   351     031A                     	;# 
   352     031C                     	;# 
   353     031C                     	;# 
   354     031D                     	;# 
   355     031E                     	;# 
   356     0394                     	;# 
   357     0395                     	;# 
   358     0396                     	;# 
   359     0415                     	;# 
   360     0416                     	;# 
   361     0417                     	;# 
   362     041C                     	;# 
   363     041D                     	;# 
   364     041E                     	;# 
   365     0791                     	;# 
   366     0792                     	;# 
   367     0793                     	;# 
   368     0794                     	;# 
   369     0795                     	;# 
   370     0798                     	;# 
   371     0799                     	;# 
   372     079A                     	;# 
   373     07A0                     	;# 
   374     07A1                     	;# 
   375     07A2                     	;# 
   376     07A3                     	;# 
   377     07A4                     	;# 
   378     07A5                     	;# 
   379     07A6                     	;# 
   380     07A7                     	;# 
   381     07A8                     	;# 
   382     07A9                     	;# 
   383     07AA                     	;# 
   384     07AB                     	;# 
   385     0FE4                     	;# 
   386     0FE5                     	;# 
   387     0FE6                     	;# 
   388     0FE7                     	;# 
   389     0FE8                     	;# 
   390     0FE9                     	;# 
   391     0FEA                     	;# 
   392     0FEB                     	;# 
   393     0FED                     	;# 
   394     0FEE                     	;# 
   395     0FEF                     	;# 
   396     0000                     	;# 
   397     0001                     	;# 
   398     0002                     	;# 
   399     0003                     	;# 
   400     0004                     	;# 
   401     0005                     	;# 
   402     0006                     	;# 
   403     0007                     	;# 
   404     0008                     	;# 
   405     0009                     	;# 
   406     000A                     	;# 
   407     000B                     	;# 
   408     000C                     	;# 
   409     000D                     	;# 
   410     000E                     	;# 
   411     000F                     	;# 
   412     0010                     	;# 
   413     0011                     	;# 
   414     0012                     	;# 
   415     0013                     	;# 
   416     0015                     	;# 
   417     0016                     	;# 
   418     0016                     	;# 
   419     0017                     	;# 
   420     0018                     	;# 
   421     0019                     	;# 
   422     001A                     	;# 
   423     001B                     	;# 
   424     001C                     	;# 
   425     001E                     	;# 
   426     001F                     	;# 
   427     008C                     	;# 
   428     008D                     	;# 
   429     008E                     	;# 
   430     008F                     	;# 
   431     0090                     	;# 
   432     0091                     	;# 
   433     0092                     	;# 
   434     0093                     	;# 
   435     0095                     	;# 
   436     0096                     	;# 
   437     0097                     	;# 
   438     0098                     	;# 
   439     0099                     	;# 
   440     009A                     	;# 
   441     009B                     	;# 
   442     009B                     	;# 
   443     009C                     	;# 
   444     009D                     	;# 
   445     009E                     	;# 
   446     010C                     	;# 
   447     010D                     	;# 
   448     010E                     	;# 
   449     010F                     	;# 
   450     0110                     	;# 
   451     0111                     	;# 
   452     0112                     	;# 
   453     0113                     	;# 
   454     0114                     	;# 
   455     0115                     	;# 
   456     0116                     	;# 
   457     0117                     	;# 
   458     0118                     	;# 
   459     0119                     	;# 
   460     011A                     	;# 
   461     011B                     	;# 
   462     011D                     	;# 
   463     018C                     	;# 
   464     018D                     	;# 
   465     018F                     	;# 
   466     0190                     	;# 
   467     0191                     	;# 
   468     0191                     	;# 
   469     0192                     	;# 
   470     0193                     	;# 
   471     0193                     	;# 
   472     0193                     	;# 
   473     0194                     	;# 
   474     0195                     	;# 
   475     0196                     	;# 
   476     0199                     	;# 
   477     019A                     	;# 
   478     019B                     	;# 
   479     019B                     	;# 
   480     019B                     	;# 
   481     019B                     	;# 
   482     019C                     	;# 
   483     019C                     	;# 
   484     019D                     	;# 
   485     019E                     	;# 
   486     019F                     	;# 
   487     020D                     	;# 
   488     0210                     	;# 
   489     0211                     	;# 
   490     0212                     	;# 
   491     0213                     	;# 
   492     0214                     	;# 
   493     0215                     	;# 
   494     0215                     	;# 
   495     0216                     	;# 
   496     0217                     	;# 
   497     0291                     	;# 
   498     0291                     	;# 
   499     0292                     	;# 
   500     0293                     	;# 
   501     0294                     	;# 
   502     0295                     	;# 
   503     0295                     	;# 
   504     0296                     	;# 
   505     0298                     	;# 
   506     0298                     	;# 
   507     0299                     	;# 
   508     029A                     	;# 
   509     029B                     	;# 
   510     029C                     	;# 
   511     029C                     	;# 
   512     029D                     	;# 
   513     029E                     	;# 
   514     029F                     	;# 
   515     0311                     	;# 
   516     0311                     	;# 
   517     0312                     	;# 
   518     0313                     	;# 
   519     0314                     	;# 
   520     0315                     	;# 
   521     0315                     	;# 
   522     0316                     	;# 
   523     0318                     	;# 
   524     0318                     	;# 
   525     0319                     	;# 
   526     031A                     	;# 
   527     031C                     	;# 
   528     031C                     	;# 
   529     031D                     	;# 
   530     031E                     	;# 
   531     0394                     	;# 
   532     0395                     	;# 
   533     0396                     	;# 
   534     0415                     	;# 
   535     0416                     	;# 
   536     0417                     	;# 
   537     041C                     	;# 
   538     041D                     	;# 
   539     041E                     	;# 
   540     0791                     	;# 
   541     0792                     	;# 
   542     0793                     	;# 
   543     0794                     	;# 
   544     0795                     	;# 
   545     0798                     	;# 
   546     0799                     	;# 
   547     079A                     	;# 
   548     07A0                     	;# 
   549     07A1                     	;# 
   550     07A2                     	;# 
   551     07A3                     	;# 
   552     07A4                     	;# 
   553     07A5                     	;# 
   554     07A6                     	;# 
   555     07A7                     	;# 
   556     07A8                     	;# 
   557     07A9                     	;# 
   558     07AA                     	;# 
   559     07AB                     	;# 
   560     0FE4                     	;# 
   561     0FE5                     	;# 
   562     0FE6                     	;# 
   563     0FE7                     	;# 
   564     0FE8                     	;# 
   565     0FE9                     	;# 
   566     0FEA                     	;# 
   567     0FEB                     	;# 
   568     0FED                     	;# 
   569     0FEE                     	;# 
   570     0FEF                     	;# 
   571     008F                     _TRISDbits	set	143
   572     008E                     _TRISCbits	set	142
   573     010F                     _LATDbits	set	271
   574     010E                     _LATCbits	set	270
   575                           
   576                           	psect	cinit
   577     07FC                     start_initialization:	
   578                           ; #config settings
   579                           
   580     07FC                     __initialization:
   581                           
   582                           ; Clear objects allocated to COMMON
   583     07FC  01F2               	clrf	__pbssCOMMON& (0+127)
   584     07FD                     end_of_initialization:	
   585                           ;End of C runtime variable initialization code
   586                           
   587     07FD                     __end_of__initialization:
   588     07FD  0020               	movlb	0
   589     07FE  3187  2FA1         	ljmp	_main	;jump to C main() function
   590                           
   591                           	psect	bssCOMMON
   592     0072                     __pbssCOMMON:
   593     0072                     _dig:
   594     0072                     	ds	1
   595                           
   596                           	psect	cstackCOMMON
   597     0070                     __pcstackCOMMON:
   598     0070                     ?_init_2:
   599     0070                     ??_init_2:	
   600                           ; 1 bytes @ 0x0
   601                           
   602     0070                     ?_main:	
   603                           ; 1 bytes @ 0x0
   604                           
   605     0070                     ??_main:	
   606                           ; 1 bytes @ 0x0
   607                           
   608                           
   609                           ; 1 bytes @ 0x0
   610     0070                     	ds	2
   611                           
   612                           	psect	maintext
   613     07A1                     __pmaintext:	
   614 ;;
   615 ;;Main: autosize = 0, tempsize = 2, incstack = 0, save=0
   616 ;;
   617 ;; *************** function _main *****************
   618 ;; Defined at:
   619 ;;		line 36 in file "main.c"
   620 ;; Parameters:    Size  Location     Type
   621 ;;		None
   622 ;; Auto vars:     Size  Location     Type
   623 ;;		None
   624 ;; Return value:  Size  Location     Type
   625 ;;                  1    wreg      void 
   626 ;; Registers used:
   627 ;;		wreg, status,2, status,0, pclath, cstack
   628 ;; Tracked objects:
   629 ;;		On entry : B1F/0
   630 ;;		On exit  : 0/0
   631 ;;		Unchanged: 0/0
   632 ;; Data sizes:     COMMON   BANK0   BANK1   BANK2   BANK3   BANK4   BANK5   BANK6   BANK7   BANK8   BANK9  BANK10  BANK1
      +1  BANK12
   633 ;;      Params:         0       0       0       0       0       0       0       0       0       0       0       0       
      +0       0
   634 ;;      Locals:         0       0       0       0       0       0       0       0       0       0       0       0       
      +0       0
   635 ;;      Temps:          2       0       0       0       0       0       0       0       0       0       0       0       
      +0       0
   636 ;;      Totals:         2       0       0       0       0       0       0       0       0       0       0       0       
      +0       0
   637 ;;Total ram usage:        2 bytes
   638 ;; Hardware stack levels required when called: 1
   639 ;; This function calls:
   640 ;;		_init_2
   641 ;; This function is called by:
   642 ;;		Startup code after reset
   643 ;; This function uses a non-reentrant model
   644 ;;
   645                           
   646     07A1                     _main:	
   647                           ;psect for function _main
   648                           
   649     07A1                     l633:	
   650                           ;incstack = 0
   651                           ; Regs used in _main: [wreg+status,2+status,0+pclath+cstack]
   652                           
   653                           
   654                           ;main.c: 37:      init_2();
   655     07A1  3187  278C  3187   	fcall	_init_2
   656     07A4                     l635:
   657                           
   658                           ;main.c: 42:          LATDbits.LATD1=0;
   659     07A4  0022               	movlb	2	; select bank2
   660     07A5  108F               	bcf	15,1	;volatile
   661     07A6                     l637:
   662                           
   663                           ;main.c: 43:          LATCbits.LATC0=0;
   664     07A6  100E               	bcf	14,0	;volatile
   665     07A7                     l639:
   666                           
   667                           ;main.c: 44:          LATCbits.LATC2=1;
   668     07A7  150E               	bsf	14,2	;volatile
   669     07A8                     l641:
   670                           
   671                           ;main.c: 45:          LATCbits.LATC3=1;
   672     07A8  158E               	bsf	14,3	;volatile
   673     07A9                     l643:
   674                           
   675                           ;main.c: 46:          LATDbits.LATD0=1;
   676     07A9  140F               	bsf	15,0	;volatile
   677     07AA                     l645:
   678                           
   679                           ;main.c: 47:          _delay((unsigned long)((3000)*(20000000UL/4000.0)));
   680     07AA  304D               	movlw	77
   681     07AB  00F1               	movwf	??_main+1
   682     07AC  3019               	movlw	25
   683     07AD  00F0               	movwf	??_main
   684     07AE  3050               	movlw	80
   685     07AF                     u17:
   686     07AF  0B89               	decfsz	9,f
   687     07B0  2FAF               	goto	u17
   688     07B1  0BF0               	decfsz	??_main,f
   689     07B2  2FAF               	goto	u17
   690     07B3  0BF1               	decfsz	??_main+1,f
   691     07B4  2FAF               	goto	u17
   692     07B5                     l647:
   693                           
   694                           ;main.c: 49:          LATCbits.LATC1=1;
   695     07B5  0022               	movlb	2	; select bank2
   696     07B6  148E               	bsf	14,1	;volatile
   697     07B7                     l649:
   698                           
   699                           ;main.c: 50:          LATCbits.LATC4=1;
   700     07B7  160E               	bsf	14,4	;volatile
   701     07B8                     l651:
   702                           
   703                           ;main.c: 51:          LATCbits.LATC2=0;
   704     07B8  110E               	bcf	14,2	;volatile
   705     07B9                     l653:
   706                           
   707                           ;main.c: 52:          LATCbits.LATC3=0;
   708     07B9  118E               	bcf	14,3	;volatile
   709     07BA                     l655:
   710                           
   711                           ;main.c: 54:          _delay((unsigned long)((3000)*(20000000UL/4000.0)));
   712     07BA  304D               	movlw	77
   713     07BB  00F1               	movwf	??_main+1
   714     07BC  3019               	movlw	25
   715     07BD  00F0               	movwf	??_main
   716     07BE  3050               	movlw	80
   717     07BF                     u27:
   718     07BF  0B89               	decfsz	9,f
   719     07C0  2FBF               	goto	u27
   720     07C1  0BF0               	decfsz	??_main,f
   721     07C2  2FBF               	goto	u27
   722     07C3  0BF1               	decfsz	??_main+1,f
   723     07C4  2FBF               	goto	u27
   724     07C5                     l657:
   725                           
   726                           ;main.c: 56:          LATCbits.LATC1=0;
   727     07C5  0022               	movlb	2	; select bank2
   728     07C6  108E               	bcf	14,1	;volatile
   729     07C7                     l659:
   730                           
   731                           ;main.c: 57:          LATCbits.LATC4=0;
   732     07C7  120E               	bcf	14,4	;volatile
   733     07C8                     l661:
   734                           
   735                           ;main.c: 58:          LATCbits.LATC0=1;
   736     07C8  140E               	bsf	14,0	;volatile
   737     07C9                     l663:
   738                           
   739                           ;main.c: 59:          LATCbits.LATC5=1;
   740     07C9  168E               	bsf	14,5	;volatile
   741     07CA                     l665:
   742                           
   743                           ;main.c: 63:         _delay((unsigned long)((3000)*(20000000UL/4000.0)));
   744     07CA  304D               	movlw	77
   745     07CB  00F1               	movwf	??_main+1
   746     07CC  3019               	movlw	25
   747     07CD  00F0               	movwf	??_main
   748     07CE  3050               	movlw	80
   749     07CF                     u37:
   750     07CF  0B89               	decfsz	9,f
   751     07D0  2FCF               	goto	u37
   752     07D1  0BF0               	decfsz	??_main,f
   753     07D2  2FCF               	goto	u37
   754     07D3  0BF1               	decfsz	??_main+1,f
   755     07D4  2FCF               	goto	u37
   756     07D5                     l667:
   757                           
   758                           ;main.c: 65:          LATDbits.LATD0=0;
   759     07D5  0022               	movlb	2	; select bank2
   760     07D6  100F               	bcf	15,0	;volatile
   761     07D7                     l669:
   762                           
   763                           ;main.c: 66:          LATCbits.LATC5=0;
   764     07D7  128E               	bcf	14,5	;volatile
   765     07D8                     l671:
   766                           
   767                           ;main.c: 67:          LATCbits.LATC4=1;
   768     07D8  160E               	bsf	14,4	;volatile
   769     07D9                     l673:
   770                           
   771                           ;main.c: 68:          LATDbits.LATD1=1;
   772     07D9  148F               	bsf	15,1	;volatile
   773     07DA                     l675:
   774                           
   775                           ;main.c: 70:          _delay((unsigned long)((3000)*(20000000UL/4000.0)));
   776     07DA  304D               	movlw	77
   777     07DB  00F1               	movwf	??_main+1
   778     07DC  3019               	movlw	25
   779     07DD  00F0               	movwf	??_main
   780     07DE  3050               	movlw	80
   781     07DF                     u47:
   782     07DF  0B89               	decfsz	9,f
   783     07E0  2FDF               	goto	u47
   784     07E1  0BF0               	decfsz	??_main,f
   785     07E2  2FDF               	goto	u47
   786     07E3  0BF1               	decfsz	??_main+1,f
   787     07E4  2FDF               	goto	u47
   788     07E5                     l677:
   789                           
   790                           ;main.c: 72:          LATCbits.LATC4=0;
   791     07E5  0022               	movlb	2	; select bank2
   792     07E6  120E               	bcf	14,4	;volatile
   793     07E7                     l679:
   794                           
   795                           ;main.c: 73:          LATDbits.LATD1=0;
   796     07E7  108F               	bcf	15,1	;volatile
   797     07E8                     l681:
   798                           
   799                           ;main.c: 74:          LATDbits.LATD2=1;
   800     07E8  150F               	bsf	15,2	;volatile
   801     07E9                     l683:
   802                           
   803                           ;main.c: 75:          LATCbits.LATC3=1;
   804     07E9  158E               	bsf	14,3	;volatile
   805     07EA                     l685:
   806                           
   807                           ;main.c: 77:          _delay((unsigned long)((1000)*(20000000UL/4000.0)));
   808     07EA  301A               	movlw	26
   809     07EB  00F1               	movwf	??_main+1
   810     07EC  305E               	movlw	94
   811     07ED  00F0               	movwf	??_main
   812     07EE  306E               	movlw	110
   813     07EF                     u57:
   814     07EF  0B89               	decfsz	9,f
   815     07F0  2FEF               	goto	u57
   816     07F1  0BF0               	decfsz	??_main,f
   817     07F2  2FEF               	goto	u57
   818     07F3  0BF1               	decfsz	??_main+1,f
   819     07F4  2FEF               	goto	u57
   820     07F5  3200               	nop2
   821     07F6                     l687:
   822                           
   823                           ;main.c: 78:          LATDbits.LATD2=0;
   824     07F6  0022               	movlb	2	; select bank2
   825     07F7  110F               	bcf	15,2	;volatile
   826     07F8                     l689:
   827                           
   828                           ;main.c: 79:          LATDbits.LATD1=1;
   829     07F8  148F               	bsf	15,1	;volatile
   830     07F9  2FA4               	goto	l635
   831     07FA  3180  2802         	ljmp	start
   832     07FC                     __end_of_main:
   833                           
   834                           	psect	text1
   835     078C                     __ptext1:	
   836 ;; *************** function _init_2 *****************
   837 ;; Defined at:
   838 ;;		line 8 in file "main.c"
   839 ;; Parameters:    Size  Location     Type
   840 ;;		None
   841 ;; Auto vars:     Size  Location     Type
   842 ;;		None
   843 ;; Return value:  Size  Location     Type
   844 ;;                  1    wreg      void 
   845 ;; Registers used:
   846 ;;		None
   847 ;; Tracked objects:
   848 ;;		On entry : 0/0
   849 ;;		On exit  : 0/0
   850 ;;		Unchanged: 0/0
   851 ;; Data sizes:     COMMON   BANK0   BANK1   BANK2   BANK3   BANK4   BANK5   BANK6   BANK7   BANK8   BANK9  BANK10  BANK1
      +1  BANK12
   852 ;;      Params:         0       0       0       0       0       0       0       0       0       0       0       0       
      +0       0
   853 ;;      Locals:         0       0       0       0       0       0       0       0       0       0       0       0       
      +0       0
   854 ;;      Temps:          0       0       0       0       0       0       0       0       0       0       0       0       
      +0       0
   855 ;;      Totals:         0       0       0       0       0       0       0       0       0       0       0       0       
      +0       0
   856 ;;Total ram usage:        0 bytes
   857 ;; Hardware stack levels used: 1
   858 ;; This function calls:
   859 ;;		Nothing
   860 ;; This function is called by:
   861 ;;		_main
   862 ;; This function uses a non-reentrant model
   863 ;;
   864                           
   865     078C                     _init_2:	
   866                           ;psect for function _init_2
   867                           
   868     078C                     l631:	
   869                           ;incstack = 0
   870                           ; Regs used in _init_2: []
   871                           
   872                           
   873                           ;main.c: 11:     TRISCbits.TRISC2=0;
   874     078C  0021               	movlb	1	; select bank1
   875     078D  110E               	bcf	14,2	;volatile
   876                           
   877                           ;main.c: 12:     TRISCbits.TRISC5=0;
   878     078E  128E               	bcf	14,5	;volatile
   879                           
   880                           ;main.c: 13:     TRISDbits.TRISD2=0;
   881     078F  110F               	bcf	15,2	;volatile
   882                           
   883                           ;main.c: 15:     TRISCbits.TRISC1=0;
   884     0790  108E               	bcf	14,1	;volatile
   885                           
   886                           ;main.c: 16:     TRISCbits.TRISC4=0;
   887     0791  120E               	bcf	14,4	;volatile
   888                           
   889                           ;main.c: 17:     TRISDbits.TRISD1=0;
   890     0792  108F               	bcf	15,1	;volatile
   891                           
   892                           ;main.c: 19:     TRISCbits.TRISC0=0;
   893     0793  100E               	bcf	14,0	;volatile
   894                           
   895                           ;main.c: 20:     TRISCbits.TRISC3=0;
   896     0794  118E               	bcf	14,3	;volatile
   897                           
   898                           ;main.c: 21:     TRISDbits.TRISD0=0;
   899     0795  100F               	bcf	15,0	;volatile
   900                           
   901                           ;main.c: 23:     LATCbits.LATC0 = 0;
   902     0796  0022               	movlb	2	; select bank2
   903     0797  100E               	bcf	14,0	;volatile
   904                           
   905                           ;main.c: 24:     LATCbits.LATC3 = 0;
   906     0798  118E               	bcf	14,3	;volatile
   907                           
   908                           ;main.c: 25:     LATDbits.LATD0 = 0;
   909     0799  100F               	bcf	15,0	;volatile
   910                           
   911                           ;main.c: 27:     LATCbits.LATC1 = 0;
   912     079A  108E               	bcf	14,1	;volatile
   913                           
   914                           ;main.c: 28:     LATCbits.LATC4 = 0;
   915     079B  120E               	bcf	14,4	;volatile
   916                           
   917                           ;main.c: 29:     LATDbits.LATD1 = 0;
   918     079C  108F               	bcf	15,1	;volatile
   919                           
   920                           ;main.c: 31:     LATCbits.LATC2 = 0;
   921     079D  110E               	bcf	14,2	;volatile
   922                           
   923                           ;main.c: 32:     LATCbits.LATC5 = 0;
   924     079E  128E               	bcf	14,5	;volatile
   925                           
   926                           ;main.c: 33:     LATDbits.LATD2 = 0;
   927     079F  110F               	bcf	15,2	;volatile
   928     07A0                     l15:
   929     07A0  0008               	return
   930     07A1                     __end_of_init_2:
   931     007E                     btemp	set	126	;btemp
   932     007E                     wtemp0	set	126
   933                           
   934                           	psect	config
   935                           
   936                           ;Config register CONFIG1 @ 0x8007
   937                           ;	Oscillator Selection
   938                           ;	FOSC = HS, HS Oscillator, High-speed crystal/resonator connected between OSC1 and OSC2
      +                           pins
   939                           ;	Watchdog Timer Enable
   940                           ;	WDTE = OFF, WDT disabled
   941                           ;	Power-up Timer Enable
   942                           ;	PWRTE = OFF, PWRT disabled
   943                           ;	MCLR Pin Function Select
   944                           ;	MCLRE = ON, MCLR/VPP pin function is MCLR
   945                           ;	Flash Program Memory Code Protection
   946                           ;	CP = OFF, Program memory code protection is disabled
   947                           ;	Data Memory Code Protection
   948                           ;	CPD = OFF, Data memory code protection is disabled
   949                           ;	Brown-out Reset Enable
   950                           ;	BOREN = OFF, Brown-out Reset disabled
   951                           ;	Clock Out Enable
   952                           ;	CLKOUTEN = OFF, CLKOUT function is disabled. I/O or oscillator function on the CLKOUT 
      +                          pin
   953                           ;	Internal/External Switchover
   954                           ;	IESO = ON, Internal/External Switchover mode is enabled
   955                           ;	Fail-Safe Clock Monitor Enable
   956                           ;	FCMEN = ON, Fail-Safe Clock Monitor is enabled
   957     8007                     	org	32775
   958     8007  39E2               	dw	14818
   959                           
   960                           ;Config register CONFIG2 @ 0x8008
   961                           ;	Flash Memory Self-Write Protection
   962                           ;	WRT = OFF, Write protection off
   963                           ;	Voltage Regulator Capacitor Enable
   964                           ;	VCAPEN = OFF, All VCAP pin functionality is disabled
   965                           ;	PLL Enable
   966                           ;	PLLEN = OFF, 4x PLL disabled
   967                           ;	Stack Overflow/Underflow Reset Enable
   968                           ;	STVREN = ON, Stack Overflow or Underflow will cause a Reset
   969                           ;	Brown-out Reset Voltage Selection
   970                           ;	BORV = LO, Brown-out Reset Voltage (Vbor), low trip point selected.
   971                           ;	Low-Voltage Programming Enable
   972                           ;	LVP = OFF, High-voltage on MCLR/VPP must be used for programming
   973     8008                     	org	32776
   974     8008  1EFF               	dw	7935

Data Sizes:
    Strings     0
    Constant    0
    Data        0
    BSS         1
    Persistent  32
    Stack       0

Auto Spaces:
    Space          Size  Autos    Used
    COMMON           14      2       3
    BANK0            80      0       0
    BANK1            80      0       0
    BANK2            80      0       0
    BANK3            80      0       0
    BANK4            80      0       0
    BANK5            80      0       0
    BANK6            80      0       0
    BANK7            80      0       0
    BANK8            80      0       0
    BANK9            80      0       0
    BANK10           80      0       0
    BANK11           80      0       0
    BANK12           48      0       0

Pointer List with Targets:

    None.

Critical Paths under _main in COMMON

    None.

Critical Paths under _main in BANK0

    None.

Critical Paths under _main in BANK1

    None.

Critical Paths under _main in BANK2

    None.

Critical Paths under _main in BANK3

    None.

Critical Paths under _main in BANK4

    None.

Critical Paths under _main in BANK5

    None.

Critical Paths under _main in BANK6

    None.

Critical Paths under _main in BANK7

    None.

Critical Paths under _main in BANK8

    None.

Critical Paths under _main in BANK9

    None.

Critical Paths under _main in BANK10

    None.

Critical Paths under _main in BANK11

    None.

Critical Paths under _main in BANK12

    None.

Call Graph Tables:

 ---------------------------------------------------------------------------------
 (Depth) Function   	        Calls       Base Space   Used Autos Params    Refs
 ---------------------------------------------------------------------------------
 (0) _main                                                 2     2      0       0
                                              0 COMMON     2     2      0
                             _init_2
 ---------------------------------------------------------------------------------
 (1) _init_2                                               0     0      0       0
 ---------------------------------------------------------------------------------
 Estimated maximum stack depth 1
 ---------------------------------------------------------------------------------

 Call Graph Graphs:

 _main (ROOT)
   _init_2

 Address spaces:
Name               Size   Autos  Total    Cost      Usage
BIGRAM             3F0      0       0       0        0.0%
EEDATA             100      0       0       0        0.0%
NULL                 0      0       0       0        0.0%
CODE                 0      0       0       0        0.0%
BITCOMMON            E      0       0       1        0.0%
BITSFR0              0      0       0       1        0.0%
SFR0                 0      0       0       1        0.0%
COMMON               E      2       3       2       21.4%
BITSFR1              0      0       0       2        0.0%
SFR1                 0      0       0       2        0.0%
BITSFR2              0      0       0       3        0.0%
SFR2                 0      0       0       3        0.0%
STACK                0      0       0       3        0.0%
BITBANK0            50      0       0       4        0.0%
BITSFR3              0      0       0       4        0.0%
SFR3                 0      0       0       4        0.0%
BANK0               50      0       0       5        0.0%
BITSFR4              0      0       0       5        0.0%
SFR4                 0      0       0       5        0.0%
BITBANK1            50      0       0       6        0.0%
BITSFR5              0      0       0       6        0.0%
SFR5                 0      0       0       6        0.0%
BANK1               50      0       0       7        0.0%
BITSFR6              0      0       0       7        0.0%
SFR6                 0      0       0       7        0.0%
BITBANK2            50      0       0       8        0.0%
BITSFR7              0      0       0       8        0.0%
SFR7                 0      0       0       8        0.0%
BANK2               50      0       0       9        0.0%
BITSFR8              0      0       0       9        0.0%
SFR8                 0      0       0       9        0.0%
BITBANK3            50      0       0      10        0.0%
BITSFR9              0      0       0      10        0.0%
SFR9                 0      0       0      10        0.0%
BANK3               50      0       0      11        0.0%
BITSFR10             0      0       0      11        0.0%
SFR10                0      0       0      11        0.0%
BITBANK4            50      0       0      12        0.0%
BITSFR11             0      0       0      12        0.0%
SFR11                0      0       0      12        0.0%
BANK4               50      0       0      13        0.0%
BITSFR12             0      0       0      13        0.0%
SFR12                0      0       0      13        0.0%
BITBANK5            50      0       0      14        0.0%
BITSFR13             0      0       0      14        0.0%
SFR13                0      0       0      14        0.0%
BANK5               50      0       0      15        0.0%
BITSFR14             0      0       0      15        0.0%
SFR14                0      0       0      15        0.0%
BITBANK6            50      0       0      16        0.0%
BITSFR15             0      0       0      16        0.0%
SFR15                0      0       0      16        0.0%
BANK6               50      0       0      17        0.0%
BITSFR16             0      0       0      17        0.0%
SFR16                0      0       0      17        0.0%
BITBANK7            50      0       0      18        0.0%
BITSFR17             0      0       0      18        0.0%
SFR17                0      0       0      18        0.0%
BANK7               50      0       0      19        0.0%
BITSFR18             0      0       0      19        0.0%
SFR18                0      0       0      19        0.0%
BITSFR19             0      0       0      20        0.0%
SFR19                0      0       0      20        0.0%
ABS                  0      0       3      20        0.0%
BITBANK8            50      0       0      21        0.0%
BITSFR20             0      0       0      21        0.0%
SFR20                0      0       0      21        0.0%
BANK8               50      0       0      22        0.0%
BITSFR21             0      0       0      22        0.0%
SFR21                0      0       0      22        0.0%
BITBANK9            50      0       0      23        0.0%
BITSFR22             0      0       0      23        0.0%
SFR22                0      0       0      23        0.0%
BANK9               50      0       0      24        0.0%
BITSFR23             0      0       0      24        0.0%
SFR23                0      0       0      24        0.0%
BITBANK10           50      0       0      25        0.0%
BITSFR24             0      0       0      25        0.0%
SFR24                0      0       0      25        0.0%
BANK10              50      0       0      26        0.0%
BITSFR25             0      0       0      26        0.0%
SFR25                0      0       0      26        0.0%
BITBANK11           50      0       0      27        0.0%
BITSFR26             0      0       0      27        0.0%
SFR26                0      0       0      27        0.0%
BANK11              50      0       0      28        0.0%
BITSFR27             0      0       0      28        0.0%
SFR27                0      0       0      28        0.0%
BITBANK12           30      0       0      29        0.0%
BITSFR28             0      0       0      29        0.0%
SFR28                0      0       0      29        0.0%
BANK12              30      0       0      30        0.0%
BITSFR29             0      0       0      30        0.0%
SFR29                0      0       0      30        0.0%
BITSFR30             0      0       0      31        0.0%
SFR30                0      0       0      31        0.0%
DATA                 0      0       3      31        0.0%
BITSFR31             0      0       0      32        0.0%
SFR31                0      0       0      32        0.0%


Microchip Technology PIC Macro Assembler V2.41 build 20230208172133 
Symbol Table                                                                                   Thu Sep 07 20:00:52 2023

                     l15 07A0                       u17 07AF                       u27 07BF  
                     u37 07CF                       u47 07DF                       u57 07EF  
                    l631 078C                      l641 07A8                      l633 07A1  
                    l651 07B8                      l643 07A9                      l635 07A4  
                    l661 07C8                      l653 07B9                      l645 07AA  
                    l637 07A6                      l671 07D8                      l663 07C9  
                    l655 07BA                      l647 07B5                      l639 07A7  
                    l681 07E8                      l673 07D9                      l665 07CA  
                    l657 07C5                      l649 07B7                      l683 07E9  
                    l675 07DA                      l667 07D5                      l659 07C7  
                    l685 07EA                      l677 07E5                      l669 07D7  
                    l687 07F6                      l679 07E7                      l689 07F8  
                    _dig 0072                      wreg 0009                     _main 07A1  
                   btemp 007E                     start 0002                    ?_main 0070  
                  wtemp0 007E          __initialization 07FC             __end_of_main 07FC  
                 ??_main 0070                   _init_2 078C  __end_of__initialization 07FD  
         __pcstackCOMMON 0070               __pmaintext 07A1                  ?_init_2 0070  
                __ptext1 078C     end_of_initialization 07FD                _TRISCbits 008E  
              _TRISDbits 008F           __end_of_init_2 07A1      start_initialization 07FC  
               ??_init_2 0070              __pbssCOMMON 0072                ___latbits 0003  
               _LATCbits 010E                 _LATDbits 010F  
